This file contains any messages produced by compilers while
running configure, to aid debugging if configure makes a mistake.

It was created by configure, which was
generated by GNU Autoconf 2.69.  Invocation command line was

  $ ./configure --prefix=/home/vlc/vlcProject/vlc-2.2/contrib/x86_64-linux-gnu --datarootdir=/home/vlc/vlcProject/vlc-2.2/contrib/x86_64-linux-gnu/share --includedir=/home/vlc/vlcProject/vlc-2.2/contrib/x86_64-linux-gnu/include --libdir=/home/vlc/vlcProject/vlc-2.2/contrib/x86_64-linux-gnu/lib --build=x86_64-linux-gnu --host=x86_64-linux-gnu --target=x86_64-linux-gnu --program-prefix= --enable-static --disable-shared --disable-dependency-tracking --with-pic build_alias=x86_64-linux-gnu host_alias=x86_64-linux-gnu target_alias=x86_64-linux-gnu --disable-library-checks --with-sidplay2-includes=/home/vlc/vlcProject/vlc-2.2/contrib/native/sidplay-libs/libsidplay/include --with-sidplay2-library=/home/vlc/vlcProject/vlc-2.2/contrib/native/sidplay-libs/libsidplay/src

## --------- ##
## Platform. ##
## --------- ##

hostname = VLC-ubuntu15-ssd
uname -m = x86_64
uname -r = 4.2.0-27-generic
uname -s = Linux
uname -v = #32-Ubuntu SMP Fri Jan 22 04:49:08 UTC 2016

/usr/bin/uname -p = unknown
/bin/uname -X     = unknown

/bin/arch              = unknown
/usr/bin/arch -k       = unknown
/usr/convex/getsysinfo = unknown
/usr/bin/hostinfo      = unknown
/bin/machine           = unknown
/usr/bin/oslevel       = unknown
/bin/universe          = unknown

PATH: /home/vlc/vlcProject/vlc-2.2/contrib/x86_64-linux-gnu/bin
PATH: /home/vlc/vlcProject/vlc-2.2/extras/tools/build/bin
PATH: /usr/local/sbin
PATH: /usr/local/bin
PATH: /usr/sbin
PATH: /usr/bin
PATH: /sbin
PATH: /bin
PATH: /usr/games
PATH: /usr/local/games


## ----------- ##
## Core tests. ##
## ----------- ##

configure:2313: checking for a BSD-compatible install
configure:2381: result: /usr/bin/install -c
configure:2392: checking whether build environment is sane
configure:2447: result: yes
configure:2598: checking for a thread-safe mkdir -p
configure:2637: result: /bin/mkdir -p
configure:2644: checking for gawk
configure:2674: result: no
configure:2644: checking for mawk
configure:2660: found /usr/bin/mawk
configure:2671: result: mawk
configure:2682: checking whether make sets $(MAKE)
configure:2704: result: yes
configure:2733: checking whether make supports nested variables
configure:2750: result: yes
configure:2884: checking build system type
configure:2898: result: x86_64-pc-linux-gnu
configure:2918: checking host system type
configure:2931: result: x86_64-pc-linux-gnu
configure:2960: checking for x86_64-linux-gnu-gcc
configure:2987: result: gcc
configure:3256: checking for C compiler version
configure:3265: gcc --version >&5
gcc (Ubuntu 5.2.1-22ubuntu2) 5.2.1 20151010
Copyright (C) 2015 Free Software Foundation, Inc.
This is free software; see the source for copying conditions.  There is NO
warranty; not even for MERCHANTABILITY or FITNESS FOR A PARTICULAR PURPOSE.

configure:3276: $? = 0
configure:3265: gcc -v >&5
Using built-in specs.
COLLECT_GCC=gcc
COLLECT_LTO_WRAPPER=/usr/lib/gcc/x86_64-linux-gnu/5/lto-wrapper
Target: x86_64-linux-gnu
Configured with: ../src/configure -v --with-pkgversion='Ubuntu 5.2.1-22ubuntu2' --with-bugurl=file:///usr/share/doc/gcc-5/README.Bugs --enable-languages=c,ada,c++,java,go,d,fortran,objc,obj-c++ --prefix=/usr --program-suffix=-5 --enable-shared --enable-linker-build-id --libexecdir=/usr/lib --without-included-gettext --enable-threads=posix --libdir=/usr/lib --enable-nls --with-sysroot=/ --enable-clocale=gnu --enable-libstdcxx-debug --enable-libstdcxx-time=yes --with-default-libstdcxx-abi=new --enable-gnu-unique-object --disable-vtable-verify --enable-libmpx --enable-plugin --with-system-zlib --disable-browser-plugin --enable-java-awt=gtk --enable-gtk-cairo --with-java-home=/usr/lib/jvm/java-1.5.0-gcj-5-amd64/jre --enable-java-home --with-jvm-root-dir=/usr/lib/jvm/java-1.5.0-gcj-5-amd64 --with-jvm-jar-dir=/usr/lib/jvm-exports/java-1.5.0-gcj-5-amd64 --with-arch-directory=amd64 --with-ecj-jar=/usr/share/java/eclipse-ecj.jar --enable-objc-gc --enable-multiarch --disable-werror --with-arch-32=i686 --with-abi=m64 --with-multilib-list=m32,m64,mx32 --enable-multilib --with-tune=generic --enable-checking=release --build=x86_64-linux-gnu --host=x86_64-linux-gnu --target=x86_64-linux-gnu
Thread model: posix
gcc version 5.2.1 20151010 (Ubuntu 5.2.1-22ubuntu2) 
configure:3276: $? = 0
configure:3265: gcc -V >&5
gcc: error: unrecognized command line option '-V'
gcc: fatal error: no input files
compilation terminated.
configure:3276: $? = 1
configure:3265: gcc -qversion >&5
gcc: error: unrecognized command line option '-qversion'
gcc: fatal error: no input files
compilation terminated.
configure:3276: $? = 1
configure:3296: checking whether the C compiler works
configure:3318: gcc  -I/home/vlc/vlcProject/vlc-2.2/contrib/x86_64-linux-gnu/include -g  -I/home/vlc/vlcProject/vlc-2.2/contrib/x86_64-linux-gnu/include  -L/home/vlc/vlcProject/vlc-2.2/contrib/x86_64-linux-gnu/lib conftest.c  >&5
configure:3322: $? = 0
configure:3370: result: yes
configure:3373: checking for C compiler default output file name
configure:3375: result: a.out
configure:3381: checking for suffix of executables
configure:3388: gcc -o conftest  -I/home/vlc/vlcProject/vlc-2.2/contrib/x86_64-linux-gnu/include -g  -I/home/vlc/vlcProject/vlc-2.2/contrib/x86_64-linux-gnu/include  -L/home/vlc/vlcProject/vlc-2.2/contrib/x86_64-linux-gnu/lib conftest.c  >&5
configure:3392: $? = 0
configure:3414: result: 
configure:3436: checking whether we are cross compiling
configure:3444: gcc -o conftest  -I/home/vlc/vlcProject/vlc-2.2/contrib/x86_64-linux-gnu/include -g  -I/home/vlc/vlcProject/vlc-2.2/contrib/x86_64-linux-gnu/include  -L/home/vlc/vlcProject/vlc-2.2/contrib/x86_64-linux-gnu/lib conftest.c  >&5
configure:3448: $? = 0
configure:3455: ./conftest
configure:3459: $? = 0
configure:3474: result: no
configure:3479: checking for suffix of object files
configure:3501: gcc -c  -I/home/vlc/vlcProject/vlc-2.2/contrib/x86_64-linux-gnu/include -g  -I/home/vlc/vlcProject/vlc-2.2/contrib/x86_64-linux-gnu/include conftest.c >&5
configure:3505: $? = 0
configure:3526: result: o
configure:3530: checking whether we are using the GNU C compiler
configure:3549: gcc -c  -I/home/vlc/vlcProject/vlc-2.2/contrib/x86_64-linux-gnu/include -g  -I/home/vlc/vlcProject/vlc-2.2/contrib/x86_64-linux-gnu/include conftest.c >&5
configure:3549: $? = 0
configure:3558: result: yes
configure:3567: checking whether gcc accepts -g
configure:3587: gcc -c -g  -I/home/vlc/vlcProject/vlc-2.2/contrib/x86_64-linux-gnu/include conftest.c >&5
configure:3587: $? = 0
configure:3628: result: yes
configure:3645: checking for gcc option to accept ISO C89
configure:3708: gcc  -c  -I/home/vlc/vlcProject/vlc-2.2/contrib/x86_64-linux-gnu/include -g  -I/home/vlc/vlcProject/vlc-2.2/contrib/x86_64-linux-gnu/include conftest.c >&5
configure:3708: $? = 0
configure:3721: result: none needed
configure:3746: checking whether gcc understands -c and -o together
configure:3768: gcc -c conftest.c -o conftest2.o
configure:3771: $? = 0
configure:3768: gcc -c conftest.c -o conftest2.o
configure:3771: $? = 0
configure:3783: result: yes
configure:3811: checking for style of include used by make
configure:3839: result: GNU
configure:3865: checking dependency style of gcc
configure:3976: result: none
configure:4103: checking for C++ compiler version
configure:4112: g++ --version >&5
g++ (Ubuntu 5.2.1-22ubuntu2) 5.2.1 20151010
Copyright (C) 2015 Free Software Foundation, Inc.
This is free software; see the source for copying conditions.  There is NO
warranty; not even for MERCHANTABILITY or FITNESS FOR A PARTICULAR PURPOSE.

configure:4123: $? = 0
configure:4112: g++ -v >&5
Using built-in specs.
COLLECT_GCC=g++
COLLECT_LTO_WRAPPER=/usr/lib/gcc/x86_64-linux-gnu/5/lto-wrapper
Target: x86_64-linux-gnu
Configured with: ../src/configure -v --with-pkgversion='Ubuntu 5.2.1-22ubuntu2' --with-bugurl=file:///usr/share/doc/gcc-5/README.Bugs --enable-languages=c,ada,c++,java,go,d,fortran,objc,obj-c++ --prefix=/usr --program-suffix=-5 --enable-shared --enable-linker-build-id --libexecdir=/usr/lib --without-included-gettext --enable-threads=posix --libdir=/usr/lib --enable-nls --with-sysroot=/ --enable-clocale=gnu --enable-libstdcxx-debug --enable-libstdcxx-time=yes --with-default-libstdcxx-abi=new --enable-gnu-unique-object --disable-vtable-verify --enable-libmpx --enable-plugin --with-system-zlib --disable-browser-plugin --enable-java-awt=gtk --enable-gtk-cairo --with-java-home=/usr/lib/jvm/java-1.5.0-gcj-5-amd64/jre --enable-java-home --with-jvm-root-dir=/usr/lib/jvm/java-1.5.0-gcj-5-amd64 --with-jvm-jar-dir=/usr/lib/jvm-exports/java-1.5.0-gcj-5-amd64 --with-arch-directory=amd64 --with-ecj-jar=/usr/share/java/eclipse-ecj.jar --enable-objc-gc --enable-multiarch --disable-werror --with-arch-32=i686 --with-abi=m64 --with-multilib-list=m32,m64,mx32 --enable-multilib --with-tune=generic --enable-checking=release --build=x86_64-linux-gnu --host=x86_64-linux-gnu --target=x86_64-linux-gnu
Thread model: posix
gcc version 5.2.1 20151010 (Ubuntu 5.2.1-22ubuntu2) 
configure:4123: $? = 0
configure:4112: g++ -V >&5
g++: error: unrecognized command line option '-V'
g++: fatal error: no input files
compilation terminated.
configure:4123: $? = 1
configure:4112: g++ -qversion >&5
g++: error: unrecognized command line option '-qversion'
g++: fatal error: no input files
compilation terminated.
configure:4123: $? = 1
configure:4127: checking whether we are using the GNU C++ compiler
configure:4146: g++ -c  -I/home/vlc/vlcProject/vlc-2.2/contrib/x86_64-linux-gnu/include -g  -I/home/vlc/vlcProject/vlc-2.2/contrib/x86_64-linux-gnu/include conftest.cpp >&5
configure:4146: $? = 0
configure:4155: result: yes
configure:4164: checking whether g++ accepts -g
configure:4184: g++ -c -g  -I/home/vlc/vlcProject/vlc-2.2/contrib/x86_64-linux-gnu/include conftest.cpp >&5
configure:4184: $? = 0
configure:4225: result: yes
configure:4250: checking dependency style of g++
configure:4361: result: none
configure:4726: checking how to print strings
configure:4753: result: printf
configure:4774: checking for a sed that does not truncate output
configure:4838: result: /bin/sed
configure:4856: checking for grep that handles long lines and -e
configure:4914: result: /bin/grep
configure:4919: checking for egrep
configure:4981: result: /bin/grep -E
configure:4986: checking for fgrep
configure:5048: result: /bin/grep -F
configure:5083: checking for ld used by gcc
configure:5150: result: ld
configure:5157: checking if the linker (ld) is GNU ld
configure:5172: result: yes
configure:5184: checking for BSD- or MS-compatible name lister (nm)
configure:5233: result: /usr/bin/nm -B
configure:5363: checking the name lister (/usr/bin/nm -B) interface
configure:5370: gcc -c  -I/home/vlc/vlcProject/vlc-2.2/contrib/x86_64-linux-gnu/include -g  -I/home/vlc/vlcProject/vlc-2.2/contrib/x86_64-linux-gnu/include conftest.c >&5
configure:5373: /usr/bin/nm -B "conftest.o"
configure:5376: output
0000000000000000 B some_variable
configure:5383: result: BSD nm
configure:5386: checking whether ln -s works
configure:5390: result: yes
configure:5398: checking the maximum length of command line arguments
configure:5529: result: 1572864
configure:5546: checking whether the shell understands some XSI constructs
configure:5556: result: yes
configure:5560: checking whether the shell understands "+="
configure:5566: result: yes
configure:5601: checking how to convert x86_64-pc-linux-gnu file names to x86_64-pc-linux-gnu format
configure:5641: result: func_convert_file_noop
configure:5648: checking how to convert x86_64-pc-linux-gnu file names to toolchain format
configure:5668: result: func_convert_file_noop
configure:5675: checking for ld option to reload object files
configure:5682: result: -r
configure:5716: checking for x86_64-linux-gnu-objdump
configure:5743: result: objdump
configure:5812: checking how to recognize dependent libraries
configure:6010: result: pass_all
configure:6055: checking for x86_64-linux-gnu-dlltool
configure:6082: result: dlltool
configure:6152: checking how to associate runtime and link libraries
configure:6179: result: printf %s\n
configure:6196: checking for x86_64-linux-gnu-ar
configure:6223: result: ar
configure:6304: checking for archiver @FILE support
configure:6321: gcc -c  -I/home/vlc/vlcProject/vlc-2.2/contrib/x86_64-linux-gnu/include -g  -I/home/vlc/vlcProject/vlc-2.2/contrib/x86_64-linux-gnu/include conftest.c >&5
configure:6321: $? = 0
configure:6324: ar cru libconftest.a @conftest.lst >&5
ar: `u' modifier ignored since `D' is the default (see `U')
configure:6327: $? = 0
configure:6332: ar cru libconftest.a @conftest.lst >&5
ar: `u' modifier ignored since `D' is the default (see `U')
ar: conftest.o: No such file or directory
configure:6335: $? = 1
configure:6347: result: @
configure:6365: checking for x86_64-linux-gnu-strip
configure:6392: result: strip
configure:6464: checking for x86_64-linux-gnu-ranlib
configure:6491: result: ranlib
configure:6633: checking command to parse /usr/bin/nm -B output from gcc object
configure:6753: gcc -c  -I/home/vlc/vlcProject/vlc-2.2/contrib/x86_64-linux-gnu/include -g  -I/home/vlc/vlcProject/vlc-2.2/contrib/x86_64-linux-gnu/include conftest.c >&5
configure:6756: $? = 0
configure:6760: /usr/bin/nm -B conftest.o \| sed -n -e 's/^.*[ ]\([ABCDGIRSTW][ABCDGIRSTW]*\)[ ][ ]*\([_A-Za-z][_A-Za-z0-9]*\)$/\1 \2 \2/p' | sed '/ __gnu_lto/d' \> conftest.nm
configure:6763: $? = 0
configure:6829: gcc -o conftest  -I/home/vlc/vlcProject/vlc-2.2/contrib/x86_64-linux-gnu/include -g  -I/home/vlc/vlcProject/vlc-2.2/contrib/x86_64-linux-gnu/include  -L/home/vlc/vlcProject/vlc-2.2/contrib/x86_64-linux-gnu/lib conftest.c conftstm.o >&5
configure:6832: $? = 0
configure:6870: result: ok
configure:6907: checking for sysroot
configure:6937: result: no
configure:7014: gcc -c  -I/home/vlc/vlcProject/vlc-2.2/contrib/x86_64-linux-gnu/include -g  -I/home/vlc/vlcProject/vlc-2.2/contrib/x86_64-linux-gnu/include conftest.c >&5
configure:7017: $? = 0
configure:7166: checking for x86_64-linux-gnu-mt
configure:7196: result: no
configure:7206: checking for mt
configure:7222: found /bin/mt
configure:7233: result: mt
configure:7256: checking if mt is a manifest tool
configure:7262: mt '-?'
configure:7270: result: no
configure:7912: checking how to run the C preprocessor
configure:7943: gcc -E  -I/home/vlc/vlcProject/vlc-2.2/contrib/x86_64-linux-gnu/include conftest.c
configure:7943: $? = 0
configure:7957: gcc -E  -I/home/vlc/vlcProject/vlc-2.2/contrib/x86_64-linux-gnu/include conftest.c
conftest.c:11:28: fatal error: ac_nonexistent.h: No such file or directory
compilation terminated.
configure:7957: $? = 1
configure: failed program was:
| /* confdefs.h */
| #define PACKAGE_NAME ""
| #define PACKAGE_TARNAME ""
| #define PACKAGE_VERSION ""
| #define PACKAGE_STRING ""
| #define PACKAGE_BUGREPORT ""
| #define PACKAGE_URL ""
| #define PACKAGE "libsidutils"
| #define VERSION "1.0.4"
| /* end confdefs.h.  */
| #include <ac_nonexistent.h>
configure:7982: result: gcc -E
configure:8002: gcc -E  -I/home/vlc/vlcProject/vlc-2.2/contrib/x86_64-linux-gnu/include conftest.c
configure:8002: $? = 0
configure:8016: gcc -E  -I/home/vlc/vlcProject/vlc-2.2/contrib/x86_64-linux-gnu/include conftest.c
conftest.c:11:28: fatal error: ac_nonexistent.h: No such file or directory
compilation terminated.
configure:8016: $? = 1
configure: failed program was:
| /* confdefs.h */
| #define PACKAGE_NAME ""
| #define PACKAGE_TARNAME ""
| #define PACKAGE_VERSION ""
| #define PACKAGE_STRING ""
| #define PACKAGE_BUGREPORT ""
| #define PACKAGE_URL ""
| #define PACKAGE "libsidutils"
| #define VERSION "1.0.4"
| /* end confdefs.h.  */
| #include <ac_nonexistent.h>
configure:8045: checking for ANSI C header files
configure:8065: gcc -c  -I/home/vlc/vlcProject/vlc-2.2/contrib/x86_64-linux-gnu/include -g  -I/home/vlc/vlcProject/vlc-2.2/contrib/x86_64-linux-gnu/include conftest.c >&5
configure:8065: $? = 0
configure:8138: gcc -o conftest  -I/home/vlc/vlcProject/vlc-2.2/contrib/x86_64-linux-gnu/include -g  -I/home/vlc/vlcProject/vlc-2.2/contrib/x86_64-linux-gnu/include  -L/home/vlc/vlcProject/vlc-2.2/contrib/x86_64-linux-gnu/lib conftest.c  >&5
configure:8138: $? = 0
configure:8138: ./conftest
configure:8138: $? = 0
configure:8149: result: yes
configure:8162: checking for sys/types.h
configure:8162: gcc -c  -I/home/vlc/vlcProject/vlc-2.2/contrib/x86_64-linux-gnu/include -g  -I/home/vlc/vlcProject/vlc-2.2/contrib/x86_64-linux-gnu/include conftest.c >&5
configure:8162: $? = 0
configure:8162: result: yes
configure:8162: checking for sys/stat.h
configure:8162: gcc -c  -I/home/vlc/vlcProject/vlc-2.2/contrib/x86_64-linux-gnu/include -g  -I/home/vlc/vlcProject/vlc-2.2/contrib/x86_64-linux-gnu/include conftest.c >&5
configure:8162: $? = 0
configure:8162: result: yes
configure:8162: checking for stdlib.h
configure:8162: gcc -c  -I/home/vlc/vlcProject/vlc-2.2/contrib/x86_64-linux-gnu/include -g  -I/home/vlc/vlcProject/vlc-2.2/contrib/x86_64-linux-gnu/include conftest.c >&5
configure:8162: $? = 0
configure:8162: result: yes
configure:8162: checking for string.h
configure:8162: gcc -c  -I/home/vlc/vlcProject/vlc-2.2/contrib/x86_64-linux-gnu/include -g  -I/home/vlc/vlcProject/vlc-2.2/contrib/x86_64-linux-gnu/include conftest.c >&5
configure:8162: $? = 0
configure:8162: result: yes
configure:8162: checking for memory.h
configure:8162: gcc -c  -I/home/vlc/vlcProject/vlc-2.2/contrib/x86_64-linux-gnu/include -g  -I/home/vlc/vlcProject/vlc-2.2/contrib/x86_64-linux-gnu/include conftest.c >&5
configure:8162: $? = 0
configure:8162: result: yes
configure:8162: checking for strings.h
configure:8162: gcc -c  -I/home/vlc/vlcProject/vlc-2.2/contrib/x86_64-linux-gnu/include -g  -I/home/vlc/vlcProject/vlc-2.2/contrib/x86_64-linux-gnu/include conftest.c >&5
configure:8162: $? = 0
configure:8162: result: yes
configure:8162: checking for inttypes.h
configure:8162: gcc -c  -I/home/vlc/vlcProject/vlc-2.2/contrib/x86_64-linux-gnu/include -g  -I/home/vlc/vlcProject/vlc-2.2/contrib/x86_64-linux-gnu/include conftest.c >&5
configure:8162: $? = 0
configure:8162: result: yes
configure:8162: checking for stdint.h
configure:8162: gcc -c  -I/home/vlc/vlcProject/vlc-2.2/contrib/x86_64-linux-gnu/include -g  -I/home/vlc/vlcProject/vlc-2.2/contrib/x86_64-linux-gnu/include conftest.c >&5
configure:8162: $? = 0
configure:8162: result: yes
configure:8162: checking for unistd.h
configure:8162: gcc -c  -I/home/vlc/vlcProject/vlc-2.2/contrib/x86_64-linux-gnu/include -g  -I/home/vlc/vlcProject/vlc-2.2/contrib/x86_64-linux-gnu/include conftest.c >&5
configure:8162: $? = 0
configure:8162: result: yes
configure:8176: checking for dlfcn.h
configure:8176: gcc -c  -I/home/vlc/vlcProject/vlc-2.2/contrib/x86_64-linux-gnu/include -g  -I/home/vlc/vlcProject/vlc-2.2/contrib/x86_64-linux-gnu/include conftest.c >&5
configure:8176: $? = 0
configure:8176: result: yes
configure:8391: checking for objdir
configure:8406: result: .libs
configure:8673: checking if gcc supports -fno-rtti -fno-exceptions
configure:8691: gcc -c  -I/home/vlc/vlcProject/vlc-2.2/contrib/x86_64-linux-gnu/include -g  -I/home/vlc/vlcProject/vlc-2.2/contrib/x86_64-linux-gnu/include -fno-rtti -fno-exceptions conftest.c >&5
cc1: warning: command line option '-fno-rtti' is valid for C++/ObjC++ but not for C
configure:8695: $? = 0
configure:8708: result: no
configure:9035: checking for gcc option to produce PIC
configure:9042: result: -fPIC -DPIC
configure:9050: checking if gcc PIC flag -fPIC -DPIC works
configure:9068: gcc -c  -I/home/vlc/vlcProject/vlc-2.2/contrib/x86_64-linux-gnu/include -g  -I/home/vlc/vlcProject/vlc-2.2/contrib/x86_64-linux-gnu/include -fPIC -DPIC -DPIC conftest.c >&5
configure:9072: $? = 0
configure:9085: result: yes
configure:9114: checking if gcc static flag -static works
configure:9142: result: yes
configure:9157: checking if gcc supports -c -o file.o
configure:9178: gcc -c  -I/home/vlc/vlcProject/vlc-2.2/contrib/x86_64-linux-gnu/include -g  -I/home/vlc/vlcProject/vlc-2.2/contrib/x86_64-linux-gnu/include -o out/conftest2.o conftest.c >&5
configure:9182: $? = 0
configure:9204: result: yes
configure:9212: checking if gcc supports -c -o file.o
configure:9259: result: yes
configure:9292: checking whether the gcc linker (ld -m elf_x86_64) supports shared libraries
configure:10449: result: yes
configure:10689: checking dynamic linker characteristics
configure:11189: gcc -o conftest  -I/home/vlc/vlcProject/vlc-2.2/contrib/x86_64-linux-gnu/include -g  -I/home/vlc/vlcProject/vlc-2.2/contrib/x86_64-linux-gnu/include  -L/home/vlc/vlcProject/vlc-2.2/contrib/x86_64-linux-gnu/lib -Wl,-rpath -Wl,/foo conftest.c  >&5
configure:11189: $? = 0
configure:11423: result: GNU/Linux ld.so
configure:11530: checking how to hardcode library paths into programs
configure:11555: result: immediate
configure:12095: checking whether stripping libraries is possible
configure:12100: result: yes
configure:12135: checking if libtool supports shared libraries
configure:12137: result: yes
configure:12140: checking whether to build shared libraries
configure:12161: result: no
configure:12164: checking whether to build static libraries
configure:12168: result: yes
configure:12191: checking how to run the C++ preprocessor
configure:12218: g++ -E  -I/home/vlc/vlcProject/vlc-2.2/contrib/x86_64-linux-gnu/include conftest.cpp
configure:12218: $? = 0
configure:12232: g++ -E  -I/home/vlc/vlcProject/vlc-2.2/contrib/x86_64-linux-gnu/include conftest.cpp
conftest.cpp:23:28: fatal error: ac_nonexistent.h: No such file or directory
compilation terminated.
configure:12232: $? = 1
configure: failed program was:
| /* confdefs.h */
| #define PACKAGE_NAME ""
| #define PACKAGE_TARNAME ""
| #define PACKAGE_VERSION ""
| #define PACKAGE_STRING ""
| #define PACKAGE_BUGREPORT ""
| #define PACKAGE_URL ""
| #define PACKAGE "libsidutils"
| #define VERSION "1.0.4"
| #define STDC_HEADERS 1
| #define HAVE_SYS_TYPES_H 1
| #define HAVE_SYS_STAT_H 1
| #define HAVE_STDLIB_H 1
| #define HAVE_STRING_H 1
| #define HAVE_MEMORY_H 1
| #define HAVE_STRINGS_H 1
| #define HAVE_INTTYPES_H 1
| #define HAVE_STDINT_H 1
| #define HAVE_UNISTD_H 1
| #define HAVE_DLFCN_H 1
| #define LT_OBJDIR ".libs/"
| /* end confdefs.h.  */
| #include <ac_nonexistent.h>
configure:12257: result: g++ -E
configure:12277: g++ -E  -I/home/vlc/vlcProject/vlc-2.2/contrib/x86_64-linux-gnu/include conftest.cpp
configure:12277: $? = 0
configure:12291: g++ -E  -I/home/vlc/vlcProject/vlc-2.2/contrib/x86_64-linux-gnu/include conftest.cpp
conftest.cpp:23:28: fatal error: ac_nonexistent.h: No such file or directory
compilation terminated.
configure:12291: $? = 1
configure: failed program was:
| /* confdefs.h */
| #define PACKAGE_NAME ""
| #define PACKAGE_TARNAME ""
| #define PACKAGE_VERSION ""
| #define PACKAGE_STRING ""
| #define PACKAGE_BUGREPORT ""
| #define PACKAGE_URL ""
| #define PACKAGE "libsidutils"
| #define VERSION "1.0.4"
| #define STDC_HEADERS 1
| #define HAVE_SYS_TYPES_H 1
| #define HAVE_SYS_STAT_H 1
| #define HAVE_STDLIB_H 1
| #define HAVE_STRING_H 1
| #define HAVE_MEMORY_H 1
| #define HAVE_STRINGS_H 1
| #define HAVE_INTTYPES_H 1
| #define HAVE_STDINT_H 1
| #define HAVE_UNISTD_H 1
| #define HAVE_DLFCN_H 1
| #define LT_OBJDIR ".libs/"
| /* end confdefs.h.  */
| #include <ac_nonexistent.h>
configure:12460: checking for ld used by g++
configure:12527: result: ld -m elf_x86_64
configure:12534: checking if the linker (ld -m elf_x86_64) is GNU ld
configure:12549: result: yes
configure:12604: checking whether the g++ linker (ld -m elf_x86_64) supports shared libraries
configure:13606: result: yes
configure:13642: g++ -c  -I/home/vlc/vlcProject/vlc-2.2/contrib/x86_64-linux-gnu/include -g  -I/home/vlc/vlcProject/vlc-2.2/contrib/x86_64-linux-gnu/include conftest.cpp >&5
configure:13645: $? = 0
configure:14165: checking for g++ option to produce PIC
configure:14172: result: -fPIC -DPIC
configure:14180: checking if g++ PIC flag -fPIC -DPIC works
configure:14198: g++ -c  -I/home/vlc/vlcProject/vlc-2.2/contrib/x86_64-linux-gnu/include -g  -I/home/vlc/vlcProject/vlc-2.2/contrib/x86_64-linux-gnu/include -fPIC -DPIC -DPIC conftest.cpp >&5
configure:14202: $? = 0
configure:14215: result: yes
configure:14238: checking if g++ static flag -static works
configure:14266: result: yes
configure:14278: checking if g++ supports -c -o file.o
configure:14299: g++ -c  -I/home/vlc/vlcProject/vlc-2.2/contrib/x86_64-linux-gnu/include -g  -I/home/vlc/vlcProject/vlc-2.2/contrib/x86_64-linux-gnu/include -o out/conftest2.o conftest.cpp >&5
configure:14303: $? = 0
configure:14325: result: yes
configure:14330: checking if g++ supports -c -o file.o
configure:14377: result: yes
configure:14407: checking whether the g++ linker (ld -m elf_x86_64) supports shared libraries
configure:14446: result: yes
configure:14587: checking dynamic linker characteristics
configure:15255: result: GNU/Linux ld.so
configure:15308: checking how to hardcode library paths into programs
configure:15333: result: immediate
configure:15395: checking whether byte ordering is bigendian
configure:15410: gcc -c  -I/home/vlc/vlcProject/vlc-2.2/contrib/x86_64-linux-gnu/include -g  -I/home/vlc/vlcProject/vlc-2.2/contrib/x86_64-linux-gnu/include conftest.c >&5
conftest.c:24:9: error: unknown type name 'not'
         not a universal capable compiler
         ^
conftest.c:24:15: error: expected '=', ',', ';', 'asm' or '__attribute__' before 'universal'
         not a universal capable compiler
               ^
conftest.c:24:15: error: unknown type name 'universal'
configure:15410: $? = 1
configure: failed program was:
| /* confdefs.h */
| #define PACKAGE_NAME ""
| #define PACKAGE_TARNAME ""
| #define PACKAGE_VERSION ""
| #define PACKAGE_STRING ""
| #define PACKAGE_BUGREPORT ""
| #define PACKAGE_URL ""
| #define PACKAGE "libsidutils"
| #define VERSION "1.0.4"
| #define STDC_HEADERS 1
| #define HAVE_SYS_TYPES_H 1
| #define HAVE_SYS_STAT_H 1
| #define HAVE_STDLIB_H 1
| #define HAVE_STRING_H 1
| #define HAVE_MEMORY_H 1
| #define HAVE_STRINGS_H 1
| #define HAVE_INTTYPES_H 1
| #define HAVE_STDINT_H 1
| #define HAVE_UNISTD_H 1
| #define HAVE_DLFCN_H 1
| #define LT_OBJDIR ".libs/"
| /* end confdefs.h.  */
| #ifndef __APPLE_CC__
| 	       not a universal capable compiler
| 	     #endif
| 	     typedef int dummy;
| 
configure:15455: gcc -c  -I/home/vlc/vlcProject/vlc-2.2/contrib/x86_64-linux-gnu/include -g  -I/home/vlc/vlcProject/vlc-2.2/contrib/x86_64-linux-gnu/include conftest.c >&5
configure:15455: $? = 0
configure:15473: gcc -c  -I/home/vlc/vlcProject/vlc-2.2/contrib/x86_64-linux-gnu/include -g  -I/home/vlc/vlcProject/vlc-2.2/contrib/x86_64-linux-gnu/include conftest.c >&5
conftest.c: In function 'main':
conftest.c:30:4: error: unknown type name 'not'
    not big endian
    ^
conftest.c:30:12: error: expected '=', ',', ';', 'asm' or '__attribute__' before 'endian'
    not big endian
            ^
configure:15473: $? = 1
configure: failed program was:
| /* confdefs.h */
| #define PACKAGE_NAME ""
| #define PACKAGE_TARNAME ""
| #define PACKAGE_VERSION ""
| #define PACKAGE_STRING ""
| #define PACKAGE_BUGREPORT ""
| #define PACKAGE_URL ""
| #define PACKAGE "libsidutils"
| #define VERSION "1.0.4"
| #define STDC_HEADERS 1
| #define HAVE_SYS_TYPES_H 1
| #define HAVE_SYS_STAT_H 1
| #define HAVE_STDLIB_H 1
| #define HAVE_STRING_H 1
| #define HAVE_MEMORY_H 1
| #define HAVE_STRINGS_H 1
| #define HAVE_INTTYPES_H 1
| #define HAVE_STDINT_H 1
| #define HAVE_UNISTD_H 1
| #define HAVE_DLFCN_H 1
| #define LT_OBJDIR ".libs/"
| /* end confdefs.h.  */
| #include <sys/types.h>
| 		#include <sys/param.h>
| 
| int
| main ()
| {
| #if BYTE_ORDER != BIG_ENDIAN
| 		 not big endian
| 		#endif
| 
|   ;
|   return 0;
| }
configure:15601: result: no
configure:15628: checking whether exceptions are available
configure:15645: g++ -c  -I/home/vlc/vlcProject/vlc-2.2/contrib/x86_64-linux-gnu/include -g  -I/home/vlc/vlcProject/vlc-2.2/contrib/x86_64-linux-gnu/include conftest.cpp >&5
conftest.cpp:23:17: fatal error: new.h: No such file or directory
compilation terminated.
configure:15645: $? = 1
configure: failed program was:
| /* confdefs.h */
| #define PACKAGE_NAME ""
| #define PACKAGE_TARNAME ""
| #define PACKAGE_VERSION ""
| #define PACKAGE_STRING ""
| #define PACKAGE_BUGREPORT ""
| #define PACKAGE_URL ""
| #define PACKAGE "libsidutils"
| #define VERSION "1.0.4"
| #define STDC_HEADERS 1
| #define HAVE_SYS_TYPES_H 1
| #define HAVE_SYS_STAT_H 1
| #define HAVE_STDLIB_H 1
| #define HAVE_STRING_H 1
| #define HAVE_MEMORY_H 1
| #define HAVE_STRINGS_H 1
| #define HAVE_INTTYPES_H 1
| #define HAVE_STDINT_H 1
| #define HAVE_UNISTD_H 1
| #define HAVE_DLFCN_H 1
| #define LT_OBJDIR ".libs/"
| /* end confdefs.h.  */
| #include <new.h>
| int
| main ()
| {
| char* buf = new(nothrow) char[1024];
|   ;
|   return 0;
| }
configure:15655: result: no
configure:15928: checking for sidplay2 library and headers
configure:15991: result: yes
configure:16125: checking that generated files are newer than configure
configure:16131: result: done
configure:16159: creating ./config.status

## ---------------------- ##
## Running config.status. ##
## ---------------------- ##

This file was extended by config.status, which was
generated by GNU Autoconf 2.69.  Invocation command line was

  CONFIG_FILES    = 
  CONFIG_HEADERS  = 
  CONFIG_LINKS    = 
  CONFIG_COMMANDS = 
  $ ./config.status 

on VLC-ubuntu15-ssd

config.status:1162: creating Makefile
config.status:1162: creating include/Makefile
config.status:1162: creating include/sidplay/Makefile
config.status:1162: creating include/sidplay/utils/Makefile
config.status:1162: creating src/Makefile
config.status:1162: creating src/ini/Makefile
config.status:1162: creating src/MD5/Makefile
config.status:1162: creating unix/Makefile
config.status:1162: creating unix/libsidutils.spec
config.status:1162: creating unix/libsidutils.qpg
config.status:1162: creating unix/libsidutils.pc
config.status:1162: creating unix/config.h
config.status:1391: executing depfiles commands
config.status:1391: executing libtool commands

## ---------------- ##
## Cache variables. ##
## ---------------- ##

ac_cv_build=x86_64-pc-linux-gnu
ac_cv_c_bigendian=no
ac_cv_c_compiler_gnu=yes
ac_cv_cxx_compiler_gnu=yes
ac_cv_env_CCC_set=
ac_cv_env_CCC_value=
ac_cv_env_CC_set=set
ac_cv_env_CC_value=gcc
ac_cv_env_CFLAGS_set=set
ac_cv_env_CFLAGS_value=' -I/home/vlc/vlcProject/vlc-2.2/contrib/x86_64-linux-gnu/include -g'
ac_cv_env_CPPFLAGS_set=set
ac_cv_env_CPPFLAGS_value=' -I/home/vlc/vlcProject/vlc-2.2/contrib/x86_64-linux-gnu/include'
ac_cv_env_CPP_set=
ac_cv_env_CPP_value=
ac_cv_env_CXXCPP_set=
ac_cv_env_CXXCPP_value=
ac_cv_env_CXXFLAGS_set=set
ac_cv_env_CXXFLAGS_value=' -I/home/vlc/vlcProject/vlc-2.2/contrib/x86_64-linux-gnu/include -g'
ac_cv_env_CXX_set=set
ac_cv_env_CXX_value=g++
ac_cv_env_LDFLAGS_set=set
ac_cv_env_LDFLAGS_value=' -L/home/vlc/vlcProject/vlc-2.2/contrib/x86_64-linux-gnu/lib'
ac_cv_env_LIBS_set=
ac_cv_env_LIBS_value=
ac_cv_env_build_alias_set=set
ac_cv_env_build_alias_value=x86_64-linux-gnu
ac_cv_env_host_alias_set=set
ac_cv_env_host_alias_value=x86_64-linux-gnu
ac_cv_env_target_alias_set=set
ac_cv_env_target_alias_value=x86_64-linux-gnu
ac_cv_header_dlfcn_h=yes
ac_cv_header_inttypes_h=yes
ac_cv_header_memory_h=yes
ac_cv_header_stdc=yes
ac_cv_header_stdint_h=yes
ac_cv_header_stdlib_h=yes
ac_cv_header_string_h=yes
ac_cv_header_strings_h=yes
ac_cv_header_sys_stat_h=yes
ac_cv_header_sys_types_h=yes
ac_cv_header_unistd_h=yes
ac_cv_host=x86_64-pc-linux-gnu
ac_cv_objext=o
ac_cv_path_EGREP='/bin/grep -E'
ac_cv_path_FGREP='/bin/grep -F'
ac_cv_path_GREP=/bin/grep
ac_cv_path_SED=/bin/sed
ac_cv_path_install='/usr/bin/install -c'
ac_cv_path_mkdir=/bin/mkdir
ac_cv_prog_AR=ar
ac_cv_prog_AWK=mawk
ac_cv_prog_CC=gcc
ac_cv_prog_CPP='gcc -E'
ac_cv_prog_CXXCPP='g++ -E'
ac_cv_prog_DLLTOOL=dlltool
ac_cv_prog_OBJDUMP=objdump
ac_cv_prog_RANLIB=ranlib
ac_cv_prog_STRIP=strip
ac_cv_prog_ac_ct_MANIFEST_TOOL=mt
ac_cv_prog_cc_c89=
ac_cv_prog_cc_g=yes
ac_cv_prog_cxx_g=yes
ac_cv_prog_make_make_set=yes
am_cv_CC_dependencies_compiler_type=none
am_cv_CXX_dependencies_compiler_type=none
am_cv_make_support_nested_variables=yes
am_cv_prog_cc_c_o=yes
lt_cv_ar_at_file=@
lt_cv_deplibs_check_method=pass_all
lt_cv_file_magic_cmd='$MAGIC_CMD'
lt_cv_file_magic_test_file=
lt_cv_ld_reload_flag=-r
lt_cv_nm_interface='BSD nm'
lt_cv_objdir=.libs
lt_cv_path_LD=ld
lt_cv_path_LDCXX='ld -m elf_x86_64'
lt_cv_path_NM='/usr/bin/nm -B'
lt_cv_path_mainfest_tool=no
lt_cv_prog_compiler_c_o=yes
lt_cv_prog_compiler_c_o_CXX=yes
lt_cv_prog_compiler_pic='-fPIC -DPIC'
lt_cv_prog_compiler_pic_CXX='-fPIC -DPIC'
lt_cv_prog_compiler_pic_works=yes
lt_cv_prog_compiler_pic_works_CXX=yes
lt_cv_prog_compiler_rtti_exceptions=no
lt_cv_prog_compiler_static_works=yes
lt_cv_prog_compiler_static_works_CXX=yes
lt_cv_prog_gnu_ld=yes
lt_cv_prog_gnu_ldcxx=yes
lt_cv_sharedlib_from_linklib_cmd='printf %s\n'
lt_cv_shlibpath_overrides_runpath=no
lt_cv_sys_global_symbol_pipe='sed -n -e '\''s/^.*[	 ]\([ABCDGIRSTW][ABCDGIRSTW]*\)[	 ][	 ]*\([_A-Za-z][_A-Za-z0-9]*\)$/\1 \2 \2/p'\'' | sed '\''/ __gnu_lto/d'\'''
lt_cv_sys_global_symbol_to_c_name_address='sed -n -e '\''s/^: \([^ ]*\)[ ]*$/  {\"\1\", (void *) 0},/p'\'' -e '\''s/^[ABCDGIRSTW]* \([^ ]*\) \([^ ]*\)$/  {"\2", (void *) \&\2},/p'\'''
lt_cv_sys_global_symbol_to_c_name_address_lib_prefix='sed -n -e '\''s/^: \([^ ]*\)[ ]*$/  {\"\1\", (void *) 0},/p'\'' -e '\''s/^[ABCDGIRSTW]* \([^ ]*\) \(lib[^ ]*\)$/  {"\2", (void *) \&\2},/p'\'' -e '\''s/^[ABCDGIRSTW]* \([^ ]*\) \([^ ]*\)$/  {"lib\2", (void *) \&\2},/p'\'''
lt_cv_sys_global_symbol_to_cdecl='sed -n -e '\''s/^T .* \(.*\)$/extern int \1();/p'\'' -e '\''s/^[ABCDGIRSTW]* .* \(.*\)$/extern char \1;/p'\'''
lt_cv_sys_max_cmd_len=1572864
lt_cv_to_host_file_cmd=func_convert_file_noop
lt_cv_to_tool_file_cmd=func_convert_file_noop
test_cv_have_exceptions=no

## ----------------- ##
## Output variables. ##
## ----------------- ##

ACLOCAL='${SHELL} /home/vlc/vlcProject/vlc-2.2/contrib/native/sidplay-libs/libsidutils/unix/missing aclocal-1.15'
ACLOCAL_AMFLAGS='-I unix'
AMDEPBACKSLASH=''
AMDEP_FALSE=''
AMDEP_TRUE='#'
AMTAR='$${TAR-tar}'
AM_BACKSLASH='\'
AM_DEFAULT_V='$(AM_DEFAULT_VERBOSITY)'
AM_DEFAULT_VERBOSITY='1'
AM_V='$(V)'
AR='ar'
AS='as'
AUTOCONF='${SHELL} /home/vlc/vlcProject/vlc-2.2/contrib/native/sidplay-libs/libsidutils/unix/missing autoconf'
AUTOHEADER='${SHELL} /home/vlc/vlcProject/vlc-2.2/contrib/native/sidplay-libs/libsidutils/unix/missing autoheader'
AUTOMAKE='${SHELL} /home/vlc/vlcProject/vlc-2.2/contrib/native/sidplay-libs/libsidutils/unix/missing automake-1.15'
AWK='mawk'
CC='gcc'
CCDEPMODE='depmode=none'
CFLAGS=' -I/home/vlc/vlcProject/vlc-2.2/contrib/x86_64-linux-gnu/include -g'
CPP='gcc -E'
CPPFLAGS=' -I/home/vlc/vlcProject/vlc-2.2/contrib/x86_64-linux-gnu/include'
CXX='g++'
CXXCPP='g++ -E'
CXXDEPMODE='depmode=none'
CXXFLAGS=' -I/home/vlc/vlcProject/vlc-2.2/contrib/x86_64-linux-gnu/include -g -I$(top_srcdir)/include -I$(top_srcdir)/include/sidplay/utils $(LIBSIDPLAY2_CXXFLAGS)'
CYGPATH_W='echo'
DEFS='-DHAVE_CONFIG_H'
DEPDIR='.deps'
DLLTOOL='dlltool'
DSYMUTIL=''
DUMPBIN=''
ECHO_C=''
ECHO_N='-n'
ECHO_T=''
EGREP='/bin/grep -E'
EXEEXT=''
FGREP='/bin/grep -F'
GREP='/bin/grep'
INSTALL_DATA='${INSTALL} -m 644'
INSTALL_PROGRAM='${INSTALL}'
INSTALL_SCRIPT='${INSTALL}'
INSTALL_STRIP_PROGRAM='$(install_sh) -c -s'
LD='ld -m elf_x86_64'
LDFLAGS=' -L/home/vlc/vlcProject/vlc-2.2/contrib/x86_64-linux-gnu/lib'
LIBOBJS=''
LIBS=''
LIBSIDPLAY2_BUILDERS=''
LIBSIDPLAY2_CXXFLAGS='-I/home/vlc/vlcProject/vlc-2.2/contrib/native/sidplay-libs/libsidplay/include -DHAVE_UNIX'
LIBSIDPLAY2_LDFLAGS='/home/vlc/vlcProject/vlc-2.2/contrib/native/sidplay-libs/libsidplay/src/libsidplay2.la'
LIBTOOL='$(SHELL) $(top_builddir)/libtool'
LIBVERSION='0:4:0'
LIPO=''
LN_S='ln -s'
LTLIBOBJS=''
MAKEINFO='${SHELL} /home/vlc/vlcProject/vlc-2.2/contrib/native/sidplay-libs/libsidutils/unix/missing makeinfo'
MANIFEST_TOOL=':'
MKDIR_P='/bin/mkdir -p'
NM='/usr/bin/nm -B'
NMEDIT=''
OBJDUMP='objdump'
OBJEXT='o'
OTOOL64=''
OTOOL=''
PACKAGE='libsidutils'
PACKAGE_BUGREPORT=''
PACKAGE_NAME=''
PACKAGE_STRING=''
PACKAGE_TARNAME=''
PACKAGE_URL=''
PACKAGE_VERSION=''
PATH_SEPARATOR=':'
PKG_CONFIG=''
RANLIB='ranlib'
SED='/bin/sed'
SET_MAKE=''
SHELL='/bin/bash'
STRIP='strip'
VERSION='1.0.4'
ac_ct_AR=''
ac_ct_CC=''
ac_ct_CXX=''
ac_ct_DUMPBIN=''
am__EXEEXT_FALSE=''
am__EXEEXT_TRUE='#'
am__fastdepCC_FALSE=''
am__fastdepCC_TRUE='#'
am__fastdepCXX_FALSE=''
am__fastdepCXX_TRUE='#'
am__include='include'
am__isrc=''
am__leading_dot='.'
am__nodep=''
am__quote=''
am__tar='$${TAR-tar} chof - "$$tardir"'
am__untar='$${TAR-tar} xf -'
bindir='${exec_prefix}/bin'
build='x86_64-pc-linux-gnu'
build_alias='x86_64-linux-gnu'
build_cpu='x86_64'
build_os='linux-gnu'
build_vendor='pc'
datadir='${datarootdir}'
datarootdir='/home/vlc/vlcProject/vlc-2.2/contrib/x86_64-linux-gnu/share'
docdir='${datarootdir}/doc/${PACKAGE}'
dvidir='${docdir}'
exec_prefix='${prefix}'
host='x86_64-pc-linux-gnu'
host_alias='x86_64-linux-gnu'
host_cpu='x86_64'
host_os='linux-gnu'
host_vendor='pc'
htmldir='${docdir}'
includedir='/home/vlc/vlcProject/vlc-2.2/contrib/x86_64-linux-gnu/include'
infodir='${datarootdir}/info'
install_sh='${SHELL} /home/vlc/vlcProject/vlc-2.2/contrib/native/sidplay-libs/libsidutils/unix/install-sh'
libdir='/home/vlc/vlcProject/vlc-2.2/contrib/x86_64-linux-gnu/lib'
libexecdir='${exec_prefix}/libexec'
localedir='${datarootdir}/locale'
localstatedir='${prefix}/var'
mandir='${datarootdir}/man'
mkdir_p='$(MKDIR_P)'
oldincludedir='/usr/include'
pdfdir='${docdir}'
prefix='/home/vlc/vlcProject/vlc-2.2/contrib/x86_64-linux-gnu'
program_transform_name='s&^&&'
psdir='${docdir}'
sbindir='${exec_prefix}/sbin'
sharedstatedir='${prefix}/com'
sysconfdir='${prefix}/etc'
target_alias='x86_64-linux-gnu'

## ----------- ##
## confdefs.h. ##
## ----------- ##

/* confdefs.h */
#define PACKAGE_NAME ""
#define PACKAGE_TARNAME ""
#define PACKAGE_VERSION ""
#define PACKAGE_STRING ""
#define PACKAGE_BUGREPORT ""
#define PACKAGE_URL ""
#define PACKAGE "libsidutils"
#define VERSION "1.0.4"
#define STDC_HEADERS 1
#define HAVE_SYS_TYPES_H 1
#define HAVE_SYS_STAT_H 1
#define HAVE_STDLIB_H 1
#define HAVE_STRING_H 1
#define HAVE_MEMORY_H 1
#define HAVE_STRINGS_H 1
#define HAVE_INTTYPES_H 1
#define HAVE_STDINT_H 1
#define HAVE_UNISTD_H 1
#define HAVE_DLFCN_H 1
#define LT_OBJDIR ".libs/"

configure: exit 0
