This file contains any messages produced by compilers while
running configure, to aid debugging if configure makes a mistake.

It was created by libdvdcss configure 1.4.0, which was
generated by GNU Autoconf 2.69.  Invocation command line was

  $ ./configure --disable-doc --prefix=/home/vlc/vlcProject/vlc-2.2/contrib/x86_64-linux-gnu --datarootdir=/home/vlc/vlcProject/vlc-2.2/contrib/x86_64-linux-gnu/share --includedir=/home/vlc/vlcProject/vlc-2.2/contrib/x86_64-linux-gnu/include --libdir=/home/vlc/vlcProject/vlc-2.2/contrib/x86_64-linux-gnu/lib --build=x86_64-linux-gnu --host=x86_64-linux-gnu --target=x86_64-linux-gnu --program-prefix= --enable-static --disable-shared --disable-dependency-tracking --with-pic

## --------- ##
## Platform. ##
## --------- ##

hostname = VLC-ubuntu15-ssd
uname -m = x86_64
uname -r = 4.2.0-27-generic
uname -s = Linux
uname -v = #32-Ubuntu SMP Fri Jan 22 04:49:08 UTC 2016

/usr/bin/uname -p = unknown
/bin/uname -X     = unknown

/bin/arch              = unknown
/usr/bin/arch -k       = unknown
/usr/convex/getsysinfo = unknown
/usr/bin/hostinfo      = unknown
/bin/machine           = unknown
/usr/bin/oslevel       = unknown
/bin/universe          = unknown

PATH: /home/vlc/vlcProject/vlc-2.2/contrib/x86_64-linux-gnu/bin
PATH: /home/vlc/vlcProject/vlc-2.2/extras/tools/build/bin
PATH: /usr/local/sbin
PATH: /usr/local/bin
PATH: /usr/sbin
PATH: /usr/bin
PATH: /sbin
PATH: /bin
PATH: /usr/games
PATH: /usr/local/games


## ----------- ##
## Core tests. ##
## ----------- ##

configure:2361: checking build system type
configure:2375: result: x86_64-pc-linux-gnu
configure:2395: checking host system type
configure:2408: result: x86_64-pc-linux-gnu
configure:2445: checking for a BSD-compatible install
configure:2513: result: /usr/bin/install -c
configure:2524: checking whether build environment is sane
configure:2579: result: yes
configure:2730: checking for a thread-safe mkdir -p
configure:2769: result: /bin/mkdir -p
configure:2776: checking for gawk
configure:2806: result: no
configure:2776: checking for mawk
configure:2792: found /usr/bin/mawk
configure:2803: result: mawk
configure:2814: checking whether make sets $(MAKE)
configure:2836: result: yes
configure:2865: checking whether make supports nested variables
configure:2882: result: yes
configure:3009: checking whether to enable maintainer-specific portions of Makefiles
configure:3018: result: yes
configure:3042: checking whether make supports nested variables
configure:3059: result: yes
configure:3117: checking how to print strings
configure:3144: result: printf
configure:3177: checking for style of include used by make
configure:3205: result: GNU
configure:3236: checking for x86_64-linux-gnu-gcc
configure:3263: result: gcc
configure:3532: checking for C compiler version
configure:3541: gcc --version >&5
gcc (Ubuntu 5.2.1-22ubuntu2) 5.2.1 20151010
Copyright (C) 2015 Free Software Foundation, Inc.
This is free software; see the source for copying conditions.  There is NO
warranty; not even for MERCHANTABILITY or FITNESS FOR A PARTICULAR PURPOSE.

configure:3552: $? = 0
configure:3541: gcc -v >&5
Using built-in specs.
COLLECT_GCC=gcc
COLLECT_LTO_WRAPPER=/usr/lib/gcc/x86_64-linux-gnu/5/lto-wrapper
Target: x86_64-linux-gnu
Configured with: ../src/configure -v --with-pkgversion='Ubuntu 5.2.1-22ubuntu2' --with-bugurl=file:///usr/share/doc/gcc-5/README.Bugs --enable-languages=c,ada,c++,java,go,d,fortran,objc,obj-c++ --prefix=/usr --program-suffix=-5 --enable-shared --enable-linker-build-id --libexecdir=/usr/lib --without-included-gettext --enable-threads=posix --libdir=/usr/lib --enable-nls --with-sysroot=/ --enable-clocale=gnu --enable-libstdcxx-debug --enable-libstdcxx-time=yes --with-default-libstdcxx-abi=new --enable-gnu-unique-object --disable-vtable-verify --enable-libmpx --enable-plugin --with-system-zlib --disable-browser-plugin --enable-java-awt=gtk --enable-gtk-cairo --with-java-home=/usr/lib/jvm/java-1.5.0-gcj-5-amd64/jre --enable-java-home --with-jvm-root-dir=/usr/lib/jvm/java-1.5.0-gcj-5-amd64 --with-jvm-jar-dir=/usr/lib/jvm-exports/java-1.5.0-gcj-5-amd64 --with-arch-directory=amd64 --with-ecj-jar=/usr/share/java/eclipse-ecj.jar --enable-objc-gc --enable-multiarch --disable-werror --with-arch-32=i686 --with-abi=m64 --with-multilib-list=m32,m64,mx32 --enable-multilib --with-tune=generic --enable-checking=release --build=x86_64-linux-gnu --host=x86_64-linux-gnu --target=x86_64-linux-gnu
Thread model: posix
gcc version 5.2.1 20151010 (Ubuntu 5.2.1-22ubuntu2) 
configure:3552: $? = 0
configure:3541: gcc -V >&5
gcc: error: unrecognized command line option '-V'
gcc: fatal error: no input files
compilation terminated.
configure:3552: $? = 1
configure:3541: gcc -qversion >&5
gcc: error: unrecognized command line option '-qversion'
gcc: fatal error: no input files
compilation terminated.
configure:3552: $? = 1
configure:3572: checking whether the C compiler works
configure:3594: gcc  -I/home/vlc/vlcProject/vlc-2.2/contrib/x86_64-linux-gnu/include -g  -I/home/vlc/vlcProject/vlc-2.2/contrib/x86_64-linux-gnu/include  -L/home/vlc/vlcProject/vlc-2.2/contrib/x86_64-linux-gnu/lib conftest.c  >&5
configure:3598: $? = 0
configure:3646: result: yes
configure:3649: checking for C compiler default output file name
configure:3651: result: a.out
configure:3657: checking for suffix of executables
configure:3664: gcc -o conftest  -I/home/vlc/vlcProject/vlc-2.2/contrib/x86_64-linux-gnu/include -g  -I/home/vlc/vlcProject/vlc-2.2/contrib/x86_64-linux-gnu/include  -L/home/vlc/vlcProject/vlc-2.2/contrib/x86_64-linux-gnu/lib conftest.c  >&5
configure:3668: $? = 0
configure:3690: result: 
configure:3712: checking whether we are cross compiling
configure:3720: gcc -o conftest  -I/home/vlc/vlcProject/vlc-2.2/contrib/x86_64-linux-gnu/include -g  -I/home/vlc/vlcProject/vlc-2.2/contrib/x86_64-linux-gnu/include  -L/home/vlc/vlcProject/vlc-2.2/contrib/x86_64-linux-gnu/lib conftest.c  >&5
configure:3724: $? = 0
configure:3731: ./conftest
configure:3735: $? = 0
configure:3750: result: no
configure:3755: checking for suffix of object files
configure:3777: gcc -c  -I/home/vlc/vlcProject/vlc-2.2/contrib/x86_64-linux-gnu/include -g  -I/home/vlc/vlcProject/vlc-2.2/contrib/x86_64-linux-gnu/include conftest.c >&5
configure:3781: $? = 0
configure:3802: result: o
configure:3806: checking whether we are using the GNU C compiler
configure:3825: gcc -c  -I/home/vlc/vlcProject/vlc-2.2/contrib/x86_64-linux-gnu/include -g  -I/home/vlc/vlcProject/vlc-2.2/contrib/x86_64-linux-gnu/include conftest.c >&5
configure:3825: $? = 0
configure:3834: result: yes
configure:3843: checking whether gcc accepts -g
configure:3863: gcc -c -g  -I/home/vlc/vlcProject/vlc-2.2/contrib/x86_64-linux-gnu/include conftest.c >&5
configure:3863: $? = 0
configure:3904: result: yes
configure:3921: checking for gcc option to accept ISO C89
configure:3984: gcc  -c  -I/home/vlc/vlcProject/vlc-2.2/contrib/x86_64-linux-gnu/include -g  -I/home/vlc/vlcProject/vlc-2.2/contrib/x86_64-linux-gnu/include conftest.c >&5
configure:3984: $? = 0
configure:3997: result: none needed
configure:4022: checking whether gcc understands -c and -o together
configure:4044: gcc -c conftest.c -o conftest2.o
configure:4047: $? = 0
configure:4044: gcc -c conftest.c -o conftest2.o
configure:4047: $? = 0
configure:4059: result: yes
configure:4078: checking dependency style of gcc
configure:4189: result: none
configure:4204: checking for a sed that does not truncate output
configure:4268: result: /bin/sed
configure:4286: checking for grep that handles long lines and -e
configure:4344: result: /bin/grep
configure:4349: checking for egrep
configure:4411: result: /bin/grep -E
configure:4416: checking for fgrep
configure:4478: result: /bin/grep -F
configure:4513: checking for ld used by gcc
configure:4580: result: ld
configure:4587: checking if the linker (ld) is GNU ld
configure:4602: result: yes
configure:4614: checking for BSD- or MS-compatible name lister (nm)
configure:4663: result: /usr/bin/nm -B
configure:4793: checking the name lister (/usr/bin/nm -B) interface
configure:4800: gcc -c  -I/home/vlc/vlcProject/vlc-2.2/contrib/x86_64-linux-gnu/include -g  -I/home/vlc/vlcProject/vlc-2.2/contrib/x86_64-linux-gnu/include conftest.c >&5
configure:4803: /usr/bin/nm -B "conftest.o"
configure:4806: output
0000000000000000 B some_variable
configure:4813: result: BSD nm
configure:4816: checking whether ln -s works
configure:4820: result: yes
configure:4828: checking the maximum length of command line arguments
configure:4959: result: 1572864
configure:4976: checking whether the shell understands some XSI constructs
configure:4986: result: yes
configure:4990: checking whether the shell understands "+="
configure:4996: result: yes
configure:5031: checking how to convert x86_64-pc-linux-gnu file names to x86_64-pc-linux-gnu format
configure:5071: result: func_convert_file_noop
configure:5078: checking how to convert x86_64-pc-linux-gnu file names to toolchain format
configure:5098: result: func_convert_file_noop
configure:5105: checking for ld option to reload object files
configure:5112: result: -r
configure:5146: checking for x86_64-linux-gnu-objdump
configure:5162: found /usr/bin/x86_64-linux-gnu-objdump
configure:5173: result: x86_64-linux-gnu-objdump
configure:5242: checking how to recognize dependent libraries
configure:5440: result: pass_all
configure:5485: checking for x86_64-linux-gnu-dlltool
configure:5515: result: no
configure:5525: checking for dlltool
configure:5555: result: no
configure:5582: checking how to associate runtime and link libraries
configure:5609: result: printf %s\n
configure:5626: checking for x86_64-linux-gnu-ar
configure:5653: result: ar
configure:5734: checking for archiver @FILE support
configure:5751: gcc -c  -I/home/vlc/vlcProject/vlc-2.2/contrib/x86_64-linux-gnu/include -g  -I/home/vlc/vlcProject/vlc-2.2/contrib/x86_64-linux-gnu/include conftest.c >&5
configure:5751: $? = 0
configure:5754: ar cru libconftest.a @conftest.lst >&5
ar: `u' modifier ignored since `D' is the default (see `U')
configure:5757: $? = 0
configure:5762: ar cru libconftest.a @conftest.lst >&5
ar: `u' modifier ignored since `D' is the default (see `U')
ar: conftest.o: No such file or directory
configure:5765: $? = 1
configure:5777: result: @
configure:5795: checking for x86_64-linux-gnu-strip
configure:5822: result: strip
configure:5894: checking for x86_64-linux-gnu-ranlib
configure:5921: result: ranlib
configure:6063: checking command to parse /usr/bin/nm -B output from gcc object
configure:6183: gcc -c  -I/home/vlc/vlcProject/vlc-2.2/contrib/x86_64-linux-gnu/include -g  -I/home/vlc/vlcProject/vlc-2.2/contrib/x86_64-linux-gnu/include conftest.c >&5
configure:6186: $? = 0
configure:6190: /usr/bin/nm -B conftest.o \| sed -n -e 's/^.*[ ]\([ABCDGIRSTW][ABCDGIRSTW]*\)[ ][ ]*\([_A-Za-z][_A-Za-z0-9]*\)$/\1 \2 \2/p' | sed '/ __gnu_lto/d' \> conftest.nm
configure:6193: $? = 0
configure:6259: gcc -o conftest  -I/home/vlc/vlcProject/vlc-2.2/contrib/x86_64-linux-gnu/include -g  -I/home/vlc/vlcProject/vlc-2.2/contrib/x86_64-linux-gnu/include  -L/home/vlc/vlcProject/vlc-2.2/contrib/x86_64-linux-gnu/lib conftest.c conftstm.o >&5
configure:6262: $? = 0
configure:6300: result: ok
configure:6337: checking for sysroot
configure:6367: result: no
configure:6444: gcc -c  -I/home/vlc/vlcProject/vlc-2.2/contrib/x86_64-linux-gnu/include -g  -I/home/vlc/vlcProject/vlc-2.2/contrib/x86_64-linux-gnu/include conftest.c >&5
configure:6447: $? = 0
configure:6596: checking for x86_64-linux-gnu-mt
configure:6626: result: no
configure:6636: checking for mt
configure:6652: found /bin/mt
configure:6663: result: mt
configure:6686: checking if mt is a manifest tool
configure:6692: mt '-?'
configure:6700: result: no
configure:7342: checking how to run the C preprocessor
configure:7373: gcc -E  -I/home/vlc/vlcProject/vlc-2.2/contrib/x86_64-linux-gnu/include conftest.c
configure:7373: $? = 0
configure:7387: gcc -E  -I/home/vlc/vlcProject/vlc-2.2/contrib/x86_64-linux-gnu/include conftest.c
conftest.c:11:28: fatal error: ac_nonexistent.h: No such file or directory
compilation terminated.
configure:7387: $? = 1
configure: failed program was:
| /* confdefs.h */
| #define PACKAGE_NAME "libdvdcss"
| #define PACKAGE_TARNAME "libdvdcss"
| #define PACKAGE_VERSION "1.4.0"
| #define PACKAGE_STRING "libdvdcss 1.4.0"
| #define PACKAGE_BUGREPORT ""
| #define PACKAGE_URL "https://www.videolan.org/developers/libdvdcss.html"
| #define PACKAGE "libdvdcss"
| #define VERSION "1.4.0"
| /* end confdefs.h.  */
| #include <ac_nonexistent.h>
configure:7412: result: gcc -E
configure:7432: gcc -E  -I/home/vlc/vlcProject/vlc-2.2/contrib/x86_64-linux-gnu/include conftest.c
configure:7432: $? = 0
configure:7446: gcc -E  -I/home/vlc/vlcProject/vlc-2.2/contrib/x86_64-linux-gnu/include conftest.c
conftest.c:11:28: fatal error: ac_nonexistent.h: No such file or directory
compilation terminated.
configure:7446: $? = 1
configure: failed program was:
| /* confdefs.h */
| #define PACKAGE_NAME "libdvdcss"
| #define PACKAGE_TARNAME "libdvdcss"
| #define PACKAGE_VERSION "1.4.0"
| #define PACKAGE_STRING "libdvdcss 1.4.0"
| #define PACKAGE_BUGREPORT ""
| #define PACKAGE_URL "https://www.videolan.org/developers/libdvdcss.html"
| #define PACKAGE "libdvdcss"
| #define VERSION "1.4.0"
| /* end confdefs.h.  */
| #include <ac_nonexistent.h>
configure:7475: checking for ANSI C header files
configure:7495: gcc -c  -I/home/vlc/vlcProject/vlc-2.2/contrib/x86_64-linux-gnu/include -g  -I/home/vlc/vlcProject/vlc-2.2/contrib/x86_64-linux-gnu/include conftest.c >&5
configure:7495: $? = 0
configure:7568: gcc -o conftest  -I/home/vlc/vlcProject/vlc-2.2/contrib/x86_64-linux-gnu/include -g  -I/home/vlc/vlcProject/vlc-2.2/contrib/x86_64-linux-gnu/include  -L/home/vlc/vlcProject/vlc-2.2/contrib/x86_64-linux-gnu/lib conftest.c  >&5
configure:7568: $? = 0
configure:7568: ./conftest
configure:7568: $? = 0
configure:7579: result: yes
configure:7592: checking for sys/types.h
configure:7592: gcc -c  -I/home/vlc/vlcProject/vlc-2.2/contrib/x86_64-linux-gnu/include -g  -I/home/vlc/vlcProject/vlc-2.2/contrib/x86_64-linux-gnu/include conftest.c >&5
configure:7592: $? = 0
configure:7592: result: yes
configure:7592: checking for sys/stat.h
configure:7592: gcc -c  -I/home/vlc/vlcProject/vlc-2.2/contrib/x86_64-linux-gnu/include -g  -I/home/vlc/vlcProject/vlc-2.2/contrib/x86_64-linux-gnu/include conftest.c >&5
configure:7592: $? = 0
configure:7592: result: yes
configure:7592: checking for stdlib.h
configure:7592: gcc -c  -I/home/vlc/vlcProject/vlc-2.2/contrib/x86_64-linux-gnu/include -g  -I/home/vlc/vlcProject/vlc-2.2/contrib/x86_64-linux-gnu/include conftest.c >&5
configure:7592: $? = 0
configure:7592: result: yes
configure:7592: checking for string.h
configure:7592: gcc -c  -I/home/vlc/vlcProject/vlc-2.2/contrib/x86_64-linux-gnu/include -g  -I/home/vlc/vlcProject/vlc-2.2/contrib/x86_64-linux-gnu/include conftest.c >&5
configure:7592: $? = 0
configure:7592: result: yes
configure:7592: checking for memory.h
configure:7592: gcc -c  -I/home/vlc/vlcProject/vlc-2.2/contrib/x86_64-linux-gnu/include -g  -I/home/vlc/vlcProject/vlc-2.2/contrib/x86_64-linux-gnu/include conftest.c >&5
configure:7592: $? = 0
configure:7592: result: yes
configure:7592: checking for strings.h
configure:7592: gcc -c  -I/home/vlc/vlcProject/vlc-2.2/contrib/x86_64-linux-gnu/include -g  -I/home/vlc/vlcProject/vlc-2.2/contrib/x86_64-linux-gnu/include conftest.c >&5
configure:7592: $? = 0
configure:7592: result: yes
configure:7592: checking for inttypes.h
configure:7592: gcc -c  -I/home/vlc/vlcProject/vlc-2.2/contrib/x86_64-linux-gnu/include -g  -I/home/vlc/vlcProject/vlc-2.2/contrib/x86_64-linux-gnu/include conftest.c >&5
configure:7592: $? = 0
configure:7592: result: yes
configure:7592: checking for stdint.h
configure:7592: gcc -c  -I/home/vlc/vlcProject/vlc-2.2/contrib/x86_64-linux-gnu/include -g  -I/home/vlc/vlcProject/vlc-2.2/contrib/x86_64-linux-gnu/include conftest.c >&5
configure:7592: $? = 0
configure:7592: result: yes
configure:7592: checking for unistd.h
configure:7592: gcc -c  -I/home/vlc/vlcProject/vlc-2.2/contrib/x86_64-linux-gnu/include -g  -I/home/vlc/vlcProject/vlc-2.2/contrib/x86_64-linux-gnu/include conftest.c >&5
configure:7592: $? = 0
configure:7592: result: yes
configure:7606: checking for dlfcn.h
configure:7606: gcc -c  -I/home/vlc/vlcProject/vlc-2.2/contrib/x86_64-linux-gnu/include -g  -I/home/vlc/vlcProject/vlc-2.2/contrib/x86_64-linux-gnu/include conftest.c >&5
configure:7606: $? = 0
configure:7606: result: yes
configure:8110: checking for objdir
configure:8125: result: .libs
configure:8396: checking if gcc supports -fno-rtti -fno-exceptions
configure:8414: gcc -c  -I/home/vlc/vlcProject/vlc-2.2/contrib/x86_64-linux-gnu/include -g  -I/home/vlc/vlcProject/vlc-2.2/contrib/x86_64-linux-gnu/include -fno-rtti -fno-exceptions conftest.c >&5
cc1: warning: command line option '-fno-rtti' is valid for C++/ObjC++ but not for C
configure:8418: $? = 0
configure:8431: result: no
configure:8758: checking for gcc option to produce PIC
configure:8765: result: -fPIC -DPIC
configure:8773: checking if gcc PIC flag -fPIC -DPIC works
configure:8791: gcc -c  -I/home/vlc/vlcProject/vlc-2.2/contrib/x86_64-linux-gnu/include -g  -I/home/vlc/vlcProject/vlc-2.2/contrib/x86_64-linux-gnu/include -fPIC -DPIC -DPIC conftest.c >&5
configure:8795: $? = 0
configure:8808: result: yes
configure:8837: checking if gcc static flag -static works
configure:8865: result: yes
configure:8880: checking if gcc supports -c -o file.o
configure:8901: gcc -c  -I/home/vlc/vlcProject/vlc-2.2/contrib/x86_64-linux-gnu/include -g  -I/home/vlc/vlcProject/vlc-2.2/contrib/x86_64-linux-gnu/include -o out/conftest2.o conftest.c >&5
configure:8905: $? = 0
configure:8927: result: yes
configure:8935: checking if gcc supports -c -o file.o
configure:8982: result: yes
configure:9015: checking whether the gcc linker (ld -m elf_x86_64) supports shared libraries
configure:10172: result: yes
configure:10412: checking dynamic linker characteristics
configure:10912: gcc -o conftest  -I/home/vlc/vlcProject/vlc-2.2/contrib/x86_64-linux-gnu/include -g  -I/home/vlc/vlcProject/vlc-2.2/contrib/x86_64-linux-gnu/include  -L/home/vlc/vlcProject/vlc-2.2/contrib/x86_64-linux-gnu/lib -Wl,-rpath -Wl,/foo conftest.c  >&5
configure:10912: $? = 0
configure:11146: result: GNU/Linux ld.so
configure:11253: checking how to hardcode library paths into programs
configure:11278: result: immediate
configure:11818: checking whether stripping libraries is possible
configure:11823: result: yes
configure:11858: checking if libtool supports shared libraries
configure:11860: result: yes
configure:11863: checking whether to build shared libraries
configure:11884: result: no
configure:11887: checking whether to build static libraries
configure:11891: result: yes
configure:11949: checking for x86_64-linux-gnu-gcc
configure:11976: result: gcc
configure:12245: checking for C compiler version
configure:12254: gcc --version >&5
gcc (Ubuntu 5.2.1-22ubuntu2) 5.2.1 20151010
Copyright (C) 2015 Free Software Foundation, Inc.
This is free software; see the source for copying conditions.  There is NO
warranty; not even for MERCHANTABILITY or FITNESS FOR A PARTICULAR PURPOSE.

configure:12265: $? = 0
configure:12254: gcc -v >&5
Using built-in specs.
COLLECT_GCC=gcc
COLLECT_LTO_WRAPPER=/usr/lib/gcc/x86_64-linux-gnu/5/lto-wrapper
Target: x86_64-linux-gnu
Configured with: ../src/configure -v --with-pkgversion='Ubuntu 5.2.1-22ubuntu2' --with-bugurl=file:///usr/share/doc/gcc-5/README.Bugs --enable-languages=c,ada,c++,java,go,d,fortran,objc,obj-c++ --prefix=/usr --program-suffix=-5 --enable-shared --enable-linker-build-id --libexecdir=/usr/lib --without-included-gettext --enable-threads=posix --libdir=/usr/lib --enable-nls --with-sysroot=/ --enable-clocale=gnu --enable-libstdcxx-debug --enable-libstdcxx-time=yes --with-default-libstdcxx-abi=new --enable-gnu-unique-object --disable-vtable-verify --enable-libmpx --enable-plugin --with-system-zlib --disable-browser-plugin --enable-java-awt=gtk --enable-gtk-cairo --with-java-home=/usr/lib/jvm/java-1.5.0-gcj-5-amd64/jre --enable-java-home --with-jvm-root-dir=/usr/lib/jvm/java-1.5.0-gcj-5-amd64 --with-jvm-jar-dir=/usr/lib/jvm-exports/java-1.5.0-gcj-5-amd64 --with-arch-directory=amd64 --with-ecj-jar=/usr/share/java/eclipse-ecj.jar --enable-objc-gc --enable-multiarch --disable-werror --with-arch-32=i686 --with-abi=m64 --with-multilib-list=m32,m64,mx32 --enable-multilib --with-tune=generic --enable-checking=release --build=x86_64-linux-gnu --host=x86_64-linux-gnu --target=x86_64-linux-gnu
Thread model: posix
gcc version 5.2.1 20151010 (Ubuntu 5.2.1-22ubuntu2) 
configure:12265: $? = 0
configure:12254: gcc -V >&5
gcc: error: unrecognized command line option '-V'
gcc: fatal error: no input files
compilation terminated.
configure:12265: $? = 1
configure:12254: gcc -qversion >&5
gcc: error: unrecognized command line option '-qversion'
gcc: fatal error: no input files
compilation terminated.
configure:12265: $? = 1
configure:12269: checking whether we are using the GNU C compiler
configure:12297: result: yes
configure:12306: checking whether gcc accepts -g
configure:12367: result: yes
configure:12384: checking for gcc option to accept ISO C89
configure:12460: result: none needed
configure:12485: checking whether gcc understands -c and -o together
configure:12522: result: yes
configure:12541: checking dependency style of gcc
configure:12652: result: none
configure:12667: checking for ANSI C header files
configure:12771: result: yes
configure:12780: checking for an ANSI C-conforming const
configure:12846: gcc -c  -I/home/vlc/vlcProject/vlc-2.2/contrib/x86_64-linux-gnu/include -g  -I/home/vlc/vlcProject/vlc-2.2/contrib/x86_64-linux-gnu/include conftest.c >&5
configure:12846: $? = 0
configure:12853: result: yes
configure:12861: checking for inline
configure:12877: gcc -c  -I/home/vlc/vlcProject/vlc-2.2/contrib/x86_64-linux-gnu/include -g  -I/home/vlc/vlcProject/vlc-2.2/contrib/x86_64-linux-gnu/include conftest.c >&5
configure:12877: $? = 0
configure:12885: result: inline
configure:12903: checking for size_t
configure:12903: gcc -c  -I/home/vlc/vlcProject/vlc-2.2/contrib/x86_64-linux-gnu/include -g  -I/home/vlc/vlcProject/vlc-2.2/contrib/x86_64-linux-gnu/include conftest.c >&5
configure:12903: $? = 0
configure:12903: gcc -c  -I/home/vlc/vlcProject/vlc-2.2/contrib/x86_64-linux-gnu/include -g  -I/home/vlc/vlcProject/vlc-2.2/contrib/x86_64-linux-gnu/include conftest.c >&5
conftest.c: In function 'main':
conftest.c:60:21: error: expected expression before ')' token
 if (sizeof ((size_t)))
                     ^
configure:12903: $? = 1
configure: failed program was:
| /* confdefs.h */
| #define PACKAGE_NAME "libdvdcss"
| #define PACKAGE_TARNAME "libdvdcss"
| #define PACKAGE_VERSION "1.4.0"
| #define PACKAGE_STRING "libdvdcss 1.4.0"
| #define PACKAGE_BUGREPORT ""
| #define PACKAGE_URL "https://www.videolan.org/developers/libdvdcss.html"
| #define PACKAGE "libdvdcss"
| #define VERSION "1.4.0"
| #define STDC_HEADERS 1
| #define HAVE_SYS_TYPES_H 1
| #define HAVE_SYS_STAT_H 1
| #define HAVE_STDLIB_H 1
| #define HAVE_STRING_H 1
| #define HAVE_MEMORY_H 1
| #define HAVE_STRINGS_H 1
| #define HAVE_INTTYPES_H 1
| #define HAVE_STDINT_H 1
| #define HAVE_UNISTD_H 1
| #define HAVE_DLFCN_H 1
| #define LT_OBJDIR ".libs/"
| #define STDC_HEADERS 1
| /* end confdefs.h.  */
| #include <stdio.h>
| #ifdef HAVE_SYS_TYPES_H
| # include <sys/types.h>
| #endif
| #ifdef HAVE_SYS_STAT_H
| # include <sys/stat.h>
| #endif
| #ifdef STDC_HEADERS
| # include <stdlib.h>
| # include <stddef.h>
| #else
| # ifdef HAVE_STDLIB_H
| #  include <stdlib.h>
| # endif
| #endif
| #ifdef HAVE_STRING_H
| # if !defined STDC_HEADERS && defined HAVE_MEMORY_H
| #  include <memory.h>
| # endif
| # include <string.h>
| #endif
| #ifdef HAVE_STRINGS_H
| # include <strings.h>
| #endif
| #ifdef HAVE_INTTYPES_H
| # include <inttypes.h>
| #endif
| #ifdef HAVE_STDINT_H
| # include <stdint.h>
| #endif
| #ifdef HAVE_UNISTD_H
| # include <unistd.h>
| #endif
| int
| main ()
| {
| if (sizeof ((size_t)))
| 	    return 0;
|   ;
|   return 0;
| }
configure:12903: result: yes
configure:12918: checking for unistd.h
configure:12918: result: yes
configure:12918: checking sys/param.h usability
configure:12918: gcc -c  -I/home/vlc/vlcProject/vlc-2.2/contrib/x86_64-linux-gnu/include -g  -I/home/vlc/vlcProject/vlc-2.2/contrib/x86_64-linux-gnu/include conftest.c >&5
configure:12918: $? = 0
configure:12918: result: yes
configure:12918: checking sys/param.h presence
configure:12918: gcc -E  -I/home/vlc/vlcProject/vlc-2.2/contrib/x86_64-linux-gnu/include conftest.c
configure:12918: $? = 0
configure:12918: result: yes
configure:12918: checking for sys/param.h
configure:12918: result: yes
configure:12918: checking sys/uio.h usability
configure:12918: gcc -c  -I/home/vlc/vlcProject/vlc-2.2/contrib/x86_64-linux-gnu/include -g  -I/home/vlc/vlcProject/vlc-2.2/contrib/x86_64-linux-gnu/include conftest.c >&5
configure:12918: $? = 0
configure:12918: result: yes
configure:12918: checking sys/uio.h presence
configure:12918: gcc -E  -I/home/vlc/vlcProject/vlc-2.2/contrib/x86_64-linux-gnu/include conftest.c
configure:12918: $? = 0
configure:12918: result: yes
configure:12918: checking for sys/uio.h
configure:12918: result: yes
configure:12918: checking pwd.h usability
configure:12918: gcc -c  -I/home/vlc/vlcProject/vlc-2.2/contrib/x86_64-linux-gnu/include -g  -I/home/vlc/vlcProject/vlc-2.2/contrib/x86_64-linux-gnu/include conftest.c >&5
configure:12918: $? = 0
configure:12918: result: yes
configure:12918: checking pwd.h presence
configure:12918: gcc -E  -I/home/vlc/vlcProject/vlc-2.2/contrib/x86_64-linux-gnu/include conftest.c
configure:12918: $? = 0
configure:12918: result: yes
configure:12918: checking for pwd.h
configure:12918: result: yes
configure:12918: checking errno.h usability
configure:12918: gcc -c  -I/home/vlc/vlcProject/vlc-2.2/contrib/x86_64-linux-gnu/include -g  -I/home/vlc/vlcProject/vlc-2.2/contrib/x86_64-linux-gnu/include conftest.c >&5
configure:12918: $? = 0
configure:12918: result: yes
configure:12918: checking errno.h presence
configure:12918: gcc -E  -I/home/vlc/vlcProject/vlc-2.2/contrib/x86_64-linux-gnu/include conftest.c
configure:12918: $? = 0
configure:12918: result: yes
configure:12918: checking for errno.h
configure:12918: result: yes
configure:12918: checking for sys/types.h
configure:12918: result: yes
configure:12918: checking for sys/stat.h
configure:12918: result: yes
configure:12918: checking fcntl.h usability
configure:12918: gcc -c  -I/home/vlc/vlcProject/vlc-2.2/contrib/x86_64-linux-gnu/include -g  -I/home/vlc/vlcProject/vlc-2.2/contrib/x86_64-linux-gnu/include conftest.c >&5
configure:12918: $? = 0
configure:12918: result: yes
configure:12918: checking fcntl.h presence
configure:12918: gcc -E  -I/home/vlc/vlcProject/vlc-2.2/contrib/x86_64-linux-gnu/include conftest.c
configure:12918: $? = 0
configure:12918: result: yes
configure:12918: checking for fcntl.h
configure:12918: result: yes
configure:12918: checking io.h usability
configure:12918: gcc -c  -I/home/vlc/vlcProject/vlc-2.2/contrib/x86_64-linux-gnu/include -g  -I/home/vlc/vlcProject/vlc-2.2/contrib/x86_64-linux-gnu/include conftest.c >&5
conftest.c:65:16: fatal error: io.h: No such file or directory
compilation terminated.
configure:12918: $? = 1
configure: failed program was:
| /* confdefs.h */
| #define PACKAGE_NAME "libdvdcss"
| #define PACKAGE_TARNAME "libdvdcss"
| #define PACKAGE_VERSION "1.4.0"
| #define PACKAGE_STRING "libdvdcss 1.4.0"
| #define PACKAGE_BUGREPORT ""
| #define PACKAGE_URL "https://www.videolan.org/developers/libdvdcss.html"
| #define PACKAGE "libdvdcss"
| #define VERSION "1.4.0"
| #define STDC_HEADERS 1
| #define HAVE_SYS_TYPES_H 1
| #define HAVE_SYS_STAT_H 1
| #define HAVE_STDLIB_H 1
| #define HAVE_STRING_H 1
| #define HAVE_MEMORY_H 1
| #define HAVE_STRINGS_H 1
| #define HAVE_INTTYPES_H 1
| #define HAVE_STDINT_H 1
| #define HAVE_UNISTD_H 1
| #define HAVE_DLFCN_H 1
| #define LT_OBJDIR ".libs/"
| #define STDC_HEADERS 1
| #define HAVE_UNISTD_H 1
| #define HAVE_SYS_PARAM_H 1
| #define HAVE_SYS_UIO_H 1
| #define HAVE_PWD_H 1
| #define HAVE_ERRNO_H 1
| #define HAVE_SYS_TYPES_H 1
| #define HAVE_SYS_STAT_H 1
| #define HAVE_FCNTL_H 1
| /* end confdefs.h.  */
| #include <stdio.h>
| #ifdef HAVE_SYS_TYPES_H
| # include <sys/types.h>
| #endif
| #ifdef HAVE_SYS_STAT_H
| # include <sys/stat.h>
| #endif
| #ifdef STDC_HEADERS
| # include <stdlib.h>
| # include <stddef.h>
| #else
| # ifdef HAVE_STDLIB_H
| #  include <stdlib.h>
| # endif
| #endif
| #ifdef HAVE_STRING_H
| # if !defined STDC_HEADERS && defined HAVE_MEMORY_H
| #  include <memory.h>
| # endif
| # include <string.h>
| #endif
| #ifdef HAVE_STRINGS_H
| # include <strings.h>
| #endif
| #ifdef HAVE_INTTYPES_H
| # include <inttypes.h>
| #endif
| #ifdef HAVE_STDINT_H
| # include <stdint.h>
| #endif
| #ifdef HAVE_UNISTD_H
| # include <unistd.h>
| #endif
| #include <io.h>
configure:12918: result: no
configure:12918: checking io.h presence
configure:12918: gcc -E  -I/home/vlc/vlcProject/vlc-2.2/contrib/x86_64-linux-gnu/include conftest.c
conftest.c:32:16: fatal error: io.h: No such file or directory
compilation terminated.
configure:12918: $? = 1
configure: failed program was:
| /* confdefs.h */
| #define PACKAGE_NAME "libdvdcss"
| #define PACKAGE_TARNAME "libdvdcss"
| #define PACKAGE_VERSION "1.4.0"
| #define PACKAGE_STRING "libdvdcss 1.4.0"
| #define PACKAGE_BUGREPORT ""
| #define PACKAGE_URL "https://www.videolan.org/developers/libdvdcss.html"
| #define PACKAGE "libdvdcss"
| #define VERSION "1.4.0"
| #define STDC_HEADERS 1
| #define HAVE_SYS_TYPES_H 1
| #define HAVE_SYS_STAT_H 1
| #define HAVE_STDLIB_H 1
| #define HAVE_STRING_H 1
| #define HAVE_MEMORY_H 1
| #define HAVE_STRINGS_H 1
| #define HAVE_INTTYPES_H 1
| #define HAVE_STDINT_H 1
| #define HAVE_UNISTD_H 1
| #define HAVE_DLFCN_H 1
| #define LT_OBJDIR ".libs/"
| #define STDC_HEADERS 1
| #define HAVE_UNISTD_H 1
| #define HAVE_SYS_PARAM_H 1
| #define HAVE_SYS_UIO_H 1
| #define HAVE_PWD_H 1
| #define HAVE_ERRNO_H 1
| #define HAVE_SYS_TYPES_H 1
| #define HAVE_SYS_STAT_H 1
| #define HAVE_FCNTL_H 1
| /* end confdefs.h.  */
| #include <io.h>
configure:12918: result: no
configure:12918: checking for io.h
configure:12918: result: no
configure:12929: checking whether O_BINARY is declared
configure:12929: gcc -c  -I/home/vlc/vlcProject/vlc-2.2/contrib/x86_64-linux-gnu/include -g  -I/home/vlc/vlcProject/vlc-2.2/contrib/x86_64-linux-gnu/include conftest.c >&5
conftest.c: In function 'main':
conftest.c:51:10: error: 'O_BINARY' undeclared (first use in this function)
   (void) O_BINARY;
          ^
conftest.c:51:10: note: each undeclared identifier is reported only once for each function it appears in
configure:12929: $? = 1
configure: failed program was:
| /* confdefs.h */
| #define PACKAGE_NAME "libdvdcss"
| #define PACKAGE_TARNAME "libdvdcss"
| #define PACKAGE_VERSION "1.4.0"
| #define PACKAGE_STRING "libdvdcss 1.4.0"
| #define PACKAGE_BUGREPORT ""
| #define PACKAGE_URL "https://www.videolan.org/developers/libdvdcss.html"
| #define PACKAGE "libdvdcss"
| #define VERSION "1.4.0"
| #define STDC_HEADERS 1
| #define HAVE_SYS_TYPES_H 1
| #define HAVE_SYS_STAT_H 1
| #define HAVE_STDLIB_H 1
| #define HAVE_STRING_H 1
| #define HAVE_MEMORY_H 1
| #define HAVE_STRINGS_H 1
| #define HAVE_INTTYPES_H 1
| #define HAVE_STDINT_H 1
| #define HAVE_UNISTD_H 1
| #define HAVE_DLFCN_H 1
| #define LT_OBJDIR ".libs/"
| #define STDC_HEADERS 1
| #define HAVE_UNISTD_H 1
| #define HAVE_SYS_PARAM_H 1
| #define HAVE_SYS_UIO_H 1
| #define HAVE_PWD_H 1
| #define HAVE_ERRNO_H 1
| #define HAVE_SYS_TYPES_H 1
| #define HAVE_SYS_STAT_H 1
| #define HAVE_FCNTL_H 1
| /* end confdefs.h.  */
| 
|     #if HAVE_SYS_TYPES_H
|     # include <sys/types.h>
|     #endif
|     #if HAVE_SYS_STAT_H
|     # include <sys/stat.h>
|     #endif
|     #if HAVE_FCNTL_H
|     # include <fcntl.h>
|     #endif
| 
| 
| int
| main ()
| {
| #ifndef O_BINARY
| #ifdef __cplusplus
|   (void) O_BINARY;
| #else
|   (void) O_BINARY;
| #endif
| #endif
| 
|   ;
|   return 0;
| }
configure:12929: result: no
configure:12957: checking for special C compiler options needed for large files
configure:13002: result: no
configure:13008: checking for _FILE_OFFSET_BITS value needed for large files
configure:13033: gcc -c  -I/home/vlc/vlcProject/vlc-2.2/contrib/x86_64-linux-gnu/include -g  -I/home/vlc/vlcProject/vlc-2.2/contrib/x86_64-linux-gnu/include conftest.c >&5
configure:13033: $? = 0
configure:13065: result: no
configure:13151: checking for posix mkdir()
configure:13174: gcc -c  -I/home/vlc/vlcProject/vlc-2.2/contrib/x86_64-linux-gnu/include -g  -I/home/vlc/vlcProject/vlc-2.2/contrib/x86_64-linux-gnu/include conftest.c >&5
configure:13174: $? = 0
configure:13182: result: yes
configure:13227: checking windows.h usability
configure:13227: gcc -c  -I/home/vlc/vlcProject/vlc-2.2/contrib/x86_64-linux-gnu/include -g  -I/home/vlc/vlcProject/vlc-2.2/contrib/x86_64-linux-gnu/include conftest.c >&5
conftest.c:66:21: fatal error: windows.h: No such file or directory
compilation terminated.
configure:13227: $? = 1
configure: failed program was:
| /* confdefs.h */
| #define PACKAGE_NAME "libdvdcss"
| #define PACKAGE_TARNAME "libdvdcss"
| #define PACKAGE_VERSION "1.4.0"
| #define PACKAGE_STRING "libdvdcss 1.4.0"
| #define PACKAGE_BUGREPORT ""
| #define PACKAGE_URL "https://www.videolan.org/developers/libdvdcss.html"
| #define PACKAGE "libdvdcss"
| #define VERSION "1.4.0"
| #define STDC_HEADERS 1
| #define HAVE_SYS_TYPES_H 1
| #define HAVE_SYS_STAT_H 1
| #define HAVE_STDLIB_H 1
| #define HAVE_STRING_H 1
| #define HAVE_MEMORY_H 1
| #define HAVE_STRINGS_H 1
| #define HAVE_INTTYPES_H 1
| #define HAVE_STDINT_H 1
| #define HAVE_UNISTD_H 1
| #define HAVE_DLFCN_H 1
| #define LT_OBJDIR ".libs/"
| #define STDC_HEADERS 1
| #define HAVE_UNISTD_H 1
| #define HAVE_SYS_PARAM_H 1
| #define HAVE_SYS_UIO_H 1
| #define HAVE_PWD_H 1
| #define HAVE_ERRNO_H 1
| #define HAVE_SYS_TYPES_H 1
| #define HAVE_SYS_STAT_H 1
| #define HAVE_FCNTL_H 1
| #define O_BINARY 0
| /* end confdefs.h.  */
| #include <stdio.h>
| #ifdef HAVE_SYS_TYPES_H
| # include <sys/types.h>
| #endif
| #ifdef HAVE_SYS_STAT_H
| # include <sys/stat.h>
| #endif
| #ifdef STDC_HEADERS
| # include <stdlib.h>
| # include <stddef.h>
| #else
| # ifdef HAVE_STDLIB_H
| #  include <stdlib.h>
| # endif
| #endif
| #ifdef HAVE_STRING_H
| # if !defined STDC_HEADERS && defined HAVE_MEMORY_H
| #  include <memory.h>
| # endif
| # include <string.h>
| #endif
| #ifdef HAVE_STRINGS_H
| # include <strings.h>
| #endif
| #ifdef HAVE_INTTYPES_H
| # include <inttypes.h>
| #endif
| #ifdef HAVE_STDINT_H
| # include <stdint.h>
| #endif
| #ifdef HAVE_UNISTD_H
| # include <unistd.h>
| #endif
| #include <windows.h>
configure:13227: result: no
configure:13227: checking windows.h presence
configure:13227: gcc -E  -I/home/vlc/vlcProject/vlc-2.2/contrib/x86_64-linux-gnu/include conftest.c
conftest.c:33:21: fatal error: windows.h: No such file or directory
compilation terminated.
configure:13227: $? = 1
configure: failed program was:
| /* confdefs.h */
| #define PACKAGE_NAME "libdvdcss"
| #define PACKAGE_TARNAME "libdvdcss"
| #define PACKAGE_VERSION "1.4.0"
| #define PACKAGE_STRING "libdvdcss 1.4.0"
| #define PACKAGE_BUGREPORT ""
| #define PACKAGE_URL "https://www.videolan.org/developers/libdvdcss.html"
| #define PACKAGE "libdvdcss"
| #define VERSION "1.4.0"
| #define STDC_HEADERS 1
| #define HAVE_SYS_TYPES_H 1
| #define HAVE_SYS_STAT_H 1
| #define HAVE_STDLIB_H 1
| #define HAVE_STRING_H 1
| #define HAVE_MEMORY_H 1
| #define HAVE_STRINGS_H 1
| #define HAVE_INTTYPES_H 1
| #define HAVE_STDINT_H 1
| #define HAVE_UNISTD_H 1
| #define HAVE_DLFCN_H 1
| #define LT_OBJDIR ".libs/"
| #define STDC_HEADERS 1
| #define HAVE_UNISTD_H 1
| #define HAVE_SYS_PARAM_H 1
| #define HAVE_SYS_UIO_H 1
| #define HAVE_PWD_H 1
| #define HAVE_ERRNO_H 1
| #define HAVE_SYS_TYPES_H 1
| #define HAVE_SYS_STAT_H 1
| #define HAVE_FCNTL_H 1
| #define O_BINARY 0
| /* end confdefs.h.  */
| #include <windows.h>
configure:13227: result: no
configure:13227: checking for windows.h
configure:13227: result: no
configure:13258: checking sys/ioctl.h usability
configure:13258: gcc -c  -I/home/vlc/vlcProject/vlc-2.2/contrib/x86_64-linux-gnu/include -g  -I/home/vlc/vlcProject/vlc-2.2/contrib/x86_64-linux-gnu/include conftest.c >&5
configure:13258: $? = 0
configure:13258: result: yes
configure:13258: checking sys/ioctl.h presence
configure:13258: gcc -E  -I/home/vlc/vlcProject/vlc-2.2/contrib/x86_64-linux-gnu/include conftest.c
configure:13258: $? = 0
configure:13258: result: yes
configure:13258: checking for sys/ioctl.h
configure:13258: result: yes
configure:13268: checking sys/cdio.h usability
configure:13268: gcc -c  -I/home/vlc/vlcProject/vlc-2.2/contrib/x86_64-linux-gnu/include -g  -I/home/vlc/vlcProject/vlc-2.2/contrib/x86_64-linux-gnu/include conftest.c >&5
conftest.c:67:22: fatal error: sys/cdio.h: No such file or directory
compilation terminated.
configure:13268: $? = 1
configure: failed program was:
| /* confdefs.h */
| #define PACKAGE_NAME "libdvdcss"
| #define PACKAGE_TARNAME "libdvdcss"
| #define PACKAGE_VERSION "1.4.0"
| #define PACKAGE_STRING "libdvdcss 1.4.0"
| #define PACKAGE_BUGREPORT ""
| #define PACKAGE_URL "https://www.videolan.org/developers/libdvdcss.html"
| #define PACKAGE "libdvdcss"
| #define VERSION "1.4.0"
| #define STDC_HEADERS 1
| #define HAVE_SYS_TYPES_H 1
| #define HAVE_SYS_STAT_H 1
| #define HAVE_STDLIB_H 1
| #define HAVE_STRING_H 1
| #define HAVE_MEMORY_H 1
| #define HAVE_STRINGS_H 1
| #define HAVE_INTTYPES_H 1
| #define HAVE_STDINT_H 1
| #define HAVE_UNISTD_H 1
| #define HAVE_DLFCN_H 1
| #define LT_OBJDIR ".libs/"
| #define STDC_HEADERS 1
| #define HAVE_UNISTD_H 1
| #define HAVE_SYS_PARAM_H 1
| #define HAVE_SYS_UIO_H 1
| #define HAVE_PWD_H 1
| #define HAVE_ERRNO_H 1
| #define HAVE_SYS_TYPES_H 1
| #define HAVE_SYS_STAT_H 1
| #define HAVE_FCNTL_H 1
| #define O_BINARY 0
| #define HAVE_SYS_IOCTL_H 1
| /* end confdefs.h.  */
| #include <stdio.h>
| #ifdef HAVE_SYS_TYPES_H
| # include <sys/types.h>
| #endif
| #ifdef HAVE_SYS_STAT_H
| # include <sys/stat.h>
| #endif
| #ifdef STDC_HEADERS
| # include <stdlib.h>
| # include <stddef.h>
| #else
| # ifdef HAVE_STDLIB_H
| #  include <stdlib.h>
| # endif
| #endif
| #ifdef HAVE_STRING_H
| # if !defined STDC_HEADERS && defined HAVE_MEMORY_H
| #  include <memory.h>
| # endif
| # include <string.h>
| #endif
| #ifdef HAVE_STRINGS_H
| # include <strings.h>
| #endif
| #ifdef HAVE_INTTYPES_H
| # include <inttypes.h>
| #endif
| #ifdef HAVE_STDINT_H
| # include <stdint.h>
| #endif
| #ifdef HAVE_UNISTD_H
| # include <unistd.h>
| #endif
| #include <sys/cdio.h>
configure:13268: result: no
configure:13268: checking sys/cdio.h presence
configure:13268: gcc -E  -I/home/vlc/vlcProject/vlc-2.2/contrib/x86_64-linux-gnu/include conftest.c
conftest.c:34:22: fatal error: sys/cdio.h: No such file or directory
compilation terminated.
configure:13268: $? = 1
configure: failed program was:
| /* confdefs.h */
| #define PACKAGE_NAME "libdvdcss"
| #define PACKAGE_TARNAME "libdvdcss"
| #define PACKAGE_VERSION "1.4.0"
| #define PACKAGE_STRING "libdvdcss 1.4.0"
| #define PACKAGE_BUGREPORT ""
| #define PACKAGE_URL "https://www.videolan.org/developers/libdvdcss.html"
| #define PACKAGE "libdvdcss"
| #define VERSION "1.4.0"
| #define STDC_HEADERS 1
| #define HAVE_SYS_TYPES_H 1
| #define HAVE_SYS_STAT_H 1
| #define HAVE_STDLIB_H 1
| #define HAVE_STRING_H 1
| #define HAVE_MEMORY_H 1
| #define HAVE_STRINGS_H 1
| #define HAVE_INTTYPES_H 1
| #define HAVE_STDINT_H 1
| #define HAVE_UNISTD_H 1
| #define HAVE_DLFCN_H 1
| #define LT_OBJDIR ".libs/"
| #define STDC_HEADERS 1
| #define HAVE_UNISTD_H 1
| #define HAVE_SYS_PARAM_H 1
| #define HAVE_SYS_UIO_H 1
| #define HAVE_PWD_H 1
| #define HAVE_ERRNO_H 1
| #define HAVE_SYS_TYPES_H 1
| #define HAVE_SYS_STAT_H 1
| #define HAVE_FCNTL_H 1
| #define O_BINARY 0
| #define HAVE_SYS_IOCTL_H 1
| /* end confdefs.h.  */
| #include <sys/cdio.h>
configure:13268: result: no
configure:13268: checking for sys/cdio.h
configure:13268: result: no
configure:13268: checking sys/dvdio.h usability
configure:13268: gcc -c  -I/home/vlc/vlcProject/vlc-2.2/contrib/x86_64-linux-gnu/include -g  -I/home/vlc/vlcProject/vlc-2.2/contrib/x86_64-linux-gnu/include conftest.c >&5
conftest.c:67:23: fatal error: sys/dvdio.h: No such file or directory
compilation terminated.
configure:13268: $? = 1
configure: failed program was:
| /* confdefs.h */
| #define PACKAGE_NAME "libdvdcss"
| #define PACKAGE_TARNAME "libdvdcss"
| #define PACKAGE_VERSION "1.4.0"
| #define PACKAGE_STRING "libdvdcss 1.4.0"
| #define PACKAGE_BUGREPORT ""
| #define PACKAGE_URL "https://www.videolan.org/developers/libdvdcss.html"
| #define PACKAGE "libdvdcss"
| #define VERSION "1.4.0"
| #define STDC_HEADERS 1
| #define HAVE_SYS_TYPES_H 1
| #define HAVE_SYS_STAT_H 1
| #define HAVE_STDLIB_H 1
| #define HAVE_STRING_H 1
| #define HAVE_MEMORY_H 1
| #define HAVE_STRINGS_H 1
| #define HAVE_INTTYPES_H 1
| #define HAVE_STDINT_H 1
| #define HAVE_UNISTD_H 1
| #define HAVE_DLFCN_H 1
| #define LT_OBJDIR ".libs/"
| #define STDC_HEADERS 1
| #define HAVE_UNISTD_H 1
| #define HAVE_SYS_PARAM_H 1
| #define HAVE_SYS_UIO_H 1
| #define HAVE_PWD_H 1
| #define HAVE_ERRNO_H 1
| #define HAVE_SYS_TYPES_H 1
| #define HAVE_SYS_STAT_H 1
| #define HAVE_FCNTL_H 1
| #define O_BINARY 0
| #define HAVE_SYS_IOCTL_H 1
| /* end confdefs.h.  */
| #include <stdio.h>
| #ifdef HAVE_SYS_TYPES_H
| # include <sys/types.h>
| #endif
| #ifdef HAVE_SYS_STAT_H
| # include <sys/stat.h>
| #endif
| #ifdef STDC_HEADERS
| # include <stdlib.h>
| # include <stddef.h>
| #else
| # ifdef HAVE_STDLIB_H
| #  include <stdlib.h>
| # endif
| #endif
| #ifdef HAVE_STRING_H
| # if !defined STDC_HEADERS && defined HAVE_MEMORY_H
| #  include <memory.h>
| # endif
| # include <string.h>
| #endif
| #ifdef HAVE_STRINGS_H
| # include <strings.h>
| #endif
| #ifdef HAVE_INTTYPES_H
| # include <inttypes.h>
| #endif
| #ifdef HAVE_STDINT_H
| # include <stdint.h>
| #endif
| #ifdef HAVE_UNISTD_H
| # include <unistd.h>
| #endif
| #include <sys/dvdio.h>
configure:13268: result: no
configure:13268: checking sys/dvdio.h presence
configure:13268: gcc -E  -I/home/vlc/vlcProject/vlc-2.2/contrib/x86_64-linux-gnu/include conftest.c
conftest.c:34:23: fatal error: sys/dvdio.h: No such file or directory
compilation terminated.
configure:13268: $? = 1
configure: failed program was:
| /* confdefs.h */
| #define PACKAGE_NAME "libdvdcss"
| #define PACKAGE_TARNAME "libdvdcss"
| #define PACKAGE_VERSION "1.4.0"
| #define PACKAGE_STRING "libdvdcss 1.4.0"
| #define PACKAGE_BUGREPORT ""
| #define PACKAGE_URL "https://www.videolan.org/developers/libdvdcss.html"
| #define PACKAGE "libdvdcss"
| #define VERSION "1.4.0"
| #define STDC_HEADERS 1
| #define HAVE_SYS_TYPES_H 1
| #define HAVE_SYS_STAT_H 1
| #define HAVE_STDLIB_H 1
| #define HAVE_STRING_H 1
| #define HAVE_MEMORY_H 1
| #define HAVE_STRINGS_H 1
| #define HAVE_INTTYPES_H 1
| #define HAVE_STDINT_H 1
| #define HAVE_UNISTD_H 1
| #define HAVE_DLFCN_H 1
| #define LT_OBJDIR ".libs/"
| #define STDC_HEADERS 1
| #define HAVE_UNISTD_H 1
| #define HAVE_SYS_PARAM_H 1
| #define HAVE_SYS_UIO_H 1
| #define HAVE_PWD_H 1
| #define HAVE_ERRNO_H 1
| #define HAVE_SYS_TYPES_H 1
| #define HAVE_SYS_STAT_H 1
| #define HAVE_FCNTL_H 1
| #define O_BINARY 0
| #define HAVE_SYS_IOCTL_H 1
| /* end confdefs.h.  */
| #include <sys/dvdio.h>
configure:13268: result: no
configure:13268: checking for sys/dvdio.h
configure:13268: result: no
configure:13268: checking linux/cdrom.h usability
configure:13268: gcc -c  -I/home/vlc/vlcProject/vlc-2.2/contrib/x86_64-linux-gnu/include -g  -I/home/vlc/vlcProject/vlc-2.2/contrib/x86_64-linux-gnu/include conftest.c >&5
configure:13268: $? = 0
configure:13268: result: yes
configure:13268: checking linux/cdrom.h presence
configure:13268: gcc -E  -I/home/vlc/vlcProject/vlc-2.2/contrib/x86_64-linux-gnu/include conftest.c
configure:13268: $? = 0
configure:13268: result: yes
configure:13268: checking for linux/cdrom.h
configure:13268: result: yes
configure:13268: checking dvd.h usability
configure:13268: gcc -c  -I/home/vlc/vlcProject/vlc-2.2/contrib/x86_64-linux-gnu/include -g  -I/home/vlc/vlcProject/vlc-2.2/contrib/x86_64-linux-gnu/include conftest.c >&5
conftest.c:68:17: fatal error: dvd.h: No such file or directory
compilation terminated.
configure:13268: $? = 1
configure: failed program was:
| /* confdefs.h */
| #define PACKAGE_NAME "libdvdcss"
| #define PACKAGE_TARNAME "libdvdcss"
| #define PACKAGE_VERSION "1.4.0"
| #define PACKAGE_STRING "libdvdcss 1.4.0"
| #define PACKAGE_BUGREPORT ""
| #define PACKAGE_URL "https://www.videolan.org/developers/libdvdcss.html"
| #define PACKAGE "libdvdcss"
| #define VERSION "1.4.0"
| #define STDC_HEADERS 1
| #define HAVE_SYS_TYPES_H 1
| #define HAVE_SYS_STAT_H 1
| #define HAVE_STDLIB_H 1
| #define HAVE_STRING_H 1
| #define HAVE_MEMORY_H 1
| #define HAVE_STRINGS_H 1
| #define HAVE_INTTYPES_H 1
| #define HAVE_STDINT_H 1
| #define HAVE_UNISTD_H 1
| #define HAVE_DLFCN_H 1
| #define LT_OBJDIR ".libs/"
| #define STDC_HEADERS 1
| #define HAVE_UNISTD_H 1
| #define HAVE_SYS_PARAM_H 1
| #define HAVE_SYS_UIO_H 1
| #define HAVE_PWD_H 1
| #define HAVE_ERRNO_H 1
| #define HAVE_SYS_TYPES_H 1
| #define HAVE_SYS_STAT_H 1
| #define HAVE_FCNTL_H 1
| #define O_BINARY 0
| #define HAVE_SYS_IOCTL_H 1
| #define HAVE_LINUX_CDROM_H 1
| /* end confdefs.h.  */
| #include <stdio.h>
| #ifdef HAVE_SYS_TYPES_H
| # include <sys/types.h>
| #endif
| #ifdef HAVE_SYS_STAT_H
| # include <sys/stat.h>
| #endif
| #ifdef STDC_HEADERS
| # include <stdlib.h>
| # include <stddef.h>
| #else
| # ifdef HAVE_STDLIB_H
| #  include <stdlib.h>
| # endif
| #endif
| #ifdef HAVE_STRING_H
| # if !defined STDC_HEADERS && defined HAVE_MEMORY_H
| #  include <memory.h>
| # endif
| # include <string.h>
| #endif
| #ifdef HAVE_STRINGS_H
| # include <strings.h>
| #endif
| #ifdef HAVE_INTTYPES_H
| # include <inttypes.h>
| #endif
| #ifdef HAVE_STDINT_H
| # include <stdint.h>
| #endif
| #ifdef HAVE_UNISTD_H
| # include <unistd.h>
| #endif
| #include <dvd.h>
configure:13268: result: no
configure:13268: checking dvd.h presence
configure:13268: gcc -E  -I/home/vlc/vlcProject/vlc-2.2/contrib/x86_64-linux-gnu/include conftest.c
conftest.c:35:17: fatal error: dvd.h: No such file or directory
compilation terminated.
configure:13268: $? = 1
configure: failed program was:
| /* confdefs.h */
| #define PACKAGE_NAME "libdvdcss"
| #define PACKAGE_TARNAME "libdvdcss"
| #define PACKAGE_VERSION "1.4.0"
| #define PACKAGE_STRING "libdvdcss 1.4.0"
| #define PACKAGE_BUGREPORT ""
| #define PACKAGE_URL "https://www.videolan.org/developers/libdvdcss.html"
| #define PACKAGE "libdvdcss"
| #define VERSION "1.4.0"
| #define STDC_HEADERS 1
| #define HAVE_SYS_TYPES_H 1
| #define HAVE_SYS_STAT_H 1
| #define HAVE_STDLIB_H 1
| #define HAVE_STRING_H 1
| #define HAVE_MEMORY_H 1
| #define HAVE_STRINGS_H 1
| #define HAVE_INTTYPES_H 1
| #define HAVE_STDINT_H 1
| #define HAVE_UNISTD_H 1
| #define HAVE_DLFCN_H 1
| #define LT_OBJDIR ".libs/"
| #define STDC_HEADERS 1
| #define HAVE_UNISTD_H 1
| #define HAVE_SYS_PARAM_H 1
| #define HAVE_SYS_UIO_H 1
| #define HAVE_PWD_H 1
| #define HAVE_ERRNO_H 1
| #define HAVE_SYS_TYPES_H 1
| #define HAVE_SYS_STAT_H 1
| #define HAVE_FCNTL_H 1
| #define O_BINARY 0
| #define HAVE_SYS_IOCTL_H 1
| #define HAVE_LINUX_CDROM_H 1
| /* end confdefs.h.  */
| #include <dvd.h>
configure:13268: result: no
configure:13268: checking for dvd.h
configure:13268: result: no
conftest.c:35:22: fatal error: sys/cdio.h: No such file or directory
compilation terminated.
conftest.c:35:23: fatal error: sys/dvdio.h: No such file or directory
compilation terminated.
configure:13359: checking sys/scsi/scsi_types.h usability
configure:13359: gcc -c  -I/home/vlc/vlcProject/vlc-2.2/contrib/x86_64-linux-gnu/include -g  -I/home/vlc/vlcProject/vlc-2.2/contrib/x86_64-linux-gnu/include conftest.c >&5
conftest.c:69:33: fatal error: sys/scsi/scsi_types.h: No such file or directory
compilation terminated.
configure:13359: $? = 1
configure: failed program was:
| /* confdefs.h */
| #define PACKAGE_NAME "libdvdcss"
| #define PACKAGE_TARNAME "libdvdcss"
| #define PACKAGE_VERSION "1.4.0"
| #define PACKAGE_STRING "libdvdcss 1.4.0"
| #define PACKAGE_BUGREPORT ""
| #define PACKAGE_URL "https://www.videolan.org/developers/libdvdcss.html"
| #define PACKAGE "libdvdcss"
| #define VERSION "1.4.0"
| #define STDC_HEADERS 1
| #define HAVE_SYS_TYPES_H 1
| #define HAVE_SYS_STAT_H 1
| #define HAVE_STDLIB_H 1
| #define HAVE_STRING_H 1
| #define HAVE_MEMORY_H 1
| #define HAVE_STRINGS_H 1
| #define HAVE_INTTYPES_H 1
| #define HAVE_STDINT_H 1
| #define HAVE_UNISTD_H 1
| #define HAVE_DLFCN_H 1
| #define LT_OBJDIR ".libs/"
| #define STDC_HEADERS 1
| #define HAVE_UNISTD_H 1
| #define HAVE_SYS_PARAM_H 1
| #define HAVE_SYS_UIO_H 1
| #define HAVE_PWD_H 1
| #define HAVE_ERRNO_H 1
| #define HAVE_SYS_TYPES_H 1
| #define HAVE_SYS_STAT_H 1
| #define HAVE_FCNTL_H 1
| #define O_BINARY 0
| #define HAVE_SYS_IOCTL_H 1
| #define HAVE_LINUX_CDROM_H 1
| #define DVD_STRUCT_IN_LINUX_CDROM_H 1
| /* end confdefs.h.  */
| #include <stdio.h>
| #ifdef HAVE_SYS_TYPES_H
| # include <sys/types.h>
| #endif
| #ifdef HAVE_SYS_STAT_H
| # include <sys/stat.h>
| #endif
| #ifdef STDC_HEADERS
| # include <stdlib.h>
| # include <stddef.h>
| #else
| # ifdef HAVE_STDLIB_H
| #  include <stdlib.h>
| # endif
| #endif
| #ifdef HAVE_STRING_H
| # if !defined STDC_HEADERS && defined HAVE_MEMORY_H
| #  include <memory.h>
| # endif
| # include <string.h>
| #endif
| #ifdef HAVE_STRINGS_H
| # include <strings.h>
| #endif
| #ifdef HAVE_INTTYPES_H
| # include <inttypes.h>
| #endif
| #ifdef HAVE_STDINT_H
| # include <stdint.h>
| #endif
| #ifdef HAVE_UNISTD_H
| # include <unistd.h>
| #endif
| #include <sys/scsi/scsi_types.h>
configure:13359: result: no
configure:13359: checking sys/scsi/scsi_types.h presence
configure:13359: gcc -E  -I/home/vlc/vlcProject/vlc-2.2/contrib/x86_64-linux-gnu/include conftest.c
conftest.c:36:33: fatal error: sys/scsi/scsi_types.h: No such file or directory
compilation terminated.
configure:13359: $? = 1
configure: failed program was:
| /* confdefs.h */
| #define PACKAGE_NAME "libdvdcss"
| #define PACKAGE_TARNAME "libdvdcss"
| #define PACKAGE_VERSION "1.4.0"
| #define PACKAGE_STRING "libdvdcss 1.4.0"
| #define PACKAGE_BUGREPORT ""
| #define PACKAGE_URL "https://www.videolan.org/developers/libdvdcss.html"
| #define PACKAGE "libdvdcss"
| #define VERSION "1.4.0"
| #define STDC_HEADERS 1
| #define HAVE_SYS_TYPES_H 1
| #define HAVE_SYS_STAT_H 1
| #define HAVE_STDLIB_H 1
| #define HAVE_STRING_H 1
| #define HAVE_MEMORY_H 1
| #define HAVE_STRINGS_H 1
| #define HAVE_INTTYPES_H 1
| #define HAVE_STDINT_H 1
| #define HAVE_UNISTD_H 1
| #define HAVE_DLFCN_H 1
| #define LT_OBJDIR ".libs/"
| #define STDC_HEADERS 1
| #define HAVE_UNISTD_H 1
| #define HAVE_SYS_PARAM_H 1
| #define HAVE_SYS_UIO_H 1
| #define HAVE_PWD_H 1
| #define HAVE_ERRNO_H 1
| #define HAVE_SYS_TYPES_H 1
| #define HAVE_SYS_STAT_H 1
| #define HAVE_FCNTL_H 1
| #define O_BINARY 0
| #define HAVE_SYS_IOCTL_H 1
| #define HAVE_LINUX_CDROM_H 1
| #define DVD_STRUCT_IN_LINUX_CDROM_H 1
| /* end confdefs.h.  */
| #include <sys/scsi/scsi_types.h>
configure:13359: result: no
configure:13359: checking for sys/scsi/scsi_types.h
configure:13359: result: no
configure:13378: checking IOKit/storage/IODVDMediaBSDClient.h usability
configure:13378: gcc -c  -I/home/vlc/vlcProject/vlc-2.2/contrib/x86_64-linux-gnu/include -g  -I/home/vlc/vlcProject/vlc-2.2/contrib/x86_64-linux-gnu/include conftest.c >&5
conftest.c:69:47: fatal error: IOKit/storage/IODVDMediaBSDClient.h: No such file or directory
compilation terminated.
configure:13378: $? = 1
configure: failed program was:
| /* confdefs.h */
| #define PACKAGE_NAME "libdvdcss"
| #define PACKAGE_TARNAME "libdvdcss"
| #define PACKAGE_VERSION "1.4.0"
| #define PACKAGE_STRING "libdvdcss 1.4.0"
| #define PACKAGE_BUGREPORT ""
| #define PACKAGE_URL "https://www.videolan.org/developers/libdvdcss.html"
| #define PACKAGE "libdvdcss"
| #define VERSION "1.4.0"
| #define STDC_HEADERS 1
| #define HAVE_SYS_TYPES_H 1
| #define HAVE_SYS_STAT_H 1
| #define HAVE_STDLIB_H 1
| #define HAVE_STRING_H 1
| #define HAVE_MEMORY_H 1
| #define HAVE_STRINGS_H 1
| #define HAVE_INTTYPES_H 1
| #define HAVE_STDINT_H 1
| #define HAVE_UNISTD_H 1
| #define HAVE_DLFCN_H 1
| #define LT_OBJDIR ".libs/"
| #define STDC_HEADERS 1
| #define HAVE_UNISTD_H 1
| #define HAVE_SYS_PARAM_H 1
| #define HAVE_SYS_UIO_H 1
| #define HAVE_PWD_H 1
| #define HAVE_ERRNO_H 1
| #define HAVE_SYS_TYPES_H 1
| #define HAVE_SYS_STAT_H 1
| #define HAVE_FCNTL_H 1
| #define O_BINARY 0
| #define HAVE_SYS_IOCTL_H 1
| #define HAVE_LINUX_CDROM_H 1
| #define DVD_STRUCT_IN_LINUX_CDROM_H 1
| /* end confdefs.h.  */
| #include <stdio.h>
| #ifdef HAVE_SYS_TYPES_H
| # include <sys/types.h>
| #endif
| #ifdef HAVE_SYS_STAT_H
| # include <sys/stat.h>
| #endif
| #ifdef STDC_HEADERS
| # include <stdlib.h>
| # include <stddef.h>
| #else
| # ifdef HAVE_STDLIB_H
| #  include <stdlib.h>
| # endif
| #endif
| #ifdef HAVE_STRING_H
| # if !defined STDC_HEADERS && defined HAVE_MEMORY_H
| #  include <memory.h>
| # endif
| # include <string.h>
| #endif
| #ifdef HAVE_STRINGS_H
| # include <strings.h>
| #endif
| #ifdef HAVE_INTTYPES_H
| # include <inttypes.h>
| #endif
| #ifdef HAVE_STDINT_H
| # include <stdint.h>
| #endif
| #ifdef HAVE_UNISTD_H
| # include <unistd.h>
| #endif
| #include <IOKit/storage/IODVDMediaBSDClient.h>
configure:13378: result: no
configure:13378: checking IOKit/storage/IODVDMediaBSDClient.h presence
configure:13378: gcc -E  -I/home/vlc/vlcProject/vlc-2.2/contrib/x86_64-linux-gnu/include conftest.c
conftest.c:36:47: fatal error: IOKit/storage/IODVDMediaBSDClient.h: No such file or directory
compilation terminated.
configure:13378: $? = 1
configure: failed program was:
| /* confdefs.h */
| #define PACKAGE_NAME "libdvdcss"
| #define PACKAGE_TARNAME "libdvdcss"
| #define PACKAGE_VERSION "1.4.0"
| #define PACKAGE_STRING "libdvdcss 1.4.0"
| #define PACKAGE_BUGREPORT ""
| #define PACKAGE_URL "https://www.videolan.org/developers/libdvdcss.html"
| #define PACKAGE "libdvdcss"
| #define VERSION "1.4.0"
| #define STDC_HEADERS 1
| #define HAVE_SYS_TYPES_H 1
| #define HAVE_SYS_STAT_H 1
| #define HAVE_STDLIB_H 1
| #define HAVE_STRING_H 1
| #define HAVE_MEMORY_H 1
| #define HAVE_STRINGS_H 1
| #define HAVE_INTTYPES_H 1
| #define HAVE_STDINT_H 1
| #define HAVE_UNISTD_H 1
| #define HAVE_DLFCN_H 1
| #define LT_OBJDIR ".libs/"
| #define STDC_HEADERS 1
| #define HAVE_UNISTD_H 1
| #define HAVE_SYS_PARAM_H 1
| #define HAVE_SYS_UIO_H 1
| #define HAVE_PWD_H 1
| #define HAVE_ERRNO_H 1
| #define HAVE_SYS_TYPES_H 1
| #define HAVE_SYS_STAT_H 1
| #define HAVE_FCNTL_H 1
| #define O_BINARY 0
| #define HAVE_SYS_IOCTL_H 1
| #define HAVE_LINUX_CDROM_H 1
| #define DVD_STRUCT_IN_LINUX_CDROM_H 1
| /* end confdefs.h.  */
| #include <IOKit/storage/IODVDMediaBSDClient.h>
configure:13378: result: no
configure:13378: checking for IOKit/storage/IODVDMediaBSDClient.h
configure:13378: result: no
configure:13414: checking if gcc supports -Wall flag
configure:13429: gcc -o conftest  -I/home/vlc/vlcProject/vlc-2.2/contrib/x86_64-linux-gnu/include -g -Wall  -I/home/vlc/vlcProject/vlc-2.2/contrib/x86_64-linux-gnu/include  -L/home/vlc/vlcProject/vlc-2.2/contrib/x86_64-linux-gnu/lib conftest.c  >&5
configure:13429: $? = 0
configure:13447: result: yes
configure:13414: checking if gcc supports -Wextra flag
configure:13429: gcc -o conftest  -I/home/vlc/vlcProject/vlc-2.2/contrib/x86_64-linux-gnu/include -g -Wall -Wextra  -I/home/vlc/vlcProject/vlc-2.2/contrib/x86_64-linux-gnu/include  -L/home/vlc/vlcProject/vlc-2.2/contrib/x86_64-linux-gnu/lib conftest.c  >&5
configure:13429: $? = 0
configure:13447: result: yes
configure:13457: checking for gcc way to treat warnings as errors
configure:13472: gcc -o conftest  -I/home/vlc/vlcProject/vlc-2.2/contrib/x86_64-linux-gnu/include -g -Wall -Wextra -Werror  -I/home/vlc/vlcProject/vlc-2.2/contrib/x86_64-linux-gnu/include  -L/home/vlc/vlcProject/vlc-2.2/contrib/x86_64-linux-gnu/lib conftest.c  >&5
configure:13472: $? = 0
configure:13517: result: -Werror
configure:13522: checking if gcc supports -fvisibility=hidden
configure:13539: gcc -o conftest  -I/home/vlc/vlcProject/vlc-2.2/contrib/x86_64-linux-gnu/include -g -Wall -Wextra -Werror -fvisibility=hidden  -I/home/vlc/vlcProject/vlc-2.2/contrib/x86_64-linux-gnu/include  -L/home/vlc/vlcProject/vlc-2.2/contrib/x86_64-linux-gnu/lib conftest.c  >&5
configure:13539: $? = 0
configure:13559: result: yes
configure:13570: checking if gcc supports __attribute__(( visibility("default") ))
configure:13581: gcc -c  -I/home/vlc/vlcProject/vlc-2.2/contrib/x86_64-linux-gnu/include -g -Wall -Wextra -Werror  -I/home/vlc/vlcProject/vlc-2.2/contrib/x86_64-linux-gnu/include conftest.c >&5
configure:13581: $? = 0
configure:13590: result: yes
configure:13687: checking for git
configure:13705: found /usr/bin/git
configure:13717: result: /usr/bin/git
configure:13853: checking that generated files are newer than configure
configure:13859: result: done
configure:13902: creating ./config.status

## ---------------------- ##
## Running config.status. ##
## ---------------------- ##

This file was extended by libdvdcss config.status 1.4.0, which was
generated by GNU Autoconf 2.69.  Invocation command line was

  CONFIG_FILES    = 
  CONFIG_HEADERS  = 
  CONFIG_LINKS    = 
  CONFIG_COMMANDS = 
  $ ./config.status 

on VLC-ubuntu15-ssd

config.status:1119: creating Makefile
config.status:1119: creating libdvdcss.spec
config.status:1119: creating doc/doxygen.cfg
config.status:1119: creating src/libdvdcss.pc
config.status:1119: creating src/dvdcss/version.h
config.status:1119: creating config.h
config.status:1348: executing depfiles commands
config.status:1348: executing libtool commands

## ---------------- ##
## Cache variables. ##
## ---------------- ##

ac_cv_build=x86_64-pc-linux-gnu
ac_cv_c_compiler_gnu=yes
ac_cv_c_const=yes
ac_cv_c_inline=inline
ac_cv_env_CC_set=set
ac_cv_env_CC_value=gcc
ac_cv_env_CFLAGS_set=set
ac_cv_env_CFLAGS_value=' -I/home/vlc/vlcProject/vlc-2.2/contrib/x86_64-linux-gnu/include -g'
ac_cv_env_CPPFLAGS_set=set
ac_cv_env_CPPFLAGS_value=' -I/home/vlc/vlcProject/vlc-2.2/contrib/x86_64-linux-gnu/include'
ac_cv_env_CPP_set=
ac_cv_env_CPP_value=
ac_cv_env_LDFLAGS_set=set
ac_cv_env_LDFLAGS_value=' -L/home/vlc/vlcProject/vlc-2.2/contrib/x86_64-linux-gnu/lib'
ac_cv_env_LIBS_set=
ac_cv_env_LIBS_value=
ac_cv_env_build_alias_set=set
ac_cv_env_build_alias_value=x86_64-linux-gnu
ac_cv_env_host_alias_set=set
ac_cv_env_host_alias_value=x86_64-linux-gnu
ac_cv_env_target_alias_set=set
ac_cv_env_target_alias_value=x86_64-linux-gnu
ac_cv_have_decl_O_BINARY=no
ac_cv_header_IOKit_storage_IODVDMediaBSDClient_h=no
ac_cv_header_dlfcn_h=yes
ac_cv_header_dvd_h=no
ac_cv_header_errno_h=yes
ac_cv_header_fcntl_h=yes
ac_cv_header_inttypes_h=yes
ac_cv_header_io_h=no
ac_cv_header_linux_cdrom_h=yes
ac_cv_header_memory_h=yes
ac_cv_header_pwd_h=yes
ac_cv_header_stdc=yes
ac_cv_header_stdint_h=yes
ac_cv_header_stdlib_h=yes
ac_cv_header_string_h=yes
ac_cv_header_strings_h=yes
ac_cv_header_sys_cdio_h=no
ac_cv_header_sys_dvdio_h=no
ac_cv_header_sys_ioctl_h=yes
ac_cv_header_sys_param_h=yes
ac_cv_header_sys_scsi_scsi_types_h=no
ac_cv_header_sys_stat_h=yes
ac_cv_header_sys_types_h=yes
ac_cv_header_sys_uio_h=yes
ac_cv_header_unistd_h=yes
ac_cv_header_windows_h=no
ac_cv_host=x86_64-pc-linux-gnu
ac_cv_objext=o
ac_cv_path_EGREP='/bin/grep -E'
ac_cv_path_FGREP='/bin/grep -F'
ac_cv_path_GIT=/usr/bin/git
ac_cv_path_GREP=/bin/grep
ac_cv_path_SED=/bin/sed
ac_cv_path_install='/usr/bin/install -c'
ac_cv_path_mkdir=/bin/mkdir
ac_cv_prog_AR=ar
ac_cv_prog_AWK=mawk
ac_cv_prog_CC=gcc
ac_cv_prog_CPP='gcc -E'
ac_cv_prog_OBJDUMP=x86_64-linux-gnu-objdump
ac_cv_prog_RANLIB=ranlib
ac_cv_prog_STRIP=strip
ac_cv_prog_ac_ct_MANIFEST_TOOL=mt
ac_cv_prog_cc_c89=
ac_cv_prog_cc_g=yes
ac_cv_prog_make_make_set=yes
ac_cv_sys_file_offset_bits=no
ac_cv_sys_largefile_CC=no
ac_cv_type_size_t=yes
am_cv_CC_dependencies_compiler_type=none
am_cv_make_support_nested_variables=yes
am_cv_prog_cc_c_o=yes
cc_cv_attribute_visibility_default=yes
cc_cv_cflags__Wall=yes
cc_cv_cflags__Werror=yes
cc_cv_cflags__Wextra=yes
cc_cv_cflags__fvisibility_hidden=yes
cc_cv_flag_visibility=yes
cc_cv_werror=-Werror
css_cv_mkdir_posix=yes
lt_cv_ar_at_file=@
lt_cv_deplibs_check_method=pass_all
lt_cv_file_magic_cmd='$MAGIC_CMD'
lt_cv_file_magic_test_file=
lt_cv_ld_reload_flag=-r
lt_cv_nm_interface='BSD nm'
lt_cv_objdir=.libs
lt_cv_path_LD=ld
lt_cv_path_NM='/usr/bin/nm -B'
lt_cv_path_mainfest_tool=no
lt_cv_prog_compiler_c_o=yes
lt_cv_prog_compiler_pic='-fPIC -DPIC'
lt_cv_prog_compiler_pic_works=yes
lt_cv_prog_compiler_rtti_exceptions=no
lt_cv_prog_compiler_static_works=yes
lt_cv_prog_gnu_ld=yes
lt_cv_sharedlib_from_linklib_cmd='printf %s\n'
lt_cv_shlibpath_overrides_runpath=no
lt_cv_sys_global_symbol_pipe='sed -n -e '\''s/^.*[	 ]\([ABCDGIRSTW][ABCDGIRSTW]*\)[	 ][	 ]*\([_A-Za-z][_A-Za-z0-9]*\)$/\1 \2 \2/p'\'' | sed '\''/ __gnu_lto/d'\'''
lt_cv_sys_global_symbol_to_c_name_address='sed -n -e '\''s/^: \([^ ]*\)[ ]*$/  {\"\1\", (void *) 0},/p'\'' -e '\''s/^[ABCDGIRSTW]* \([^ ]*\) \([^ ]*\)$/  {"\2", (void *) \&\2},/p'\'''
lt_cv_sys_global_symbol_to_c_name_address_lib_prefix='sed -n -e '\''s/^: \([^ ]*\)[ ]*$/  {\"\1\", (void *) 0},/p'\'' -e '\''s/^[ABCDGIRSTW]* \([^ ]*\) \(lib[^ ]*\)$/  {"\2", (void *) \&\2},/p'\'' -e '\''s/^[ABCDGIRSTW]* \([^ ]*\) \([^ ]*\)$/  {"lib\2", (void *) \&\2},/p'\'''
lt_cv_sys_global_symbol_to_cdecl='sed -n -e '\''s/^T .* \(.*\)$/extern int \1();/p'\'' -e '\''s/^[ABCDGIRSTW]* .* \(.*\)$/extern char \1;/p'\'''
lt_cv_sys_max_cmd_len=1572864
lt_cv_to_host_file_cmd=func_convert_file_noop
lt_cv_to_tool_file_cmd=func_convert_file_noop

## ----------------- ##
## Output variables. ##
## ----------------- ##

ACLOCAL='${SHELL} /home/vlc/vlcProject/vlc-2.2/contrib/native/dvdcss/missing aclocal-1.15'
AMDEPBACKSLASH=''
AMDEP_FALSE=''
AMDEP_TRUE='#'
AMTAR='$${TAR-tar}'
AM_BACKSLASH='\'
AM_DEFAULT_V='$(AM_DEFAULT_VERBOSITY)'
AM_DEFAULT_VERBOSITY='0'
AM_V='$(V)'
APIDOC_FALSE=''
APIDOC_TRUE='#'
AR='ar'
AS='as'
AUTOCONF='${SHELL} /home/vlc/vlcProject/vlc-2.2/contrib/native/dvdcss/missing autoconf'
AUTOHEADER='${SHELL} /home/vlc/vlcProject/vlc-2.2/contrib/native/dvdcss/missing autoheader'
AUTOMAKE='${SHELL} /home/vlc/vlcProject/vlc-2.2/contrib/native/dvdcss/missing automake-1.15'
AWK='mawk'
CC='gcc'
CCDEPMODE='depmode=none'
CFLAGS=' -I/home/vlc/vlcProject/vlc-2.2/contrib/x86_64-linux-gnu/include -g -Wall -Wextra -fvisibility=hidden'
CPP='gcc -E'
CPPFLAGS=' -I/home/vlc/vlcProject/vlc-2.2/contrib/x86_64-linux-gnu/include'
CYGPATH_W='echo'
DEFS='-DHAVE_CONFIG_H'
DEPDIR='.deps'
DLLTOOL='false'
DOXYGEN=''
DSYMUTIL=''
DUMPBIN=''
DVDCSS_LDFLAGS=''
DVDCSS_LTVERSION='4:0:2'
DVDCSS_VERSION_MAJOR='1'
DVDCSS_VERSION_MICRO='0'
DVDCSS_VERSION_MINOR='4'
ECHO_C=''
ECHO_N='-n'
ECHO_T=''
EGREP='/bin/grep -E'
EXEEXT=''
FGREP='/bin/grep -F'
GIT='/usr/bin/git'
GIT_FALSE='#'
GIT_TRUE=''
GREP='/bin/grep'
INSTALL_DATA='${INSTALL} -m 644'
INSTALL_PROGRAM='${INSTALL}'
INSTALL_SCRIPT='${INSTALL}'
INSTALL_STRIP_PROGRAM='$(install_sh) -c -s'
LD='ld -m elf_x86_64'
LDFLAGS=' -L/home/vlc/vlcProject/vlc-2.2/contrib/x86_64-linux-gnu/lib'
LIBOBJS=''
LIBS=''
LIBTOOL='$(SHELL) $(top_builddir)/libtool'
LIPO=''
LN_S='ln -s'
LTLIBOBJS=''
MAINT=''
MAINTAINER_MODE_FALSE='#'
MAINTAINER_MODE_TRUE=''
MAKEINFO='${SHELL} /home/vlc/vlcProject/vlc-2.2/contrib/native/dvdcss/missing makeinfo'
MANIFEST_TOOL=':'
MKDIR_P='/bin/mkdir -p'
NM='/usr/bin/nm -B'
NMEDIT=''
OBJDUMP='x86_64-linux-gnu-objdump'
OBJEXT='o'
OTOOL64=''
OTOOL=''
PACKAGE='libdvdcss'
PACKAGE_BUGREPORT=''
PACKAGE_NAME='libdvdcss'
PACKAGE_STRING='libdvdcss 1.4.0'
PACKAGE_TARNAME='libdvdcss'
PACKAGE_URL='https://www.videolan.org/developers/libdvdcss.html'
PACKAGE_VERSION='1.4.0'
PATH_SEPARATOR=':'
RANLIB='ranlib'
SED='/bin/sed'
SET_MAKE=''
SHELL='/bin/bash'
STRIP='strip'
SYS_MSVC_FALSE=''
SYS_MSVC_TRUE='#'
VERSION='1.4.0'
ac_ct_AR=''
ac_ct_CC=''
ac_ct_DUMPBIN=''
am__EXEEXT_FALSE=''
am__EXEEXT_TRUE='#'
am__fastdepCC_FALSE=''
am__fastdepCC_TRUE='#'
am__include='include'
am__isrc=''
am__leading_dot='.'
am__nodep=''
am__quote=''
am__tar='$${TAR-tar} chof - "$$tardir"'
am__untar='$${TAR-tar} xf -'
bindir='${exec_prefix}/bin'
build='x86_64-pc-linux-gnu'
build_alias='x86_64-linux-gnu'
build_cpu='x86_64'
build_os='linux-gnu'
build_vendor='pc'
datadir='${datarootdir}'
datarootdir='/home/vlc/vlcProject/vlc-2.2/contrib/x86_64-linux-gnu/share'
docdir='${datarootdir}/doc/${PACKAGE_TARNAME}'
dvidir='${docdir}'
exec_prefix='${prefix}'
host='x86_64-pc-linux-gnu'
host_alias='x86_64-linux-gnu'
host_cpu='x86_64'
host_os='linux-gnu'
host_vendor='pc'
htmldir='${docdir}'
includedir='/home/vlc/vlcProject/vlc-2.2/contrib/x86_64-linux-gnu/include'
infodir='${datarootdir}/info'
install_sh='${SHELL} /home/vlc/vlcProject/vlc-2.2/contrib/native/dvdcss/install-sh'
libdir='/home/vlc/vlcProject/vlc-2.2/contrib/x86_64-linux-gnu/lib'
libexecdir='${exec_prefix}/libexec'
localedir='${datarootdir}/locale'
localstatedir='${prefix}/var'
mandir='${datarootdir}/man'
mkdir_p='$(MKDIR_P)'
oldincludedir='/usr/include'
pdfdir='${docdir}'
prefix='/home/vlc/vlcProject/vlc-2.2/contrib/x86_64-linux-gnu'
program_transform_name='s&^&&'
psdir='${docdir}'
sbindir='${exec_prefix}/sbin'
sharedstatedir='${prefix}/com'
sysconfdir='${prefix}/etc'
target_alias='x86_64-linux-gnu'

## ----------- ##
## confdefs.h. ##
## ----------- ##

/* confdefs.h */
#define PACKAGE_NAME "libdvdcss"
#define PACKAGE_TARNAME "libdvdcss"
#define PACKAGE_VERSION "1.4.0"
#define PACKAGE_STRING "libdvdcss 1.4.0"
#define PACKAGE_BUGREPORT ""
#define PACKAGE_URL "https://www.videolan.org/developers/libdvdcss.html"
#define PACKAGE "libdvdcss"
#define VERSION "1.4.0"
#define STDC_HEADERS 1
#define HAVE_SYS_TYPES_H 1
#define HAVE_SYS_STAT_H 1
#define HAVE_STDLIB_H 1
#define HAVE_STRING_H 1
#define HAVE_MEMORY_H 1
#define HAVE_STRINGS_H 1
#define HAVE_INTTYPES_H 1
#define HAVE_STDINT_H 1
#define HAVE_UNISTD_H 1
#define HAVE_DLFCN_H 1
#define LT_OBJDIR ".libs/"
#define STDC_HEADERS 1
#define HAVE_UNISTD_H 1
#define HAVE_SYS_PARAM_H 1
#define HAVE_SYS_UIO_H 1
#define HAVE_PWD_H 1
#define HAVE_ERRNO_H 1
#define HAVE_SYS_TYPES_H 1
#define HAVE_SYS_STAT_H 1
#define HAVE_FCNTL_H 1
#define O_BINARY 0
#define HAVE_SYS_IOCTL_H 1
#define HAVE_LINUX_CDROM_H 1
#define DVD_STRUCT_IN_LINUX_CDROM_H 1
#define HAVE_LINUX_DVD_STRUCT 1
#define SUPPORT_FLAG_VISIBILITY 1
#define SUPPORT_ATTRIBUTE_VISIBILITY_DEFAULT 1

configure: exit 0
