This file contains any messages produced by compilers while
running configure, to aid debugging if configure makes a mistake.

It was created by libdvdread configure 5.0.3, which was
generated by GNU Autoconf 2.69.  Invocation command line was

  $ ./configure --prefix=/home/vlc/vlcProject/vlc-2.2/contrib/x86_64-linux-gnu --datarootdir=/home/vlc/vlcProject/vlc-2.2/contrib/x86_64-linux-gnu/share --includedir=/home/vlc/vlcProject/vlc-2.2/contrib/x86_64-linux-gnu/include --libdir=/home/vlc/vlcProject/vlc-2.2/contrib/x86_64-linux-gnu/lib --build=x86_64-linux-gnu --host=x86_64-linux-gnu --target=x86_64-linux-gnu --program-prefix= --enable-static --disable-shared --disable-dependency-tracking --with-pic --with-libdvdcss

## --------- ##
## Platform. ##
## --------- ##

hostname = VLC-ubuntu15-ssd
uname -m = x86_64
uname -r = 4.2.0-27-generic
uname -s = Linux
uname -v = #32-Ubuntu SMP Fri Jan 22 04:49:08 UTC 2016

/usr/bin/uname -p = unknown
/bin/uname -X     = unknown

/bin/arch              = unknown
/usr/bin/arch -k       = unknown
/usr/convex/getsysinfo = unknown
/usr/bin/hostinfo      = unknown
/bin/machine           = unknown
/usr/bin/oslevel       = unknown
/bin/universe          = unknown

PATH: /home/vlc/vlcProject/vlc-2.2/contrib/x86_64-linux-gnu/bin
PATH: /home/vlc/vlcProject/vlc-2.2/extras/tools/build/bin
PATH: /usr/local/sbin
PATH: /usr/local/bin
PATH: /usr/sbin
PATH: /usr/bin
PATH: /sbin
PATH: /bin
PATH: /usr/games
PATH: /usr/local/games


## ----------- ##
## Core tests. ##
## ----------- ##

configure:2276: checking build system type
configure:2290: result: x86_64-pc-linux-gnu
configure:2310: checking host system type
configure:2323: result: x86_64-pc-linux-gnu
configure:2360: checking for a BSD-compatible install
configure:2428: result: /usr/bin/install -c
configure:2439: checking whether build environment is sane
configure:2494: result: yes
configure:2645: checking for a thread-safe mkdir -p
configure:2684: result: /bin/mkdir -p
configure:2691: checking for gawk
configure:2721: result: no
configure:2691: checking for mawk
configure:2707: found /usr/bin/mawk
configure:2718: result: mawk
configure:2729: checking whether make sets $(MAKE)
configure:2751: result: yes
configure:2780: checking whether make supports nested variables
configure:2797: result: yes
configure:2924: checking whether to enable maintainer-specific portions of Makefiles
configure:2933: result: yes
configure:2957: checking whether make supports nested variables
configure:2974: result: yes
configure:3032: checking how to print strings
configure:3059: result: printf
configure:3092: checking for style of include used by make
configure:3120: result: GNU
configure:3151: checking for x86_64-linux-gnu-gcc
configure:3178: result: gcc
configure:3447: checking for C compiler version
configure:3456: gcc --version >&5
gcc (Ubuntu 5.2.1-22ubuntu2) 5.2.1 20151010
Copyright (C) 2015 Free Software Foundation, Inc.
This is free software; see the source for copying conditions.  There is NO
warranty; not even for MERCHANTABILITY or FITNESS FOR A PARTICULAR PURPOSE.

configure:3467: $? = 0
configure:3456: gcc -v >&5
Using built-in specs.
COLLECT_GCC=gcc
COLLECT_LTO_WRAPPER=/usr/lib/gcc/x86_64-linux-gnu/5/lto-wrapper
Target: x86_64-linux-gnu
Configured with: ../src/configure -v --with-pkgversion='Ubuntu 5.2.1-22ubuntu2' --with-bugurl=file:///usr/share/doc/gcc-5/README.Bugs --enable-languages=c,ada,c++,java,go,d,fortran,objc,obj-c++ --prefix=/usr --program-suffix=-5 --enable-shared --enable-linker-build-id --libexecdir=/usr/lib --without-included-gettext --enable-threads=posix --libdir=/usr/lib --enable-nls --with-sysroot=/ --enable-clocale=gnu --enable-libstdcxx-debug --enable-libstdcxx-time=yes --with-default-libstdcxx-abi=new --enable-gnu-unique-object --disable-vtable-verify --enable-libmpx --enable-plugin --with-system-zlib --disable-browser-plugin --enable-java-awt=gtk --enable-gtk-cairo --with-java-home=/usr/lib/jvm/java-1.5.0-gcj-5-amd64/jre --enable-java-home --with-jvm-root-dir=/usr/lib/jvm/java-1.5.0-gcj-5-amd64 --with-jvm-jar-dir=/usr/lib/jvm-exports/java-1.5.0-gcj-5-amd64 --with-arch-directory=amd64 --with-ecj-jar=/usr/share/java/eclipse-ecj.jar --enable-objc-gc --enable-multiarch --disable-werror --with-arch-32=i686 --with-abi=m64 --with-multilib-list=m32,m64,mx32 --enable-multilib --with-tune=generic --enable-checking=release --build=x86_64-linux-gnu --host=x86_64-linux-gnu --target=x86_64-linux-gnu
Thread model: posix
gcc version 5.2.1 20151010 (Ubuntu 5.2.1-22ubuntu2) 
configure:3467: $? = 0
configure:3456: gcc -V >&5
gcc: error: unrecognized command line option '-V'
gcc: fatal error: no input files
compilation terminated.
configure:3467: $? = 1
configure:3456: gcc -qversion >&5
gcc: error: unrecognized command line option '-qversion'
gcc: fatal error: no input files
compilation terminated.
configure:3467: $? = 1
configure:3487: checking whether the C compiler works
configure:3509: gcc  -I/home/vlc/vlcProject/vlc-2.2/contrib/x86_64-linux-gnu/include -g  -I/home/vlc/vlcProject/vlc-2.2/contrib/x86_64-linux-gnu/include  -L/home/vlc/vlcProject/vlc-2.2/contrib/x86_64-linux-gnu/lib conftest.c  >&5
configure:3513: $? = 0
configure:3561: result: yes
configure:3564: checking for C compiler default output file name
configure:3566: result: a.out
configure:3572: checking for suffix of executables
configure:3579: gcc -o conftest  -I/home/vlc/vlcProject/vlc-2.2/contrib/x86_64-linux-gnu/include -g  -I/home/vlc/vlcProject/vlc-2.2/contrib/x86_64-linux-gnu/include  -L/home/vlc/vlcProject/vlc-2.2/contrib/x86_64-linux-gnu/lib conftest.c  >&5
configure:3583: $? = 0
configure:3605: result: 
configure:3627: checking whether we are cross compiling
configure:3635: gcc -o conftest  -I/home/vlc/vlcProject/vlc-2.2/contrib/x86_64-linux-gnu/include -g  -I/home/vlc/vlcProject/vlc-2.2/contrib/x86_64-linux-gnu/include  -L/home/vlc/vlcProject/vlc-2.2/contrib/x86_64-linux-gnu/lib conftest.c  >&5
configure:3639: $? = 0
configure:3646: ./conftest
configure:3650: $? = 0
configure:3665: result: no
configure:3670: checking for suffix of object files
configure:3692: gcc -c  -I/home/vlc/vlcProject/vlc-2.2/contrib/x86_64-linux-gnu/include -g  -I/home/vlc/vlcProject/vlc-2.2/contrib/x86_64-linux-gnu/include conftest.c >&5
configure:3696: $? = 0
configure:3717: result: o
configure:3721: checking whether we are using the GNU C compiler
configure:3740: gcc -c  -I/home/vlc/vlcProject/vlc-2.2/contrib/x86_64-linux-gnu/include -g  -I/home/vlc/vlcProject/vlc-2.2/contrib/x86_64-linux-gnu/include conftest.c >&5
configure:3740: $? = 0
configure:3749: result: yes
configure:3758: checking whether gcc accepts -g
configure:3778: gcc -c -g  -I/home/vlc/vlcProject/vlc-2.2/contrib/x86_64-linux-gnu/include conftest.c >&5
configure:3778: $? = 0
configure:3819: result: yes
configure:3836: checking for gcc option to accept ISO C89
configure:3899: gcc  -c  -I/home/vlc/vlcProject/vlc-2.2/contrib/x86_64-linux-gnu/include -g  -I/home/vlc/vlcProject/vlc-2.2/contrib/x86_64-linux-gnu/include conftest.c >&5
configure:3899: $? = 0
configure:3912: result: none needed
configure:3937: checking whether gcc understands -c and -o together
configure:3959: gcc -c conftest.c -o conftest2.o
configure:3962: $? = 0
configure:3959: gcc -c conftest.c -o conftest2.o
configure:3962: $? = 0
configure:3974: result: yes
configure:3993: checking dependency style of gcc
configure:4104: result: none
configure:4119: checking for a sed that does not truncate output
configure:4183: result: /bin/sed
configure:4201: checking for grep that handles long lines and -e
configure:4259: result: /bin/grep
configure:4264: checking for egrep
configure:4326: result: /bin/grep -E
configure:4331: checking for fgrep
configure:4393: result: /bin/grep -F
configure:4428: checking for ld used by gcc
configure:4495: result: ld
configure:4502: checking if the linker (ld) is GNU ld
configure:4517: result: yes
configure:4529: checking for BSD- or MS-compatible name lister (nm)
configure:4578: result: /usr/bin/nm -B
configure:4708: checking the name lister (/usr/bin/nm -B) interface
configure:4715: gcc -c  -I/home/vlc/vlcProject/vlc-2.2/contrib/x86_64-linux-gnu/include -g  -I/home/vlc/vlcProject/vlc-2.2/contrib/x86_64-linux-gnu/include conftest.c >&5
configure:4718: /usr/bin/nm -B "conftest.o"
configure:4721: output
0000000000000000 B some_variable
configure:4728: result: BSD nm
configure:4731: checking whether ln -s works
configure:4735: result: yes
configure:4743: checking the maximum length of command line arguments
configure:4874: result: 1572864
configure:4891: checking whether the shell understands some XSI constructs
configure:4901: result: yes
configure:4905: checking whether the shell understands "+="
configure:4911: result: yes
configure:4946: checking how to convert x86_64-pc-linux-gnu file names to x86_64-pc-linux-gnu format
configure:4986: result: func_convert_file_noop
configure:4993: checking how to convert x86_64-pc-linux-gnu file names to toolchain format
configure:5013: result: func_convert_file_noop
configure:5020: checking for ld option to reload object files
configure:5027: result: -r
configure:5061: checking for x86_64-linux-gnu-objdump
configure:5077: found /usr/bin/x86_64-linux-gnu-objdump
configure:5088: result: x86_64-linux-gnu-objdump
configure:5160: checking how to recognize dependent libraries
configure:5358: result: pass_all
configure:5403: checking for x86_64-linux-gnu-dlltool
configure:5433: result: no
configure:5443: checking for dlltool
configure:5473: result: no
configure:5503: checking how to associate runtime and link libraries
configure:5530: result: printf %s\n
configure:5547: checking for x86_64-linux-gnu-ar
configure:5574: result: ar
configure:5655: checking for archiver @FILE support
configure:5672: gcc -c  -I/home/vlc/vlcProject/vlc-2.2/contrib/x86_64-linux-gnu/include -g  -I/home/vlc/vlcProject/vlc-2.2/contrib/x86_64-linux-gnu/include conftest.c >&5
configure:5672: $? = 0
configure:5675: ar cru libconftest.a @conftest.lst >&5
ar: `u' modifier ignored since `D' is the default (see `U')
configure:5678: $? = 0
configure:5683: ar cru libconftest.a @conftest.lst >&5
ar: `u' modifier ignored since `D' is the default (see `U')
ar: conftest.o: No such file or directory
configure:5686: $? = 1
configure:5698: result: @
configure:5716: checking for x86_64-linux-gnu-strip
configure:5743: result: strip
configure:5815: checking for x86_64-linux-gnu-ranlib
configure:5842: result: ranlib
configure:5984: checking command to parse /usr/bin/nm -B output from gcc object
configure:6104: gcc -c  -I/home/vlc/vlcProject/vlc-2.2/contrib/x86_64-linux-gnu/include -g  -I/home/vlc/vlcProject/vlc-2.2/contrib/x86_64-linux-gnu/include conftest.c >&5
configure:6107: $? = 0
configure:6111: /usr/bin/nm -B conftest.o \| sed -n -e 's/^.*[ ]\([ABCDGIRSTW][ABCDGIRSTW]*\)[ ][ ]*\([_A-Za-z][_A-Za-z0-9]*\)$/\1 \2 \2/p' | sed '/ __gnu_lto/d' \> conftest.nm
configure:6114: $? = 0
configure:6180: gcc -o conftest  -I/home/vlc/vlcProject/vlc-2.2/contrib/x86_64-linux-gnu/include -g  -I/home/vlc/vlcProject/vlc-2.2/contrib/x86_64-linux-gnu/include  -L/home/vlc/vlcProject/vlc-2.2/contrib/x86_64-linux-gnu/lib conftest.c conftstm.o >&5
configure:6183: $? = 0
configure:6221: result: ok
configure:6258: checking for sysroot
configure:6288: result: no
configure:6365: gcc -c  -I/home/vlc/vlcProject/vlc-2.2/contrib/x86_64-linux-gnu/include -g  -I/home/vlc/vlcProject/vlc-2.2/contrib/x86_64-linux-gnu/include conftest.c >&5
configure:6368: $? = 0
configure:6517: checking for x86_64-linux-gnu-mt
configure:6547: result: no
configure:6557: checking for mt
configure:6573: found /bin/mt
configure:6584: result: mt
configure:6607: checking if mt is a manifest tool
configure:6613: mt '-?'
configure:6621: result: no
configure:7263: checking how to run the C preprocessor
configure:7294: gcc -E  -I/home/vlc/vlcProject/vlc-2.2/contrib/x86_64-linux-gnu/include conftest.c
configure:7294: $? = 0
configure:7308: gcc -E  -I/home/vlc/vlcProject/vlc-2.2/contrib/x86_64-linux-gnu/include conftest.c
conftest.c:11:28: fatal error: ac_nonexistent.h: No such file or directory
compilation terminated.
configure:7308: $? = 1
configure: failed program was:
| /* confdefs.h */
| #define PACKAGE_NAME "libdvdread"
| #define PACKAGE_TARNAME "libdvdread"
| #define PACKAGE_VERSION "5.0.3"
| #define PACKAGE_STRING "libdvdread 5.0.3"
| #define PACKAGE_BUGREPORT ""
| #define PACKAGE_URL ""
| #define PACKAGE "libdvdread"
| #define VERSION "5.0.3"
| /* end confdefs.h.  */
| #include <ac_nonexistent.h>
configure:7333: result: gcc -E
configure:7353: gcc -E  -I/home/vlc/vlcProject/vlc-2.2/contrib/x86_64-linux-gnu/include conftest.c
configure:7353: $? = 0
configure:7367: gcc -E  -I/home/vlc/vlcProject/vlc-2.2/contrib/x86_64-linux-gnu/include conftest.c
conftest.c:11:28: fatal error: ac_nonexistent.h: No such file or directory
compilation terminated.
configure:7367: $? = 1
configure: failed program was:
| /* confdefs.h */
| #define PACKAGE_NAME "libdvdread"
| #define PACKAGE_TARNAME "libdvdread"
| #define PACKAGE_VERSION "5.0.3"
| #define PACKAGE_STRING "libdvdread 5.0.3"
| #define PACKAGE_BUGREPORT ""
| #define PACKAGE_URL ""
| #define PACKAGE "libdvdread"
| #define VERSION "5.0.3"
| /* end confdefs.h.  */
| #include <ac_nonexistent.h>
configure:7396: checking for ANSI C header files
configure:7416: gcc -c  -I/home/vlc/vlcProject/vlc-2.2/contrib/x86_64-linux-gnu/include -g  -I/home/vlc/vlcProject/vlc-2.2/contrib/x86_64-linux-gnu/include conftest.c >&5
configure:7416: $? = 0
configure:7489: gcc -o conftest  -I/home/vlc/vlcProject/vlc-2.2/contrib/x86_64-linux-gnu/include -g  -I/home/vlc/vlcProject/vlc-2.2/contrib/x86_64-linux-gnu/include  -L/home/vlc/vlcProject/vlc-2.2/contrib/x86_64-linux-gnu/lib conftest.c  >&5
configure:7489: $? = 0
configure:7489: ./conftest
configure:7489: $? = 0
configure:7500: result: yes
configure:7513: checking for sys/types.h
configure:7513: gcc -c  -I/home/vlc/vlcProject/vlc-2.2/contrib/x86_64-linux-gnu/include -g  -I/home/vlc/vlcProject/vlc-2.2/contrib/x86_64-linux-gnu/include conftest.c >&5
configure:7513: $? = 0
configure:7513: result: yes
configure:7513: checking for sys/stat.h
configure:7513: gcc -c  -I/home/vlc/vlcProject/vlc-2.2/contrib/x86_64-linux-gnu/include -g  -I/home/vlc/vlcProject/vlc-2.2/contrib/x86_64-linux-gnu/include conftest.c >&5
configure:7513: $? = 0
configure:7513: result: yes
configure:7513: checking for stdlib.h
configure:7513: gcc -c  -I/home/vlc/vlcProject/vlc-2.2/contrib/x86_64-linux-gnu/include -g  -I/home/vlc/vlcProject/vlc-2.2/contrib/x86_64-linux-gnu/include conftest.c >&5
configure:7513: $? = 0
configure:7513: result: yes
configure:7513: checking for string.h
configure:7513: gcc -c  -I/home/vlc/vlcProject/vlc-2.2/contrib/x86_64-linux-gnu/include -g  -I/home/vlc/vlcProject/vlc-2.2/contrib/x86_64-linux-gnu/include conftest.c >&5
configure:7513: $? = 0
configure:7513: result: yes
configure:7513: checking for memory.h
configure:7513: gcc -c  -I/home/vlc/vlcProject/vlc-2.2/contrib/x86_64-linux-gnu/include -g  -I/home/vlc/vlcProject/vlc-2.2/contrib/x86_64-linux-gnu/include conftest.c >&5
configure:7513: $? = 0
configure:7513: result: yes
configure:7513: checking for strings.h
configure:7513: gcc -c  -I/home/vlc/vlcProject/vlc-2.2/contrib/x86_64-linux-gnu/include -g  -I/home/vlc/vlcProject/vlc-2.2/contrib/x86_64-linux-gnu/include conftest.c >&5
configure:7513: $? = 0
configure:7513: result: yes
configure:7513: checking for inttypes.h
configure:7513: gcc -c  -I/home/vlc/vlcProject/vlc-2.2/contrib/x86_64-linux-gnu/include -g  -I/home/vlc/vlcProject/vlc-2.2/contrib/x86_64-linux-gnu/include conftest.c >&5
configure:7513: $? = 0
configure:7513: result: yes
configure:7513: checking for stdint.h
configure:7513: gcc -c  -I/home/vlc/vlcProject/vlc-2.2/contrib/x86_64-linux-gnu/include -g  -I/home/vlc/vlcProject/vlc-2.2/contrib/x86_64-linux-gnu/include conftest.c >&5
configure:7513: $? = 0
configure:7513: result: yes
configure:7513: checking for unistd.h
configure:7513: gcc -c  -I/home/vlc/vlcProject/vlc-2.2/contrib/x86_64-linux-gnu/include -g  -I/home/vlc/vlcProject/vlc-2.2/contrib/x86_64-linux-gnu/include conftest.c >&5
configure:7513: $? = 0
configure:7513: result: yes
configure:7527: checking for dlfcn.h
configure:7527: gcc -c  -I/home/vlc/vlcProject/vlc-2.2/contrib/x86_64-linux-gnu/include -g  -I/home/vlc/vlcProject/vlc-2.2/contrib/x86_64-linux-gnu/include conftest.c >&5
configure:7527: $? = 0
configure:7527: result: yes
configure:7733: checking for objdir
configure:7748: result: .libs
configure:8019: checking if gcc supports -fno-rtti -fno-exceptions
configure:8037: gcc -c  -I/home/vlc/vlcProject/vlc-2.2/contrib/x86_64-linux-gnu/include -g  -I/home/vlc/vlcProject/vlc-2.2/contrib/x86_64-linux-gnu/include -fno-rtti -fno-exceptions conftest.c >&5
cc1: warning: command line option '-fno-rtti' is valid for C++/ObjC++ but not for C
configure:8041: $? = 0
configure:8054: result: no
configure:8381: checking for gcc option to produce PIC
configure:8388: result: -fPIC -DPIC
configure:8396: checking if gcc PIC flag -fPIC -DPIC works
configure:8414: gcc -c  -I/home/vlc/vlcProject/vlc-2.2/contrib/x86_64-linux-gnu/include -g  -I/home/vlc/vlcProject/vlc-2.2/contrib/x86_64-linux-gnu/include -fPIC -DPIC -DPIC conftest.c >&5
configure:8418: $? = 0
configure:8431: result: yes
configure:8460: checking if gcc static flag -static works
configure:8488: result: yes
configure:8503: checking if gcc supports -c -o file.o
configure:8524: gcc -c  -I/home/vlc/vlcProject/vlc-2.2/contrib/x86_64-linux-gnu/include -g  -I/home/vlc/vlcProject/vlc-2.2/contrib/x86_64-linux-gnu/include -o out/conftest2.o conftest.c >&5
configure:8528: $? = 0
configure:8550: result: yes
configure:8558: checking if gcc supports -c -o file.o
configure:8605: result: yes
configure:8638: checking whether the gcc linker (ld -m elf_x86_64) supports shared libraries
configure:9795: result: yes
configure:10035: checking dynamic linker characteristics
configure:10535: gcc -o conftest  -I/home/vlc/vlcProject/vlc-2.2/contrib/x86_64-linux-gnu/include -g  -I/home/vlc/vlcProject/vlc-2.2/contrib/x86_64-linux-gnu/include  -L/home/vlc/vlcProject/vlc-2.2/contrib/x86_64-linux-gnu/lib -Wl,-rpath -Wl,/foo conftest.c  >&5
configure:10535: $? = 0
configure:10769: result: GNU/Linux ld.so
configure:10876: checking how to hardcode library paths into programs
configure:10901: result: immediate
configure:11441: checking whether stripping libraries is possible
configure:11446: result: yes
configure:11481: checking if libtool supports shared libraries
configure:11483: result: yes
configure:11486: checking whether to build shared libraries
configure:11507: result: no
configure:11510: checking whether to build static libraries
configure:11514: result: yes
configure:11572: checking for x86_64-linux-gnu-gcc
configure:11599: result: gcc
configure:11868: checking for C compiler version
configure:11877: gcc --version >&5
gcc (Ubuntu 5.2.1-22ubuntu2) 5.2.1 20151010
Copyright (C) 2015 Free Software Foundation, Inc.
This is free software; see the source for copying conditions.  There is NO
warranty; not even for MERCHANTABILITY or FITNESS FOR A PARTICULAR PURPOSE.

configure:11888: $? = 0
configure:11877: gcc -v >&5
Using built-in specs.
COLLECT_GCC=gcc
COLLECT_LTO_WRAPPER=/usr/lib/gcc/x86_64-linux-gnu/5/lto-wrapper
Target: x86_64-linux-gnu
Configured with: ../src/configure -v --with-pkgversion='Ubuntu 5.2.1-22ubuntu2' --with-bugurl=file:///usr/share/doc/gcc-5/README.Bugs --enable-languages=c,ada,c++,java,go,d,fortran,objc,obj-c++ --prefix=/usr --program-suffix=-5 --enable-shared --enable-linker-build-id --libexecdir=/usr/lib --without-included-gettext --enable-threads=posix --libdir=/usr/lib --enable-nls --with-sysroot=/ --enable-clocale=gnu --enable-libstdcxx-debug --enable-libstdcxx-time=yes --with-default-libstdcxx-abi=new --enable-gnu-unique-object --disable-vtable-verify --enable-libmpx --enable-plugin --with-system-zlib --disable-browser-plugin --enable-java-awt=gtk --enable-gtk-cairo --with-java-home=/usr/lib/jvm/java-1.5.0-gcj-5-amd64/jre --enable-java-home --with-jvm-root-dir=/usr/lib/jvm/java-1.5.0-gcj-5-amd64 --with-jvm-jar-dir=/usr/lib/jvm-exports/java-1.5.0-gcj-5-amd64 --with-arch-directory=amd64 --with-ecj-jar=/usr/share/java/eclipse-ecj.jar --enable-objc-gc --enable-multiarch --disable-werror --with-arch-32=i686 --with-abi=m64 --with-multilib-list=m32,m64,mx32 --enable-multilib --with-tune=generic --enable-checking=release --build=x86_64-linux-gnu --host=x86_64-linux-gnu --target=x86_64-linux-gnu
Thread model: posix
gcc version 5.2.1 20151010 (Ubuntu 5.2.1-22ubuntu2) 
configure:11888: $? = 0
configure:11877: gcc -V >&5
gcc: error: unrecognized command line option '-V'
gcc: fatal error: no input files
compilation terminated.
configure:11888: $? = 1
configure:11877: gcc -qversion >&5
gcc: error: unrecognized command line option '-qversion'
gcc: fatal error: no input files
compilation terminated.
configure:11888: $? = 1
configure:11892: checking whether we are using the GNU C compiler
configure:11920: result: yes
configure:11929: checking whether gcc accepts -g
configure:11990: result: yes
configure:12007: checking for gcc option to accept ISO C89
configure:12083: result: none needed
configure:12108: checking whether gcc understands -c and -o together
configure:12145: result: yes
configure:12164: checking dependency style of gcc
configure:12275: result: none
configure:12297: checking for sys/param.h
configure:12297: gcc -c  -I/home/vlc/vlcProject/vlc-2.2/contrib/x86_64-linux-gnu/include -g  -I/home/vlc/vlcProject/vlc-2.2/contrib/x86_64-linux-gnu/include conftest.c >&5
configure:12297: $? = 0
configure:12297: result: yes
configure:12297: checking for limits.h
configure:12297: gcc -c  -I/home/vlc/vlcProject/vlc-2.2/contrib/x86_64-linux-gnu/include -g  -I/home/vlc/vlcProject/vlc-2.2/contrib/x86_64-linux-gnu/include conftest.c >&5
configure:12297: $? = 0
configure:12297: result: yes
configure:12297: checking for dlfcn.h
configure:12297: result: yes
configure:12323: checking for special C compiler options needed for large files
configure:12368: result: no
configure:12374: checking for _FILE_OFFSET_BITS value needed for large files
configure:12399: gcc -c  -I/home/vlc/vlcProject/vlc-2.2/contrib/x86_64-linux-gnu/include -g  -I/home/vlc/vlcProject/vlc-2.2/contrib/x86_64-linux-gnu/include conftest.c >&5
configure:12399: $? = 0
configure:12431: result: no
configure:12516: checking whether byte ordering is bigendian
configure:12531: gcc -c  -I/home/vlc/vlcProject/vlc-2.2/contrib/x86_64-linux-gnu/include -g  -I/home/vlc/vlcProject/vlc-2.2/contrib/x86_64-linux-gnu/include conftest.c >&5
conftest.c:27:9: error: unknown type name 'not'
         not a universal capable compiler
         ^
conftest.c:27:15: error: expected '=', ',', ';', 'asm' or '__attribute__' before 'universal'
         not a universal capable compiler
               ^
conftest.c:27:15: error: unknown type name 'universal'
configure:12531: $? = 1
configure: failed program was:
| /* confdefs.h */
| #define PACKAGE_NAME "libdvdread"
| #define PACKAGE_TARNAME "libdvdread"
| #define PACKAGE_VERSION "5.0.3"
| #define PACKAGE_STRING "libdvdread 5.0.3"
| #define PACKAGE_BUGREPORT ""
| #define PACKAGE_URL ""
| #define PACKAGE "libdvdread"
| #define VERSION "5.0.3"
| #define STDC_HEADERS 1
| #define HAVE_SYS_TYPES_H 1
| #define HAVE_SYS_STAT_H 1
| #define HAVE_STDLIB_H 1
| #define HAVE_STRING_H 1
| #define HAVE_MEMORY_H 1
| #define HAVE_STRINGS_H 1
| #define HAVE_INTTYPES_H 1
| #define HAVE_STDINT_H 1
| #define HAVE_UNISTD_H 1
| #define HAVE_DLFCN_H 1
| #define LT_OBJDIR ".libs/"
| #define HAVE_SYS_PARAM_H 1
| #define HAVE_LIMITS_H 1
| #define HAVE_DLFCN_H 1
| /* end confdefs.h.  */
| #ifndef __APPLE_CC__
| 	       not a universal capable compiler
| 	     #endif
| 	     typedef int dummy;
| 
configure:12576: gcc -c  -I/home/vlc/vlcProject/vlc-2.2/contrib/x86_64-linux-gnu/include -g  -I/home/vlc/vlcProject/vlc-2.2/contrib/x86_64-linux-gnu/include conftest.c >&5
configure:12576: $? = 0
configure:12594: gcc -c  -I/home/vlc/vlcProject/vlc-2.2/contrib/x86_64-linux-gnu/include -g  -I/home/vlc/vlcProject/vlc-2.2/contrib/x86_64-linux-gnu/include conftest.c >&5
conftest.c: In function 'main':
conftest.c:33:4: error: unknown type name 'not'
    not big endian
    ^
conftest.c:33:12: error: expected '=', ',', ';', 'asm' or '__attribute__' before 'endian'
    not big endian
            ^
configure:12594: $? = 1
configure: failed program was:
| /* confdefs.h */
| #define PACKAGE_NAME "libdvdread"
| #define PACKAGE_TARNAME "libdvdread"
| #define PACKAGE_VERSION "5.0.3"
| #define PACKAGE_STRING "libdvdread 5.0.3"
| #define PACKAGE_BUGREPORT ""
| #define PACKAGE_URL ""
| #define PACKAGE "libdvdread"
| #define VERSION "5.0.3"
| #define STDC_HEADERS 1
| #define HAVE_SYS_TYPES_H 1
| #define HAVE_SYS_STAT_H 1
| #define HAVE_STDLIB_H 1
| #define HAVE_STRING_H 1
| #define HAVE_MEMORY_H 1
| #define HAVE_STRINGS_H 1
| #define HAVE_INTTYPES_H 1
| #define HAVE_STDINT_H 1
| #define HAVE_UNISTD_H 1
| #define HAVE_DLFCN_H 1
| #define LT_OBJDIR ".libs/"
| #define HAVE_SYS_PARAM_H 1
| #define HAVE_LIMITS_H 1
| #define HAVE_DLFCN_H 1
| /* end confdefs.h.  */
| #include <sys/types.h>
| 		#include <sys/param.h>
| 
| int
| main ()
| {
| #if BYTE_ORDER != BIG_ENDIAN
| 		 not big endian
| 		#endif
| 
|   ;
|   return 0;
| }
configure:12722: result: no
configure:12791: checking for x86_64-linux-gnu-pkg-config
configure:12824: result: no
configure:12834: checking for pkg-config
configure:12852: found /usr/bin/pkg-config
configure:12864: result: /usr/bin/pkg-config
configure:12889: checking pkg-config is at least version 0.9.0
configure:12892: result: yes
configure:12905: checking for CSS
configure:12912: $PKG_CONFIG --exists --print-errors "$CSS_REQUIRES"
configure:12915: $? = 0
configure:12929: $PKG_CONFIG --exists --print-errors "$CSS_REQUIRES"
configure:12932: $? = 0
configure:12990: result: yes
configure:12996: checking dvdcss/dvdcss.h usability
configure:12996: gcc -c  -I/home/vlc/vlcProject/vlc-2.2/contrib/x86_64-linux-gnu/include -g  -I/home/vlc/vlcProject/vlc-2.2/contrib/x86_64-linux-gnu/include conftest.c >&5
configure:12996: $? = 0
configure:12996: result: yes
configure:12996: checking dvdcss/dvdcss.h presence
configure:12996: gcc -E  -I/home/vlc/vlcProject/vlc-2.2/contrib/x86_64-linux-gnu/include conftest.c
configure:12996: $? = 0
configure:12996: result: yes
configure:12996: checking for dvdcss/dvdcss.h
configure:12996: result: yes
configure:13091: checking if gcc supports -Wall flag
configure:13106: gcc -o conftest  -I/home/vlc/vlcProject/vlc-2.2/contrib/x86_64-linux-gnu/include -g -Wall  -I/home/vlc/vlcProject/vlc-2.2/contrib/x86_64-linux-gnu/include  -L/home/vlc/vlcProject/vlc-2.2/contrib/x86_64-linux-gnu/lib conftest.c  >&5
configure:13106: $? = 0
configure:13124: result: yes
configure:13091: checking if gcc supports -Wsign-compare flag
configure:13106: gcc -o conftest  -I/home/vlc/vlcProject/vlc-2.2/contrib/x86_64-linux-gnu/include -g -Wall -Wsign-compare  -I/home/vlc/vlcProject/vlc-2.2/contrib/x86_64-linux-gnu/include  -L/home/vlc/vlcProject/vlc-2.2/contrib/x86_64-linux-gnu/lib conftest.c  >&5
configure:13106: $? = 0
configure:13124: result: yes
configure:13091: checking if gcc supports -Wextra flag
configure:13106: gcc -o conftest  -I/home/vlc/vlcProject/vlc-2.2/contrib/x86_64-linux-gnu/include -g -Wall -Wsign-compare -Wextra  -I/home/vlc/vlcProject/vlc-2.2/contrib/x86_64-linux-gnu/include  -L/home/vlc/vlcProject/vlc-2.2/contrib/x86_64-linux-gnu/lib conftest.c  >&5
configure:13106: $? = 0
configure:13124: result: yes
configure:13143: checking for doxygen
configure:13176: result: no
configure:13325: checking that generated files are newer than configure
configure:13331: result: done
configure:13367: creating ./config.status

## ---------------------- ##
## Running config.status. ##
## ---------------------- ##

This file was extended by libdvdread config.status 5.0.3, which was
generated by GNU Autoconf 2.69.  Invocation command line was

  CONFIG_FILES    = 
  CONFIG_HEADERS  = 
  CONFIG_LINKS    = 
  CONFIG_COMMANDS = 
  $ ./config.status 

on VLC-ubuntu15-ssd

config.status:1100: creating Makefile
config.status:1100: creating doc/doxygen.cfg
config.status:1100: creating misc/dvdread.pc
config.status:1100: creating config.h
config.status:1329: executing depfiles commands
config.status:1329: executing libtool commands

## ---------------- ##
## Cache variables. ##
## ---------------- ##

ac_cv_build=x86_64-pc-linux-gnu
ac_cv_c_bigendian=no
ac_cv_c_compiler_gnu=yes
ac_cv_env_CC_set=set
ac_cv_env_CC_value=gcc
ac_cv_env_CFLAGS_set=set
ac_cv_env_CFLAGS_value=' -I/home/vlc/vlcProject/vlc-2.2/contrib/x86_64-linux-gnu/include -g'
ac_cv_env_CPPFLAGS_set=set
ac_cv_env_CPPFLAGS_value=' -I/home/vlc/vlcProject/vlc-2.2/contrib/x86_64-linux-gnu/include'
ac_cv_env_CPP_set=
ac_cv_env_CPP_value=
ac_cv_env_CSS_CFLAGS_set=
ac_cv_env_CSS_CFLAGS_value=
ac_cv_env_CSS_LIBS_set=
ac_cv_env_CSS_LIBS_value=
ac_cv_env_LDFLAGS_set=set
ac_cv_env_LDFLAGS_value=' -L/home/vlc/vlcProject/vlc-2.2/contrib/x86_64-linux-gnu/lib'
ac_cv_env_LIBS_set=
ac_cv_env_LIBS_value=
ac_cv_env_PKG_CONFIG_LIBDIR_set=
ac_cv_env_PKG_CONFIG_LIBDIR_value=
ac_cv_env_PKG_CONFIG_PATH_set=set
ac_cv_env_PKG_CONFIG_PATH_value=:/home/vlc/vlcProject/vlc-2.2/contrib/x86_64-linux-gnu/lib/pkgconfig
ac_cv_env_PKG_CONFIG_set=
ac_cv_env_PKG_CONFIG_value=
ac_cv_env_build_alias_set=set
ac_cv_env_build_alias_value=x86_64-linux-gnu
ac_cv_env_host_alias_set=set
ac_cv_env_host_alias_value=x86_64-linux-gnu
ac_cv_env_target_alias_set=set
ac_cv_env_target_alias_value=x86_64-linux-gnu
ac_cv_header_dlfcn_h=yes
ac_cv_header_dvdcss_dvdcss_h=yes
ac_cv_header_inttypes_h=yes
ac_cv_header_limits_h=yes
ac_cv_header_memory_h=yes
ac_cv_header_stdc=yes
ac_cv_header_stdint_h=yes
ac_cv_header_stdlib_h=yes
ac_cv_header_string_h=yes
ac_cv_header_strings_h=yes
ac_cv_header_sys_param_h=yes
ac_cv_header_sys_stat_h=yes
ac_cv_header_sys_types_h=yes
ac_cv_header_unistd_h=yes
ac_cv_host=x86_64-pc-linux-gnu
ac_cv_objext=o
ac_cv_path_EGREP='/bin/grep -E'
ac_cv_path_FGREP='/bin/grep -F'
ac_cv_path_GREP=/bin/grep
ac_cv_path_SED=/bin/sed
ac_cv_path_ac_pt_PKG_CONFIG=/usr/bin/pkg-config
ac_cv_path_install='/usr/bin/install -c'
ac_cv_path_mkdir=/bin/mkdir
ac_cv_prog_AR=ar
ac_cv_prog_AWK=mawk
ac_cv_prog_CC=gcc
ac_cv_prog_CPP='gcc -E'
ac_cv_prog_OBJDUMP=x86_64-linux-gnu-objdump
ac_cv_prog_RANLIB=ranlib
ac_cv_prog_STRIP=strip
ac_cv_prog_ac_ct_MANIFEST_TOOL=mt
ac_cv_prog_cc_c89=
ac_cv_prog_cc_g=yes
ac_cv_prog_make_make_set=yes
ac_cv_sys_file_offset_bits=no
ac_cv_sys_largefile_CC=no
am_cv_CC_dependencies_compiler_type=none
am_cv_make_support_nested_variables=yes
am_cv_prog_cc_c_o=yes
cc_cv_cflags__Wall=yes
cc_cv_cflags__Wextra=yes
cc_cv_cflags__Wsign_compare=yes
lt_cv_ar_at_file=@
lt_cv_deplibs_check_method=pass_all
lt_cv_file_magic_cmd='$MAGIC_CMD'
lt_cv_file_magic_test_file=
lt_cv_ld_reload_flag=-r
lt_cv_nm_interface='BSD nm'
lt_cv_objdir=.libs
lt_cv_path_LD=ld
lt_cv_path_NM='/usr/bin/nm -B'
lt_cv_path_mainfest_tool=no
lt_cv_prog_compiler_c_o=yes
lt_cv_prog_compiler_pic='-fPIC -DPIC'
lt_cv_prog_compiler_pic_works=yes
lt_cv_prog_compiler_rtti_exceptions=no
lt_cv_prog_compiler_static_works=yes
lt_cv_prog_gnu_ld=yes
lt_cv_sharedlib_from_linklib_cmd='printf %s\n'
lt_cv_shlibpath_overrides_runpath=no
lt_cv_sys_global_symbol_pipe='sed -n -e '\''s/^.*[	 ]\([ABCDGIRSTW][ABCDGIRSTW]*\)[	 ][	 ]*\([_A-Za-z][_A-Za-z0-9]*\)$/\1 \2 \2/p'\'' | sed '\''/ __gnu_lto/d'\'''
lt_cv_sys_global_symbol_to_c_name_address='sed -n -e '\''s/^: \([^ ]*\)[ ]*$/  {\"\1\", (void *) 0},/p'\'' -e '\''s/^[ABCDGIRSTW]* \([^ ]*\) \([^ ]*\)$/  {"\2", (void *) \&\2},/p'\'''
lt_cv_sys_global_symbol_to_c_name_address_lib_prefix='sed -n -e '\''s/^: \([^ ]*\)[ ]*$/  {\"\1\", (void *) 0},/p'\'' -e '\''s/^[ABCDGIRSTW]* \([^ ]*\) \(lib[^ ]*\)$/  {"\2", (void *) \&\2},/p'\'' -e '\''s/^[ABCDGIRSTW]* \([^ ]*\) \([^ ]*\)$/  {"lib\2", (void *) \&\2},/p'\'''
lt_cv_sys_global_symbol_to_cdecl='sed -n -e '\''s/^T .* \(.*\)$/extern int \1();/p'\'' -e '\''s/^[ABCDGIRSTW]* .* \(.*\)$/extern char \1;/p'\'''
lt_cv_sys_max_cmd_len=1572864
lt_cv_to_host_file_cmd=func_convert_file_noop
lt_cv_to_tool_file_cmd=func_convert_file_noop
pkg_cv_CSS_CFLAGS='-I/home/vlc/vlcProject/vlc-2.2/contrib/x86_64-linux-gnu/include -I/home/vlc/vlcProject/vlc-2.2/contrib/x86_64-linux-gnu/include/dvdcss '
pkg_cv_CSS_LIBS='-L/home/vlc/vlcProject/vlc-2.2/contrib/x86_64-linux-gnu/lib -ldvdcss '

## ----------------- ##
## Output variables. ##
## ----------------- ##

ACLOCAL='${SHELL} /home/vlc/vlcProject/vlc-2.2/contrib/native/dvdread/missing aclocal-1.15'
AMDEPBACKSLASH=''
AMDEP_FALSE=''
AMDEP_TRUE='#'
AMTAR='$${TAR-tar}'
AM_BACKSLASH='\'
AM_DEFAULT_V='$(AM_DEFAULT_VERBOSITY)'
AM_DEFAULT_VERBOSITY='0'
AM_V='$(V)'
APIDOC_FALSE=''
APIDOC_TRUE='#'
AR='ar'
AUTOCONF='${SHELL} /home/vlc/vlcProject/vlc-2.2/contrib/native/dvdread/missing autoconf'
AUTOHEADER='${SHELL} /home/vlc/vlcProject/vlc-2.2/contrib/native/dvdread/missing autoheader'
AUTOMAKE='${SHELL} /home/vlc/vlcProject/vlc-2.2/contrib/native/dvdread/missing automake-1.15'
AWK='mawk'
CC='gcc'
CCDEPMODE='depmode=none'
CFLAGS=' -I/home/vlc/vlcProject/vlc-2.2/contrib/x86_64-linux-gnu/include -g -Wall -Wsign-compare -Wextra'
CPP='gcc -E'
CPPFLAGS=' -I/home/vlc/vlcProject/vlc-2.2/contrib/x86_64-linux-gnu/include'
CSS_CFLAGS='-I/home/vlc/vlcProject/vlc-2.2/contrib/x86_64-linux-gnu/include -I/home/vlc/vlcProject/vlc-2.2/contrib/x86_64-linux-gnu/include/dvdcss '
CSS_LIBS='-L/home/vlc/vlcProject/vlc-2.2/contrib/x86_64-linux-gnu/lib -ldvdcss '
CSS_REQUIRES='libdvdcss >= 1.2'
CYGPATH_W='echo'
DEFS='-DHAVE_CONFIG_H'
DEPDIR='.deps'
DLLTOOL='false'
DOXYGEN=''
DSYMUTIL=''
DUMPBIN=''
DVDREAD_LTVERSION='6:0:2'
ECHO_C=''
ECHO_N='-n'
ECHO_T=''
EGREP='/bin/grep -E'
EXEEXT=''
FGREP='/bin/grep -F'
GREP='/bin/grep'
INSTALL_DATA='${INSTALL} -m 644'
INSTALL_PROGRAM='${INSTALL}'
INSTALL_SCRIPT='${INSTALL}'
INSTALL_STRIP_PROGRAM='$(install_sh) -c -s'
LD='ld -m elf_x86_64'
LDFLAGS=' -L/home/vlc/vlcProject/vlc-2.2/contrib/x86_64-linux-gnu/lib'
LIBOBJS=''
LIBS=''
LIBTOOL='$(SHELL) $(top_builddir)/libtool'
LIPO=''
LN_S='ln -s'
LTLIBOBJS=''
MAINT=''
MAINTAINER_MODE_FALSE='#'
MAINTAINER_MODE_TRUE=''
MAKEINFO='${SHELL} /home/vlc/vlcProject/vlc-2.2/contrib/native/dvdread/missing makeinfo'
MANIFEST_TOOL=':'
MKDIR_P='/bin/mkdir -p'
NM='/usr/bin/nm -B'
NMEDIT=''
OBJDUMP='x86_64-linux-gnu-objdump'
OBJEXT='o'
OTOOL64=''
OTOOL=''
PACKAGE='libdvdread'
PACKAGE_BUGREPORT=''
PACKAGE_NAME='libdvdread'
PACKAGE_STRING='libdvdread 5.0.3'
PACKAGE_TARNAME='libdvdread'
PACKAGE_URL=''
PACKAGE_VERSION='5.0.3'
PATH_SEPARATOR=':'
PKG_CONFIG='/usr/bin/pkg-config'
PKG_CONFIG_LIBDIR=''
PKG_CONFIG_PATH=':/home/vlc/vlcProject/vlc-2.2/contrib/x86_64-linux-gnu/lib/pkgconfig'
RANLIB='ranlib'
SED='/bin/sed'
SET_MAKE=''
SHELL='/bin/bash'
STRIP='strip'
VERSION='5.0.3'
ac_ct_AR=''
ac_ct_CC=''
ac_ct_DUMPBIN=''
am__EXEEXT_FALSE=''
am__EXEEXT_TRUE='#'
am__fastdepCC_FALSE=''
am__fastdepCC_TRUE='#'
am__include='include'
am__isrc=''
am__leading_dot='.'
am__nodep=''
am__quote=''
am__tar='$${TAR-tar} chof - "$$tardir"'
am__untar='$${TAR-tar} xf -'
bindir='${exec_prefix}/bin'
build='x86_64-pc-linux-gnu'
build_alias='x86_64-linux-gnu'
build_cpu='x86_64'
build_os='linux-gnu'
build_vendor='pc'
datadir='${datarootdir}'
datarootdir='/home/vlc/vlcProject/vlc-2.2/contrib/x86_64-linux-gnu/share'
docdir='${datarootdir}/doc/${PACKAGE_TARNAME}'
dvidir='${docdir}'
exec_prefix='${prefix}'
host='x86_64-pc-linux-gnu'
host_alias='x86_64-linux-gnu'
host_cpu='x86_64'
host_os='linux-gnu'
host_vendor='pc'
htmldir='${docdir}'
includedir='/home/vlc/vlcProject/vlc-2.2/contrib/x86_64-linux-gnu/include'
infodir='${datarootdir}/info'
install_sh='${SHELL} /home/vlc/vlcProject/vlc-2.2/contrib/native/dvdread/install-sh'
libdir='/home/vlc/vlcProject/vlc-2.2/contrib/x86_64-linux-gnu/lib'
libexecdir='${exec_prefix}/libexec'
localedir='${datarootdir}/locale'
localstatedir='${prefix}/var'
mandir='${datarootdir}/man'
mkdir_p='$(MKDIR_P)'
oldincludedir='/usr/include'
pdfdir='${docdir}'
prefix='/home/vlc/vlcProject/vlc-2.2/contrib/x86_64-linux-gnu'
program_transform_name='s&^&&'
psdir='${docdir}'
sbindir='${exec_prefix}/sbin'
sharedstatedir='${prefix}/com'
sysconfdir='${prefix}/etc'
target_alias='x86_64-linux-gnu'

## ----------- ##
## confdefs.h. ##
## ----------- ##

/* confdefs.h */
#define PACKAGE_NAME "libdvdread"
#define PACKAGE_TARNAME "libdvdread"
#define PACKAGE_VERSION "5.0.3"
#define PACKAGE_STRING "libdvdread 5.0.3"
#define PACKAGE_BUGREPORT ""
#define PACKAGE_URL ""
#define PACKAGE "libdvdread"
#define VERSION "5.0.3"
#define STDC_HEADERS 1
#define HAVE_SYS_TYPES_H 1
#define HAVE_SYS_STAT_H 1
#define HAVE_STDLIB_H 1
#define HAVE_STRING_H 1
#define HAVE_MEMORY_H 1
#define HAVE_STRINGS_H 1
#define HAVE_INTTYPES_H 1
#define HAVE_STDINT_H 1
#define HAVE_UNISTD_H 1
#define HAVE_DLFCN_H 1
#define LT_OBJDIR ".libs/"
#define HAVE_SYS_PARAM_H 1
#define HAVE_LIMITS_H 1
#define HAVE_DLFCN_H 1
#define HAVE_DVDCSS_DVDCSS_H 1
#define UNUSED __attribute__((unused))

configure: exit 0
