This file contains any messages produced by compilers while
running configure, to aid debugging if configure makes a mistake.

It was created by libsidplay configure 2.1.1, which was
generated by GNU Autoconf 2.69.  Invocation command line was

  $ ./configure --prefix=/home/vlc/vlcProject/vlc-2.2/contrib/x86_64-linux-gnu --datarootdir=/home/vlc/vlcProject/vlc-2.2/contrib/x86_64-linux-gnu/share --includedir=/home/vlc/vlcProject/vlc-2.2/contrib/x86_64-linux-gnu/include --libdir=/home/vlc/vlcProject/vlc-2.2/contrib/x86_64-linux-gnu/lib --build=x86_64-linux-gnu --host=x86_64-linux-gnu --target=x86_64-linux-gnu --program-prefix= --enable-static --disable-shared --disable-dependency-tracking --with-pic build_alias=x86_64-linux-gnu host_alias=x86_64-linux-gnu target_alias=x86_64-linux-gnu --disable-library-checks --with-sidbuilders=/home/vlc/vlcProject/vlc-2.2/contrib/x86_64-linux-gnu/lib/sidplay/builders

## --------- ##
## Platform. ##
## --------- ##

hostname = VLC-ubuntu15-ssd
uname -m = x86_64
uname -r = 4.2.0-27-generic
uname -s = Linux
uname -v = #32-Ubuntu SMP Fri Jan 22 04:49:08 UTC 2016

/usr/bin/uname -p = unknown
/bin/uname -X     = unknown

/bin/arch              = unknown
/usr/bin/arch -k       = unknown
/usr/convex/getsysinfo = unknown
/usr/bin/hostinfo      = unknown
/bin/machine           = unknown
/usr/bin/oslevel       = unknown
/bin/universe          = unknown

PATH: /home/vlc/vlcProject/vlc-2.2/contrib/x86_64-linux-gnu/bin
PATH: /home/vlc/vlcProject/vlc-2.2/extras/tools/build/bin
PATH: /usr/local/sbin
PATH: /usr/local/bin
PATH: /usr/sbin
PATH: /usr/bin
PATH: /sbin
PATH: /bin
PATH: /usr/games
PATH: /usr/local/games


## ----------- ##
## Core tests. ##
## ----------- ##

configure:2720: checking for a BSD-compatible install
configure:2788: result: /usr/bin/install -c
configure:2799: checking whether build environment is sane
configure:2854: result: yes
configure:3005: checking for a thread-safe mkdir -p
configure:3044: result: /bin/mkdir -p
configure:3051: checking for gawk
configure:3081: result: no
configure:3051: checking for mawk
configure:3067: found /usr/bin/mawk
configure:3078: result: mawk
configure:3089: checking whether make sets $(MAKE)
configure:3111: result: yes
configure:3140: checking whether make supports nested variables
configure:3157: result: yes
configure:3282: checking build system type
configure:3296: result: x86_64-pc-linux-gnu
configure:3316: checking host system type
configure:3329: result: x86_64-pc-linux-gnu
configure:3358: checking for x86_64-linux-gnu-gcc
configure:3385: result: gcc
configure:3654: checking for C compiler version
configure:3663: gcc --version >&5
gcc (Ubuntu 5.2.1-22ubuntu2) 5.2.1 20151010
Copyright (C) 2015 Free Software Foundation, Inc.
This is free software; see the source for copying conditions.  There is NO
warranty; not even for MERCHANTABILITY or FITNESS FOR A PARTICULAR PURPOSE.

configure:3674: $? = 0
configure:3663: gcc -v >&5
Using built-in specs.
COLLECT_GCC=gcc
COLLECT_LTO_WRAPPER=/usr/lib/gcc/x86_64-linux-gnu/5/lto-wrapper
Target: x86_64-linux-gnu
Configured with: ../src/configure -v --with-pkgversion='Ubuntu 5.2.1-22ubuntu2' --with-bugurl=file:///usr/share/doc/gcc-5/README.Bugs --enable-languages=c,ada,c++,java,go,d,fortran,objc,obj-c++ --prefix=/usr --program-suffix=-5 --enable-shared --enable-linker-build-id --libexecdir=/usr/lib --without-included-gettext --enable-threads=posix --libdir=/usr/lib --enable-nls --with-sysroot=/ --enable-clocale=gnu --enable-libstdcxx-debug --enable-libstdcxx-time=yes --with-default-libstdcxx-abi=new --enable-gnu-unique-object --disable-vtable-verify --enable-libmpx --enable-plugin --with-system-zlib --disable-browser-plugin --enable-java-awt=gtk --enable-gtk-cairo --with-java-home=/usr/lib/jvm/java-1.5.0-gcj-5-amd64/jre --enable-java-home --with-jvm-root-dir=/usr/lib/jvm/java-1.5.0-gcj-5-amd64 --with-jvm-jar-dir=/usr/lib/jvm-exports/java-1.5.0-gcj-5-amd64 --with-arch-directory=amd64 --with-ecj-jar=/usr/share/java/eclipse-ecj.jar --enable-objc-gc --enable-multiarch --disable-werror --with-arch-32=i686 --with-abi=m64 --with-multilib-list=m32,m64,mx32 --enable-multilib --with-tune=generic --enable-checking=release --build=x86_64-linux-gnu --host=x86_64-linux-gnu --target=x86_64-linux-gnu
Thread model: posix
gcc version 5.2.1 20151010 (Ubuntu 5.2.1-22ubuntu2) 
configure:3674: $? = 0
configure:3663: gcc -V >&5
gcc: error: unrecognized command line option '-V'
gcc: fatal error: no input files
compilation terminated.
configure:3674: $? = 1
configure:3663: gcc -qversion >&5
gcc: error: unrecognized command line option '-qversion'
gcc: fatal error: no input files
compilation terminated.
configure:3674: $? = 1
configure:3694: checking whether the C compiler works
configure:3716: gcc  -I/home/vlc/vlcProject/vlc-2.2/contrib/x86_64-linux-gnu/include -g  -I/home/vlc/vlcProject/vlc-2.2/contrib/x86_64-linux-gnu/include  -L/home/vlc/vlcProject/vlc-2.2/contrib/x86_64-linux-gnu/lib conftest.c  >&5
configure:3720: $? = 0
configure:3768: result: yes
configure:3771: checking for C compiler default output file name
configure:3773: result: a.out
configure:3779: checking for suffix of executables
configure:3786: gcc -o conftest  -I/home/vlc/vlcProject/vlc-2.2/contrib/x86_64-linux-gnu/include -g  -I/home/vlc/vlcProject/vlc-2.2/contrib/x86_64-linux-gnu/include  -L/home/vlc/vlcProject/vlc-2.2/contrib/x86_64-linux-gnu/lib conftest.c  >&5
configure:3790: $? = 0
configure:3812: result: 
configure:3834: checking whether we are cross compiling
configure:3842: gcc -o conftest  -I/home/vlc/vlcProject/vlc-2.2/contrib/x86_64-linux-gnu/include -g  -I/home/vlc/vlcProject/vlc-2.2/contrib/x86_64-linux-gnu/include  -L/home/vlc/vlcProject/vlc-2.2/contrib/x86_64-linux-gnu/lib conftest.c  >&5
configure:3846: $? = 0
configure:3853: ./conftest
configure:3857: $? = 0
configure:3872: result: no
configure:3877: checking for suffix of object files
configure:3899: gcc -c  -I/home/vlc/vlcProject/vlc-2.2/contrib/x86_64-linux-gnu/include -g  -I/home/vlc/vlcProject/vlc-2.2/contrib/x86_64-linux-gnu/include conftest.c >&5
configure:3903: $? = 0
configure:3924: result: o
configure:3928: checking whether we are using the GNU C compiler
configure:3947: gcc -c  -I/home/vlc/vlcProject/vlc-2.2/contrib/x86_64-linux-gnu/include -g  -I/home/vlc/vlcProject/vlc-2.2/contrib/x86_64-linux-gnu/include conftest.c >&5
configure:3947: $? = 0
configure:3956: result: yes
configure:3965: checking whether gcc accepts -g
configure:3985: gcc -c -g  -I/home/vlc/vlcProject/vlc-2.2/contrib/x86_64-linux-gnu/include conftest.c >&5
configure:3985: $? = 0
configure:4026: result: yes
configure:4043: checking for gcc option to accept ISO C89
configure:4106: gcc  -c  -I/home/vlc/vlcProject/vlc-2.2/contrib/x86_64-linux-gnu/include -g  -I/home/vlc/vlcProject/vlc-2.2/contrib/x86_64-linux-gnu/include conftest.c >&5
configure:4106: $? = 0
configure:4119: result: none needed
configure:4144: checking whether gcc understands -c and -o together
configure:4166: gcc -c conftest.c -o conftest2.o
configure:4169: $? = 0
configure:4166: gcc -c conftest.c -o conftest2.o
configure:4169: $? = 0
configure:4181: result: yes
configure:4209: checking for style of include used by make
configure:4237: result: GNU
configure:4263: checking dependency style of gcc
configure:4374: result: none
configure:4501: checking for C++ compiler version
configure:4510: g++ --version >&5
g++ (Ubuntu 5.2.1-22ubuntu2) 5.2.1 20151010
Copyright (C) 2015 Free Software Foundation, Inc.
This is free software; see the source for copying conditions.  There is NO
warranty; not even for MERCHANTABILITY or FITNESS FOR A PARTICULAR PURPOSE.

configure:4521: $? = 0
configure:4510: g++ -v >&5
Using built-in specs.
COLLECT_GCC=g++
COLLECT_LTO_WRAPPER=/usr/lib/gcc/x86_64-linux-gnu/5/lto-wrapper
Target: x86_64-linux-gnu
Configured with: ../src/configure -v --with-pkgversion='Ubuntu 5.2.1-22ubuntu2' --with-bugurl=file:///usr/share/doc/gcc-5/README.Bugs --enable-languages=c,ada,c++,java,go,d,fortran,objc,obj-c++ --prefix=/usr --program-suffix=-5 --enable-shared --enable-linker-build-id --libexecdir=/usr/lib --without-included-gettext --enable-threads=posix --libdir=/usr/lib --enable-nls --with-sysroot=/ --enable-clocale=gnu --enable-libstdcxx-debug --enable-libstdcxx-time=yes --with-default-libstdcxx-abi=new --enable-gnu-unique-object --disable-vtable-verify --enable-libmpx --enable-plugin --with-system-zlib --disable-browser-plugin --enable-java-awt=gtk --enable-gtk-cairo --with-java-home=/usr/lib/jvm/java-1.5.0-gcj-5-amd64/jre --enable-java-home --with-jvm-root-dir=/usr/lib/jvm/java-1.5.0-gcj-5-amd64 --with-jvm-jar-dir=/usr/lib/jvm-exports/java-1.5.0-gcj-5-amd64 --with-arch-directory=amd64 --with-ecj-jar=/usr/share/java/eclipse-ecj.jar --enable-objc-gc --enable-multiarch --disable-werror --with-arch-32=i686 --with-abi=m64 --with-multilib-list=m32,m64,mx32 --enable-multilib --with-tune=generic --enable-checking=release --build=x86_64-linux-gnu --host=x86_64-linux-gnu --target=x86_64-linux-gnu
Thread model: posix
gcc version 5.2.1 20151010 (Ubuntu 5.2.1-22ubuntu2) 
configure:4521: $? = 0
configure:4510: g++ -V >&5
g++: error: unrecognized command line option '-V'
g++: fatal error: no input files
compilation terminated.
configure:4521: $? = 1
configure:4510: g++ -qversion >&5
g++: error: unrecognized command line option '-qversion'
g++: fatal error: no input files
compilation terminated.
configure:4521: $? = 1
configure:4525: checking whether we are using the GNU C++ compiler
configure:4544: g++ -c  -I/home/vlc/vlcProject/vlc-2.2/contrib/x86_64-linux-gnu/include -g  -I/home/vlc/vlcProject/vlc-2.2/contrib/x86_64-linux-gnu/include conftest.cpp >&5
configure:4544: $? = 0
configure:4553: result: yes
configure:4562: checking whether g++ accepts -g
configure:4582: g++ -c -g  -I/home/vlc/vlcProject/vlc-2.2/contrib/x86_64-linux-gnu/include conftest.cpp >&5
configure:4582: $? = 0
configure:4623: result: yes
configure:4648: checking dependency style of g++
configure:4759: result: none
configure:5124: checking how to print strings
configure:5151: result: printf
configure:5172: checking for a sed that does not truncate output
configure:5236: result: /bin/sed
configure:5254: checking for grep that handles long lines and -e
configure:5312: result: /bin/grep
configure:5317: checking for egrep
configure:5379: result: /bin/grep -E
configure:5384: checking for fgrep
configure:5446: result: /bin/grep -F
configure:5481: checking for ld used by gcc
configure:5548: result: ld
configure:5555: checking if the linker (ld) is GNU ld
configure:5570: result: yes
configure:5582: checking for BSD- or MS-compatible name lister (nm)
configure:5631: result: /usr/bin/nm -B
configure:5761: checking the name lister (/usr/bin/nm -B) interface
configure:5768: gcc -c  -I/home/vlc/vlcProject/vlc-2.2/contrib/x86_64-linux-gnu/include -g  -I/home/vlc/vlcProject/vlc-2.2/contrib/x86_64-linux-gnu/include conftest.c >&5
configure:5771: /usr/bin/nm -B "conftest.o"
configure:5774: output
0000000000000000 B some_variable
configure:5781: result: BSD nm
configure:5784: checking whether ln -s works
configure:5788: result: yes
configure:5796: checking the maximum length of command line arguments
configure:5927: result: 1572864
configure:5944: checking whether the shell understands some XSI constructs
configure:5954: result: yes
configure:5958: checking whether the shell understands "+="
configure:5964: result: yes
configure:5999: checking how to convert x86_64-pc-linux-gnu file names to x86_64-pc-linux-gnu format
configure:6039: result: func_convert_file_noop
configure:6046: checking how to convert x86_64-pc-linux-gnu file names to toolchain format
configure:6066: result: func_convert_file_noop
configure:6073: checking for ld option to reload object files
configure:6080: result: -r
configure:6114: checking for x86_64-linux-gnu-objdump
configure:6141: result: objdump
configure:6210: checking how to recognize dependent libraries
configure:6408: result: pass_all
configure:6453: checking for x86_64-linux-gnu-dlltool
configure:6480: result: dlltool
configure:6550: checking how to associate runtime and link libraries
configure:6577: result: printf %s\n
configure:6594: checking for x86_64-linux-gnu-ar
configure:6621: result: ar
configure:6702: checking for archiver @FILE support
configure:6719: gcc -c  -I/home/vlc/vlcProject/vlc-2.2/contrib/x86_64-linux-gnu/include -g  -I/home/vlc/vlcProject/vlc-2.2/contrib/x86_64-linux-gnu/include conftest.c >&5
configure:6719: $? = 0
configure:6722: ar cru libconftest.a @conftest.lst >&5
ar: `u' modifier ignored since `D' is the default (see `U')
configure:6725: $? = 0
configure:6730: ar cru libconftest.a @conftest.lst >&5
ar: `u' modifier ignored since `D' is the default (see `U')
ar: conftest.o: No such file or directory
configure:6733: $? = 1
configure:6745: result: @
configure:6763: checking for x86_64-linux-gnu-strip
configure:6790: result: strip
configure:6862: checking for x86_64-linux-gnu-ranlib
configure:6889: result: ranlib
configure:7031: checking command to parse /usr/bin/nm -B output from gcc object
configure:7151: gcc -c  -I/home/vlc/vlcProject/vlc-2.2/contrib/x86_64-linux-gnu/include -g  -I/home/vlc/vlcProject/vlc-2.2/contrib/x86_64-linux-gnu/include conftest.c >&5
configure:7154: $? = 0
configure:7158: /usr/bin/nm -B conftest.o \| sed -n -e 's/^.*[ ]\([ABCDGIRSTW][ABCDGIRSTW]*\)[ ][ ]*\([_A-Za-z][_A-Za-z0-9]*\)$/\1 \2 \2/p' | sed '/ __gnu_lto/d' \> conftest.nm
configure:7161: $? = 0
configure:7227: gcc -o conftest  -I/home/vlc/vlcProject/vlc-2.2/contrib/x86_64-linux-gnu/include -g  -I/home/vlc/vlcProject/vlc-2.2/contrib/x86_64-linux-gnu/include  -L/home/vlc/vlcProject/vlc-2.2/contrib/x86_64-linux-gnu/lib conftest.c conftstm.o >&5
configure:7230: $? = 0
configure:7268: result: ok
configure:7305: checking for sysroot
configure:7335: result: no
configure:7412: gcc -c  -I/home/vlc/vlcProject/vlc-2.2/contrib/x86_64-linux-gnu/include -g  -I/home/vlc/vlcProject/vlc-2.2/contrib/x86_64-linux-gnu/include conftest.c >&5
configure:7415: $? = 0
configure:7564: checking for x86_64-linux-gnu-mt
configure:7594: result: no
configure:7604: checking for mt
configure:7620: found /bin/mt
configure:7631: result: mt
configure:7654: checking if mt is a manifest tool
configure:7660: mt '-?'
configure:7668: result: no
configure:8310: checking how to run the C preprocessor
configure:8341: gcc -E  -I/home/vlc/vlcProject/vlc-2.2/contrib/x86_64-linux-gnu/include conftest.c
configure:8341: $? = 0
configure:8355: gcc -E  -I/home/vlc/vlcProject/vlc-2.2/contrib/x86_64-linux-gnu/include conftest.c
conftest.c:9:28: fatal error: ac_nonexistent.h: No such file or directory
compilation terminated.
configure:8355: $? = 1
configure: failed program was:
| /* confdefs.h */
| #define PACKAGE_NAME "libsidplay"
| #define PACKAGE_TARNAME "libsidplay"
| #define PACKAGE_VERSION "2.1.1"
| #define PACKAGE_STRING "libsidplay 2.1.1"
| #define PACKAGE_BUGREPORT ""
| #define PACKAGE_URL ""
| /* end confdefs.h.  */
| #include <ac_nonexistent.h>
configure:8380: result: gcc -E
configure:8400: gcc -E  -I/home/vlc/vlcProject/vlc-2.2/contrib/x86_64-linux-gnu/include conftest.c
configure:8400: $? = 0
configure:8414: gcc -E  -I/home/vlc/vlcProject/vlc-2.2/contrib/x86_64-linux-gnu/include conftest.c
conftest.c:9:28: fatal error: ac_nonexistent.h: No such file or directory
compilation terminated.
configure:8414: $? = 1
configure: failed program was:
| /* confdefs.h */
| #define PACKAGE_NAME "libsidplay"
| #define PACKAGE_TARNAME "libsidplay"
| #define PACKAGE_VERSION "2.1.1"
| #define PACKAGE_STRING "libsidplay 2.1.1"
| #define PACKAGE_BUGREPORT ""
| #define PACKAGE_URL ""
| /* end confdefs.h.  */
| #include <ac_nonexistent.h>
configure:8443: checking for ANSI C header files
configure:8463: gcc -c  -I/home/vlc/vlcProject/vlc-2.2/contrib/x86_64-linux-gnu/include -g  -I/home/vlc/vlcProject/vlc-2.2/contrib/x86_64-linux-gnu/include conftest.c >&5
configure:8463: $? = 0
configure:8536: gcc -o conftest  -I/home/vlc/vlcProject/vlc-2.2/contrib/x86_64-linux-gnu/include -g  -I/home/vlc/vlcProject/vlc-2.2/contrib/x86_64-linux-gnu/include  -L/home/vlc/vlcProject/vlc-2.2/contrib/x86_64-linux-gnu/lib conftest.c  >&5
configure:8536: $? = 0
configure:8536: ./conftest
configure:8536: $? = 0
configure:8547: result: yes
configure:8560: checking for sys/types.h
configure:8560: gcc -c  -I/home/vlc/vlcProject/vlc-2.2/contrib/x86_64-linux-gnu/include -g  -I/home/vlc/vlcProject/vlc-2.2/contrib/x86_64-linux-gnu/include conftest.c >&5
configure:8560: $? = 0
configure:8560: result: yes
configure:8560: checking for sys/stat.h
configure:8560: gcc -c  -I/home/vlc/vlcProject/vlc-2.2/contrib/x86_64-linux-gnu/include -g  -I/home/vlc/vlcProject/vlc-2.2/contrib/x86_64-linux-gnu/include conftest.c >&5
configure:8560: $? = 0
configure:8560: result: yes
configure:8560: checking for stdlib.h
configure:8560: gcc -c  -I/home/vlc/vlcProject/vlc-2.2/contrib/x86_64-linux-gnu/include -g  -I/home/vlc/vlcProject/vlc-2.2/contrib/x86_64-linux-gnu/include conftest.c >&5
configure:8560: $? = 0
configure:8560: result: yes
configure:8560: checking for string.h
configure:8560: gcc -c  -I/home/vlc/vlcProject/vlc-2.2/contrib/x86_64-linux-gnu/include -g  -I/home/vlc/vlcProject/vlc-2.2/contrib/x86_64-linux-gnu/include conftest.c >&5
configure:8560: $? = 0
configure:8560: result: yes
configure:8560: checking for memory.h
configure:8560: gcc -c  -I/home/vlc/vlcProject/vlc-2.2/contrib/x86_64-linux-gnu/include -g  -I/home/vlc/vlcProject/vlc-2.2/contrib/x86_64-linux-gnu/include conftest.c >&5
configure:8560: $? = 0
configure:8560: result: yes
configure:8560: checking for strings.h
configure:8560: gcc -c  -I/home/vlc/vlcProject/vlc-2.2/contrib/x86_64-linux-gnu/include -g  -I/home/vlc/vlcProject/vlc-2.2/contrib/x86_64-linux-gnu/include conftest.c >&5
configure:8560: $? = 0
configure:8560: result: yes
configure:8560: checking for inttypes.h
configure:8560: gcc -c  -I/home/vlc/vlcProject/vlc-2.2/contrib/x86_64-linux-gnu/include -g  -I/home/vlc/vlcProject/vlc-2.2/contrib/x86_64-linux-gnu/include conftest.c >&5
configure:8560: $? = 0
configure:8560: result: yes
configure:8560: checking for stdint.h
configure:8560: gcc -c  -I/home/vlc/vlcProject/vlc-2.2/contrib/x86_64-linux-gnu/include -g  -I/home/vlc/vlcProject/vlc-2.2/contrib/x86_64-linux-gnu/include conftest.c >&5
configure:8560: $? = 0
configure:8560: result: yes
configure:8560: checking for unistd.h
configure:8560: gcc -c  -I/home/vlc/vlcProject/vlc-2.2/contrib/x86_64-linux-gnu/include -g  -I/home/vlc/vlcProject/vlc-2.2/contrib/x86_64-linux-gnu/include conftest.c >&5
configure:8560: $? = 0
configure:8560: result: yes
configure:8574: checking for dlfcn.h
configure:8574: gcc -c  -I/home/vlc/vlcProject/vlc-2.2/contrib/x86_64-linux-gnu/include -g  -I/home/vlc/vlcProject/vlc-2.2/contrib/x86_64-linux-gnu/include conftest.c >&5
configure:8574: $? = 0
configure:8574: result: yes
configure:8789: checking for objdir
configure:8804: result: .libs
configure:9071: checking if gcc supports -fno-rtti -fno-exceptions
configure:9089: gcc -c  -I/home/vlc/vlcProject/vlc-2.2/contrib/x86_64-linux-gnu/include -g  -I/home/vlc/vlcProject/vlc-2.2/contrib/x86_64-linux-gnu/include -fno-rtti -fno-exceptions conftest.c >&5
cc1: warning: command line option '-fno-rtti' is valid for C++/ObjC++ but not for C
configure:9093: $? = 0
configure:9106: result: no
configure:9433: checking for gcc option to produce PIC
configure:9440: result: -fPIC -DPIC
configure:9448: checking if gcc PIC flag -fPIC -DPIC works
configure:9466: gcc -c  -I/home/vlc/vlcProject/vlc-2.2/contrib/x86_64-linux-gnu/include -g  -I/home/vlc/vlcProject/vlc-2.2/contrib/x86_64-linux-gnu/include -fPIC -DPIC -DPIC conftest.c >&5
configure:9470: $? = 0
configure:9483: result: yes
configure:9512: checking if gcc static flag -static works
configure:9540: result: yes
configure:9555: checking if gcc supports -c -o file.o
configure:9576: gcc -c  -I/home/vlc/vlcProject/vlc-2.2/contrib/x86_64-linux-gnu/include -g  -I/home/vlc/vlcProject/vlc-2.2/contrib/x86_64-linux-gnu/include -o out/conftest2.o conftest.c >&5
configure:9580: $? = 0
configure:9602: result: yes
configure:9610: checking if gcc supports -c -o file.o
configure:9657: result: yes
configure:9690: checking whether the gcc linker (ld -m elf_x86_64) supports shared libraries
configure:10847: result: yes
configure:11087: checking dynamic linker characteristics
configure:11587: gcc -o conftest  -I/home/vlc/vlcProject/vlc-2.2/contrib/x86_64-linux-gnu/include -g  -I/home/vlc/vlcProject/vlc-2.2/contrib/x86_64-linux-gnu/include  -L/home/vlc/vlcProject/vlc-2.2/contrib/x86_64-linux-gnu/lib -Wl,-rpath -Wl,/foo conftest.c  >&5
configure:11587: $? = 0
configure:11821: result: GNU/Linux ld.so
configure:11928: checking how to hardcode library paths into programs
configure:11953: result: immediate
configure:12493: checking whether stripping libraries is possible
configure:12498: result: yes
configure:12533: checking if libtool supports shared libraries
configure:12535: result: yes
configure:12538: checking whether to build shared libraries
configure:12559: result: no
configure:12562: checking whether to build static libraries
configure:12566: result: yes
configure:12589: checking how to run the C++ preprocessor
configure:12616: g++ -E  -I/home/vlc/vlcProject/vlc-2.2/contrib/x86_64-linux-gnu/include conftest.cpp
configure:12616: $? = 0
configure:12630: g++ -E  -I/home/vlc/vlcProject/vlc-2.2/contrib/x86_64-linux-gnu/include conftest.cpp
conftest.cpp:21:28: fatal error: ac_nonexistent.h: No such file or directory
compilation terminated.
configure:12630: $? = 1
configure: failed program was:
| /* confdefs.h */
| #define PACKAGE_NAME "libsidplay"
| #define PACKAGE_TARNAME "libsidplay"
| #define PACKAGE_VERSION "2.1.1"
| #define PACKAGE_STRING "libsidplay 2.1.1"
| #define PACKAGE_BUGREPORT ""
| #define PACKAGE_URL ""
| #define STDC_HEADERS 1
| #define HAVE_SYS_TYPES_H 1
| #define HAVE_SYS_STAT_H 1
| #define HAVE_STDLIB_H 1
| #define HAVE_STRING_H 1
| #define HAVE_MEMORY_H 1
| #define HAVE_STRINGS_H 1
| #define HAVE_INTTYPES_H 1
| #define HAVE_STDINT_H 1
| #define HAVE_UNISTD_H 1
| #define HAVE_DLFCN_H 1
| #define LT_OBJDIR ".libs/"
| /* end confdefs.h.  */
| #include <ac_nonexistent.h>
configure:12655: result: g++ -E
configure:12675: g++ -E  -I/home/vlc/vlcProject/vlc-2.2/contrib/x86_64-linux-gnu/include conftest.cpp
configure:12675: $? = 0
configure:12689: g++ -E  -I/home/vlc/vlcProject/vlc-2.2/contrib/x86_64-linux-gnu/include conftest.cpp
conftest.cpp:21:28: fatal error: ac_nonexistent.h: No such file or directory
compilation terminated.
configure:12689: $? = 1
configure: failed program was:
| /* confdefs.h */
| #define PACKAGE_NAME "libsidplay"
| #define PACKAGE_TARNAME "libsidplay"
| #define PACKAGE_VERSION "2.1.1"
| #define PACKAGE_STRING "libsidplay 2.1.1"
| #define PACKAGE_BUGREPORT ""
| #define PACKAGE_URL ""
| #define STDC_HEADERS 1
| #define HAVE_SYS_TYPES_H 1
| #define HAVE_SYS_STAT_H 1
| #define HAVE_STDLIB_H 1
| #define HAVE_STRING_H 1
| #define HAVE_MEMORY_H 1
| #define HAVE_STRINGS_H 1
| #define HAVE_INTTYPES_H 1
| #define HAVE_STDINT_H 1
| #define HAVE_UNISTD_H 1
| #define HAVE_DLFCN_H 1
| #define LT_OBJDIR ".libs/"
| /* end confdefs.h.  */
| #include <ac_nonexistent.h>
configure:12858: checking for ld used by g++
configure:12925: result: ld -m elf_x86_64
configure:12932: checking if the linker (ld -m elf_x86_64) is GNU ld
configure:12947: result: yes
configure:13002: checking whether the g++ linker (ld -m elf_x86_64) supports shared libraries
configure:14004: result: yes
configure:14040: g++ -c  -I/home/vlc/vlcProject/vlc-2.2/contrib/x86_64-linux-gnu/include -g  -I/home/vlc/vlcProject/vlc-2.2/contrib/x86_64-linux-gnu/include conftest.cpp >&5
configure:14043: $? = 0
configure:14563: checking for g++ option to produce PIC
configure:14570: result: -fPIC -DPIC
configure:14578: checking if g++ PIC flag -fPIC -DPIC works
configure:14596: g++ -c  -I/home/vlc/vlcProject/vlc-2.2/contrib/x86_64-linux-gnu/include -g  -I/home/vlc/vlcProject/vlc-2.2/contrib/x86_64-linux-gnu/include -fPIC -DPIC -DPIC conftest.cpp >&5
configure:14600: $? = 0
configure:14613: result: yes
configure:14636: checking if g++ static flag -static works
configure:14664: result: yes
configure:14676: checking if g++ supports -c -o file.o
configure:14697: g++ -c  -I/home/vlc/vlcProject/vlc-2.2/contrib/x86_64-linux-gnu/include -g  -I/home/vlc/vlcProject/vlc-2.2/contrib/x86_64-linux-gnu/include -o out/conftest2.o conftest.cpp >&5
configure:14701: $? = 0
configure:14723: result: yes
configure:14728: checking if g++ supports -c -o file.o
configure:14775: result: yes
configure:14805: checking whether the g++ linker (ld -m elf_x86_64) supports shared libraries
configure:14844: result: yes
configure:14985: checking dynamic linker characteristics
configure:15653: result: GNU/Linux ld.so
configure:15706: checking how to hardcode library paths into programs
configure:15731: result: immediate
configure:15793: checking for ANSI C header files
configure:15897: result: yes
configure:15907: checking stdbool.h usability
configure:15907: gcc -c  -I/home/vlc/vlcProject/vlc-2.2/contrib/x86_64-linux-gnu/include -g  -I/home/vlc/vlcProject/vlc-2.2/contrib/x86_64-linux-gnu/include conftest.c >&5
configure:15907: $? = 0
configure:15907: result: yes
configure:15907: checking stdbool.h presence
configure:15907: gcc -E  -I/home/vlc/vlcProject/vlc-2.2/contrib/x86_64-linux-gnu/include conftest.c
configure:15907: $? = 0
configure:15907: result: yes
configure:15907: checking for stdbool.h
configure:15907: result: yes
configure:15929: checking for stdint-types....
configure:15939: result: "(putting them into unix/sidint.h)"
configure:15952: checking for uintptr_t
configure:15952: gcc -c  -I/home/vlc/vlcProject/vlc-2.2/contrib/x86_64-linux-gnu/include -g  -I/home/vlc/vlcProject/vlc-2.2/contrib/x86_64-linux-gnu/include conftest.c >&5
configure:15952: $? = 0
configure:15952: gcc -c  -I/home/vlc/vlcProject/vlc-2.2/contrib/x86_64-linux-gnu/include -g  -I/home/vlc/vlcProject/vlc-2.2/contrib/x86_64-linux-gnu/include conftest.c >&5
conftest.c: In function 'main':
conftest.c:28:24: error: expected expression before ')' token
 if (sizeof ((uintptr_t)))
                        ^
configure:15952: $? = 1
configure: failed program was:
| /* confdefs.h */
| #define PACKAGE_NAME "libsidplay"
| #define PACKAGE_TARNAME "libsidplay"
| #define PACKAGE_VERSION "2.1.1"
| #define PACKAGE_STRING "libsidplay 2.1.1"
| #define PACKAGE_BUGREPORT ""
| #define PACKAGE_URL ""
| #define STDC_HEADERS 1
| #define HAVE_SYS_TYPES_H 1
| #define HAVE_SYS_STAT_H 1
| #define HAVE_STDLIB_H 1
| #define HAVE_STRING_H 1
| #define HAVE_MEMORY_H 1
| #define HAVE_STRINGS_H 1
| #define HAVE_INTTYPES_H 1
| #define HAVE_STDINT_H 1
| #define HAVE_UNISTD_H 1
| #define HAVE_DLFCN_H 1
| #define LT_OBJDIR ".libs/"
| #define STDC_HEADERS 1
| #define HAVE_STDBOOL_H 1
| /* end confdefs.h.  */
| #include <stdint.h>
| 
| int
| main ()
| {
| if (sizeof ((uintptr_t)))
| 	    return 0;
|   ;
|   return 0;
| }
configure:15952: result: yes
configure:15960: checking for uint64_t
configure:15960: gcc -c  -I/home/vlc/vlcProject/vlc-2.2/contrib/x86_64-linux-gnu/include -g  -I/home/vlc/vlcProject/vlc-2.2/contrib/x86_64-linux-gnu/include conftest.c >&5
configure:15960: $? = 0
configure:15960: gcc -c  -I/home/vlc/vlcProject/vlc-2.2/contrib/x86_64-linux-gnu/include -g  -I/home/vlc/vlcProject/vlc-2.2/contrib/x86_64-linux-gnu/include conftest.c >&5
conftest.c: In function 'main':
conftest.c:28:23: error: expected expression before ')' token
 if (sizeof ((uint64_t)))
                       ^
configure:15960: $? = 1
configure: failed program was:
| /* confdefs.h */
| #define PACKAGE_NAME "libsidplay"
| #define PACKAGE_TARNAME "libsidplay"
| #define PACKAGE_VERSION "2.1.1"
| #define PACKAGE_STRING "libsidplay 2.1.1"
| #define PACKAGE_BUGREPORT ""
| #define PACKAGE_URL ""
| #define STDC_HEADERS 1
| #define HAVE_SYS_TYPES_H 1
| #define HAVE_SYS_STAT_H 1
| #define HAVE_STDLIB_H 1
| #define HAVE_STRING_H 1
| #define HAVE_MEMORY_H 1
| #define HAVE_STRINGS_H 1
| #define HAVE_INTTYPES_H 1
| #define HAVE_STDINT_H 1
| #define HAVE_UNISTD_H 1
| #define HAVE_DLFCN_H 1
| #define LT_OBJDIR ".libs/"
| #define STDC_HEADERS 1
| #define HAVE_STDBOOL_H 1
| /* end confdefs.h.  */
| #include<stdint.h>
| 
| int
| main ()
| {
| if (sizeof ((uint64_t)))
| 	    return 0;
|   ;
|   return 0;
| }
configure:15960: result: yes
configure:15968: result: ... seen our uintptr_t in stdint.h (uint64_t too)
configure:16233: result: creating unix/sidint.h : _UNIX_SIDINT_H
configure:16260: checking for int_least32_t
configure:16260: gcc -c  -I/home/vlc/vlcProject/vlc-2.2/contrib/x86_64-linux-gnu/include -g  -I/home/vlc/vlcProject/vlc-2.2/contrib/x86_64-linux-gnu/include conftest.c >&5
configure:16260: $? = 0
configure:16260: gcc -c  -I/home/vlc/vlcProject/vlc-2.2/contrib/x86_64-linux-gnu/include -g  -I/home/vlc/vlcProject/vlc-2.2/contrib/x86_64-linux-gnu/include conftest.c >&5
conftest.c: In function 'main':
conftest.c:28:28: error: expected expression before ')' token
 if (sizeof ((int_least32_t)))
                            ^
configure:16260: $? = 1
configure: failed program was:
| /* confdefs.h */
| #define PACKAGE_NAME "libsidplay"
| #define PACKAGE_TARNAME "libsidplay"
| #define PACKAGE_VERSION "2.1.1"
| #define PACKAGE_STRING "libsidplay 2.1.1"
| #define PACKAGE_BUGREPORT ""
| #define PACKAGE_URL ""
| #define STDC_HEADERS 1
| #define HAVE_SYS_TYPES_H 1
| #define HAVE_SYS_STAT_H 1
| #define HAVE_STDLIB_H 1
| #define HAVE_STRING_H 1
| #define HAVE_MEMORY_H 1
| #define HAVE_STRINGS_H 1
| #define HAVE_INTTYPES_H 1
| #define HAVE_STDINT_H 1
| #define HAVE_UNISTD_H 1
| #define HAVE_DLFCN_H 1
| #define LT_OBJDIR ".libs/"
| #define STDC_HEADERS 1
| #define HAVE_STDBOOL_H 1
| /* end confdefs.h.  */
| #include <stdint.h>
| 
| int
| main ()
| {
| if (sizeof ((int_least32_t)))
| 	    return 0;
|   ;
|   return 0;
| }
configure:16260: result: yes
configure:16266: checking for int_fast32_t
configure:16266: gcc -c  -I/home/vlc/vlcProject/vlc-2.2/contrib/x86_64-linux-gnu/include -g  -I/home/vlc/vlcProject/vlc-2.2/contrib/x86_64-linux-gnu/include conftest.c >&5
configure:16266: $? = 0
configure:16266: gcc -c  -I/home/vlc/vlcProject/vlc-2.2/contrib/x86_64-linux-gnu/include -g  -I/home/vlc/vlcProject/vlc-2.2/contrib/x86_64-linux-gnu/include conftest.c >&5
conftest.c: In function 'main':
conftest.c:28:27: error: expected expression before ')' token
 if (sizeof ((int_fast32_t)))
                           ^
configure:16266: $? = 1
configure: failed program was:
| /* confdefs.h */
| #define PACKAGE_NAME "libsidplay"
| #define PACKAGE_TARNAME "libsidplay"
| #define PACKAGE_VERSION "2.1.1"
| #define PACKAGE_STRING "libsidplay 2.1.1"
| #define PACKAGE_BUGREPORT ""
| #define PACKAGE_URL ""
| #define STDC_HEADERS 1
| #define HAVE_SYS_TYPES_H 1
| #define HAVE_SYS_STAT_H 1
| #define HAVE_STDLIB_H 1
| #define HAVE_STRING_H 1
| #define HAVE_MEMORY_H 1
| #define HAVE_STRINGS_H 1
| #define HAVE_INTTYPES_H 1
| #define HAVE_STDINT_H 1
| #define HAVE_UNISTD_H 1
| #define HAVE_DLFCN_H 1
| #define LT_OBJDIR ".libs/"
| #define STDC_HEADERS 1
| #define HAVE_STDBOOL_H 1
| /* end confdefs.h.  */
| #include<stdint.h>
| 
| int
| main ()
| {
| if (sizeof ((int_fast32_t)))
| 	    return 0;
|   ;
|   return 0;
| }
configure:16266: result: yes
configure:16279: result: ..adding include stdint.h
configure:16289: result: ... seen good stdint.h inttypes
configure:16425: result: ... seen good uint64_t
configure:16645: result: ... DONE unix/sidint.h
configure:16655: checking whether byte ordering is bigendian
configure:16670: gcc -c  -I/home/vlc/vlcProject/vlc-2.2/contrib/x86_64-linux-gnu/include -g  -I/home/vlc/vlcProject/vlc-2.2/contrib/x86_64-linux-gnu/include conftest.c >&5
conftest.c:24:9: error: unknown type name 'not'
         not a universal capable compiler
         ^
conftest.c:24:15: error: expected '=', ',', ';', 'asm' or '__attribute__' before 'universal'
         not a universal capable compiler
               ^
conftest.c:24:15: error: unknown type name 'universal'
configure:16670: $? = 1
configure: failed program was:
| /* confdefs.h */
| #define PACKAGE_NAME "libsidplay"
| #define PACKAGE_TARNAME "libsidplay"
| #define PACKAGE_VERSION "2.1.1"
| #define PACKAGE_STRING "libsidplay 2.1.1"
| #define PACKAGE_BUGREPORT ""
| #define PACKAGE_URL ""
| #define STDC_HEADERS 1
| #define HAVE_SYS_TYPES_H 1
| #define HAVE_SYS_STAT_H 1
| #define HAVE_STDLIB_H 1
| #define HAVE_STRING_H 1
| #define HAVE_MEMORY_H 1
| #define HAVE_STRINGS_H 1
| #define HAVE_INTTYPES_H 1
| #define HAVE_STDINT_H 1
| #define HAVE_UNISTD_H 1
| #define HAVE_DLFCN_H 1
| #define LT_OBJDIR ".libs/"
| #define STDC_HEADERS 1
| #define HAVE_STDBOOL_H 1
| /* end confdefs.h.  */
| #ifndef __APPLE_CC__
| 	       not a universal capable compiler
| 	     #endif
| 	     typedef int dummy;
| 
configure:16715: gcc -c  -I/home/vlc/vlcProject/vlc-2.2/contrib/x86_64-linux-gnu/include -g  -I/home/vlc/vlcProject/vlc-2.2/contrib/x86_64-linux-gnu/include conftest.c >&5
configure:16715: $? = 0
configure:16733: gcc -c  -I/home/vlc/vlcProject/vlc-2.2/contrib/x86_64-linux-gnu/include -g  -I/home/vlc/vlcProject/vlc-2.2/contrib/x86_64-linux-gnu/include conftest.c >&5
conftest.c: In function 'main':
conftest.c:30:4: error: unknown type name 'not'
    not big endian
    ^
conftest.c:30:12: error: expected '=', ',', ';', 'asm' or '__attribute__' before 'endian'
    not big endian
            ^
configure:16733: $? = 1
configure: failed program was:
| /* confdefs.h */
| #define PACKAGE_NAME "libsidplay"
| #define PACKAGE_TARNAME "libsidplay"
| #define PACKAGE_VERSION "2.1.1"
| #define PACKAGE_STRING "libsidplay 2.1.1"
| #define PACKAGE_BUGREPORT ""
| #define PACKAGE_URL ""
| #define STDC_HEADERS 1
| #define HAVE_SYS_TYPES_H 1
| #define HAVE_SYS_STAT_H 1
| #define HAVE_STDLIB_H 1
| #define HAVE_STRING_H 1
| #define HAVE_MEMORY_H 1
| #define HAVE_STRINGS_H 1
| #define HAVE_INTTYPES_H 1
| #define HAVE_STDINT_H 1
| #define HAVE_UNISTD_H 1
| #define HAVE_DLFCN_H 1
| #define LT_OBJDIR ".libs/"
| #define STDC_HEADERS 1
| #define HAVE_STDBOOL_H 1
| /* end confdefs.h.  */
| #include <sys/types.h>
| 		#include <sys/param.h>
| 
| int
| main ()
| {
| #if BYTE_ORDER != BIG_ENDIAN
| 		 not big endian
| 		#endif
| 
|   ;
|   return 0;
| }
configure:16861: result: no
configure:16895: checking size of char
configure:16900: gcc -o conftest  -I/home/vlc/vlcProject/vlc-2.2/contrib/x86_64-linux-gnu/include -g  -I/home/vlc/vlcProject/vlc-2.2/contrib/x86_64-linux-gnu/include  -L/home/vlc/vlcProject/vlc-2.2/contrib/x86_64-linux-gnu/lib conftest.c  >&5
configure:16900: $? = 0
configure:16900: ./conftest
configure:16900: $? = 0
configure:16914: result: 1
configure:16928: checking size of short int
configure:16933: gcc -o conftest  -I/home/vlc/vlcProject/vlc-2.2/contrib/x86_64-linux-gnu/include -g  -I/home/vlc/vlcProject/vlc-2.2/contrib/x86_64-linux-gnu/include  -L/home/vlc/vlcProject/vlc-2.2/contrib/x86_64-linux-gnu/lib conftest.c  >&5
configure:16933: $? = 0
configure:16933: ./conftest
configure:16933: $? = 0
configure:16947: result: 2
configure:16961: checking size of int
configure:16966: gcc -o conftest  -I/home/vlc/vlcProject/vlc-2.2/contrib/x86_64-linux-gnu/include -g  -I/home/vlc/vlcProject/vlc-2.2/contrib/x86_64-linux-gnu/include  -L/home/vlc/vlcProject/vlc-2.2/contrib/x86_64-linux-gnu/lib conftest.c  >&5
configure:16966: $? = 0
configure:16966: ./conftest
configure:16966: $? = 0
configure:16980: result: 4
configure:16994: checking size of long int
configure:16999: gcc -o conftest  -I/home/vlc/vlcProject/vlc-2.2/contrib/x86_64-linux-gnu/include -g  -I/home/vlc/vlcProject/vlc-2.2/contrib/x86_64-linux-gnu/include  -L/home/vlc/vlcProject/vlc-2.2/contrib/x86_64-linux-gnu/lib conftest.c  >&5
configure:16999: $? = 0
configure:16999: ./conftest
configure:16999: $? = 0
configure:17013: result: 8
configure:17041: checking for strncasecmp
configure:17041: gcc -o conftest  -I/home/vlc/vlcProject/vlc-2.2/contrib/x86_64-linux-gnu/include -g  -I/home/vlc/vlcProject/vlc-2.2/contrib/x86_64-linux-gnu/include  -L/home/vlc/vlcProject/vlc-2.2/contrib/x86_64-linux-gnu/lib conftest.c  >&5
conftest.c:50:6: warning: conflicting types for built-in function 'strncasecmp'
 char strncasecmp ();
      ^
configure:17041: $? = 0
configure:17041: result: yes
configure:17048: checking for strcasecmp
configure:17048: gcc -o conftest  -I/home/vlc/vlcProject/vlc-2.2/contrib/x86_64-linux-gnu/include -g  -I/home/vlc/vlcProject/vlc-2.2/contrib/x86_64-linux-gnu/include  -L/home/vlc/vlcProject/vlc-2.2/contrib/x86_64-linux-gnu/lib conftest.c  >&5
conftest.c:51:6: warning: conflicting types for built-in function 'strcasecmp'
 char strcasecmp ();
      ^
configure:17048: $? = 0
configure:17048: result: yes
configure:17056: checking for long file names
configure:17088: result: yes
configure:17105: checking sstream usability
configure:17105: g++ -c  -I/home/vlc/vlcProject/vlc-2.2/contrib/x86_64-linux-gnu/include -g  -I/home/vlc/vlcProject/vlc-2.2/contrib/x86_64-linux-gnu/include conftest.cpp >&5
configure:17105: $? = 0
configure:17105: result: yes
configure:17105: checking sstream presence
configure:17105: g++ -E  -I/home/vlc/vlcProject/vlc-2.2/contrib/x86_64-linux-gnu/include conftest.cpp
configure:17105: $? = 0
configure:17105: result: yes
configure:17105: checking for sstream
configure:17105: result: yes
configure:17115: checking for bool
configure:17132: g++ -c  -I/home/vlc/vlcProject/vlc-2.2/contrib/x86_64-linux-gnu/include -g  -I/home/vlc/vlcProject/vlc-2.2/contrib/x86_64-linux-gnu/include conftest.cpp >&5
configure:17132: $? = 0
configure:17142: result: yes
configure:17163: checking whether exceptions are available
configure:17180: g++ -c  -I/home/vlc/vlcProject/vlc-2.2/contrib/x86_64-linux-gnu/include -g  -I/home/vlc/vlcProject/vlc-2.2/contrib/x86_64-linux-gnu/include conftest.cpp >&5
conftest.cpp:32:17: fatal error: new.h: No such file or directory
compilation terminated.
configure:17180: $? = 1
configure: failed program was:
| /* confdefs.h */
| #define PACKAGE_NAME "libsidplay"
| #define PACKAGE_TARNAME "libsidplay"
| #define PACKAGE_VERSION "2.1.1"
| #define PACKAGE_STRING "libsidplay 2.1.1"
| #define PACKAGE_BUGREPORT ""
| #define PACKAGE_URL ""
| #define STDC_HEADERS 1
| #define HAVE_SYS_TYPES_H 1
| #define HAVE_SYS_STAT_H 1
| #define HAVE_STDLIB_H 1
| #define HAVE_STRING_H 1
| #define HAVE_MEMORY_H 1
| #define HAVE_STRINGS_H 1
| #define HAVE_INTTYPES_H 1
| #define HAVE_STDINT_H 1
| #define HAVE_UNISTD_H 1
| #define HAVE_DLFCN_H 1
| #define LT_OBJDIR ".libs/"
| #define STDC_HEADERS 1
| #define HAVE_STDBOOL_H 1
| #define SIZEOF_CHAR 1
| #define SIZEOF_SHORT_INT 2
| #define SIZEOF_INT 4
| #define SIZEOF_LONG_INT 8
| #define HAVE_STRNCASECMP /**/
| #define HAVE_STRCASECMP /**/
| #define HAVE_LONG_FILE_NAMES 1
| #define HAVE_SSTREAM /**/
| #define HAVE_BOOL /**/
| /* end confdefs.h.  */
| #include <new.h>
| int
| main ()
| {
| char* buf = new(nothrow) char[1024];
|   ;
|   return 0;
| }
configure:17190: result: no
configure:17200: checking whether standard member ios::binary is available
configure:17217: g++ -c  -I/home/vlc/vlcProject/vlc-2.2/contrib/x86_64-linux-gnu/include -g  -I/home/vlc/vlcProject/vlc-2.2/contrib/x86_64-linux-gnu/include conftest.cpp >&5
conftest.cpp:32:21: fatal error: fstream.h: No such file or directory
compilation terminated.
configure:17217: $? = 1
configure: failed program was:
| /* confdefs.h */
| #define PACKAGE_NAME "libsidplay"
| #define PACKAGE_TARNAME "libsidplay"
| #define PACKAGE_VERSION "2.1.1"
| #define PACKAGE_STRING "libsidplay 2.1.1"
| #define PACKAGE_BUGREPORT ""
| #define PACKAGE_URL ""
| #define STDC_HEADERS 1
| #define HAVE_SYS_TYPES_H 1
| #define HAVE_SYS_STAT_H 1
| #define HAVE_STDLIB_H 1
| #define HAVE_STRING_H 1
| #define HAVE_MEMORY_H 1
| #define HAVE_STRINGS_H 1
| #define HAVE_INTTYPES_H 1
| #define HAVE_STDINT_H 1
| #define HAVE_UNISTD_H 1
| #define HAVE_DLFCN_H 1
| #define LT_OBJDIR ".libs/"
| #define STDC_HEADERS 1
| #define HAVE_STDBOOL_H 1
| #define SIZEOF_CHAR 1
| #define SIZEOF_SHORT_INT 2
| #define SIZEOF_INT 4
| #define SIZEOF_LONG_INT 8
| #define HAVE_STRNCASECMP /**/
| #define HAVE_STRCASECMP /**/
| #define HAVE_LONG_FILE_NAMES 1
| #define HAVE_SSTREAM /**/
| #define HAVE_BOOL /**/
| /* end confdefs.h.  */
| #include <fstream.h>
| int
| main ()
| {
| ifstream myTest(ios::in|ios::binary);
|   ;
|   return 0;
| }
configure:17227: result: no
configure:17236: checking whether standard member ios::openmode is available
configure:17254: g++ -c  -I/home/vlc/vlcProject/vlc-2.2/contrib/x86_64-linux-gnu/include -g  -I/home/vlc/vlcProject/vlc-2.2/contrib/x86_64-linux-gnu/include conftest.cpp >&5
conftest.cpp:32:21: fatal error: fstream.h: No such file or directory
compilation terminated.
configure:17254: $? = 1
configure: failed program was:
| /* confdefs.h */
| #define PACKAGE_NAME "libsidplay"
| #define PACKAGE_TARNAME "libsidplay"
| #define PACKAGE_VERSION "2.1.1"
| #define PACKAGE_STRING "libsidplay 2.1.1"
| #define PACKAGE_BUGREPORT ""
| #define PACKAGE_URL ""
| #define STDC_HEADERS 1
| #define HAVE_SYS_TYPES_H 1
| #define HAVE_SYS_STAT_H 1
| #define HAVE_STDLIB_H 1
| #define HAVE_STRING_H 1
| #define HAVE_MEMORY_H 1
| #define HAVE_STRINGS_H 1
| #define HAVE_INTTYPES_H 1
| #define HAVE_STDINT_H 1
| #define HAVE_UNISTD_H 1
| #define HAVE_DLFCN_H 1
| #define LT_OBJDIR ".libs/"
| #define STDC_HEADERS 1
| #define HAVE_STDBOOL_H 1
| #define SIZEOF_CHAR 1
| #define SIZEOF_SHORT_INT 2
| #define SIZEOF_INT 4
| #define SIZEOF_LONG_INT 8
| #define HAVE_STRNCASECMP /**/
| #define HAVE_STRCASECMP /**/
| #define HAVE_LONG_FILE_NAMES 1
| #define HAVE_SSTREAM /**/
| #define HAVE_BOOL /**/
| /* end confdefs.h.  */
| #include <fstream.h>
|              #include <iomanip.h>
| int
| main ()
| {
| ios::openmode myTest = ios::in;
|   ;
|   return 0;
| }
configure:17264: result: no
configure:17403: checking that generated files are newer than configure
configure:17409: result: done
configure:17437: creating ./config.status

## ---------------------- ##
## Running config.status. ##
## ---------------------- ##

This file was extended by libsidplay config.status 2.1.1, which was
generated by GNU Autoconf 2.69.  Invocation command line was

  CONFIG_FILES    = 
  CONFIG_HEADERS  = 
  CONFIG_LINKS    = 
  CONFIG_COMMANDS = 
  $ ./config.status 

on VLC-ubuntu15-ssd

config.status:1180: creating Makefile
config.status:1180: creating include/Makefile
config.status:1180: creating include/sidplay/Makefile
config.status:1180: creating src/Makefile
config.status:1180: creating src/c64/Makefile
config.status:1180: creating src/mos6510/Makefile
config.status:1180: creating src/mos6526/Makefile
config.status:1180: creating src/mos656x/Makefile
config.status:1180: creating src/sid6526/Makefile
config.status:1180: creating src/sidtune/Makefile
config.status:1180: creating src/xsid/Makefile
config.status:1180: creating unix/Makefile
config.status:1180: creating unix/libsidplay2.spec
config.status:1180: creating unix/libsidplay2.qpg
config.status:1180: creating unix/libsidplay2.pc
config.status:1180: creating unix/sidconfig.h
config.status:1180: creating unix/config.h
config.status:1409: executing depfiles commands
config.status:1409: executing libtool commands
configure:19942: WARNING: unrecognized options: --disable-library-checks

## ---------------- ##
## Cache variables. ##
## ---------------- ##

ac_cv_build=x86_64-pc-linux-gnu
ac_cv_c_bigendian=no
ac_cv_c_compiler_gnu=yes
ac_cv_cxx_compiler_gnu=yes
ac_cv_env_CCC_set=
ac_cv_env_CCC_value=
ac_cv_env_CC_set=set
ac_cv_env_CC_value=gcc
ac_cv_env_CFLAGS_set=set
ac_cv_env_CFLAGS_value=' -I/home/vlc/vlcProject/vlc-2.2/contrib/x86_64-linux-gnu/include -g'
ac_cv_env_CPPFLAGS_set=set
ac_cv_env_CPPFLAGS_value=' -I/home/vlc/vlcProject/vlc-2.2/contrib/x86_64-linux-gnu/include'
ac_cv_env_CPP_set=
ac_cv_env_CPP_value=
ac_cv_env_CXXCPP_set=
ac_cv_env_CXXCPP_value=
ac_cv_env_CXXFLAGS_set=set
ac_cv_env_CXXFLAGS_value=' -I/home/vlc/vlcProject/vlc-2.2/contrib/x86_64-linux-gnu/include -g'
ac_cv_env_CXX_set=set
ac_cv_env_CXX_value=g++
ac_cv_env_LDFLAGS_set=set
ac_cv_env_LDFLAGS_value=' -L/home/vlc/vlcProject/vlc-2.2/contrib/x86_64-linux-gnu/lib'
ac_cv_env_LIBS_set=
ac_cv_env_LIBS_value=
ac_cv_env_build_alias_set=set
ac_cv_env_build_alias_value=x86_64-linux-gnu
ac_cv_env_host_alias_set=set
ac_cv_env_host_alias_value=x86_64-linux-gnu
ac_cv_env_target_alias_set=set
ac_cv_env_target_alias_value=x86_64-linux-gnu
ac_cv_func_strcasecmp=yes
ac_cv_func_strncasecmp=yes
ac_cv_header_dlfcn_h=yes
ac_cv_header_inttypes_h=yes
ac_cv_header_memory_h=yes
ac_cv_header_sstream=yes
ac_cv_header_stdbool_h=yes
ac_cv_header_stdc=yes
ac_cv_header_stdint=stdint.h
ac_cv_header_stdint_h=yes
ac_cv_header_stdint_o=no-file
ac_cv_header_stdint_test=no
ac_cv_header_stdint_u=no-file
ac_cv_header_stdint_x=stdint.h
ac_cv_header_stdlib_h=yes
ac_cv_header_string_h=yes
ac_cv_header_strings_h=yes
ac_cv_header_sys_stat_h=yes
ac_cv_header_sys_types_h=yes
ac_cv_header_unistd_h=yes
ac_cv_host=x86_64-pc-linux-gnu
ac_cv_objext=o
ac_cv_path_EGREP='/bin/grep -E'
ac_cv_path_FGREP='/bin/grep -F'
ac_cv_path_GREP=/bin/grep
ac_cv_path_SED=/bin/sed
ac_cv_path_install='/usr/bin/install -c'
ac_cv_path_mkdir=/bin/mkdir
ac_cv_prog_AR=ar
ac_cv_prog_AWK=mawk
ac_cv_prog_CC=gcc
ac_cv_prog_CPP='gcc -E'
ac_cv_prog_CXXCPP='g++ -E'
ac_cv_prog_DLLTOOL=dlltool
ac_cv_prog_OBJDUMP=objdump
ac_cv_prog_RANLIB=ranlib
ac_cv_prog_STRIP=strip
ac_cv_prog_ac_ct_MANIFEST_TOOL=mt
ac_cv_prog_cc_c89=
ac_cv_prog_cc_g=yes
ac_cv_prog_cxx_g=yes
ac_cv_prog_make_make_set=yes
ac_cv_sizeof_X=::::
ac_cv_sizeof_char=1
ac_cv_sizeof_int=4
ac_cv_sizeof_long_int=8
ac_cv_sizeof_short_int=2
ac_cv_sizeof_x=:
ac_cv_sys_long_file_names=yes
ac_cv_type_int_fast32_t=yes
ac_cv_type_int_least32_t=yes
ac_cv_type_uint64_t=yes
ac_cv_type_uintptr_t=yes
am_cv_CC_dependencies_compiler_type=none
am_cv_CXX_dependencies_compiler_type=none
am_cv_make_support_nested_variables=yes
am_cv_prog_cc_c_o=yes
lt_cv_ar_at_file=@
lt_cv_deplibs_check_method=pass_all
lt_cv_file_magic_cmd='$MAGIC_CMD'
lt_cv_file_magic_test_file=
lt_cv_ld_reload_flag=-r
lt_cv_nm_interface='BSD nm'
lt_cv_objdir=.libs
lt_cv_path_LD=ld
lt_cv_path_LDCXX='ld -m elf_x86_64'
lt_cv_path_NM='/usr/bin/nm -B'
lt_cv_path_mainfest_tool=no
lt_cv_prog_compiler_c_o=yes
lt_cv_prog_compiler_c_o_CXX=yes
lt_cv_prog_compiler_pic='-fPIC -DPIC'
lt_cv_prog_compiler_pic_CXX='-fPIC -DPIC'
lt_cv_prog_compiler_pic_works=yes
lt_cv_prog_compiler_pic_works_CXX=yes
lt_cv_prog_compiler_rtti_exceptions=no
lt_cv_prog_compiler_static_works=yes
lt_cv_prog_compiler_static_works_CXX=yes
lt_cv_prog_gnu_ld=yes
lt_cv_prog_gnu_ldcxx=yes
lt_cv_sharedlib_from_linklib_cmd='printf %s\n'
lt_cv_shlibpath_overrides_runpath=no
lt_cv_sys_global_symbol_pipe='sed -n -e '\''s/^.*[	 ]\([ABCDGIRSTW][ABCDGIRSTW]*\)[	 ][	 ]*\([_A-Za-z][_A-Za-z0-9]*\)$/\1 \2 \2/p'\'' | sed '\''/ __gnu_lto/d'\'''
lt_cv_sys_global_symbol_to_c_name_address='sed -n -e '\''s/^: \([^ ]*\)[ ]*$/  {\"\1\", (void *) 0},/p'\'' -e '\''s/^[ABCDGIRSTW]* \([^ ]*\) \([^ ]*\)$/  {"\2", (void *) \&\2},/p'\'''
lt_cv_sys_global_symbol_to_c_name_address_lib_prefix='sed -n -e '\''s/^: \([^ ]*\)[ ]*$/  {\"\1\", (void *) 0},/p'\'' -e '\''s/^[ABCDGIRSTW]* \([^ ]*\) \(lib[^ ]*\)$/  {"\2", (void *) \&\2},/p'\'' -e '\''s/^[ABCDGIRSTW]* \([^ ]*\) \([^ ]*\)$/  {"lib\2", (void *) \&\2},/p'\'''
lt_cv_sys_global_symbol_to_cdecl='sed -n -e '\''s/^T .* \(.*\)$/extern int \1();/p'\'' -e '\''s/^[ABCDGIRSTW]* .* \(.*\)$/extern char \1;/p'\'''
lt_cv_sys_max_cmd_len=1572864
lt_cv_to_host_file_cmd=func_convert_file_noop
lt_cv_to_tool_file_cmd=func_convert_file_noop
test_cv_have_bool=yes
test_cv_have_exceptions=no
test_cv_have_ios_binary=no
test_cv_have_ios_openmode=no

## ----------------- ##
## Output variables. ##
## ----------------- ##

ACLOCAL='${SHELL} /home/vlc/vlcProject/vlc-2.2/contrib/native/sidplay-libs/libsidplay/unix/missing aclocal-1.15'
ACLOCAL_AMFLAGS='-I unix'
AMDEPBACKSLASH=''
AMDEP_FALSE=''
AMDEP_TRUE='#'
AMTAR='$${TAR-tar}'
AM_BACKSLASH='\'
AM_DEFAULT_V='$(AM_DEFAULT_VERBOSITY)'
AM_DEFAULT_VERBOSITY='1'
AM_V='$(V)'
AR='ar'
AS='as'
AUTOCONF='${SHELL} /home/vlc/vlcProject/vlc-2.2/contrib/native/sidplay-libs/libsidplay/unix/missing autoconf'
AUTOHEADER='${SHELL} /home/vlc/vlcProject/vlc-2.2/contrib/native/sidplay-libs/libsidplay/unix/missing autoheader'
AUTOMAKE='${SHELL} /home/vlc/vlcProject/vlc-2.2/contrib/native/sidplay-libs/libsidplay/unix/missing automake-1.15'
AWK='mawk'
CC='gcc'
CCDEPMODE='depmode=none'
CFLAGS=' -I/home/vlc/vlcProject/vlc-2.2/contrib/x86_64-linux-gnu/include -g'
CPP='gcc -E'
CPPFLAGS=' -I/home/vlc/vlcProject/vlc-2.2/contrib/x86_64-linux-gnu/include'
CXX='g++'
CXXCPP='g++ -E'
CXXDEPMODE='depmode=none'
CXXFLAGS=' -I/home/vlc/vlcProject/vlc-2.2/contrib/x86_64-linux-gnu/include -g -DHAVE_UNIX -I$(top_srcdir)/include -I$(top_srcdir)/include/sidplay'
CYGPATH_W='echo'
DEFAULT_INCLUDES=''
DEFS='-DHAVE_CONFIG_H'
DEPDIR='.deps'
DLLTOOL='dlltool'
DSYMUTIL=''
DUMPBIN=''
ECHO_C=''
ECHO_N='-n'
ECHO_T=''
EGREP='/bin/grep -E'
EXEEXT=''
FGREP='/bin/grep -F'
GREP='/bin/grep'
INSTALL_DATA='${INSTALL} -m 644'
INSTALL_PROGRAM='${INSTALL}'
INSTALL_SCRIPT='${INSTALL}'
INSTALL_STRIP_PROGRAM='$(install_sh) -c -s'
LD='ld -m elf_x86_64'
LDFLAGS=' -L/home/vlc/vlcProject/vlc-2.2/contrib/x86_64-linux-gnu/lib'
LIBOBJS=''
LIBS=''
LIBTOOL='$(SHELL) $(top_builddir)/libtool'
LIBVERSION='1:1:0'
LIPO=''
LN_S='ln -s'
LTLIBOBJS=''
MAKEINFO='${SHELL} /home/vlc/vlcProject/vlc-2.2/contrib/native/sidplay-libs/libsidplay/unix/missing makeinfo'
MANIFEST_TOOL=':'
MKDIR_P='/bin/mkdir -p'
NM='/usr/bin/nm -B'
NMEDIT=''
OBJDUMP='objdump'
OBJEXT='o'
OTOOL64=''
OTOOL=''
PACKAGE='libsidplay'
PACKAGE_BUGREPORT=''
PACKAGE_NAME='libsidplay'
PACKAGE_STRING='libsidplay 2.1.1'
PACKAGE_TARNAME='libsidplay'
PACKAGE_URL=''
PACKAGE_VERSION='2.1.1'
PATH_SEPARATOR=':'
RANLIB='ranlib'
SED='/bin/sed'
SET_MAKE=''
SHELL='/bin/bash'
SID_HAVE_BOOL='#define SID_HAVE_BOOL'
SID_HAVE_STDBOOL_H='#define SID_HAVE_STDBOOL_H'
SID_SIZEOF_CHAR='1'
SID_SIZEOF_INT='4'
SID_SIZEOF_LONG_INT='8'
SID_SIZEOF_SHORT_INT='2'
SID_WORDS_ENDIANESS='SID_WORDS_LITTLEENDIAN'
STRIP='strip'
VERSION='2.1.1'
ac_ct_AR=''
ac_ct_CC=''
ac_ct_CXX=''
ac_ct_DUMPBIN=''
am__EXEEXT_FALSE=''
am__EXEEXT_TRUE='#'
am__fastdepCC_FALSE=''
am__fastdepCC_TRUE='#'
am__fastdepCXX_FALSE=''
am__fastdepCXX_TRUE='#'
am__include='include'
am__isrc=''
am__leading_dot='.'
am__nodep=''
am__quote=''
am__tar='$${TAR-tar} chof - "$$tardir"'
am__untar='$${TAR-tar} xf -'
bindir='${exec_prefix}/bin'
build='x86_64-pc-linux-gnu'
build_alias='x86_64-linux-gnu'
build_cpu='x86_64'
build_os='linux-gnu'
build_vendor='pc'
builders='/home/vlc/vlcProject/vlc-2.2/contrib/x86_64-linux-gnu/lib/sidplay/builders'
datadir='${datarootdir}'
datarootdir='/home/vlc/vlcProject/vlc-2.2/contrib/x86_64-linux-gnu/share'
docdir='${datarootdir}/doc/${PACKAGE_TARNAME}'
dvidir='${docdir}'
exec_prefix='${prefix}'
host='x86_64-pc-linux-gnu'
host_alias='x86_64-linux-gnu'
host_cpu='x86_64'
host_os='linux-gnu'
host_vendor='pc'
htmldir='${docdir}'
includedir='/home/vlc/vlcProject/vlc-2.2/contrib/x86_64-linux-gnu/include'
infodir='${datarootdir}/info'
install_sh='${SHELL} /home/vlc/vlcProject/vlc-2.2/contrib/native/sidplay-libs/libsidplay/unix/install-sh'
libdir='/home/vlc/vlcProject/vlc-2.2/contrib/x86_64-linux-gnu/lib'
libexecdir='${exec_prefix}/libexec'
localedir='${datarootdir}/locale'
localstatedir='${prefix}/var'
mandir='${datarootdir}/man'
mkdir_p='$(MKDIR_P)'
oldincludedir='/usr/include'
pdfdir='${docdir}'
prefix='/home/vlc/vlcProject/vlc-2.2/contrib/x86_64-linux-gnu'
program_transform_name='s&^&&'
psdir='${docdir}'
sbindir='${exec_prefix}/sbin'
sharedstatedir='${prefix}/com'
sysconfdir='${prefix}/etc'
target_alias='x86_64-linux-gnu'

## ----------- ##
## confdefs.h. ##
## ----------- ##

/* confdefs.h */
#define PACKAGE_NAME "libsidplay"
#define PACKAGE_TARNAME "libsidplay"
#define PACKAGE_VERSION "2.1.1"
#define PACKAGE_STRING "libsidplay 2.1.1"
#define PACKAGE_BUGREPORT ""
#define PACKAGE_URL ""
#define STDC_HEADERS 1
#define HAVE_SYS_TYPES_H 1
#define HAVE_SYS_STAT_H 1
#define HAVE_STDLIB_H 1
#define HAVE_STRING_H 1
#define HAVE_MEMORY_H 1
#define HAVE_STRINGS_H 1
#define HAVE_INTTYPES_H 1
#define HAVE_STDINT_H 1
#define HAVE_UNISTD_H 1
#define HAVE_DLFCN_H 1
#define LT_OBJDIR ".libs/"
#define STDC_HEADERS 1
#define HAVE_STDBOOL_H 1
#define SIZEOF_CHAR 1
#define SIZEOF_SHORT_INT 2
#define SIZEOF_INT 4
#define SIZEOF_LONG_INT 8
#define HAVE_STRNCASECMP /**/
#define HAVE_STRCASECMP /**/
#define HAVE_LONG_FILE_NAMES 1
#define HAVE_SSTREAM /**/
#define HAVE_BOOL /**/

configure: exit 0
