The system is: Linux - 4.2.0-27-generic - x86_64
Compiling the C compiler identification source file "CMakeCCompilerId.c" succeeded.
Compiler: /usr/bin/gcc 
Build flags: ;-I/home/vlc/vlcProject/vlc-2.2/contrib/x86_64-linux-gnu/include;-g;-fPIC
Id flags: 

The output was:
0


Compilation of the C compiler identification source "CMakeCCompilerId.c" produced "a.out"

The C compiler identification is GNU, found in "/home/vlc/vlcProject/vlc-2.2/contrib/native/musepack/CMakeFiles/3.2.2/CompilerIdC/a.out"

Determining if the C compiler works passed with the following output:
Change Dir: /home/vlc/vlcProject/vlc-2.2/contrib/native/musepack/CMakeFiles/CMakeTmp

Run Build Command:"/usr/bin/make" "cmTryCompileExec635921620/fast"
make[1]: Entering directory '/home/vlc/vlcProject/vlc-2.2/contrib/native/musepack/CMakeFiles/CMakeTmp'
/usr/bin/make -f CMakeFiles/cmTryCompileExec635921620.dir/build.make CMakeFiles/cmTryCompileExec635921620.dir/build
make[2]: Entering directory '/home/vlc/vlcProject/vlc-2.2/contrib/native/musepack/CMakeFiles/CMakeTmp'
/usr/bin/cmake -E cmake_progress_report /home/vlc/vlcProject/vlc-2.2/contrib/native/musepack/CMakeFiles/CMakeTmp/CMakeFiles 1
Building C object CMakeFiles/cmTryCompileExec635921620.dir/testCCompiler.c.o
/usr/bin/gcc   -I/home/vlc/vlcProject/vlc-2.2/contrib/x86_64-linux-gnu/include -g -fPIC     -o CMakeFiles/cmTryCompileExec635921620.dir/testCCompiler.c.o   -c /home/vlc/vlcProject/vlc-2.2/contrib/native/musepack/CMakeFiles/CMakeTmp/testCCompiler.c
Linking C executable cmTryCompileExec635921620
/usr/bin/cmake -E cmake_link_script CMakeFiles/cmTryCompileExec635921620.dir/link.txt --verbose=1
/usr/bin/gcc   -I/home/vlc/vlcProject/vlc-2.2/contrib/x86_64-linux-gnu/include -g -fPIC      -L/home/vlc/vlcProject/vlc-2.2/contrib/x86_64-linux-gnu/lib  CMakeFiles/cmTryCompileExec635921620.dir/testCCompiler.c.o  -o cmTryCompileExec635921620 -rdynamic 
make[2]: Leaving directory '/home/vlc/vlcProject/vlc-2.2/contrib/native/musepack/CMakeFiles/CMakeTmp'
make[1]: Leaving directory '/home/vlc/vlcProject/vlc-2.2/contrib/native/musepack/CMakeFiles/CMakeTmp'


Detecting C compiler ABI info compiled with the following output:
Change Dir: /home/vlc/vlcProject/vlc-2.2/contrib/native/musepack/CMakeFiles/CMakeTmp

Run Build Command:"/usr/bin/make" "cmTryCompileExec2728998908/fast"
make[1]: Entering directory '/home/vlc/vlcProject/vlc-2.2/contrib/native/musepack/CMakeFiles/CMakeTmp'
/usr/bin/make -f CMakeFiles/cmTryCompileExec2728998908.dir/build.make CMakeFiles/cmTryCompileExec2728998908.dir/build
make[2]: Entering directory '/home/vlc/vlcProject/vlc-2.2/contrib/native/musepack/CMakeFiles/CMakeTmp'
/usr/bin/cmake -E cmake_progress_report /home/vlc/vlcProject/vlc-2.2/contrib/native/musepack/CMakeFiles/CMakeTmp/CMakeFiles 1
Building C object CMakeFiles/cmTryCompileExec2728998908.dir/CMakeCCompilerABI.c.o
/usr/bin/gcc   -I/home/vlc/vlcProject/vlc-2.2/contrib/x86_64-linux-gnu/include -g -fPIC     -o CMakeFiles/cmTryCompileExec2728998908.dir/CMakeCCompilerABI.c.o   -c /usr/share/cmake-3.2/Modules/CMakeCCompilerABI.c
Linking C executable cmTryCompileExec2728998908
/usr/bin/cmake -E cmake_link_script CMakeFiles/cmTryCompileExec2728998908.dir/link.txt --verbose=1
/usr/bin/gcc   -I/home/vlc/vlcProject/vlc-2.2/contrib/x86_64-linux-gnu/include -g -fPIC      -L/home/vlc/vlcProject/vlc-2.2/contrib/x86_64-linux-gnu/lib -v CMakeFiles/cmTryCompileExec2728998908.dir/CMakeCCompilerABI.c.o  -o cmTryCompileExec2728998908 -rdynamic  
Using built-in specs.
COLLECT_GCC=/usr/bin/gcc
COLLECT_LTO_WRAPPER=/usr/lib/gcc/x86_64-linux-gnu/5/lto-wrapper
Target: x86_64-linux-gnu
Configured with: ../src/configure -v --with-pkgversion='Ubuntu 5.2.1-22ubuntu2' --with-bugurl=file:///usr/share/doc/gcc-5/README.Bugs --enable-languages=c,ada,c++,java,go,d,fortran,objc,obj-c++ --prefix=/usr --program-suffix=-5 --enable-shared --enable-linker-build-id --libexecdir=/usr/lib --without-included-gettext --enable-threads=posix --libdir=/usr/lib --enable-nls --with-sysroot=/ --enable-clocale=gnu --enable-libstdcxx-debug --enable-libstdcxx-time=yes --with-default-libstdcxx-abi=new --enable-gnu-unique-object --disable-vtable-verify --enable-libmpx --enable-plugin --with-system-zlib --disable-browser-plugin --enable-java-awt=gtk --enable-gtk-cairo --with-java-home=/usr/lib/jvm/java-1.5.0-gcj-5-amd64/jre --enable-java-home --with-jvm-root-dir=/usr/lib/jvm/java-1.5.0-gcj-5-amd64 --with-jvm-jar-dir=/usr/lib/jvm-exports/java-1.5.0-gcj-5-amd64 --with-arch-directory=amd64 --with-ecj-jar=/usr/share/java/eclipse-ecj.jar --enable-objc-gc --enable-multiarch --disable-werror --with-arch-32=i686 --with-abi=m64 --with-multilib-list=m32,m64,mx32 --enable-multilib --with-tune=generic --enable-checking=release --build=x86_64-linux-gnu --host=x86_64-linux-gnu --target=x86_64-linux-gnu
Thread model: posix
gcc version 5.2.1 20151010 (Ubuntu 5.2.1-22ubuntu2) 
COMPILER_PATH=/usr/lib/gcc/x86_64-linux-gnu/5/:/usr/lib/gcc/x86_64-linux-gnu/5/:/usr/lib/gcc/x86_64-linux-gnu/:/usr/lib/gcc/x86_64-linux-gnu/5/:/usr/lib/gcc/x86_64-linux-gnu/
LIBRARY_PATH=/usr/lib/gcc/x86_64-linux-gnu/5/:/usr/lib/gcc/x86_64-linux-gnu/5/../../../x86_64-linux-gnu/:/usr/lib/gcc/x86_64-linux-gnu/5/../../../../lib/:/lib/x86_64-linux-gnu/:/lib/../lib/:/usr/lib/x86_64-linux-gnu/:/usr/lib/../lib/:/usr/lib/gcc/x86_64-linux-gnu/5/../../../:/lib/:/usr/lib/
COLLECT_GCC_OPTIONS='-I' '/home/vlc/vlcProject/vlc-2.2/contrib/x86_64-linux-gnu/include' '-g' '-fPIC' '-L/home/vlc/vlcProject/vlc-2.2/contrib/x86_64-linux-gnu/lib' '-v' '-o' 'cmTryCompileExec2728998908' '-rdynamic' '-mtune=generic' '-march=x86-64'
 /usr/lib/gcc/x86_64-linux-gnu/5/collect2 -plugin /usr/lib/gcc/x86_64-linux-gnu/5/liblto_plugin.so -plugin-opt=/usr/lib/gcc/x86_64-linux-gnu/5/lto-wrapper -plugin-opt=-fresolution=/tmp/cc0pmPdT.res -plugin-opt=-pass-through=-lgcc -plugin-opt=-pass-through=-lgcc_s -plugin-opt=-pass-through=-lc -plugin-opt=-pass-through=-lgcc -plugin-opt=-pass-through=-lgcc_s --sysroot=/ --build-id --eh-frame-hdr -m elf_x86_64 --hash-style=gnu --as-needed -export-dynamic -dynamic-linker /lib64/ld-linux-x86-64.so.2 -z relro -o cmTryCompileExec2728998908 /usr/lib/gcc/x86_64-linux-gnu/5/../../../x86_64-linux-gnu/crt1.o /usr/lib/gcc/x86_64-linux-gnu/5/../../../x86_64-linux-gnu/crti.o /usr/lib/gcc/x86_64-linux-gnu/5/crtbegin.o -L/home/vlc/vlcProject/vlc-2.2/contrib/x86_64-linux-gnu/lib -L/usr/lib/gcc/x86_64-linux-gnu/5 -L/usr/lib/gcc/x86_64-linux-gnu/5/../../../x86_64-linux-gnu -L/usr/lib/gcc/x86_64-linux-gnu/5/../../../../lib -L/lib/x86_64-linux-gnu -L/lib/../lib -L/usr/lib/x86_64-linux-gnu -L/usr/lib/../lib -L/usr/lib/gcc/x86_64-linux-gnu/5/../../.. CMakeFiles/cmTryCompileExec2728998908.dir/CMakeCCompilerABI.c.o -lgcc --as-needed -lgcc_s --no-as-needed -lc -lgcc --as-needed -lgcc_s --no-as-needed /usr/lib/gcc/x86_64-linux-gnu/5/crtend.o /usr/lib/gcc/x86_64-linux-gnu/5/../../../x86_64-linux-gnu/crtn.o
make[2]: Leaving directory '/home/vlc/vlcProject/vlc-2.2/contrib/native/musepack/CMakeFiles/CMakeTmp'
make[1]: Leaving directory '/home/vlc/vlcProject/vlc-2.2/contrib/native/musepack/CMakeFiles/CMakeTmp'


Parsed C implicit link information from above output:
  link line regex: [^( *|.*[/\])(ld|([^/\]+-)?ld|collect2)[^/\]*( |$)]
  ignore line: [Change Dir: /home/vlc/vlcProject/vlc-2.2/contrib/native/musepack/CMakeFiles/CMakeTmp]
  ignore line: []
  ignore line: [Run Build Command:"/usr/bin/make" "cmTryCompileExec2728998908/fast"]
  ignore line: [make[1]: Entering directory '/home/vlc/vlcProject/vlc-2.2/contrib/native/musepack/CMakeFiles/CMakeTmp']
  ignore line: [/usr/bin/make -f CMakeFiles/cmTryCompileExec2728998908.dir/build.make CMakeFiles/cmTryCompileExec2728998908.dir/build]
  ignore line: [make[2]: Entering directory '/home/vlc/vlcProject/vlc-2.2/contrib/native/musepack/CMakeFiles/CMakeTmp']
  ignore line: [/usr/bin/cmake -E cmake_progress_report /home/vlc/vlcProject/vlc-2.2/contrib/native/musepack/CMakeFiles/CMakeTmp/CMakeFiles 1]
  ignore line: [Building C object CMakeFiles/cmTryCompileExec2728998908.dir/CMakeCCompilerABI.c.o]
  ignore line: [/usr/bin/gcc   -I/home/vlc/vlcProject/vlc-2.2/contrib/x86_64-linux-gnu/include -g -fPIC     -o CMakeFiles/cmTryCompileExec2728998908.dir/CMakeCCompilerABI.c.o   -c /usr/share/cmake-3.2/Modules/CMakeCCompilerABI.c]
  ignore line: [Linking C executable cmTryCompileExec2728998908]
  ignore line: [/usr/bin/cmake -E cmake_link_script CMakeFiles/cmTryCompileExec2728998908.dir/link.txt --verbose=1]
  ignore line: [/usr/bin/gcc   -I/home/vlc/vlcProject/vlc-2.2/contrib/x86_64-linux-gnu/include -g -fPIC      -L/home/vlc/vlcProject/vlc-2.2/contrib/x86_64-linux-gnu/lib -v CMakeFiles/cmTryCompileExec2728998908.dir/CMakeCCompilerABI.c.o  -o cmTryCompileExec2728998908 -rdynamic  ]
  ignore line: [Using built-in specs.]
  ignore line: [COLLECT_GCC=/usr/bin/gcc]
  ignore line: [COLLECT_LTO_WRAPPER=/usr/lib/gcc/x86_64-linux-gnu/5/lto-wrapper]
  ignore line: [Target: x86_64-linux-gnu]
  ignore line: [Configured with: ../src/configure -v --with-pkgversion='Ubuntu 5.2.1-22ubuntu2' --with-bugurl=file:///usr/share/doc/gcc-5/README.Bugs --enable-languages=c,ada,c++,java,go,d,fortran,objc,obj-c++ --prefix=/usr --program-suffix=-5 --enable-shared --enable-linker-build-id --libexecdir=/usr/lib --without-included-gettext --enable-threads=posix --libdir=/usr/lib --enable-nls --with-sysroot=/ --enable-clocale=gnu --enable-libstdcxx-debug --enable-libstdcxx-time=yes --with-default-libstdcxx-abi=new --enable-gnu-unique-object --disable-vtable-verify --enable-libmpx --enable-plugin --with-system-zlib --disable-browser-plugin --enable-java-awt=gtk --enable-gtk-cairo --with-java-home=/usr/lib/jvm/java-1.5.0-gcj-5-amd64/jre --enable-java-home --with-jvm-root-dir=/usr/lib/jvm/java-1.5.0-gcj-5-amd64 --with-jvm-jar-dir=/usr/lib/jvm-exports/java-1.5.0-gcj-5-amd64 --with-arch-directory=amd64 --with-ecj-jar=/usr/share/java/eclipse-ecj.jar --enable-objc-gc --enable-multiarch --disable-werror --with-arch-32=i686 --with-abi=m64 --with-multilib-list=m32,m64,mx32 --enable-multilib --with-tune=generic --enable-checking=release --build=x86_64-linux-gnu --host=x86_64-linux-gnu --target=x86_64-linux-gnu]
  ignore line: [Thread model: posix]
  ignore line: [gcc version 5.2.1 20151010 (Ubuntu 5.2.1-22ubuntu2) ]
  ignore line: [COMPILER_PATH=/usr/lib/gcc/x86_64-linux-gnu/5/:/usr/lib/gcc/x86_64-linux-gnu/5/:/usr/lib/gcc/x86_64-linux-gnu/:/usr/lib/gcc/x86_64-linux-gnu/5/:/usr/lib/gcc/x86_64-linux-gnu/]
  ignore line: [LIBRARY_PATH=/usr/lib/gcc/x86_64-linux-gnu/5/:/usr/lib/gcc/x86_64-linux-gnu/5/../../../x86_64-linux-gnu/:/usr/lib/gcc/x86_64-linux-gnu/5/../../../../lib/:/lib/x86_64-linux-gnu/:/lib/../lib/:/usr/lib/x86_64-linux-gnu/:/usr/lib/../lib/:/usr/lib/gcc/x86_64-linux-gnu/5/../../../:/lib/:/usr/lib/]
  ignore line: [COLLECT_GCC_OPTIONS='-I' '/home/vlc/vlcProject/vlc-2.2/contrib/x86_64-linux-gnu/include' '-g' '-fPIC' '-L/home/vlc/vlcProject/vlc-2.2/contrib/x86_64-linux-gnu/lib' '-v' '-o' 'cmTryCompileExec2728998908' '-rdynamic' '-mtune=generic' '-march=x86-64']
  link line: [ /usr/lib/gcc/x86_64-linux-gnu/5/collect2 -plugin /usr/lib/gcc/x86_64-linux-gnu/5/liblto_plugin.so -plugin-opt=/usr/lib/gcc/x86_64-linux-gnu/5/lto-wrapper -plugin-opt=-fresolution=/tmp/cc0pmPdT.res -plugin-opt=-pass-through=-lgcc -plugin-opt=-pass-through=-lgcc_s -plugin-opt=-pass-through=-lc -plugin-opt=-pass-through=-lgcc -plugin-opt=-pass-through=-lgcc_s --sysroot=/ --build-id --eh-frame-hdr -m elf_x86_64 --hash-style=gnu --as-needed -export-dynamic -dynamic-linker /lib64/ld-linux-x86-64.so.2 -z relro -o cmTryCompileExec2728998908 /usr/lib/gcc/x86_64-linux-gnu/5/../../../x86_64-linux-gnu/crt1.o /usr/lib/gcc/x86_64-linux-gnu/5/../../../x86_64-linux-gnu/crti.o /usr/lib/gcc/x86_64-linux-gnu/5/crtbegin.o -L/home/vlc/vlcProject/vlc-2.2/contrib/x86_64-linux-gnu/lib -L/usr/lib/gcc/x86_64-linux-gnu/5 -L/usr/lib/gcc/x86_64-linux-gnu/5/../../../x86_64-linux-gnu -L/usr/lib/gcc/x86_64-linux-gnu/5/../../../../lib -L/lib/x86_64-linux-gnu -L/lib/../lib -L/usr/lib/x86_64-linux-gnu -L/usr/lib/../lib -L/usr/lib/gcc/x86_64-linux-gnu/5/../../.. CMakeFiles/cmTryCompileExec2728998908.dir/CMakeCCompilerABI.c.o -lgcc --as-needed -lgcc_s --no-as-needed -lc -lgcc --as-needed -lgcc_s --no-as-needed /usr/lib/gcc/x86_64-linux-gnu/5/crtend.o /usr/lib/gcc/x86_64-linux-gnu/5/../../../x86_64-linux-gnu/crtn.o]
    arg [/usr/lib/gcc/x86_64-linux-gnu/5/collect2] ==> ignore
    arg [-plugin] ==> ignore
    arg [/usr/lib/gcc/x86_64-linux-gnu/5/liblto_plugin.so] ==> ignore
    arg [-plugin-opt=/usr/lib/gcc/x86_64-linux-gnu/5/lto-wrapper] ==> ignore
    arg [-plugin-opt=-fresolution=/tmp/cc0pmPdT.res] ==> ignore
    arg [-plugin-opt=-pass-through=-lgcc] ==> ignore
    arg [-plugin-opt=-pass-through=-lgcc_s] ==> ignore
    arg [-plugin-opt=-pass-through=-lc] ==> ignore
    arg [-plugin-opt=-pass-through=-lgcc] ==> ignore
    arg [-plugin-opt=-pass-through=-lgcc_s] ==> ignore
    arg [--sysroot=/] ==> ignore
    arg [--build-id] ==> ignore
    arg [--eh-frame-hdr] ==> ignore
    arg [-m] ==> ignore
    arg [elf_x86_64] ==> ignore
    arg [--hash-style=gnu] ==> ignore
    arg [--as-needed] ==> ignore
    arg [-export-dynamic] ==> ignore
    arg [-dynamic-linker] ==> ignore
    arg [/lib64/ld-linux-x86-64.so.2] ==> ignore
    arg [-zrelro] ==> ignore
    arg [-o] ==> ignore
    arg [cmTryCompileExec2728998908] ==> ignore
    arg [/usr/lib/gcc/x86_64-linux-gnu/5/../../../x86_64-linux-gnu/crt1.o] ==> ignore
    arg [/usr/lib/gcc/x86_64-linux-gnu/5/../../../x86_64-linux-gnu/crti.o] ==> ignore
    arg [/usr/lib/gcc/x86_64-linux-gnu/5/crtbegin.o] ==> ignore
    arg [-L/home/vlc/vlcProject/vlc-2.2/contrib/x86_64-linux-gnu/lib] ==> dir [/home/vlc/vlcProject/vlc-2.2/contrib/x86_64-linux-gnu/lib]
    arg [-L/usr/lib/gcc/x86_64-linux-gnu/5] ==> dir [/usr/lib/gcc/x86_64-linux-gnu/5]
    arg [-L/usr/lib/gcc/x86_64-linux-gnu/5/../../../x86_64-linux-gnu] ==> dir [/usr/lib/gcc/x86_64-linux-gnu/5/../../../x86_64-linux-gnu]
    arg [-L/usr/lib/gcc/x86_64-linux-gnu/5/../../../../lib] ==> dir [/usr/lib/gcc/x86_64-linux-gnu/5/../../../../lib]
    arg [-L/lib/x86_64-linux-gnu] ==> dir [/lib/x86_64-linux-gnu]
    arg [-L/lib/../lib] ==> dir [/lib/../lib]
    arg [-L/usr/lib/x86_64-linux-gnu] ==> dir [/usr/lib/x86_64-linux-gnu]
    arg [-L/usr/lib/../lib] ==> dir [/usr/lib/../lib]
    arg [-L/usr/lib/gcc/x86_64-linux-gnu/5/../../..] ==> dir [/usr/lib/gcc/x86_64-linux-gnu/5/../../..]
    arg [CMakeFiles/cmTryCompileExec2728998908.dir/CMakeCCompilerABI.c.o] ==> ignore
    arg [-lgcc] ==> lib [gcc]
    arg [--as-needed] ==> ignore
    arg [-lgcc_s] ==> lib [gcc_s]
    arg [--no-as-needed] ==> ignore
    arg [-lc] ==> lib [c]
    arg [-lgcc] ==> lib [gcc]
    arg [--as-needed] ==> ignore
    arg [-lgcc_s] ==> lib [gcc_s]
    arg [--no-as-needed] ==> ignore
    arg [/usr/lib/gcc/x86_64-linux-gnu/5/crtend.o] ==> ignore
    arg [/usr/lib/gcc/x86_64-linux-gnu/5/../../../x86_64-linux-gnu/crtn.o] ==> ignore
  remove lib [gcc]
  remove lib [gcc_s]
  remove lib [gcc]
  remove lib [gcc_s]
  collapse library dir [/home/vlc/vlcProject/vlc-2.2/contrib/x86_64-linux-gnu/lib] ==> [/home/vlc/vlcProject/vlc-2.2/contrib/x86_64-linux-gnu/lib]
  collapse library dir [/usr/lib/gcc/x86_64-linux-gnu/5] ==> [/usr/lib/gcc/x86_64-linux-gnu/5]
  collapse library dir [/usr/lib/gcc/x86_64-linux-gnu/5/../../../x86_64-linux-gnu] ==> [/usr/lib/x86_64-linux-gnu]
  collapse library dir [/usr/lib/gcc/x86_64-linux-gnu/5/../../../../lib] ==> [/usr/lib]
  collapse library dir [/lib/x86_64-linux-gnu] ==> [/lib/x86_64-linux-gnu]
  collapse library dir [/lib/../lib] ==> [/lib]
  collapse library dir [/usr/lib/x86_64-linux-gnu] ==> [/usr/lib/x86_64-linux-gnu]
  collapse library dir [/usr/lib/../lib] ==> [/usr/lib]
  collapse library dir [/usr/lib/gcc/x86_64-linux-gnu/5/../../..] ==> [/usr/lib]
  implicit libs: [c]
  implicit dirs: [/home/vlc/vlcProject/vlc-2.2/contrib/x86_64-linux-gnu/lib;/usr/lib/gcc/x86_64-linux-gnu/5;/usr/lib/x86_64-linux-gnu;/usr/lib;/lib/x86_64-linux-gnu;/lib]
  implicit fwks: []




Detecting C [-std=c11] compiler features compiled with the following output:
Change Dir: /home/vlc/vlcProject/vlc-2.2/contrib/native/musepack/CMakeFiles/CMakeTmp

Run Build Command:"/usr/bin/make" "cmTryCompileExec707699216/fast"
make[1]: Entering directory '/home/vlc/vlcProject/vlc-2.2/contrib/native/musepack/CMakeFiles/CMakeTmp'
/usr/bin/make -f CMakeFiles/cmTryCompileExec707699216.dir/build.make CMakeFiles/cmTryCompileExec707699216.dir/build
make[2]: Entering directory '/home/vlc/vlcProject/vlc-2.2/contrib/native/musepack/CMakeFiles/CMakeTmp'
/usr/bin/cmake -E cmake_progress_report /home/vlc/vlcProject/vlc-2.2/contrib/native/musepack/CMakeFiles/CMakeTmp/CMakeFiles 1
Building C object CMakeFiles/cmTryCompileExec707699216.dir/feature_tests.c.o
/usr/bin/gcc   -I/home/vlc/vlcProject/vlc-2.2/contrib/x86_64-linux-gnu/include -g -fPIC     -std=c11 -o CMakeFiles/cmTryCompileExec707699216.dir/feature_tests.c.o   -c /home/vlc/vlcProject/vlc-2.2/contrib/native/musepack/CMakeFiles/feature_tests.c
Linking C executable cmTryCompileExec707699216
/usr/bin/cmake -E cmake_link_script CMakeFiles/cmTryCompileExec707699216.dir/link.txt --verbose=1
/usr/bin/gcc   -I/home/vlc/vlcProject/vlc-2.2/contrib/x86_64-linux-gnu/include -g -fPIC      -L/home/vlc/vlcProject/vlc-2.2/contrib/x86_64-linux-gnu/lib  CMakeFiles/cmTryCompileExec707699216.dir/feature_tests.c.o  -o cmTryCompileExec707699216 -rdynamic 
make[2]: Leaving directory '/home/vlc/vlcProject/vlc-2.2/contrib/native/musepack/CMakeFiles/CMakeTmp'
make[1]: Leaving directory '/home/vlc/vlcProject/vlc-2.2/contrib/native/musepack/CMakeFiles/CMakeTmp'


    Feature record: C_FEATURE:1c_function_prototypes
    Feature record: C_FEATURE:1c_restrict
    Feature record: C_FEATURE:1c_static_assert
    Feature record: C_FEATURE:1c_variadic_macros


Detecting C [-std=c99] compiler features compiled with the following output:
Change Dir: /home/vlc/vlcProject/vlc-2.2/contrib/native/musepack/CMakeFiles/CMakeTmp

Run Build Command:"/usr/bin/make" "cmTryCompileExec1568245050/fast"
make[1]: Entering directory '/home/vlc/vlcProject/vlc-2.2/contrib/native/musepack/CMakeFiles/CMakeTmp'
/usr/bin/make -f CMakeFiles/cmTryCompileExec1568245050.dir/build.make CMakeFiles/cmTryCompileExec1568245050.dir/build
make[2]: Entering directory '/home/vlc/vlcProject/vlc-2.2/contrib/native/musepack/CMakeFiles/CMakeTmp'
/usr/bin/cmake -E cmake_progress_report /home/vlc/vlcProject/vlc-2.2/contrib/native/musepack/CMakeFiles/CMakeTmp/CMakeFiles 1
Building C object CMakeFiles/cmTryCompileExec1568245050.dir/feature_tests.c.o
/usr/bin/gcc   -I/home/vlc/vlcProject/vlc-2.2/contrib/x86_64-linux-gnu/include -g -fPIC     -std=c99 -o CMakeFiles/cmTryCompileExec1568245050.dir/feature_tests.c.o   -c /home/vlc/vlcProject/vlc-2.2/contrib/native/musepack/CMakeFiles/feature_tests.c
Linking C executable cmTryCompileExec1568245050
/usr/bin/cmake -E cmake_link_script CMakeFiles/cmTryCompileExec1568245050.dir/link.txt --verbose=1
/usr/bin/gcc   -I/home/vlc/vlcProject/vlc-2.2/contrib/x86_64-linux-gnu/include -g -fPIC      -L/home/vlc/vlcProject/vlc-2.2/contrib/x86_64-linux-gnu/lib  CMakeFiles/cmTryCompileExec1568245050.dir/feature_tests.c.o  -o cmTryCompileExec1568245050 -rdynamic 
make[2]: Leaving directory '/home/vlc/vlcProject/vlc-2.2/contrib/native/musepack/CMakeFiles/CMakeTmp'
make[1]: Leaving directory '/home/vlc/vlcProject/vlc-2.2/contrib/native/musepack/CMakeFiles/CMakeTmp'


    Feature record: C_FEATURE:1c_function_prototypes
    Feature record: C_FEATURE:1c_restrict
    Feature record: C_FEATURE:0c_static_assert
    Feature record: C_FEATURE:1c_variadic_macros


Detecting C [-std=c90] compiler features compiled with the following output:
Change Dir: /home/vlc/vlcProject/vlc-2.2/contrib/native/musepack/CMakeFiles/CMakeTmp

Run Build Command:"/usr/bin/make" "cmTryCompileExec2307202008/fast"
make[1]: Entering directory '/home/vlc/vlcProject/vlc-2.2/contrib/native/musepack/CMakeFiles/CMakeTmp'
/usr/bin/make -f CMakeFiles/cmTryCompileExec2307202008.dir/build.make CMakeFiles/cmTryCompileExec2307202008.dir/build
make[2]: Entering directory '/home/vlc/vlcProject/vlc-2.2/contrib/native/musepack/CMakeFiles/CMakeTmp'
/usr/bin/cmake -E cmake_progress_report /home/vlc/vlcProject/vlc-2.2/contrib/native/musepack/CMakeFiles/CMakeTmp/CMakeFiles 1
Building C object CMakeFiles/cmTryCompileExec2307202008.dir/feature_tests.c.o
/usr/bin/gcc   -I/home/vlc/vlcProject/vlc-2.2/contrib/x86_64-linux-gnu/include -g -fPIC     -std=c90 -o CMakeFiles/cmTryCompileExec2307202008.dir/feature_tests.c.o   -c /home/vlc/vlcProject/vlc-2.2/contrib/native/musepack/CMakeFiles/feature_tests.c
Linking C executable cmTryCompileExec2307202008
/usr/bin/cmake -E cmake_link_script CMakeFiles/cmTryCompileExec2307202008.dir/link.txt --verbose=1
/usr/bin/gcc   -I/home/vlc/vlcProject/vlc-2.2/contrib/x86_64-linux-gnu/include -g -fPIC      -L/home/vlc/vlcProject/vlc-2.2/contrib/x86_64-linux-gnu/lib  CMakeFiles/cmTryCompileExec2307202008.dir/feature_tests.c.o  -o cmTryCompileExec2307202008 -rdynamic 
make[2]: Leaving directory '/home/vlc/vlcProject/vlc-2.2/contrib/native/musepack/CMakeFiles/CMakeTmp'
make[1]: Leaving directory '/home/vlc/vlcProject/vlc-2.2/contrib/native/musepack/CMakeFiles/CMakeTmp'


    Feature record: C_FEATURE:1c_function_prototypes
    Feature record: C_FEATURE:0c_restrict
    Feature record: C_FEATURE:0c_static_assert
    Feature record: C_FEATURE:0c_variadic_macros
Determining if the include file sys/types.h exists passed with the following output:
Change Dir: /home/vlc/vlcProject/vlc-2.2/contrib/native/musepack/CMakeFiles/CMakeTmp

Run Build Command:"/usr/bin/make" "cmTryCompileExec3148504513/fast"
make[1]: Entering directory '/home/vlc/vlcProject/vlc-2.2/contrib/native/musepack/CMakeFiles/CMakeTmp'
/usr/bin/make -f CMakeFiles/cmTryCompileExec3148504513.dir/build.make CMakeFiles/cmTryCompileExec3148504513.dir/build
make[2]: Entering directory '/home/vlc/vlcProject/vlc-2.2/contrib/native/musepack/CMakeFiles/CMakeTmp'
/usr/bin/cmake -E cmake_progress_report /home/vlc/vlcProject/vlc-2.2/contrib/native/musepack/CMakeFiles/CMakeTmp/CMakeFiles 1
Building C object CMakeFiles/cmTryCompileExec3148504513.dir/CheckIncludeFile.c.o
/usr/bin/gcc   -I/home/vlc/vlcProject/vlc-2.2/contrib/x86_64-linux-gnu/include -g -fPIC     -o CMakeFiles/cmTryCompileExec3148504513.dir/CheckIncludeFile.c.o   -c /home/vlc/vlcProject/vlc-2.2/contrib/native/musepack/CMakeFiles/CMakeTmp/CheckIncludeFile.c
Linking C executable cmTryCompileExec3148504513
/usr/bin/cmake -E cmake_link_script CMakeFiles/cmTryCompileExec3148504513.dir/link.txt --verbose=1
/usr/bin/gcc   -I/home/vlc/vlcProject/vlc-2.2/contrib/x86_64-linux-gnu/include -g -fPIC      -L/home/vlc/vlcProject/vlc-2.2/contrib/x86_64-linux-gnu/lib  CMakeFiles/cmTryCompileExec3148504513.dir/CheckIncludeFile.c.o  -o cmTryCompileExec3148504513 -rdynamic 
make[2]: Leaving directory '/home/vlc/vlcProject/vlc-2.2/contrib/native/musepack/CMakeFiles/CMakeTmp'
make[1]: Leaving directory '/home/vlc/vlcProject/vlc-2.2/contrib/native/musepack/CMakeFiles/CMakeTmp'


Determining if the include file stdint.h exists passed with the following output:
Change Dir: /home/vlc/vlcProject/vlc-2.2/contrib/native/musepack/CMakeFiles/CMakeTmp

Run Build Command:"/usr/bin/make" "cmTryCompileExec1873937537/fast"
make[1]: Entering directory '/home/vlc/vlcProject/vlc-2.2/contrib/native/musepack/CMakeFiles/CMakeTmp'
/usr/bin/make -f CMakeFiles/cmTryCompileExec1873937537.dir/build.make CMakeFiles/cmTryCompileExec1873937537.dir/build
make[2]: Entering directory '/home/vlc/vlcProject/vlc-2.2/contrib/native/musepack/CMakeFiles/CMakeTmp'
/usr/bin/cmake -E cmake_progress_report /home/vlc/vlcProject/vlc-2.2/contrib/native/musepack/CMakeFiles/CMakeTmp/CMakeFiles 1
Building C object CMakeFiles/cmTryCompileExec1873937537.dir/CheckIncludeFile.c.o
/usr/bin/gcc   -I/home/vlc/vlcProject/vlc-2.2/contrib/x86_64-linux-gnu/include -g -fPIC     -o CMakeFiles/cmTryCompileExec1873937537.dir/CheckIncludeFile.c.o   -c /home/vlc/vlcProject/vlc-2.2/contrib/native/musepack/CMakeFiles/CMakeTmp/CheckIncludeFile.c
Linking C executable cmTryCompileExec1873937537
/usr/bin/cmake -E cmake_link_script CMakeFiles/cmTryCompileExec1873937537.dir/link.txt --verbose=1
/usr/bin/gcc   -I/home/vlc/vlcProject/vlc-2.2/contrib/x86_64-linux-gnu/include -g -fPIC      -L/home/vlc/vlcProject/vlc-2.2/contrib/x86_64-linux-gnu/lib  CMakeFiles/cmTryCompileExec1873937537.dir/CheckIncludeFile.c.o  -o cmTryCompileExec1873937537 -rdynamic 
make[2]: Leaving directory '/home/vlc/vlcProject/vlc-2.2/contrib/native/musepack/CMakeFiles/CMakeTmp'
make[1]: Leaving directory '/home/vlc/vlcProject/vlc-2.2/contrib/native/musepack/CMakeFiles/CMakeTmp'


Determining if the include file stddef.h exists passed with the following output:
Change Dir: /home/vlc/vlcProject/vlc-2.2/contrib/native/musepack/CMakeFiles/CMakeTmp

Run Build Command:"/usr/bin/make" "cmTryCompileExec4289068614/fast"
make[1]: Entering directory '/home/vlc/vlcProject/vlc-2.2/contrib/native/musepack/CMakeFiles/CMakeTmp'
/usr/bin/make -f CMakeFiles/cmTryCompileExec4289068614.dir/build.make CMakeFiles/cmTryCompileExec4289068614.dir/build
make[2]: Entering directory '/home/vlc/vlcProject/vlc-2.2/contrib/native/musepack/CMakeFiles/CMakeTmp'
/usr/bin/cmake -E cmake_progress_report /home/vlc/vlcProject/vlc-2.2/contrib/native/musepack/CMakeFiles/CMakeTmp/CMakeFiles 1
Building C object CMakeFiles/cmTryCompileExec4289068614.dir/CheckIncludeFile.c.o
/usr/bin/gcc   -I/home/vlc/vlcProject/vlc-2.2/contrib/x86_64-linux-gnu/include -g -fPIC     -o CMakeFiles/cmTryCompileExec4289068614.dir/CheckIncludeFile.c.o   -c /home/vlc/vlcProject/vlc-2.2/contrib/native/musepack/CMakeFiles/CMakeTmp/CheckIncludeFile.c
Linking C executable cmTryCompileExec4289068614
/usr/bin/cmake -E cmake_link_script CMakeFiles/cmTryCompileExec4289068614.dir/link.txt --verbose=1
/usr/bin/gcc   -I/home/vlc/vlcProject/vlc-2.2/contrib/x86_64-linux-gnu/include -g -fPIC      -L/home/vlc/vlcProject/vlc-2.2/contrib/x86_64-linux-gnu/lib  CMakeFiles/cmTryCompileExec4289068614.dir/CheckIncludeFile.c.o  -o cmTryCompileExec4289068614 -rdynamic 
make[2]: Leaving directory '/home/vlc/vlcProject/vlc-2.2/contrib/native/musepack/CMakeFiles/CMakeTmp'
make[1]: Leaving directory '/home/vlc/vlcProject/vlc-2.2/contrib/native/musepack/CMakeFiles/CMakeTmp'


Determining size of unsigned short passed with the following output:
Change Dir: /home/vlc/vlcProject/vlc-2.2/contrib/native/musepack/CMakeFiles/CMakeTmp

Run Build Command:"/usr/bin/make" "cmTryCompileExec2724629443/fast"
make[1]: Entering directory '/home/vlc/vlcProject/vlc-2.2/contrib/native/musepack/CMakeFiles/CMakeTmp'
/usr/bin/make -f CMakeFiles/cmTryCompileExec2724629443.dir/build.make CMakeFiles/cmTryCompileExec2724629443.dir/build
make[2]: Entering directory '/home/vlc/vlcProject/vlc-2.2/contrib/native/musepack/CMakeFiles/CMakeTmp'
/usr/bin/cmake -E cmake_progress_report /home/vlc/vlcProject/vlc-2.2/contrib/native/musepack/CMakeFiles/CMakeTmp/CMakeFiles 1
Building C object CMakeFiles/cmTryCompileExec2724629443.dir/CMAKE_SIZEOF_UNSIGNED_SHORT.c.o
/usr/bin/gcc   -I/home/vlc/vlcProject/vlc-2.2/contrib/x86_64-linux-gnu/include -g -fPIC     -o CMakeFiles/cmTryCompileExec2724629443.dir/CMAKE_SIZEOF_UNSIGNED_SHORT.c.o   -c /home/vlc/vlcProject/vlc-2.2/contrib/native/musepack/CMakeFiles/CheckTypeSize/CMAKE_SIZEOF_UNSIGNED_SHORT.c
Linking C executable cmTryCompileExec2724629443
/usr/bin/cmake -E cmake_link_script CMakeFiles/cmTryCompileExec2724629443.dir/link.txt --verbose=1
/usr/bin/gcc   -I/home/vlc/vlcProject/vlc-2.2/contrib/x86_64-linux-gnu/include -g -fPIC      -L/home/vlc/vlcProject/vlc-2.2/contrib/x86_64-linux-gnu/lib  CMakeFiles/cmTryCompileExec2724629443.dir/CMAKE_SIZEOF_UNSIGNED_SHORT.c.o  -o cmTryCompileExec2724629443 -rdynamic 
make[2]: Leaving directory '/home/vlc/vlcProject/vlc-2.2/contrib/native/musepack/CMakeFiles/CMakeTmp'
make[1]: Leaving directory '/home/vlc/vlcProject/vlc-2.2/contrib/native/musepack/CMakeFiles/CMakeTmp'


