This file contains any messages produced by compilers while
running configure, to aid debugging if configure makes a mistake.

It was created by configure, which was
generated by GNU Autoconf 2.69.  Invocation command line was

  $ ./configure --prefix=/home/vlc/vlcProject/vlc-2.2/contrib/x86_64-linux-gnu --datarootdir=/home/vlc/vlcProject/vlc-2.2/contrib/x86_64-linux-gnu/share --includedir=/home/vlc/vlcProject/vlc-2.2/contrib/x86_64-linux-gnu/include --libdir=/home/vlc/vlcProject/vlc-2.2/contrib/x86_64-linux-gnu/lib --build=x86_64-linux-gnu --host=x86_64-linux-gnu --target=x86_64-linux-gnu --program-prefix= --enable-static --disable-shared --disable-dependency-tracking --with-pic build_alias=x86_64-linux-gnu host_alias=x86_64-linux-gnu target_alias=x86_64-linux-gnu --disable-library-checks --disable-resid-install

## --------- ##
## Platform. ##
## --------- ##

hostname = VLC-ubuntu15-ssd
uname -m = x86_64
uname -r = 4.2.0-27-generic
uname -s = Linux
uname -v = #32-Ubuntu SMP Fri Jan 22 04:49:08 UTC 2016

/usr/bin/uname -p = unknown
/bin/uname -X     = unknown

/bin/arch              = unknown
/usr/bin/arch -k       = unknown
/usr/convex/getsysinfo = unknown
/usr/bin/hostinfo      = unknown
/bin/machine           = unknown
/usr/bin/oslevel       = unknown
/bin/universe          = unknown

PATH: /home/vlc/vlcProject/vlc-2.2/contrib/x86_64-linux-gnu/bin
PATH: /home/vlc/vlcProject/vlc-2.2/extras/tools/build/bin
PATH: /usr/local/sbin
PATH: /usr/local/bin
PATH: /usr/sbin
PATH: /usr/bin
PATH: /sbin
PATH: /bin
PATH: /usr/games
PATH: /usr/local/games


## ----------- ##
## Core tests. ##
## ----------- ##

configure:2480: checking for a BSD-compatible install
configure:2548: result: /usr/bin/install -c
configure:2559: checking whether build environment is sane
configure:2614: result: yes
configure:2765: checking for a thread-safe mkdir -p
configure:2804: result: /bin/mkdir -p
configure:2811: checking for gawk
configure:2841: result: no
configure:2811: checking for mawk
configure:2827: found /usr/bin/mawk
configure:2838: result: mawk
configure:2849: checking whether make sets $(MAKE)
configure:2871: result: yes
configure:2900: checking whether make supports nested variables
configure:2917: result: yes
configure:3182: checking for C++ compiler version
configure:3191: g++ --version >&5
g++ (Ubuntu 5.2.1-22ubuntu2) 5.2.1 20151010
Copyright (C) 2015 Free Software Foundation, Inc.
This is free software; see the source for copying conditions.  There is NO
warranty; not even for MERCHANTABILITY or FITNESS FOR A PARTICULAR PURPOSE.

configure:3202: $? = 0
configure:3191: g++ -v >&5
Using built-in specs.
COLLECT_GCC=g++
COLLECT_LTO_WRAPPER=/usr/lib/gcc/x86_64-linux-gnu/5/lto-wrapper
Target: x86_64-linux-gnu
Configured with: ../src/configure -v --with-pkgversion='Ubuntu 5.2.1-22ubuntu2' --with-bugurl=file:///usr/share/doc/gcc-5/README.Bugs --enable-languages=c,ada,c++,java,go,d,fortran,objc,obj-c++ --prefix=/usr --program-suffix=-5 --enable-shared --enable-linker-build-id --libexecdir=/usr/lib --without-included-gettext --enable-threads=posix --libdir=/usr/lib --enable-nls --with-sysroot=/ --enable-clocale=gnu --enable-libstdcxx-debug --enable-libstdcxx-time=yes --with-default-libstdcxx-abi=new --enable-gnu-unique-object --disable-vtable-verify --enable-libmpx --enable-plugin --with-system-zlib --disable-browser-plugin --enable-java-awt=gtk --enable-gtk-cairo --with-java-home=/usr/lib/jvm/java-1.5.0-gcj-5-amd64/jre --enable-java-home --with-jvm-root-dir=/usr/lib/jvm/java-1.5.0-gcj-5-amd64 --with-jvm-jar-dir=/usr/lib/jvm-exports/java-1.5.0-gcj-5-amd64 --with-arch-directory=amd64 --with-ecj-jar=/usr/share/java/eclipse-ecj.jar --enable-objc-gc --enable-multiarch --disable-werror --with-arch-32=i686 --with-abi=m64 --with-multilib-list=m32,m64,mx32 --enable-multilib --with-tune=generic --enable-checking=release --build=x86_64-linux-gnu --host=x86_64-linux-gnu --target=x86_64-linux-gnu
Thread model: posix
gcc version 5.2.1 20151010 (Ubuntu 5.2.1-22ubuntu2) 
configure:3202: $? = 0
configure:3191: g++ -V >&5
g++: error: unrecognized command line option '-V'
g++: fatal error: no input files
compilation terminated.
configure:3202: $? = 1
configure:3191: g++ -qversion >&5
g++: error: unrecognized command line option '-qversion'
g++: fatal error: no input files
compilation terminated.
configure:3202: $? = 1
configure:3222: checking whether the C++ compiler works
configure:3244: g++  -I/home/vlc/vlcProject/vlc-2.2/contrib/x86_64-linux-gnu/include -g  -I/home/vlc/vlcProject/vlc-2.2/contrib/x86_64-linux-gnu/include  -L/home/vlc/vlcProject/vlc-2.2/contrib/x86_64-linux-gnu/lib conftest.cpp  >&5
configure:3248: $? = 0
configure:3296: result: yes
configure:3299: checking for C++ compiler default output file name
configure:3301: result: a.out
configure:3307: checking for suffix of executables
configure:3314: g++ -o conftest  -I/home/vlc/vlcProject/vlc-2.2/contrib/x86_64-linux-gnu/include -g  -I/home/vlc/vlcProject/vlc-2.2/contrib/x86_64-linux-gnu/include  -L/home/vlc/vlcProject/vlc-2.2/contrib/x86_64-linux-gnu/lib conftest.cpp  >&5
configure:3318: $? = 0
configure:3340: result: 
configure:3362: checking whether we are cross compiling
configure:3370: g++ -o conftest  -I/home/vlc/vlcProject/vlc-2.2/contrib/x86_64-linux-gnu/include -g  -I/home/vlc/vlcProject/vlc-2.2/contrib/x86_64-linux-gnu/include  -L/home/vlc/vlcProject/vlc-2.2/contrib/x86_64-linux-gnu/lib conftest.cpp  >&5
configure:3374: $? = 0
configure:3381: ./conftest
configure:3385: $? = 0
configure:3400: result: no
configure:3405: checking for suffix of object files
configure:3427: g++ -c  -I/home/vlc/vlcProject/vlc-2.2/contrib/x86_64-linux-gnu/include -g  -I/home/vlc/vlcProject/vlc-2.2/contrib/x86_64-linux-gnu/include conftest.cpp >&5
configure:3431: $? = 0
configure:3452: result: o
configure:3456: checking whether we are using the GNU C++ compiler
configure:3475: g++ -c  -I/home/vlc/vlcProject/vlc-2.2/contrib/x86_64-linux-gnu/include -g  -I/home/vlc/vlcProject/vlc-2.2/contrib/x86_64-linux-gnu/include conftest.cpp >&5
configure:3475: $? = 0
configure:3484: result: yes
configure:3493: checking whether g++ accepts -g
configure:3513: g++ -c -g  -I/home/vlc/vlcProject/vlc-2.2/contrib/x86_64-linux-gnu/include conftest.cpp >&5
configure:3513: $? = 0
configure:3554: result: yes
configure:3588: checking for style of include used by make
configure:3616: result: GNU
configure:3642: checking dependency style of g++
configure:3753: result: none
configure:3801: checking for perl
configure:3819: found /usr/bin/perl
configure:3831: result: /usr/bin/perl
configure:3847: checking how to run the C++ preprocessor
configure:3874: g++ -E  -I/home/vlc/vlcProject/vlc-2.2/contrib/x86_64-linux-gnu/include conftest.cpp
configure:3874: $? = 0
configure:3888: g++ -E  -I/home/vlc/vlcProject/vlc-2.2/contrib/x86_64-linux-gnu/include conftest.cpp
conftest.cpp:11:28: fatal error: ac_nonexistent.h: No such file or directory
compilation terminated.
configure:3888: $? = 1
configure: failed program was:
| /* confdefs.h */
| #define PACKAGE_NAME ""
| #define PACKAGE_TARNAME ""
| #define PACKAGE_VERSION ""
| #define PACKAGE_STRING ""
| #define PACKAGE_BUGREPORT ""
| #define PACKAGE_URL ""
| #define PACKAGE "resid"
| #define VERSION "0.16"
| /* end confdefs.h.  */
| #include <ac_nonexistent.h>
configure:3913: result: g++ -E
configure:3933: g++ -E  -I/home/vlc/vlcProject/vlc-2.2/contrib/x86_64-linux-gnu/include conftest.cpp
configure:3933: $? = 0
configure:3947: g++ -E  -I/home/vlc/vlcProject/vlc-2.2/contrib/x86_64-linux-gnu/include conftest.cpp
conftest.cpp:11:28: fatal error: ac_nonexistent.h: No such file or directory
compilation terminated.
configure:3947: $? = 1
configure: failed program was:
| /* confdefs.h */
| #define PACKAGE_NAME ""
| #define PACKAGE_TARNAME ""
| #define PACKAGE_VERSION ""
| #define PACKAGE_STRING ""
| #define PACKAGE_BUGREPORT ""
| #define PACKAGE_URL ""
| #define PACKAGE "resid"
| #define VERSION "0.16"
| /* end confdefs.h.  */
| #include <ac_nonexistent.h>
configure:3976: checking for grep that handles long lines and -e
configure:4034: result: /bin/grep
configure:4039: checking for egrep
configure:4101: result: /bin/grep -E
configure:4106: checking for ANSI C header files
configure:4126: g++ -c  -I/home/vlc/vlcProject/vlc-2.2/contrib/x86_64-linux-gnu/include -g  -I/home/vlc/vlcProject/vlc-2.2/contrib/x86_64-linux-gnu/include conftest.cpp >&5
configure:4126: $? = 0
configure:4199: g++ -o conftest  -I/home/vlc/vlcProject/vlc-2.2/contrib/x86_64-linux-gnu/include -g  -I/home/vlc/vlcProject/vlc-2.2/contrib/x86_64-linux-gnu/include  -L/home/vlc/vlcProject/vlc-2.2/contrib/x86_64-linux-gnu/lib conftest.cpp  >&5
configure:4199: $? = 0
configure:4199: ./conftest
configure:4199: $? = 0
configure:4210: result: yes
configure:4223: checking for sys/types.h
configure:4223: g++ -c  -I/home/vlc/vlcProject/vlc-2.2/contrib/x86_64-linux-gnu/include -g  -I/home/vlc/vlcProject/vlc-2.2/contrib/x86_64-linux-gnu/include conftest.cpp >&5
configure:4223: $? = 0
configure:4223: result: yes
configure:4223: checking for sys/stat.h
configure:4223: g++ -c  -I/home/vlc/vlcProject/vlc-2.2/contrib/x86_64-linux-gnu/include -g  -I/home/vlc/vlcProject/vlc-2.2/contrib/x86_64-linux-gnu/include conftest.cpp >&5
configure:4223: $? = 0
configure:4223: result: yes
configure:4223: checking for stdlib.h
configure:4223: g++ -c  -I/home/vlc/vlcProject/vlc-2.2/contrib/x86_64-linux-gnu/include -g  -I/home/vlc/vlcProject/vlc-2.2/contrib/x86_64-linux-gnu/include conftest.cpp >&5
configure:4223: $? = 0
configure:4223: result: yes
configure:4223: checking for string.h
configure:4223: g++ -c  -I/home/vlc/vlcProject/vlc-2.2/contrib/x86_64-linux-gnu/include -g  -I/home/vlc/vlcProject/vlc-2.2/contrib/x86_64-linux-gnu/include conftest.cpp >&5
configure:4223: $? = 0
configure:4223: result: yes
configure:4223: checking for memory.h
configure:4223: g++ -c  -I/home/vlc/vlcProject/vlc-2.2/contrib/x86_64-linux-gnu/include -g  -I/home/vlc/vlcProject/vlc-2.2/contrib/x86_64-linux-gnu/include conftest.cpp >&5
configure:4223: $? = 0
configure:4223: result: yes
configure:4223: checking for strings.h
configure:4223: g++ -c  -I/home/vlc/vlcProject/vlc-2.2/contrib/x86_64-linux-gnu/include -g  -I/home/vlc/vlcProject/vlc-2.2/contrib/x86_64-linux-gnu/include conftest.cpp >&5
configure:4223: $? = 0
configure:4223: result: yes
configure:4223: checking for inttypes.h
configure:4223: g++ -c  -I/home/vlc/vlcProject/vlc-2.2/contrib/x86_64-linux-gnu/include -g  -I/home/vlc/vlcProject/vlc-2.2/contrib/x86_64-linux-gnu/include conftest.cpp >&5
configure:4223: $? = 0
configure:4223: result: yes
configure:4223: checking for stdint.h
configure:4223: g++ -c  -I/home/vlc/vlcProject/vlc-2.2/contrib/x86_64-linux-gnu/include -g  -I/home/vlc/vlcProject/vlc-2.2/contrib/x86_64-linux-gnu/include conftest.cpp >&5
configure:4223: $? = 0
configure:4223: result: yes
configure:4223: checking for unistd.h
configure:4223: g++ -c  -I/home/vlc/vlcProject/vlc-2.2/contrib/x86_64-linux-gnu/include -g  -I/home/vlc/vlcProject/vlc-2.2/contrib/x86_64-linux-gnu/include conftest.cpp >&5
configure:4223: $? = 0
configure:4223: result: yes
configure:4239: checking size of int
configure:4244: g++ -o conftest  -I/home/vlc/vlcProject/vlc-2.2/contrib/x86_64-linux-gnu/include -g  -I/home/vlc/vlcProject/vlc-2.2/contrib/x86_64-linux-gnu/include  -L/home/vlc/vlcProject/vlc-2.2/contrib/x86_64-linux-gnu/lib conftest.cpp  >&5
configure:4244: $? = 0
configure:4244: ./conftest
configure:4244: $? = 0
configure:4258: result: 4
configure:4273: checking for working bool
configure:4291: g++ -c  -I/home/vlc/vlcProject/vlc-2.2/contrib/x86_64-linux-gnu/include -g  -I/home/vlc/vlcProject/vlc-2.2/contrib/x86_64-linux-gnu/include conftest.cpp >&5
configure:4291: $? = 0
configure:4298: result: yes
configure:4370: checking build system type
configure:4384: result: x86_64-pc-linux-gnu
configure:4404: checking host system type
configure:4417: result: x86_64-pc-linux-gnu
configure:4458: checking how to print strings
configure:4485: result: printf
configure:4514: checking for x86_64-linux-gnu-gcc
configure:4541: result: gcc
configure:4810: checking for C compiler version
configure:4819: gcc --version >&5
gcc (Ubuntu 5.2.1-22ubuntu2) 5.2.1 20151010
Copyright (C) 2015 Free Software Foundation, Inc.
This is free software; see the source for copying conditions.  There is NO
warranty; not even for MERCHANTABILITY or FITNESS FOR A PARTICULAR PURPOSE.

configure:4830: $? = 0
configure:4819: gcc -v >&5
Using built-in specs.
COLLECT_GCC=gcc
COLLECT_LTO_WRAPPER=/usr/lib/gcc/x86_64-linux-gnu/5/lto-wrapper
Target: x86_64-linux-gnu
Configured with: ../src/configure -v --with-pkgversion='Ubuntu 5.2.1-22ubuntu2' --with-bugurl=file:///usr/share/doc/gcc-5/README.Bugs --enable-languages=c,ada,c++,java,go,d,fortran,objc,obj-c++ --prefix=/usr --program-suffix=-5 --enable-shared --enable-linker-build-id --libexecdir=/usr/lib --without-included-gettext --enable-threads=posix --libdir=/usr/lib --enable-nls --with-sysroot=/ --enable-clocale=gnu --enable-libstdcxx-debug --enable-libstdcxx-time=yes --with-default-libstdcxx-abi=new --enable-gnu-unique-object --disable-vtable-verify --enable-libmpx --enable-plugin --with-system-zlib --disable-browser-plugin --enable-java-awt=gtk --enable-gtk-cairo --with-java-home=/usr/lib/jvm/java-1.5.0-gcj-5-amd64/jre --enable-java-home --with-jvm-root-dir=/usr/lib/jvm/java-1.5.0-gcj-5-amd64 --with-jvm-jar-dir=/usr/lib/jvm-exports/java-1.5.0-gcj-5-amd64 --with-arch-directory=amd64 --with-ecj-jar=/usr/share/java/eclipse-ecj.jar --enable-objc-gc --enable-multiarch --disable-werror --with-arch-32=i686 --with-abi=m64 --with-multilib-list=m32,m64,mx32 --enable-multilib --with-tune=generic --enable-checking=release --build=x86_64-linux-gnu --host=x86_64-linux-gnu --target=x86_64-linux-gnu
Thread model: posix
gcc version 5.2.1 20151010 (Ubuntu 5.2.1-22ubuntu2) 
configure:4830: $? = 0
configure:4819: gcc -V >&5
gcc: error: unrecognized command line option '-V'
gcc: fatal error: no input files
compilation terminated.
configure:4830: $? = 1
configure:4819: gcc -qversion >&5
gcc: error: unrecognized command line option '-qversion'
gcc: fatal error: no input files
compilation terminated.
configure:4830: $? = 1
configure:4834: checking whether we are using the GNU C compiler
configure:4853: gcc -c  -I/home/vlc/vlcProject/vlc-2.2/contrib/x86_64-linux-gnu/include -g  -I/home/vlc/vlcProject/vlc-2.2/contrib/x86_64-linux-gnu/include conftest.c >&5
configure:4853: $? = 0
configure:4862: result: yes
configure:4871: checking whether gcc accepts -g
configure:4891: gcc -c -g  -I/home/vlc/vlcProject/vlc-2.2/contrib/x86_64-linux-gnu/include conftest.c >&5
configure:4891: $? = 0
configure:4932: result: yes
configure:4949: checking for gcc option to accept ISO C89
configure:5012: gcc  -c  -I/home/vlc/vlcProject/vlc-2.2/contrib/x86_64-linux-gnu/include -g  -I/home/vlc/vlcProject/vlc-2.2/contrib/x86_64-linux-gnu/include conftest.c >&5
configure:5012: $? = 0
configure:5025: result: none needed
configure:5050: checking whether gcc understands -c and -o together
configure:5072: gcc -c conftest.c -o conftest2.o
configure:5075: $? = 0
configure:5072: gcc -c conftest.c -o conftest2.o
configure:5075: $? = 0
configure:5087: result: yes
configure:5106: checking dependency style of gcc
configure:5217: result: none
configure:5232: checking for a sed that does not truncate output
configure:5296: result: /bin/sed
configure:5314: checking for fgrep
configure:5376: result: /bin/grep -F
configure:5411: checking for ld used by gcc
configure:5478: result: ld
configure:5485: checking if the linker (ld) is GNU ld
configure:5500: result: yes
configure:5512: checking for BSD- or MS-compatible name lister (nm)
configure:5561: result: /usr/bin/nm -B
configure:5691: checking the name lister (/usr/bin/nm -B) interface
configure:5698: g++ -c  -I/home/vlc/vlcProject/vlc-2.2/contrib/x86_64-linux-gnu/include -g  -I/home/vlc/vlcProject/vlc-2.2/contrib/x86_64-linux-gnu/include conftest.cpp >&5
configure:5701: /usr/bin/nm -B "conftest.o"
configure:5704: output
0000000000000000 B some_variable
configure:5711: result: BSD nm
configure:5714: checking whether ln -s works
configure:5718: result: yes
configure:5726: checking the maximum length of command line arguments
configure:5857: result: 1572864
configure:5874: checking whether the shell understands some XSI constructs
configure:5884: result: yes
configure:5888: checking whether the shell understands "+="
configure:5894: result: yes
configure:5929: checking how to convert x86_64-pc-linux-gnu file names to x86_64-pc-linux-gnu format
configure:5969: result: func_convert_file_noop
configure:5976: checking how to convert x86_64-pc-linux-gnu file names to toolchain format
configure:5996: result: func_convert_file_noop
configure:6003: checking for ld option to reload object files
configure:6010: result: -r
configure:6044: checking for x86_64-linux-gnu-objdump
configure:6060: found /usr/bin/x86_64-linux-gnu-objdump
configure:6071: result: x86_64-linux-gnu-objdump
configure:6143: checking how to recognize dependent libraries
configure:6341: result: pass_all
configure:6386: checking for x86_64-linux-gnu-dlltool
configure:6416: result: no
configure:6426: checking for dlltool
configure:6456: result: no
configure:6486: checking how to associate runtime and link libraries
configure:6513: result: printf %s\n
configure:6529: checking for x86_64-linux-gnu-ar
configure:6556: result: ar
configure:6637: checking for archiver @FILE support
configure:6654: g++ -c  -I/home/vlc/vlcProject/vlc-2.2/contrib/x86_64-linux-gnu/include -g  -I/home/vlc/vlcProject/vlc-2.2/contrib/x86_64-linux-gnu/include conftest.cpp >&5
configure:6654: $? = 0
configure:6657: ar cru libconftest.a @conftest.lst >&5
ar: `u' modifier ignored since `D' is the default (see `U')
configure:6660: $? = 0
configure:6665: ar cru libconftest.a @conftest.lst >&5
ar: `u' modifier ignored since `D' is the default (see `U')
ar: conftest.o: No such file or directory
configure:6668: $? = 1
configure:6680: result: @
configure:6698: checking for x86_64-linux-gnu-strip
configure:6725: result: strip
configure:6797: checking for x86_64-linux-gnu-ranlib
configure:6824: result: ranlib
configure:6966: checking command to parse /usr/bin/nm -B output from gcc object
configure:7086: g++ -c  -I/home/vlc/vlcProject/vlc-2.2/contrib/x86_64-linux-gnu/include -g  -I/home/vlc/vlcProject/vlc-2.2/contrib/x86_64-linux-gnu/include conftest.cpp >&5
configure:7089: $? = 0
configure:7093: /usr/bin/nm -B conftest.o \| sed -n -e 's/^.*[ ]\([ABCDGIRSTW][ABCDGIRSTW]*\)[ ][ ]*\([_A-Za-z][_A-Za-z0-9]*\)$/\1 \2 \2/p' | sed '/ __gnu_lto/d' \> conftest.nm
configure:7096: $? = 0
configure:7162: g++ -o conftest  -I/home/vlc/vlcProject/vlc-2.2/contrib/x86_64-linux-gnu/include -g  -I/home/vlc/vlcProject/vlc-2.2/contrib/x86_64-linux-gnu/include  -L/home/vlc/vlcProject/vlc-2.2/contrib/x86_64-linux-gnu/lib conftest.cpp conftstm.o >&5
configure:7165: $? = 0
configure:7203: result: ok
configure:7240: checking for sysroot
configure:7270: result: no
configure:7348: g++ -c  -I/home/vlc/vlcProject/vlc-2.2/contrib/x86_64-linux-gnu/include -g  -I/home/vlc/vlcProject/vlc-2.2/contrib/x86_64-linux-gnu/include conftest.cpp >&5
configure:7351: $? = 0
configure:7500: checking for x86_64-linux-gnu-mt
configure:7530: result: no
configure:7540: checking for mt
configure:7556: found /bin/mt
configure:7567: result: mt
configure:7590: checking if mt is a manifest tool
configure:7596: mt '-?'
configure:7604: result: no
configure:8243: checking for dlfcn.h
configure:8243: g++ -c  -I/home/vlc/vlcProject/vlc-2.2/contrib/x86_64-linux-gnu/include -g  -I/home/vlc/vlcProject/vlc-2.2/contrib/x86_64-linux-gnu/include conftest.cpp >&5
configure:8243: $? = 0
configure:8243: result: yes
configure:8429: checking for objdir
configure:8444: result: .libs
configure:8711: checking if gcc supports -fno-rtti -fno-exceptions
configure:8729: gcc -c  -I/home/vlc/vlcProject/vlc-2.2/contrib/x86_64-linux-gnu/include -g  -I/home/vlc/vlcProject/vlc-2.2/contrib/x86_64-linux-gnu/include -fno-rtti -fno-exceptions conftest.c >&5
cc1: warning: command line option '-fno-rtti' is valid for C++/ObjC++ but not for C
configure:8733: $? = 0
configure:8746: result: no
configure:9073: checking for gcc option to produce PIC
configure:9080: result: -fPIC -DPIC
configure:9088: checking if gcc PIC flag -fPIC -DPIC works
configure:9106: gcc -c  -I/home/vlc/vlcProject/vlc-2.2/contrib/x86_64-linux-gnu/include -g  -I/home/vlc/vlcProject/vlc-2.2/contrib/x86_64-linux-gnu/include -fPIC -DPIC -DPIC conftest.c >&5
configure:9110: $? = 0
configure:9123: result: yes
configure:9152: checking if gcc static flag -static works
configure:9180: result: yes
configure:9195: checking if gcc supports -c -o file.o
configure:9216: gcc -c  -I/home/vlc/vlcProject/vlc-2.2/contrib/x86_64-linux-gnu/include -g  -I/home/vlc/vlcProject/vlc-2.2/contrib/x86_64-linux-gnu/include -o out/conftest2.o conftest.c >&5
configure:9220: $? = 0
configure:9242: result: yes
configure:9250: checking if gcc supports -c -o file.o
configure:9297: result: yes
configure:9330: checking whether the gcc linker (ld -m elf_x86_64) supports shared libraries
configure:10487: result: yes
configure:10727: checking dynamic linker characteristics
configure:11227: gcc -o conftest  -I/home/vlc/vlcProject/vlc-2.2/contrib/x86_64-linux-gnu/include -g  -I/home/vlc/vlcProject/vlc-2.2/contrib/x86_64-linux-gnu/include  -L/home/vlc/vlcProject/vlc-2.2/contrib/x86_64-linux-gnu/lib -Wl,-rpath -Wl,/foo conftest.c  >&5
configure:11227: $? = 0
configure:11461: result: GNU/Linux ld.so
configure:11568: checking how to hardcode library paths into programs
configure:11593: result: immediate
configure:12133: checking whether stripping libraries is possible
configure:12138: result: yes
configure:12173: checking if libtool supports shared libraries
configure:12175: result: yes
configure:12178: checking whether to build shared libraries
configure:12199: result: no
configure:12202: checking whether to build static libraries
configure:12206: result: yes
configure:12229: checking how to run the C++ preprocessor
configure:12295: result: g++ -E
configure:12315: g++ -E  -I/home/vlc/vlcProject/vlc-2.2/contrib/x86_64-linux-gnu/include conftest.cpp
configure:12315: $? = 0
configure:12329: g++ -E  -I/home/vlc/vlcProject/vlc-2.2/contrib/x86_64-linux-gnu/include conftest.cpp
conftest.cpp:24:28: fatal error: ac_nonexistent.h: No such file or directory
compilation terminated.
configure:12329: $? = 1
configure: failed program was:
| /* confdefs.h */
| #define PACKAGE_NAME ""
| #define PACKAGE_TARNAME ""
| #define PACKAGE_VERSION ""
| #define PACKAGE_STRING ""
| #define PACKAGE_BUGREPORT ""
| #define PACKAGE_URL ""
| #define PACKAGE "resid"
| #define VERSION "0.16"
| #define STDC_HEADERS 1
| #define HAVE_SYS_TYPES_H 1
| #define HAVE_SYS_STAT_H 1
| #define HAVE_STDLIB_H 1
| #define HAVE_STRING_H 1
| #define HAVE_MEMORY_H 1
| #define HAVE_STRINGS_H 1
| #define HAVE_INTTYPES_H 1
| #define HAVE_STDINT_H 1
| #define HAVE_UNISTD_H 1
| #define SIZEOF_INT 4
| #define HAVE_DLFCN_H 1
| #define LT_OBJDIR ".libs/"
| /* end confdefs.h.  */
| #include <ac_nonexistent.h>
configure:12498: checking for ld used by g++
configure:12565: result: ld -m elf_x86_64
configure:12572: checking if the linker (ld -m elf_x86_64) is GNU ld
configure:12587: result: yes
configure:12642: checking whether the g++ linker (ld -m elf_x86_64) supports shared libraries
configure:13644: result: yes
configure:13680: g++ -c  -I/home/vlc/vlcProject/vlc-2.2/contrib/x86_64-linux-gnu/include -g  -I/home/vlc/vlcProject/vlc-2.2/contrib/x86_64-linux-gnu/include conftest.cpp >&5
configure:13683: $? = 0
configure:14203: checking for g++ option to produce PIC
configure:14210: result: -fPIC -DPIC
configure:14218: checking if g++ PIC flag -fPIC -DPIC works
configure:14236: g++ -c  -I/home/vlc/vlcProject/vlc-2.2/contrib/x86_64-linux-gnu/include -g  -I/home/vlc/vlcProject/vlc-2.2/contrib/x86_64-linux-gnu/include -fPIC -DPIC -DPIC conftest.cpp >&5
configure:14240: $? = 0
configure:14253: result: yes
configure:14276: checking if g++ static flag -static works
configure:14304: result: yes
configure:14316: checking if g++ supports -c -o file.o
configure:14337: g++ -c  -I/home/vlc/vlcProject/vlc-2.2/contrib/x86_64-linux-gnu/include -g  -I/home/vlc/vlcProject/vlc-2.2/contrib/x86_64-linux-gnu/include -o out/conftest2.o conftest.cpp >&5
configure:14341: $? = 0
configure:14363: result: yes
configure:14368: checking if g++ supports -c -o file.o
configure:14415: result: yes
configure:14445: checking whether the g++ linker (ld -m elf_x86_64) supports shared libraries
configure:14484: result: yes
configure:14625: checking dynamic linker characteristics
configure:15293: result: GNU/Linux ld.so
configure:15346: checking how to hardcode library paths into programs
configure:15371: result: immediate
configure:15444: checking for ReSID namespace
configure:15446: result: 
configure:15620: checking that generated files are newer than configure
configure:15626: result: done
configure:15657: creating ./config.status

## ---------------------- ##
## Running config.status. ##
## ---------------------- ##

This file was extended by config.status, which was
generated by GNU Autoconf 2.69.  Invocation command line was

  CONFIG_FILES    = 
  CONFIG_HEADERS  = 
  CONFIG_LINKS    = 
  CONFIG_COMMANDS = 
  $ ./config.status 

on VLC-ubuntu15-ssd

config.status:1074: creating Makefile
config.status:1074: creating siddefs.h
config.status:1246: executing depfiles commands
config.status:1246: executing libtool commands
configure:17956: WARNING: unrecognized options: --disable-library-checks

## ---------------- ##
## Cache variables. ##
## ---------------- ##

ac_cv_build=x86_64-pc-linux-gnu
ac_cv_c_compiler_gnu=yes
ac_cv_cxx_bool=yes
ac_cv_cxx_compiler_gnu=yes
ac_cv_env_CCC_set=
ac_cv_env_CCC_value=
ac_cv_env_CC_set=set
ac_cv_env_CC_value=gcc
ac_cv_env_CFLAGS_set=set
ac_cv_env_CFLAGS_value=' -I/home/vlc/vlcProject/vlc-2.2/contrib/x86_64-linux-gnu/include -g'
ac_cv_env_CPPFLAGS_set=set
ac_cv_env_CPPFLAGS_value=' -I/home/vlc/vlcProject/vlc-2.2/contrib/x86_64-linux-gnu/include'
ac_cv_env_CXXCPP_set=
ac_cv_env_CXXCPP_value=
ac_cv_env_CXXFLAGS_set=set
ac_cv_env_CXXFLAGS_value=' -I/home/vlc/vlcProject/vlc-2.2/contrib/x86_64-linux-gnu/include -g'
ac_cv_env_CXX_set=set
ac_cv_env_CXX_value=g++
ac_cv_env_LDFLAGS_set=set
ac_cv_env_LDFLAGS_value=' -L/home/vlc/vlcProject/vlc-2.2/contrib/x86_64-linux-gnu/lib'
ac_cv_env_LIBS_set=
ac_cv_env_LIBS_value=
ac_cv_env_build_alias_set=set
ac_cv_env_build_alias_value=x86_64-linux-gnu
ac_cv_env_host_alias_set=set
ac_cv_env_host_alias_value=x86_64-linux-gnu
ac_cv_env_target_alias_set=set
ac_cv_env_target_alias_value=x86_64-linux-gnu
ac_cv_header_dlfcn_h=yes
ac_cv_header_inttypes_h=yes
ac_cv_header_memory_h=yes
ac_cv_header_stdc=yes
ac_cv_header_stdint_h=yes
ac_cv_header_stdlib_h=yes
ac_cv_header_string_h=yes
ac_cv_header_strings_h=yes
ac_cv_header_sys_stat_h=yes
ac_cv_header_sys_types_h=yes
ac_cv_header_unistd_h=yes
ac_cv_host=x86_64-pc-linux-gnu
ac_cv_objext=o
ac_cv_path_EGREP='/bin/grep -E'
ac_cv_path_FGREP='/bin/grep -F'
ac_cv_path_GREP=/bin/grep
ac_cv_path_PERL=/usr/bin/perl
ac_cv_path_SED=/bin/sed
ac_cv_path_install='/usr/bin/install -c'
ac_cv_path_mkdir=/bin/mkdir
ac_cv_prog_AR=ar
ac_cv_prog_AWK=mawk
ac_cv_prog_CC=gcc
ac_cv_prog_CXXCPP='g++ -E'
ac_cv_prog_OBJDUMP=x86_64-linux-gnu-objdump
ac_cv_prog_RANLIB=ranlib
ac_cv_prog_STRIP=strip
ac_cv_prog_ac_ct_MANIFEST_TOOL=mt
ac_cv_prog_cc_c89=
ac_cv_prog_cc_g=yes
ac_cv_prog_cxx_g=yes
ac_cv_prog_make_make_set=yes
ac_cv_sizeof_int=4
am_cv_CC_dependencies_compiler_type=none
am_cv_CXX_dependencies_compiler_type=none
am_cv_make_support_nested_variables=yes
am_cv_prog_cc_c_o=yes
lt_cv_ar_at_file=@
lt_cv_deplibs_check_method=pass_all
lt_cv_file_magic_cmd='$MAGIC_CMD'
lt_cv_file_magic_test_file=
lt_cv_ld_reload_flag=-r
lt_cv_nm_interface='BSD nm'
lt_cv_objdir=.libs
lt_cv_path_LD=ld
lt_cv_path_LDCXX='ld -m elf_x86_64'
lt_cv_path_NM='/usr/bin/nm -B'
lt_cv_path_mainfest_tool=no
lt_cv_prog_compiler_c_o=yes
lt_cv_prog_compiler_c_o_CXX=yes
lt_cv_prog_compiler_pic='-fPIC -DPIC'
lt_cv_prog_compiler_pic_CXX='-fPIC -DPIC'
lt_cv_prog_compiler_pic_works=yes
lt_cv_prog_compiler_pic_works_CXX=yes
lt_cv_prog_compiler_rtti_exceptions=no
lt_cv_prog_compiler_static_works=yes
lt_cv_prog_compiler_static_works_CXX=yes
lt_cv_prog_gnu_ld=yes
lt_cv_prog_gnu_ldcxx=yes
lt_cv_sharedlib_from_linklib_cmd='printf %s\n'
lt_cv_shlibpath_overrides_runpath=no
lt_cv_sys_global_symbol_pipe='sed -n -e '\''s/^.*[	 ]\([ABCDGIRSTW][ABCDGIRSTW]*\)[	 ][	 ]*\([_A-Za-z][_A-Za-z0-9]*\)$/\1 \2 \2/p'\'' | sed '\''/ __gnu_lto/d'\'''
lt_cv_sys_global_symbol_to_c_name_address='sed -n -e '\''s/^: \([^ ]*\)[ ]*$/  {\"\1\", (void *) 0},/p'\'' -e '\''s/^[ABCDGIRSTW]* \([^ ]*\) \([^ ]*\)$/  {"\2", (void *) \&\2},/p'\'''
lt_cv_sys_global_symbol_to_c_name_address_lib_prefix='sed -n -e '\''s/^: \([^ ]*\)[ ]*$/  {\"\1\", (void *) 0},/p'\'' -e '\''s/^[ABCDGIRSTW]* \([^ ]*\) \(lib[^ ]*\)$/  {"\2", (void *) \&\2},/p'\'' -e '\''s/^[ABCDGIRSTW]* \([^ ]*\) \([^ ]*\)$/  {"lib\2", (void *) \&\2},/p'\'''
lt_cv_sys_global_symbol_to_cdecl='sed -n -e '\''s/^T .* \(.*\)$/extern int \1();/p'\'' -e '\''s/^[ABCDGIRSTW]* .* \(.*\)$/extern char \1;/p'\'''
lt_cv_sys_max_cmd_len=1572864
lt_cv_to_host_file_cmd=func_convert_file_noop
lt_cv_to_tool_file_cmd=func_convert_file_noop

## ----------------- ##
## Output variables. ##
## ----------------- ##

ACLOCAL='${SHELL} /home/vlc/vlcProject/vlc-2.2/contrib/native/sidplay-libs/resid/missing aclocal-1.15'
AMDEPBACKSLASH=''
AMDEP_FALSE=''
AMDEP_TRUE='#'
AMTAR='$${TAR-tar}'
AM_BACKSLASH='\'
AM_DEFAULT_V='$(AM_DEFAULT_VERBOSITY)'
AM_DEFAULT_VERBOSITY='1'
AM_V='$(V)'
AR='ar'
AUTOCONF='${SHELL} /home/vlc/vlcProject/vlc-2.2/contrib/native/sidplay-libs/resid/missing autoconf'
AUTOHEADER='${SHELL} /home/vlc/vlcProject/vlc-2.2/contrib/native/sidplay-libs/resid/missing autoheader'
AUTOMAKE='${SHELL} /home/vlc/vlcProject/vlc-2.2/contrib/native/sidplay-libs/resid/missing automake-1.15'
AWK='mawk'
CC='gcc'
CCDEPMODE='depmode=none'
CFLAGS=' -I/home/vlc/vlcProject/vlc-2.2/contrib/x86_64-linux-gnu/include -g'
CPPFLAGS=' -I/home/vlc/vlcProject/vlc-2.2/contrib/x86_64-linux-gnu/include'
CXX='g++'
CXXCPP='g++ -E'
CXXDEPMODE='depmode=none'
CXXFLAGS=' -I/home/vlc/vlcProject/vlc-2.2/contrib/x86_64-linux-gnu/include -g'
CYGPATH_W='echo'
DEFS='-DPACKAGE_NAME=\"\" -DPACKAGE_TARNAME=\"\" -DPACKAGE_VERSION=\"\" -DPACKAGE_STRING=\"\" -DPACKAGE_BUGREPORT=\"\" -DPACKAGE_URL=\"\" -DPACKAGE=\"resid\" -DVERSION=\"0.16\" -DSTDC_HEADERS=1 -DHAVE_SYS_TYPES_H=1 -DHAVE_SYS_STAT_H=1 -DHAVE_STDLIB_H=1 -DHAVE_STRING_H=1 -DHAVE_MEMORY_H=1 -DHAVE_STRINGS_H=1 -DHAVE_INTTYPES_H=1 -DHAVE_STDINT_H=1 -DHAVE_UNISTD_H=1 -DSIZEOF_INT=4 -DHAVE_DLFCN_H=1 -DLT_OBJDIR=\".libs/\"'
DEPDIR='.deps'
DLLTOOL='false'
DSYMUTIL=''
DUMPBIN=''
ECHO_C=''
ECHO_N='-n'
ECHO_T=''
EGREP='/bin/grep -E'
EXEEXT=''
FGREP='/bin/grep -F'
GREP='/bin/grep'
INSTALL_DATA='${INSTALL} -m 644'
INSTALL_PROGRAM='${INSTALL}'
INSTALL_RESID_FALSE=''
INSTALL_RESID_TRUE='#'
INSTALL_SCRIPT='${INSTALL}'
INSTALL_STRIP_PROGRAM='$(install_sh) -c -s'
LD='ld -m elf_x86_64'
LDFLAGS=' -L/home/vlc/vlcProject/vlc-2.2/contrib/x86_64-linux-gnu/lib'
LIBOBJS=''
LIBS=''
LIBTOOL='$(SHELL) $(top_builddir)/libtool'
LIBTOOL_DEPS='./ltmain.sh'
LIPO=''
LN_S='ln -s'
LTLIBOBJS=''
LTVERSION='5:0:0'
MAKEINFO='${SHELL} /home/vlc/vlcProject/vlc-2.2/contrib/native/sidplay-libs/resid/missing makeinfo'
MANIFEST_TOOL=':'
MKDIR_P='/bin/mkdir -p'
NM='/usr/bin/nm -B'
NMEDIT=''
OBJDUMP='x86_64-linux-gnu-objdump'
OBJEXT='o'
OTOOL64=''
OTOOL=''
PACKAGE='resid'
PACKAGE_BUGREPORT=''
PACKAGE_NAME=''
PACKAGE_STRING=''
PACKAGE_TARNAME=''
PACKAGE_URL=''
PACKAGE_VERSION=''
PATH_SEPARATOR=':'
PERL='/usr/bin/perl'
RANLIB='ranlib'
RESID_HAVE_BOOL='1'
RESID_INLINE='inline'
RESID_INLINING='1'
RESID_NAMESPACE=''
SED='/bin/sed'
SET_MAKE=''
SHELL='/bin/bash'
STRIP='strip'
VERSION='0.16'
ac_ct_AR=''
ac_ct_CC=''
ac_ct_CXX=''
ac_ct_DUMPBIN=''
am__EXEEXT_FALSE=''
am__EXEEXT_TRUE='#'
am__fastdepCC_FALSE=''
am__fastdepCC_TRUE='#'
am__fastdepCXX_FALSE=''
am__fastdepCXX_TRUE='#'
am__include='include'
am__isrc=''
am__leading_dot='.'
am__nodep=''
am__quote=''
am__tar='$${TAR-tar} chof - "$$tardir"'
am__untar='$${TAR-tar} xf -'
bindir='${exec_prefix}/bin'
build='x86_64-pc-linux-gnu'
build_alias='x86_64-linux-gnu'
build_cpu='x86_64'
build_os='linux-gnu'
build_vendor='pc'
datadir='${datarootdir}'
datarootdir='/home/vlc/vlcProject/vlc-2.2/contrib/x86_64-linux-gnu/share'
docdir='${datarootdir}/doc/${PACKAGE}'
dvidir='${docdir}'
exec_prefix='${prefix}'
host='x86_64-pc-linux-gnu'
host_alias='x86_64-linux-gnu'
host_cpu='x86_64'
host_os='linux-gnu'
host_vendor='pc'
htmldir='${docdir}'
includedir='/home/vlc/vlcProject/vlc-2.2/contrib/x86_64-linux-gnu/include'
infodir='${datarootdir}/info'
install_sh='${SHELL} /home/vlc/vlcProject/vlc-2.2/contrib/native/sidplay-libs/resid/install-sh'
libdir='/home/vlc/vlcProject/vlc-2.2/contrib/x86_64-linux-gnu/lib'
libexecdir='${exec_prefix}/libexec'
localedir='${datarootdir}/locale'
localstatedir='${prefix}/var'
mandir='${datarootdir}/man'
mkdir_p='$(MKDIR_P)'
oldincludedir='/usr/include'
pdfdir='${docdir}'
prefix='/home/vlc/vlcProject/vlc-2.2/contrib/x86_64-linux-gnu'
program_transform_name='s&^&&'
psdir='${docdir}'
sbindir='${exec_prefix}/sbin'
sharedstatedir='${prefix}/com'
sysconfdir='${prefix}/etc'
target_alias='x86_64-linux-gnu'

## ----------- ##
## confdefs.h. ##
## ----------- ##

/* confdefs.h */
#define PACKAGE_NAME ""
#define PACKAGE_TARNAME ""
#define PACKAGE_VERSION ""
#define PACKAGE_STRING ""
#define PACKAGE_BUGREPORT ""
#define PACKAGE_URL ""
#define PACKAGE "resid"
#define VERSION "0.16"
#define STDC_HEADERS 1
#define HAVE_SYS_TYPES_H 1
#define HAVE_SYS_STAT_H 1
#define HAVE_STDLIB_H 1
#define HAVE_STRING_H 1
#define HAVE_MEMORY_H 1
#define HAVE_STRINGS_H 1
#define HAVE_INTTYPES_H 1
#define HAVE_STDINT_H 1
#define HAVE_UNISTD_H 1
#define SIZEOF_INT 4
#define HAVE_DLFCN_H 1
#define LT_OBJDIR ".libs/"

configure: exit 0
