This file contains any messages produced by compilers while
running configure, to aid debugging if configure makes a mistake.

It was created by configure, which was
generated by GNU Autoconf 2.69.  Invocation command line was

  $ ./configure --prefix=/home/vlc/vlcProject/vlc-2.2/contrib/x86_64-linux-gnu --datarootdir=/home/vlc/vlcProject/vlc-2.2/contrib/x86_64-linux-gnu/share --includedir=/home/vlc/vlcProject/vlc-2.2/contrib/x86_64-linux-gnu/include --libdir=/home/vlc/vlcProject/vlc-2.2/contrib/x86_64-linux-gnu/lib --build=x86_64-linux-gnu --host=x86_64-linux-gnu --target=x86_64-linux-gnu --program-prefix= --enable-static --disable-shared --disable-dependency-tracking --with-pic

## --------- ##
## Platform. ##
## --------- ##

hostname = VLC-ubuntu15-ssd
uname -m = x86_64
uname -r = 4.2.0-27-generic
uname -s = Linux
uname -v = #32-Ubuntu SMP Fri Jan 22 04:49:08 UTC 2016

/usr/bin/uname -p = unknown
/bin/uname -X     = unknown

/bin/arch              = unknown
/usr/bin/arch -k       = unknown
/usr/convex/getsysinfo = unknown
/usr/bin/hostinfo      = unknown
/bin/machine           = unknown
/usr/bin/oslevel       = unknown
/bin/universe          = unknown

PATH: /home/vlc/vlcProject/vlc-2.2/contrib/x86_64-linux-gnu/bin
PATH: /home/vlc/vlcProject/vlc-2.2/extras/tools/build/bin
PATH: /usr/local/sbin
PATH: /usr/local/bin
PATH: /usr/sbin
PATH: /usr/bin
PATH: /sbin
PATH: /bin
PATH: /usr/games
PATH: /usr/local/games


## ----------- ##
## Core tests. ##
## ----------- ##

configure:2510: checking for a BSD-compatible install
configure:2578: result: /usr/bin/install -c
configure:2589: checking whether build environment is sane
configure:2644: result: yes
configure:2795: checking for a thread-safe mkdir -p
configure:2834: result: /bin/mkdir -p
configure:2841: checking for gawk
configure:2871: result: no
configure:2841: checking for mawk
configure:2857: found /usr/bin/mawk
configure:2868: result: mawk
configure:2879: checking whether make sets $(MAKE)
configure:2901: result: yes
configure:2930: checking whether make supports nested variables
configure:2947: result: yes
configure:3077: checking whether to enable maintainer-specific portions of Makefiles
configure:3086: result: no
configure:3103: checking build system type
configure:3117: result: x86_64-pc-linux-gnu
configure:3137: checking host system type
configure:3150: result: x86_64-pc-linux-gnu
configure:3179: checking for x86_64-linux-gnu-gcc
configure:3206: result: gcc
configure:3475: checking for C compiler version
configure:3484: gcc --version >&5
gcc (Ubuntu 5.2.1-22ubuntu2) 5.2.1 20151010
Copyright (C) 2015 Free Software Foundation, Inc.
This is free software; see the source for copying conditions.  There is NO
warranty; not even for MERCHANTABILITY or FITNESS FOR A PARTICULAR PURPOSE.

configure:3495: $? = 0
configure:3484: gcc -v >&5
Using built-in specs.
COLLECT_GCC=gcc
COLLECT_LTO_WRAPPER=/usr/lib/gcc/x86_64-linux-gnu/5/lto-wrapper
Target: x86_64-linux-gnu
Configured with: ../src/configure -v --with-pkgversion='Ubuntu 5.2.1-22ubuntu2' --with-bugurl=file:///usr/share/doc/gcc-5/README.Bugs --enable-languages=c,ada,c++,java,go,d,fortran,objc,obj-c++ --prefix=/usr --program-suffix=-5 --enable-shared --enable-linker-build-id --libexecdir=/usr/lib --without-included-gettext --enable-threads=posix --libdir=/usr/lib --enable-nls --with-sysroot=/ --enable-clocale=gnu --enable-libstdcxx-debug --enable-libstdcxx-time=yes --with-default-libstdcxx-abi=new --enable-gnu-unique-object --disable-vtable-verify --enable-libmpx --enable-plugin --with-system-zlib --disable-browser-plugin --enable-java-awt=gtk --enable-gtk-cairo --with-java-home=/usr/lib/jvm/java-1.5.0-gcj-5-amd64/jre --enable-java-home --with-jvm-root-dir=/usr/lib/jvm/java-1.5.0-gcj-5-amd64 --with-jvm-jar-dir=/usr/lib/jvm-exports/java-1.5.0-gcj-5-amd64 --with-arch-directory=amd64 --with-ecj-jar=/usr/share/java/eclipse-ecj.jar --enable-objc-gc --enable-multiarch --disable-werror --with-arch-32=i686 --with-abi=m64 --with-multilib-list=m32,m64,mx32 --enable-multilib --with-tune=generic --enable-checking=release --build=x86_64-linux-gnu --host=x86_64-linux-gnu --target=x86_64-linux-gnu
Thread model: posix
gcc version 5.2.1 20151010 (Ubuntu 5.2.1-22ubuntu2) 
configure:3495: $? = 0
configure:3484: gcc -V >&5
gcc: error: unrecognized command line option '-V'
gcc: fatal error: no input files
compilation terminated.
configure:3495: $? = 1
configure:3484: gcc -qversion >&5
gcc: error: unrecognized command line option '-qversion'
gcc: fatal error: no input files
compilation terminated.
configure:3495: $? = 1
configure:3515: checking whether the C compiler works
configure:3537: gcc  -I/home/vlc/vlcProject/vlc-2.2/contrib/x86_64-linux-gnu/include -g  -I/home/vlc/vlcProject/vlc-2.2/contrib/x86_64-linux-gnu/include  -L/home/vlc/vlcProject/vlc-2.2/contrib/x86_64-linux-gnu/lib conftest.c  >&5
configure:3541: $? = 0
configure:3589: result: yes
configure:3592: checking for C compiler default output file name
configure:3594: result: a.out
configure:3600: checking for suffix of executables
configure:3607: gcc -o conftest  -I/home/vlc/vlcProject/vlc-2.2/contrib/x86_64-linux-gnu/include -g  -I/home/vlc/vlcProject/vlc-2.2/contrib/x86_64-linux-gnu/include  -L/home/vlc/vlcProject/vlc-2.2/contrib/x86_64-linux-gnu/lib conftest.c  >&5
configure:3611: $? = 0
configure:3633: result: 
configure:3655: checking whether we are cross compiling
configure:3663: gcc -o conftest  -I/home/vlc/vlcProject/vlc-2.2/contrib/x86_64-linux-gnu/include -g  -I/home/vlc/vlcProject/vlc-2.2/contrib/x86_64-linux-gnu/include  -L/home/vlc/vlcProject/vlc-2.2/contrib/x86_64-linux-gnu/lib conftest.c  >&5
configure:3667: $? = 0
configure:3674: ./conftest
configure:3678: $? = 0
configure:3693: result: no
configure:3698: checking for suffix of object files
configure:3720: gcc -c  -I/home/vlc/vlcProject/vlc-2.2/contrib/x86_64-linux-gnu/include -g  -I/home/vlc/vlcProject/vlc-2.2/contrib/x86_64-linux-gnu/include conftest.c >&5
configure:3724: $? = 0
configure:3745: result: o
configure:3749: checking whether we are using the GNU C compiler
configure:3768: gcc -c  -I/home/vlc/vlcProject/vlc-2.2/contrib/x86_64-linux-gnu/include -g  -I/home/vlc/vlcProject/vlc-2.2/contrib/x86_64-linux-gnu/include conftest.c >&5
configure:3768: $? = 0
configure:3777: result: yes
configure:3786: checking whether gcc accepts -g
configure:3806: gcc -c -g  -I/home/vlc/vlcProject/vlc-2.2/contrib/x86_64-linux-gnu/include conftest.c >&5
configure:3806: $? = 0
configure:3847: result: yes
configure:3864: checking for gcc option to accept ISO C89
configure:3927: gcc  -c  -I/home/vlc/vlcProject/vlc-2.2/contrib/x86_64-linux-gnu/include -g  -I/home/vlc/vlcProject/vlc-2.2/contrib/x86_64-linux-gnu/include conftest.c >&5
configure:3927: $? = 0
configure:3940: result: none needed
configure:3965: checking whether gcc understands -c and -o together
configure:3987: gcc -c conftest.c -o conftest2.o
configure:3990: $? = 0
configure:3987: gcc -c conftest.c -o conftest2.o
configure:3990: $? = 0
configure:4002: result: yes
configure:4030: checking for style of include used by make
configure:4058: result: GNU
configure:4084: checking dependency style of gcc
configure:4195: result: none
configure:4216: checking how to run the C preprocessor
configure:4247: gcc -E  -I/home/vlc/vlcProject/vlc-2.2/contrib/x86_64-linux-gnu/include conftest.c
configure:4247: $? = 0
configure:4261: gcc -E  -I/home/vlc/vlcProject/vlc-2.2/contrib/x86_64-linux-gnu/include conftest.c
conftest.c:11:28: fatal error: ac_nonexistent.h: No such file or directory
compilation terminated.
configure:4261: $? = 1
configure: failed program was:
| /* confdefs.h */
| #define PACKAGE_NAME ""
| #define PACKAGE_TARNAME ""
| #define PACKAGE_VERSION ""
| #define PACKAGE_STRING ""
| #define PACKAGE_BUGREPORT ""
| #define PACKAGE_URL ""
| #define PACKAGE "a52dec"
| #define VERSION "0.7.4"
| /* end confdefs.h.  */
| #include <ac_nonexistent.h>
configure:4286: result: gcc -E
configure:4306: gcc -E  -I/home/vlc/vlcProject/vlc-2.2/contrib/x86_64-linux-gnu/include conftest.c
configure:4306: $? = 0
configure:4320: gcc -E  -I/home/vlc/vlcProject/vlc-2.2/contrib/x86_64-linux-gnu/include conftest.c
conftest.c:11:28: fatal error: ac_nonexistent.h: No such file or directory
compilation terminated.
configure:4320: $? = 1
configure: failed program was:
| /* confdefs.h */
| #define PACKAGE_NAME ""
| #define PACKAGE_TARNAME ""
| #define PACKAGE_VERSION ""
| #define PACKAGE_STRING ""
| #define PACKAGE_BUGREPORT ""
| #define PACKAGE_URL ""
| #define PACKAGE "a52dec"
| #define VERSION "0.7.4"
| /* end confdefs.h.  */
| #include <ac_nonexistent.h>
configure:4349: checking for grep that handles long lines and -e
configure:4407: result: /bin/grep
configure:4412: checking for egrep
configure:4474: result: /bin/grep -E
configure:4480: checking whether gcc needs -traditional
configure:4514: result: no
configure:4529: checking if gcc supports  -I/home/vlc/vlcProject/vlc-2.2/contrib/x86_64-linux-gnu/include -g -O3 flags
configure:4544: gcc -c  -I/home/vlc/vlcProject/vlc-2.2/contrib/x86_64-linux-gnu/include -g -O3  -I/home/vlc/vlcProject/vlc-2.2/contrib/x86_64-linux-gnu/include conftest.c >&5
configure:4544: $? = 0
configure:4551: result: yes
configure:4560: checking if gcc supports  -I/home/vlc/vlcProject/vlc-2.2/contrib/x86_64-linux-gnu/include -g -O3 -fomit-frame-pointer flags
configure:4575: gcc -c  -I/home/vlc/vlcProject/vlc-2.2/contrib/x86_64-linux-gnu/include -g -O3 -fomit-frame-pointer  -I/home/vlc/vlcProject/vlc-2.2/contrib/x86_64-linux-gnu/include conftest.c >&5
configure:4575: $? = 0
configure:4582: result: yes
configure:5145: checking how to print strings
configure:5172: result: printf
configure:5193: checking for a sed that does not truncate output
configure:5257: result: /bin/sed
configure:5275: checking for fgrep
configure:5337: result: /bin/grep -F
configure:5372: checking for ld used by gcc
configure:5439: result: ld
configure:5446: checking if the linker (ld) is GNU ld
configure:5461: result: yes
configure:5473: checking for BSD- or MS-compatible name lister (nm)
configure:5522: result: /usr/bin/nm -B
configure:5652: checking the name lister (/usr/bin/nm -B) interface
configure:5659: gcc -c  -I/home/vlc/vlcProject/vlc-2.2/contrib/x86_64-linux-gnu/include -g -O3 -fomit-frame-pointer  -I/home/vlc/vlcProject/vlc-2.2/contrib/x86_64-linux-gnu/include conftest.c >&5
configure:5662: /usr/bin/nm -B "conftest.o"
configure:5665: output
0000000000000000 B some_variable
configure:5672: result: BSD nm
configure:5675: checking whether ln -s works
configure:5679: result: yes
configure:5687: checking the maximum length of command line arguments
configure:5818: result: 1572864
configure:5835: checking whether the shell understands some XSI constructs
configure:5845: result: yes
configure:5849: checking whether the shell understands "+="
configure:5855: result: yes
configure:5890: checking how to convert x86_64-pc-linux-gnu file names to x86_64-pc-linux-gnu format
configure:5930: result: func_convert_file_noop
configure:5937: checking how to convert x86_64-pc-linux-gnu file names to toolchain format
configure:5957: result: func_convert_file_noop
configure:5964: checking for ld option to reload object files
configure:5971: result: -r
configure:6005: checking for x86_64-linux-gnu-objdump
configure:6032: result: objdump
configure:6101: checking how to recognize dependent libraries
configure:6299: result: pass_all
configure:6344: checking for x86_64-linux-gnu-dlltool
configure:6371: result: dlltool
configure:6441: checking how to associate runtime and link libraries
configure:6468: result: printf %s\n
configure:6484: checking for x86_64-linux-gnu-ar
configure:6511: result: ar
configure:6592: checking for archiver @FILE support
configure:6609: gcc -c  -I/home/vlc/vlcProject/vlc-2.2/contrib/x86_64-linux-gnu/include -g -O3 -fomit-frame-pointer  -I/home/vlc/vlcProject/vlc-2.2/contrib/x86_64-linux-gnu/include conftest.c >&5
configure:6609: $? = 0
configure:6612: ar cru libconftest.a @conftest.lst >&5
ar: `u' modifier ignored since `D' is the default (see `U')
configure:6615: $? = 0
configure:6620: ar cru libconftest.a @conftest.lst >&5
ar: `u' modifier ignored since `D' is the default (see `U')
ar: conftest.o: No such file or directory
configure:6623: $? = 1
configure:6635: result: @
configure:6653: checking for x86_64-linux-gnu-strip
configure:6680: result: strip
configure:6752: checking for x86_64-linux-gnu-ranlib
configure:6779: result: ranlib
configure:6921: checking command to parse /usr/bin/nm -B output from gcc object
configure:7041: gcc -c  -I/home/vlc/vlcProject/vlc-2.2/contrib/x86_64-linux-gnu/include -g -O3 -fomit-frame-pointer  -I/home/vlc/vlcProject/vlc-2.2/contrib/x86_64-linux-gnu/include conftest.c >&5
configure:7044: $? = 0
configure:7048: /usr/bin/nm -B conftest.o \| sed -n -e 's/^.*[ ]\([ABCDGIRSTW][ABCDGIRSTW]*\)[ ][ ]*\([_A-Za-z][_A-Za-z0-9]*\)$/\1 \2 \2/p' | sed '/ __gnu_lto/d' \> conftest.nm
configure:7051: $? = 0
configure:7117: gcc -o conftest  -I/home/vlc/vlcProject/vlc-2.2/contrib/x86_64-linux-gnu/include -g -O3 -fomit-frame-pointer  -I/home/vlc/vlcProject/vlc-2.2/contrib/x86_64-linux-gnu/include  -L/home/vlc/vlcProject/vlc-2.2/contrib/x86_64-linux-gnu/lib conftest.c conftstm.o >&5
configure:7120: $? = 0
configure:7158: result: ok
configure:7195: checking for sysroot
configure:7225: result: no
configure:7302: gcc -c  -I/home/vlc/vlcProject/vlc-2.2/contrib/x86_64-linux-gnu/include -g -O3 -fomit-frame-pointer  -I/home/vlc/vlcProject/vlc-2.2/contrib/x86_64-linux-gnu/include conftest.c >&5
configure:7305: $? = 0
configure:7454: checking for x86_64-linux-gnu-mt
configure:7484: result: no
configure:7494: checking for mt
configure:7510: found /bin/mt
configure:7521: result: mt
configure:7544: checking if mt is a manifest tool
configure:7550: mt '-?'
configure:7558: result: no
configure:8195: checking for ANSI C header files
configure:8215: gcc -c  -I/home/vlc/vlcProject/vlc-2.2/contrib/x86_64-linux-gnu/include -g -O3 -fomit-frame-pointer  -I/home/vlc/vlcProject/vlc-2.2/contrib/x86_64-linux-gnu/include conftest.c >&5
configure:8215: $? = 0
configure:8288: gcc -o conftest  -I/home/vlc/vlcProject/vlc-2.2/contrib/x86_64-linux-gnu/include -g -O3 -fomit-frame-pointer  -I/home/vlc/vlcProject/vlc-2.2/contrib/x86_64-linux-gnu/include  -L/home/vlc/vlcProject/vlc-2.2/contrib/x86_64-linux-gnu/lib conftest.c  >&5
configure:8288: $? = 0
configure:8288: ./conftest
configure:8288: $? = 0
configure:8299: result: yes
configure:8312: checking for sys/types.h
configure:8312: gcc -c  -I/home/vlc/vlcProject/vlc-2.2/contrib/x86_64-linux-gnu/include -g -O3 -fomit-frame-pointer  -I/home/vlc/vlcProject/vlc-2.2/contrib/x86_64-linux-gnu/include conftest.c >&5
configure:8312: $? = 0
configure:8312: result: yes
configure:8312: checking for sys/stat.h
configure:8312: gcc -c  -I/home/vlc/vlcProject/vlc-2.2/contrib/x86_64-linux-gnu/include -g -O3 -fomit-frame-pointer  -I/home/vlc/vlcProject/vlc-2.2/contrib/x86_64-linux-gnu/include conftest.c >&5
configure:8312: $? = 0
configure:8312: result: yes
configure:8312: checking for stdlib.h
configure:8312: gcc -c  -I/home/vlc/vlcProject/vlc-2.2/contrib/x86_64-linux-gnu/include -g -O3 -fomit-frame-pointer  -I/home/vlc/vlcProject/vlc-2.2/contrib/x86_64-linux-gnu/include conftest.c >&5
configure:8312: $? = 0
configure:8312: result: yes
configure:8312: checking for string.h
configure:8312: gcc -c  -I/home/vlc/vlcProject/vlc-2.2/contrib/x86_64-linux-gnu/include -g -O3 -fomit-frame-pointer  -I/home/vlc/vlcProject/vlc-2.2/contrib/x86_64-linux-gnu/include conftest.c >&5
configure:8312: $? = 0
configure:8312: result: yes
configure:8312: checking for memory.h
configure:8312: gcc -c  -I/home/vlc/vlcProject/vlc-2.2/contrib/x86_64-linux-gnu/include -g -O3 -fomit-frame-pointer  -I/home/vlc/vlcProject/vlc-2.2/contrib/x86_64-linux-gnu/include conftest.c >&5
configure:8312: $? = 0
configure:8312: result: yes
configure:8312: checking for strings.h
configure:8312: gcc -c  -I/home/vlc/vlcProject/vlc-2.2/contrib/x86_64-linux-gnu/include -g -O3 -fomit-frame-pointer  -I/home/vlc/vlcProject/vlc-2.2/contrib/x86_64-linux-gnu/include conftest.c >&5
configure:8312: $? = 0
configure:8312: result: yes
configure:8312: checking for inttypes.h
configure:8312: gcc -c  -I/home/vlc/vlcProject/vlc-2.2/contrib/x86_64-linux-gnu/include -g -O3 -fomit-frame-pointer  -I/home/vlc/vlcProject/vlc-2.2/contrib/x86_64-linux-gnu/include conftest.c >&5
configure:8312: $? = 0
configure:8312: result: yes
configure:8312: checking for stdint.h
configure:8312: gcc -c  -I/home/vlc/vlcProject/vlc-2.2/contrib/x86_64-linux-gnu/include -g -O3 -fomit-frame-pointer  -I/home/vlc/vlcProject/vlc-2.2/contrib/x86_64-linux-gnu/include conftest.c >&5
configure:8312: $? = 0
configure:8312: result: yes
configure:8312: checking for unistd.h
configure:8312: gcc -c  -I/home/vlc/vlcProject/vlc-2.2/contrib/x86_64-linux-gnu/include -g -O3 -fomit-frame-pointer  -I/home/vlc/vlcProject/vlc-2.2/contrib/x86_64-linux-gnu/include conftest.c >&5
configure:8312: $? = 0
configure:8312: result: yes
configure:8326: checking for dlfcn.h
configure:8326: gcc -c  -I/home/vlc/vlcProject/vlc-2.2/contrib/x86_64-linux-gnu/include -g -O3 -fomit-frame-pointer  -I/home/vlc/vlcProject/vlc-2.2/contrib/x86_64-linux-gnu/include conftest.c >&5
configure:8326: $? = 0
configure:8326: result: yes
configure:8500: checking for objdir
configure:8515: result: .libs
configure:8782: checking if gcc supports -fno-rtti -fno-exceptions
configure:8800: gcc -c  -I/home/vlc/vlcProject/vlc-2.2/contrib/x86_64-linux-gnu/include -g -O3 -fomit-frame-pointer  -I/home/vlc/vlcProject/vlc-2.2/contrib/x86_64-linux-gnu/include -fno-rtti -fno-exceptions conftest.c >&5
cc1: warning: command line option '-fno-rtti' is valid for C++/ObjC++ but not for C
configure:8804: $? = 0
configure:8817: result: no
configure:9144: checking for gcc option to produce PIC
configure:9151: result: -fPIC -DPIC
configure:9159: checking if gcc PIC flag -fPIC -DPIC works
configure:9177: gcc -c  -I/home/vlc/vlcProject/vlc-2.2/contrib/x86_64-linux-gnu/include -g -O3 -fomit-frame-pointer  -I/home/vlc/vlcProject/vlc-2.2/contrib/x86_64-linux-gnu/include -fPIC -DPIC -DPIC conftest.c >&5
configure:9181: $? = 0
configure:9194: result: yes
configure:9223: checking if gcc static flag -static works
configure:9251: result: yes
configure:9266: checking if gcc supports -c -o file.o
configure:9287: gcc -c  -I/home/vlc/vlcProject/vlc-2.2/contrib/x86_64-linux-gnu/include -g -O3 -fomit-frame-pointer  -I/home/vlc/vlcProject/vlc-2.2/contrib/x86_64-linux-gnu/include -o out/conftest2.o conftest.c >&5
configure:9291: $? = 0
configure:9313: result: yes
configure:9321: checking if gcc supports -c -o file.o
configure:9368: result: yes
configure:9401: checking whether the gcc linker (ld -m elf_x86_64) supports shared libraries
configure:10558: result: yes
configure:10798: checking dynamic linker characteristics
configure:11298: gcc -o conftest  -I/home/vlc/vlcProject/vlc-2.2/contrib/x86_64-linux-gnu/include -g -O3 -fomit-frame-pointer  -I/home/vlc/vlcProject/vlc-2.2/contrib/x86_64-linux-gnu/include  -L/home/vlc/vlcProject/vlc-2.2/contrib/x86_64-linux-gnu/lib -Wl,-rpath -Wl,/foo conftest.c  >&5
configure:11298: $? = 0
configure:11532: result: GNU/Linux ld.so
configure:11639: checking how to hardcode library paths into programs
configure:11664: result: immediate
configure:12204: checking whether stripping libraries is possible
configure:12209: result: yes
configure:12244: checking if libtool supports shared libraries
configure:12246: result: yes
configure:12249: checking whether to build shared libraries
configure:12270: result: no
configure:12273: checking whether to build static libraries
configure:12277: result: yes
configure:12321: checking sys/time.h usability
configure:12321: gcc -c  -I/home/vlc/vlcProject/vlc-2.2/contrib/x86_64-linux-gnu/include -g -O3 -fomit-frame-pointer  -I/home/vlc/vlcProject/vlc-2.2/contrib/x86_64-linux-gnu/include conftest.c >&5
configure:12321: $? = 0
configure:12321: result: yes
configure:12321: checking sys/time.h presence
configure:12321: gcc -E  -I/home/vlc/vlcProject/vlc-2.2/contrib/x86_64-linux-gnu/include conftest.c
configure:12321: $? = 0
configure:12321: result: yes
configure:12321: checking for sys/time.h
configure:12321: result: yes
configure:12321: checking sys/timeb.h usability
configure:12321: gcc -c  -I/home/vlc/vlcProject/vlc-2.2/contrib/x86_64-linux-gnu/include -g -O3 -fomit-frame-pointer  -I/home/vlc/vlcProject/vlc-2.2/contrib/x86_64-linux-gnu/include conftest.c >&5
configure:12321: $? = 0
configure:12321: result: yes
configure:12321: checking sys/timeb.h presence
configure:12321: gcc -E  -I/home/vlc/vlcProject/vlc-2.2/contrib/x86_64-linux-gnu/include conftest.c
configure:12321: $? = 0
configure:12321: result: yes
configure:12321: checking for sys/timeb.h
configure:12321: result: yes
configure:12321: checking io.h usability
configure:12321: gcc -c  -I/home/vlc/vlcProject/vlc-2.2/contrib/x86_64-linux-gnu/include -g -O3 -fomit-frame-pointer  -I/home/vlc/vlcProject/vlc-2.2/contrib/x86_64-linux-gnu/include conftest.c >&5
conftest.c:58:16: fatal error: io.h: No such file or directory
compilation terminated.
configure:12321: $? = 1
configure: failed program was:
| /* confdefs.h */
| #define PACKAGE_NAME ""
| #define PACKAGE_TARNAME ""
| #define PACKAGE_VERSION ""
| #define PACKAGE_STRING ""
| #define PACKAGE_BUGREPORT ""
| #define PACKAGE_URL ""
| #define PACKAGE "a52dec"
| #define VERSION "0.7.4"
| #define STDC_HEADERS 1
| #define HAVE_SYS_TYPES_H 1
| #define HAVE_SYS_STAT_H 1
| #define HAVE_STDLIB_H 1
| #define HAVE_STRING_H 1
| #define HAVE_MEMORY_H 1
| #define HAVE_STRINGS_H 1
| #define HAVE_INTTYPES_H 1
| #define HAVE_STDINT_H 1
| #define HAVE_UNISTD_H 1
| #define HAVE_DLFCN_H 1
| #define LT_OBJDIR ".libs/"
| #define HAVE_SYS_TIME_H 1
| #define HAVE_SYS_TIMEB_H 1
| /* end confdefs.h.  */
| #include <stdio.h>
| #ifdef HAVE_SYS_TYPES_H
| # include <sys/types.h>
| #endif
| #ifdef HAVE_SYS_STAT_H
| # include <sys/stat.h>
| #endif
| #ifdef STDC_HEADERS
| # include <stdlib.h>
| # include <stddef.h>
| #else
| # ifdef HAVE_STDLIB_H
| #  include <stdlib.h>
| # endif
| #endif
| #ifdef HAVE_STRING_H
| # if !defined STDC_HEADERS && defined HAVE_MEMORY_H
| #  include <memory.h>
| # endif
| # include <string.h>
| #endif
| #ifdef HAVE_STRINGS_H
| # include <strings.h>
| #endif
| #ifdef HAVE_INTTYPES_H
| # include <inttypes.h>
| #endif
| #ifdef HAVE_STDINT_H
| # include <stdint.h>
| #endif
| #ifdef HAVE_UNISTD_H
| # include <unistd.h>
| #endif
| #include <io.h>
configure:12321: result: no
configure:12321: checking io.h presence
configure:12321: gcc -E  -I/home/vlc/vlcProject/vlc-2.2/contrib/x86_64-linux-gnu/include conftest.c
conftest.c:25:16: fatal error: io.h: No such file or directory
compilation terminated.
configure:12321: $? = 1
configure: failed program was:
| /* confdefs.h */
| #define PACKAGE_NAME ""
| #define PACKAGE_TARNAME ""
| #define PACKAGE_VERSION ""
| #define PACKAGE_STRING ""
| #define PACKAGE_BUGREPORT ""
| #define PACKAGE_URL ""
| #define PACKAGE "a52dec"
| #define VERSION "0.7.4"
| #define STDC_HEADERS 1
| #define HAVE_SYS_TYPES_H 1
| #define HAVE_SYS_STAT_H 1
| #define HAVE_STDLIB_H 1
| #define HAVE_STRING_H 1
| #define HAVE_MEMORY_H 1
| #define HAVE_STRINGS_H 1
| #define HAVE_INTTYPES_H 1
| #define HAVE_STDINT_H 1
| #define HAVE_UNISTD_H 1
| #define HAVE_DLFCN_H 1
| #define LT_OBJDIR ".libs/"
| #define HAVE_SYS_TIME_H 1
| #define HAVE_SYS_TIMEB_H 1
| /* end confdefs.h.  */
| #include <io.h>
configure:12321: result: no
configure:12321: checking for io.h
configure:12321: result: no
configure:12332: checking for inttypes.h
configure:12332: result: yes
configure:12469: checking for an ANSI C-conforming const
configure:12535: gcc -c  -I/home/vlc/vlcProject/vlc-2.2/contrib/x86_64-linux-gnu/include -g -O3 -fomit-frame-pointer  -I/home/vlc/vlcProject/vlc-2.2/contrib/x86_64-linux-gnu/include conftest.c >&5
configure:12535: $? = 0
configure:12542: result: yes
configure:12550: checking for restrict
configure:12565: gcc -c  -I/home/vlc/vlcProject/vlc-2.2/contrib/x86_64-linux-gnu/include -g -O3 -fomit-frame-pointer  -I/home/vlc/vlcProject/vlc-2.2/contrib/x86_64-linux-gnu/include conftest.c >&5
configure:12565: $? = 0
configure:12570: result: restrict
configure:12582: checking for size_t
configure:12582: gcc -c  -I/home/vlc/vlcProject/vlc-2.2/contrib/x86_64-linux-gnu/include -g -O3 -fomit-frame-pointer  -I/home/vlc/vlcProject/vlc-2.2/contrib/x86_64-linux-gnu/include conftest.c >&5
configure:12582: $? = 0
configure:12582: gcc -c  -I/home/vlc/vlcProject/vlc-2.2/contrib/x86_64-linux-gnu/include -g -O3 -fomit-frame-pointer  -I/home/vlc/vlcProject/vlc-2.2/contrib/x86_64-linux-gnu/include conftest.c >&5
conftest.c: In function 'main':
conftest.c:61:21: error: expected expression before ')' token
 if (sizeof ((size_t)))
                     ^
configure:12582: $? = 1
configure: failed program was:
| /* confdefs.h */
| #define PACKAGE_NAME ""
| #define PACKAGE_TARNAME ""
| #define PACKAGE_VERSION ""
| #define PACKAGE_STRING ""
| #define PACKAGE_BUGREPORT ""
| #define PACKAGE_URL ""
| #define PACKAGE "a52dec"
| #define VERSION "0.7.4"
| #define STDC_HEADERS 1
| #define HAVE_SYS_TYPES_H 1
| #define HAVE_SYS_STAT_H 1
| #define HAVE_STDLIB_H 1
| #define HAVE_STRING_H 1
| #define HAVE_MEMORY_H 1
| #define HAVE_STRINGS_H 1
| #define HAVE_INTTYPES_H 1
| #define HAVE_STDINT_H 1
| #define HAVE_UNISTD_H 1
| #define HAVE_DLFCN_H 1
| #define LT_OBJDIR ".libs/"
| #define HAVE_SYS_TIME_H 1
| #define HAVE_SYS_TIMEB_H 1
| /* end confdefs.h.  */
| #include <stdio.h>
| #ifdef HAVE_SYS_TYPES_H
| # include <sys/types.h>
| #endif
| #ifdef HAVE_SYS_STAT_H
| # include <sys/stat.h>
| #endif
| #ifdef STDC_HEADERS
| # include <stdlib.h>
| # include <stddef.h>
| #else
| # ifdef HAVE_STDLIB_H
| #  include <stdlib.h>
| # endif
| #endif
| #ifdef HAVE_STRING_H
| # if !defined STDC_HEADERS && defined HAVE_MEMORY_H
| #  include <memory.h>
| # endif
| # include <string.h>
| #endif
| #ifdef HAVE_STRINGS_H
| # include <strings.h>
| #endif
| #ifdef HAVE_INTTYPES_H
| # include <inttypes.h>
| #endif
| #ifdef HAVE_STDINT_H
| # include <stdint.h>
| #endif
| #ifdef HAVE_UNISTD_H
| # include <unistd.h>
| #endif
| int
| main ()
| {
| if (sizeof ((size_t)))
| 	    return 0;
|   ;
|   return 0;
| }
configure:12582: result: yes
configure:12593: checking whether byte ordering is bigendian
configure:12608: gcc -c  -I/home/vlc/vlcProject/vlc-2.2/contrib/x86_64-linux-gnu/include -g -O3 -fomit-frame-pointer  -I/home/vlc/vlcProject/vlc-2.2/contrib/x86_64-linux-gnu/include conftest.c >&5
conftest.c:26:9: error: unknown type name 'not'
         not a universal capable compiler
         ^
conftest.c:26:15: error: expected '=', ',', ';', 'asm' or '__attribute__' before 'universal'
         not a universal capable compiler
               ^
conftest.c:26:15: error: unknown type name 'universal'
configure:12608: $? = 1
configure: failed program was:
| /* confdefs.h */
| #define PACKAGE_NAME ""
| #define PACKAGE_TARNAME ""
| #define PACKAGE_VERSION ""
| #define PACKAGE_STRING ""
| #define PACKAGE_BUGREPORT ""
| #define PACKAGE_URL ""
| #define PACKAGE "a52dec"
| #define VERSION "0.7.4"
| #define STDC_HEADERS 1
| #define HAVE_SYS_TYPES_H 1
| #define HAVE_SYS_STAT_H 1
| #define HAVE_STDLIB_H 1
| #define HAVE_STRING_H 1
| #define HAVE_MEMORY_H 1
| #define HAVE_STRINGS_H 1
| #define HAVE_INTTYPES_H 1
| #define HAVE_STDINT_H 1
| #define HAVE_UNISTD_H 1
| #define HAVE_DLFCN_H 1
| #define LT_OBJDIR ".libs/"
| #define HAVE_SYS_TIME_H 1
| #define HAVE_SYS_TIMEB_H 1
| /* end confdefs.h.  */
| #ifndef __APPLE_CC__
| 	       not a universal capable compiler
| 	     #endif
| 	     typedef int dummy;
| 
configure:12653: gcc -c  -I/home/vlc/vlcProject/vlc-2.2/contrib/x86_64-linux-gnu/include -g -O3 -fomit-frame-pointer  -I/home/vlc/vlcProject/vlc-2.2/contrib/x86_64-linux-gnu/include conftest.c >&5
configure:12653: $? = 0
configure:12671: gcc -c  -I/home/vlc/vlcProject/vlc-2.2/contrib/x86_64-linux-gnu/include -g -O3 -fomit-frame-pointer  -I/home/vlc/vlcProject/vlc-2.2/contrib/x86_64-linux-gnu/include conftest.c >&5
conftest.c: In function 'main':
conftest.c:32:4: error: unknown type name 'not'
    not big endian
    ^
conftest.c:32:12: error: expected '=', ',', ';', 'asm' or '__attribute__' before 'endian'
    not big endian
            ^
configure:12671: $? = 1
configure: failed program was:
| /* confdefs.h */
| #define PACKAGE_NAME ""
| #define PACKAGE_TARNAME ""
| #define PACKAGE_VERSION ""
| #define PACKAGE_STRING ""
| #define PACKAGE_BUGREPORT ""
| #define PACKAGE_URL ""
| #define PACKAGE "a52dec"
| #define VERSION "0.7.4"
| #define STDC_HEADERS 1
| #define HAVE_SYS_TYPES_H 1
| #define HAVE_SYS_STAT_H 1
| #define HAVE_STDLIB_H 1
| #define HAVE_STRING_H 1
| #define HAVE_MEMORY_H 1
| #define HAVE_STRINGS_H 1
| #define HAVE_INTTYPES_H 1
| #define HAVE_STDINT_H 1
| #define HAVE_UNISTD_H 1
| #define HAVE_DLFCN_H 1
| #define LT_OBJDIR ".libs/"
| #define HAVE_SYS_TIME_H 1
| #define HAVE_SYS_TIMEB_H 1
| /* end confdefs.h.  */
| #include <sys/types.h>
| 		#include <sys/param.h>
| 
| int
| main ()
| {
| #if BYTE_ORDER != BIG_ENDIAN
| 		 not big endian
| 		#endif
| 
|   ;
|   return 0;
| }
configure:12799: result: no
configure:12821: checking for memalign
configure:12821: gcc -o conftest  -I/home/vlc/vlcProject/vlc-2.2/contrib/x86_64-linux-gnu/include -g -O3 -fomit-frame-pointer  -I/home/vlc/vlcProject/vlc-2.2/contrib/x86_64-linux-gnu/include  -L/home/vlc/vlcProject/vlc-2.2/contrib/x86_64-linux-gnu/lib conftest.c  >&5
configure:12821: $? = 0
configure:12821: result: yes
configure:12821: checking for gettimeofday
configure:12821: gcc -o conftest  -I/home/vlc/vlcProject/vlc-2.2/contrib/x86_64-linux-gnu/include -g -O3 -fomit-frame-pointer  -I/home/vlc/vlcProject/vlc-2.2/contrib/x86_64-linux-gnu/include  -L/home/vlc/vlcProject/vlc-2.2/contrib/x86_64-linux-gnu/lib conftest.c  >&5
configure:12821: $? = 0
configure:12821: result: yes
configure:12821: checking for ftime
configure:12821: gcc -o conftest  -I/home/vlc/vlcProject/vlc-2.2/contrib/x86_64-linux-gnu/include -g -O3 -fomit-frame-pointer  -I/home/vlc/vlcProject/vlc-2.2/contrib/x86_64-linux-gnu/include  -L/home/vlc/vlcProject/vlc-2.2/contrib/x86_64-linux-gnu/lib conftest.c  >&5
configure:12821: $? = 0
configure:12821: result: yes
configure:12830: checking return type of signal handlers
configure:12848: gcc -c  -I/home/vlc/vlcProject/vlc-2.2/contrib/x86_64-linux-gnu/include -g -O3 -fomit-frame-pointer  -I/home/vlc/vlcProject/vlc-2.2/contrib/x86_64-linux-gnu/include conftest.c >&5
conftest.c: In function 'main':
conftest.c:34:9: error: void value not ignored as it ought to be
 return *(signal (0, 0)) (0) == 1;
         ^
configure:12848: $? = 1
configure: failed program was:
| /* confdefs.h */
| #define PACKAGE_NAME ""
| #define PACKAGE_TARNAME ""
| #define PACKAGE_VERSION ""
| #define PACKAGE_STRING ""
| #define PACKAGE_BUGREPORT ""
| #define PACKAGE_URL ""
| #define PACKAGE "a52dec"
| #define VERSION "0.7.4"
| #define STDC_HEADERS 1
| #define HAVE_SYS_TYPES_H 1
| #define HAVE_SYS_STAT_H 1
| #define HAVE_STDLIB_H 1
| #define HAVE_STRING_H 1
| #define HAVE_MEMORY_H 1
| #define HAVE_STRINGS_H 1
| #define HAVE_INTTYPES_H 1
| #define HAVE_STDINT_H 1
| #define HAVE_UNISTD_H 1
| #define HAVE_DLFCN_H 1
| #define LT_OBJDIR ".libs/"
| #define HAVE_SYS_TIME_H 1
| #define HAVE_SYS_TIMEB_H 1
| #define HAVE_MEMALIGN 1
| #define HAVE_GETTIMEOFDAY 1
| #define HAVE_FTIME 1
| /* end confdefs.h.  */
| #include <sys/types.h>
| #include <signal.h>
| 
| int
| main ()
| {
| return *(signal (0, 0)) (0) == 1;
|   ;
|   return 0;
| }
configure:12855: result: void
configure:12903: checking for _oss_ioctl in -lossaudio
configure:12928: gcc -o conftest  -I/home/vlc/vlcProject/vlc-2.2/contrib/x86_64-linux-gnu/include -g -O3 -fomit-frame-pointer  -I/home/vlc/vlcProject/vlc-2.2/contrib/x86_64-linux-gnu/include  -L/home/vlc/vlcProject/vlc-2.2/contrib/x86_64-linux-gnu/lib conftest.c -lossaudio   >&5
/usr/bin/ld: cannot find -lossaudio
collect2: error: ld returned 1 exit status
configure:12928: $? = 1
configure: failed program was:
| /* confdefs.h */
| #define PACKAGE_NAME ""
| #define PACKAGE_TARNAME ""
| #define PACKAGE_VERSION ""
| #define PACKAGE_STRING ""
| #define PACKAGE_BUGREPORT ""
| #define PACKAGE_URL ""
| #define PACKAGE "a52dec"
| #define VERSION "0.7.4"
| #define STDC_HEADERS 1
| #define HAVE_SYS_TYPES_H 1
| #define HAVE_SYS_STAT_H 1
| #define HAVE_STDLIB_H 1
| #define HAVE_STRING_H 1
| #define HAVE_MEMORY_H 1
| #define HAVE_STRINGS_H 1
| #define HAVE_INTTYPES_H 1
| #define HAVE_STDINT_H 1
| #define HAVE_UNISTD_H 1
| #define HAVE_DLFCN_H 1
| #define LT_OBJDIR ".libs/"
| #define HAVE_SYS_TIME_H 1
| #define HAVE_SYS_TIMEB_H 1
| #define HAVE_MEMALIGN 1
| #define HAVE_GETTIMEOFDAY 1
| #define HAVE_FTIME 1
| #define RETSIGTYPE void
| #define LIBAO_OSS /**/
| /* end confdefs.h.  */
| 
| /* Override any GCC internal prototype to avoid an error.
|    Use char because int might match the return type of a GCC
|    builtin and then its argument prototype would still apply.  */
| #ifdef __cplusplus
| extern "C"
| #endif
| char _oss_ioctl ();
| int
| main ()
| {
| return _oss_ioctl ();
|   ;
|   return 0;
| }
configure:12937: result: no
configure:13046: checking __attribute__ ((aligned ())) support
configure:13064: gcc -c  -I/home/vlc/vlcProject/vlc-2.2/contrib/x86_64-linux-gnu/include -g -O3 -fomit-frame-pointer  -I/home/vlc/vlcProject/vlc-2.2/contrib/x86_64-linux-gnu/include conftest.c >&5
configure:13064: $? = 0
configure:13064: gcc -c  -I/home/vlc/vlcProject/vlc-2.2/contrib/x86_64-linux-gnu/include -g -O3 -fomit-frame-pointer  -I/home/vlc/vlcProject/vlc-2.2/contrib/x86_64-linux-gnu/include conftest.c >&5
configure:13064: $? = 0
configure:13064: gcc -c  -I/home/vlc/vlcProject/vlc-2.2/contrib/x86_64-linux-gnu/include -g -O3 -fomit-frame-pointer  -I/home/vlc/vlcProject/vlc-2.2/contrib/x86_64-linux-gnu/include conftest.c >&5
configure:13064: $? = 0
configure:13064: gcc -c  -I/home/vlc/vlcProject/vlc-2.2/contrib/x86_64-linux-gnu/include -g -O3 -fomit-frame-pointer  -I/home/vlc/vlcProject/vlc-2.2/contrib/x86_64-linux-gnu/include conftest.c >&5
configure:13064: $? = 0
configure:13064: gcc -c  -I/home/vlc/vlcProject/vlc-2.2/contrib/x86_64-linux-gnu/include -g -O3 -fomit-frame-pointer  -I/home/vlc/vlcProject/vlc-2.2/contrib/x86_64-linux-gnu/include conftest.c >&5
configure:13064: $? = 0
configure:13064: gcc -c  -I/home/vlc/vlcProject/vlc-2.2/contrib/x86_64-linux-gnu/include -g -O3 -fomit-frame-pointer  -I/home/vlc/vlcProject/vlc-2.2/contrib/x86_64-linux-gnu/include conftest.c >&5
configure:13064: $? = 0
configure:13070: result: 64
configure:13188: checking that generated files are newer than configure
configure:13194: result: done
configure:13222: creating ./config.status

## ---------------------- ##
## Running config.status. ##
## ---------------------- ##

This file was extended by config.status, which was
generated by GNU Autoconf 2.69.  Invocation command line was

  CONFIG_FILES    = 
  CONFIG_HEADERS  = 
  CONFIG_LINKS    = 
  CONFIG_COMMANDS = 
  $ ./config.status 

on VLC-ubuntu15-ssd

config.status:1106: creating Makefile
config.status:1106: creating autotools/Makefile
config.status:1106: creating include/Makefile
config.status:1106: creating test/Makefile
config.status:1106: creating doc/Makefile
config.status:1106: creating src/Makefile
config.status:1106: creating liba52/Makefile
config.status:1106: creating libao/Makefile
config.status:1106: creating vc++/Makefile
config.status:1106: creating include/config.h
config.status:1335: executing depfiles commands
config.status:1335: executing libtool commands

## ---------------- ##
## Cache variables. ##
## ---------------- ##

ac_cv_build=x86_64-pc-linux-gnu
ac_cv_c_attr_align_try=64
ac_cv_c_attribute_aligned=64
ac_cv_c_bigendian=no
ac_cv_c_compiler_gnu=yes
ac_cv_c_const=yes
ac_cv_c_restrict=restrict
ac_cv_env_CC_set=set
ac_cv_env_CC_value=gcc
ac_cv_env_CFLAGS_set=set
ac_cv_env_CFLAGS_value=' -I/home/vlc/vlcProject/vlc-2.2/contrib/x86_64-linux-gnu/include -g'
ac_cv_env_CPPFLAGS_set=set
ac_cv_env_CPPFLAGS_value=' -I/home/vlc/vlcProject/vlc-2.2/contrib/x86_64-linux-gnu/include'
ac_cv_env_CPP_set=
ac_cv_env_CPP_value=
ac_cv_env_LDFLAGS_set=set
ac_cv_env_LDFLAGS_value=' -L/home/vlc/vlcProject/vlc-2.2/contrib/x86_64-linux-gnu/lib'
ac_cv_env_LIBS_set=
ac_cv_env_LIBS_value=
ac_cv_env_build_alias_set=set
ac_cv_env_build_alias_value=x86_64-linux-gnu
ac_cv_env_host_alias_set=set
ac_cv_env_host_alias_value=x86_64-linux-gnu
ac_cv_env_target_alias_set=set
ac_cv_env_target_alias_value=x86_64-linux-gnu
ac_cv_func_ftime=yes
ac_cv_func_gettimeofday=yes
ac_cv_func_memalign=yes
ac_cv_header_dlfcn_h=yes
ac_cv_header_inttypes_h=yes
ac_cv_header_io_h=no
ac_cv_header_memory_h=yes
ac_cv_header_stdc=yes
ac_cv_header_stdint_h=yes
ac_cv_header_stdlib_h=yes
ac_cv_header_string_h=yes
ac_cv_header_strings_h=yes
ac_cv_header_sys_stat_h=yes
ac_cv_header_sys_time_h=yes
ac_cv_header_sys_timeb_h=yes
ac_cv_header_sys_types_h=yes
ac_cv_header_unistd_h=yes
ac_cv_host=x86_64-pc-linux-gnu
ac_cv_lib_ossaudio__oss_ioctl=no
ac_cv_objext=o
ac_cv_path_EGREP='/bin/grep -E'
ac_cv_path_FGREP='/bin/grep -F'
ac_cv_path_GREP=/bin/grep
ac_cv_path_SED=/bin/sed
ac_cv_path_install='/usr/bin/install -c'
ac_cv_path_mkdir=/bin/mkdir
ac_cv_prog_AR=ar
ac_cv_prog_AWK=mawk
ac_cv_prog_CC=gcc
ac_cv_prog_CPP='gcc -E'
ac_cv_prog_DLLTOOL=dlltool
ac_cv_prog_OBJDUMP=objdump
ac_cv_prog_RANLIB=ranlib
ac_cv_prog_STRIP=strip
ac_cv_prog_ac_ct_MANIFEST_TOOL=mt
ac_cv_prog_cc_c89=
ac_cv_prog_cc_g=yes
ac_cv_prog_gcc_traditional=no
ac_cv_prog_make_make_set=yes
ac_cv_try_cflags_ok=yes
ac_cv_type_signal=void
ac_cv_type_size_t=yes
am_cv_CC_dependencies_compiler_type=none
am_cv_make_support_nested_variables=yes
am_cv_prog_cc_c_o=yes
lt_cv_ar_at_file=@
lt_cv_deplibs_check_method=pass_all
lt_cv_file_magic_cmd='$MAGIC_CMD'
lt_cv_file_magic_test_file=
lt_cv_ld_reload_flag=-r
lt_cv_nm_interface='BSD nm'
lt_cv_objdir=.libs
lt_cv_path_LD=ld
lt_cv_path_NM='/usr/bin/nm -B'
lt_cv_path_mainfest_tool=no
lt_cv_prog_compiler_c_o=yes
lt_cv_prog_compiler_pic='-fPIC -DPIC'
lt_cv_prog_compiler_pic_works=yes
lt_cv_prog_compiler_rtti_exceptions=no
lt_cv_prog_compiler_static_works=yes
lt_cv_prog_gnu_ld=yes
lt_cv_sharedlib_from_linklib_cmd='printf %s\n'
lt_cv_shlibpath_overrides_runpath=no
lt_cv_sys_global_symbol_pipe='sed -n -e '\''s/^.*[	 ]\([ABCDGIRSTW][ABCDGIRSTW]*\)[	 ][	 ]*\([_A-Za-z][_A-Za-z0-9]*\)$/\1 \2 \2/p'\'' | sed '\''/ __gnu_lto/d'\'''
lt_cv_sys_global_symbol_to_c_name_address='sed -n -e '\''s/^: \([^ ]*\)[ ]*$/  {\"\1\", (void *) 0},/p'\'' -e '\''s/^[ABCDGIRSTW]* \([^ ]*\) \([^ ]*\)$/  {"\2", (void *) \&\2},/p'\'''
lt_cv_sys_global_symbol_to_c_name_address_lib_prefix='sed -n -e '\''s/^: \([^ ]*\)[ ]*$/  {\"\1\", (void *) 0},/p'\'' -e '\''s/^[ABCDGIRSTW]* \([^ ]*\) \(lib[^ ]*\)$/  {"\2", (void *) \&\2},/p'\'' -e '\''s/^[ABCDGIRSTW]* \([^ ]*\) \([^ ]*\)$/  {"lib\2", (void *) \&\2},/p'\'''
lt_cv_sys_global_symbol_to_cdecl='sed -n -e '\''s/^T .* \(.*\)$/extern int \1();/p'\'' -e '\''s/^[ABCDGIRSTW]* .* \(.*\)$/extern char \1;/p'\'''
lt_cv_sys_max_cmd_len=1572864
lt_cv_to_host_file_cmd=func_convert_file_noop
lt_cv_to_tool_file_cmd=func_convert_file_noop

## ----------------- ##
## Output variables. ##
## ----------------- ##

A52DEC_CFLAGS=' -I/home/vlc/vlcProject/vlc-2.2/contrib/x86_64-linux-gnu/include -g -O3 -fomit-frame-pointer'
ACLOCAL='${SHELL} /home/vlc/vlcProject/vlc-2.2/contrib/native/a52dec/autotools/missing aclocal-1.15'
AMDEPBACKSLASH=''
AMDEP_FALSE=''
AMDEP_TRUE='#'
AMTAR='$${TAR-tar}'
AM_BACKSLASH='\'
AM_DEFAULT_V='$(AM_DEFAULT_VERBOSITY)'
AM_DEFAULT_VERBOSITY='1'
AM_V='$(V)'
AR='ar'
AS='as'
AUTOCONF='${SHELL} /home/vlc/vlcProject/vlc-2.2/contrib/native/a52dec/autotools/missing autoconf'
AUTOHEADER='${SHELL} /home/vlc/vlcProject/vlc-2.2/contrib/native/a52dec/autotools/missing autoheader'
AUTOMAKE='${SHELL} /home/vlc/vlcProject/vlc-2.2/contrib/native/a52dec/autotools/missing automake-1.15'
AWK='mawk'
CC='gcc'
CCDEPMODE='depmode=none'
CFLAGS=' -I/home/vlc/vlcProject/vlc-2.2/contrib/x86_64-linux-gnu/include -g -O3 -fomit-frame-pointer'
CPP='gcc -E'
CPPFLAGS=' -I/home/vlc/vlcProject/vlc-2.2/contrib/x86_64-linux-gnu/include'
CYGPATH_W='echo'
DEFS='-DHAVE_CONFIG_H'
DEPDIR='.deps'
DLLTOOL='dlltool'
DSYMUTIL=''
DUMPBIN=''
ECHO_C=''
ECHO_N='-n'
ECHO_T=''
EGREP='/bin/grep -E'
EXEEXT=''
FGREP='/bin/grep -F'
GREP='/bin/grep'
INCLUDES='-I$(top_srcdir)/include -I$(top_builddir)/include'
INSTALL_DATA='${INSTALL} -m 644'
INSTALL_PROGRAM='${INSTALL}'
INSTALL_SCRIPT='${INSTALL}'
INSTALL_STRIP_PROGRAM='$(install_sh) -c -s'
LD='ld -m elf_x86_64'
LDFLAGS=' -L/home/vlc/vlcProject/vlc-2.2/contrib/x86_64-linux-gnu/lib'
LIBA52_CFLAGS=''
LIBA52_LIBS=''
LIBAO_LIBS=''
LIBOBJS=''
LIBS=''
LIBTOOL='$(SHELL) $(top_builddir)/libtool'
LIPO=''
LN_S='ln -s'
LTLIBOBJS=''
MAINT='#'
MAINTAINER_MODE_FALSE=''
MAINTAINER_MODE_TRUE='#'
MAKEINFO='${SHELL} /home/vlc/vlcProject/vlc-2.2/contrib/native/a52dec/autotools/missing makeinfo'
MANIFEST_TOOL=':'
MKDIR_P='/bin/mkdir -p'
NM='/usr/bin/nm -B'
NMEDIT=''
OBJDUMP='objdump'
OBJEXT='o'
OTOOL64=''
OTOOL=''
PACKAGE='a52dec'
PACKAGE_BUGREPORT=''
PACKAGE_NAME=''
PACKAGE_STRING=''
PACKAGE_TARNAME=''
PACKAGE_URL=''
PACKAGE_VERSION=''
PATH_SEPARATOR=':'
RANLIB='ranlib'
SED='/bin/sed'
SET_MAKE=''
SHELL='/bin/bash'
STRIP='strip'
VERSION='0.7.4'
ac_ct_AR=''
ac_ct_CC=''
ac_ct_DUMPBIN=''
am__EXEEXT_FALSE=''
am__EXEEXT_TRUE='#'
am__fastdepCC_FALSE=''
am__fastdepCC_TRUE='#'
am__include='include'
am__isrc=''
am__leading_dot='.'
am__nodep=''
am__quote=''
am__tar='$${TAR-tar} chof - "$$tardir"'
am__untar='$${TAR-tar} xf -'
bindir='${exec_prefix}/bin'
build='x86_64-pc-linux-gnu'
build_alias='x86_64-linux-gnu'
build_cpu='x86_64'
build_os='linux-gnu'
build_vendor='pc'
datadir='${datarootdir}'
datarootdir='/home/vlc/vlcProject/vlc-2.2/contrib/x86_64-linux-gnu/share'
docdir='${datarootdir}/doc/${PACKAGE}'
dvidir='${docdir}'
exec_prefix='${prefix}'
host='x86_64-pc-linux-gnu'
host_alias='x86_64-linux-gnu'
host_cpu='x86_64'
host_os='linux-gnu'
host_vendor='pc'
htmldir='${docdir}'
includedir='/home/vlc/vlcProject/vlc-2.2/contrib/x86_64-linux-gnu/include'
infodir='${datarootdir}/info'
install_sh='${SHELL} /home/vlc/vlcProject/vlc-2.2/contrib/native/a52dec/autotools/install-sh'
libdir='/home/vlc/vlcProject/vlc-2.2/contrib/x86_64-linux-gnu/lib'
libexecdir='${exec_prefix}/libexec'
localedir='${datarootdir}/locale'
localstatedir='${prefix}/var'
mandir='${datarootdir}/man'
mkdir_p='$(MKDIR_P)'
oldincludedir='/usr/include'
pdfdir='${docdir}'
prefix='/home/vlc/vlcProject/vlc-2.2/contrib/x86_64-linux-gnu'
program_transform_name='s&^&&'
psdir='${docdir}'
sbindir='${exec_prefix}/sbin'
sharedstatedir='${prefix}/com'
sysconfdir='${prefix}/etc'
target_alias='x86_64-linux-gnu'

## ----------- ##
## confdefs.h. ##
## ----------- ##

/* confdefs.h */
#define PACKAGE_NAME ""
#define PACKAGE_TARNAME ""
#define PACKAGE_VERSION ""
#define PACKAGE_STRING ""
#define PACKAGE_BUGREPORT ""
#define PACKAGE_URL ""
#define PACKAGE "a52dec"
#define VERSION "0.7.4"
#define STDC_HEADERS 1
#define HAVE_SYS_TYPES_H 1
#define HAVE_SYS_STAT_H 1
#define HAVE_STDLIB_H 1
#define HAVE_STRING_H 1
#define HAVE_MEMORY_H 1
#define HAVE_STRINGS_H 1
#define HAVE_INTTYPES_H 1
#define HAVE_STDINT_H 1
#define HAVE_UNISTD_H 1
#define HAVE_DLFCN_H 1
#define LT_OBJDIR ".libs/"
#define HAVE_SYS_TIME_H 1
#define HAVE_SYS_TIMEB_H 1
#define HAVE_MEMALIGN 1
#define HAVE_GETTIMEOFDAY 1
#define HAVE_FTIME 1
#define RETSIGTYPE void
#define LIBAO_OSS /**/
#define ATTRIBUTE_ALIGNED_MAX 64

configure: exit 0
