Determining if the pthread_create exist failed with the following output:
Change Dir: /home/vlc/vlcProject/vlc-2.2/contrib/native/game-music-emu/CMakeFiles/CMakeTmp

Run Build Command:"/usr/bin/make" "cmTryCompileExec343271484/fast"
make[1]: Entering directory '/home/vlc/vlcProject/vlc-2.2/contrib/native/game-music-emu/CMakeFiles/CMakeTmp'
/usr/bin/make -f CMakeFiles/cmTryCompileExec343271484.dir/build.make CMakeFiles/cmTryCompileExec343271484.dir/build
make[2]: Entering directory '/home/vlc/vlcProject/vlc-2.2/contrib/native/game-music-emu/CMakeFiles/CMakeTmp'
/usr/bin/cmake -E cmake_progress_report /home/vlc/vlcProject/vlc-2.2/contrib/native/game-music-emu/CMakeFiles/CMakeTmp/CMakeFiles 1
Building C object CMakeFiles/cmTryCompileExec343271484.dir/CheckSymbolExists.c.o
/usr/bin/gcc   -I/home/vlc/vlcProject/vlc-2.2/contrib/x86_64-linux-gnu/include -g -fPIC     -o CMakeFiles/cmTryCompileExec343271484.dir/CheckSymbolExists.c.o   -c /home/vlc/vlcProject/vlc-2.2/contrib/native/game-music-emu/CMakeFiles/CMakeTmp/CheckSymbolExists.c
Linking C executable cmTryCompileExec343271484
/usr/bin/cmake -E cmake_link_script CMakeFiles/cmTryCompileExec343271484.dir/link.txt --verbose=1
/usr/bin/gcc   -I/home/vlc/vlcProject/vlc-2.2/contrib/x86_64-linux-gnu/include -g -fPIC      -L/home/vlc/vlcProject/vlc-2.2/contrib/x86_64-linux-gnu/lib  CMakeFiles/cmTryCompileExec343271484.dir/CheckSymbolExists.c.o  -o cmTryCompileExec343271484 -rdynamic 
CMakeFiles/cmTryCompileExec343271484.dir/CheckSymbolExists.c.o: In function `main':
/home/vlc/vlcProject/vlc-2.2/contrib/native/game-music-emu/CMakeFiles/CMakeTmp/CheckSymbolExists.c:8: undefined reference to `pthread_create'
collect2: error: ld returned 1 exit status
CMakeFiles/cmTryCompileExec343271484.dir/build.make:88: recipe for target 'cmTryCompileExec343271484' failed
make[2]: Leaving directory '/home/vlc/vlcProject/vlc-2.2/contrib/native/game-music-emu/CMakeFiles/CMakeTmp'
make[2]: *** [cmTryCompileExec343271484] Error 1
Makefile:117: recipe for target 'cmTryCompileExec343271484/fast' failed
make[1]: Leaving directory '/home/vlc/vlcProject/vlc-2.2/contrib/native/game-music-emu/CMakeFiles/CMakeTmp'
make[1]: *** [cmTryCompileExec343271484/fast] Error 2

File /home/vlc/vlcProject/vlc-2.2/contrib/native/game-music-emu/CMakeFiles/CMakeTmp/CheckSymbolExists.c:
/* */
#include <pthread.h>

int main(int argc, char** argv)
{
  (void)argv;
#ifndef pthread_create
  return ((int*)(&pthread_create))[argc];
#else
  (void)argc;
  return 0;
#endif
}

Determining if the function pthread_create exists in the pthreads failed with the following output:
Change Dir: /home/vlc/vlcProject/vlc-2.2/contrib/native/game-music-emu/CMakeFiles/CMakeTmp

Run Build Command:"/usr/bin/make" "cmTryCompileExec381529961/fast"
make[1]: Entering directory '/home/vlc/vlcProject/vlc-2.2/contrib/native/game-music-emu/CMakeFiles/CMakeTmp'
/usr/bin/make -f CMakeFiles/cmTryCompileExec381529961.dir/build.make CMakeFiles/cmTryCompileExec381529961.dir/build
make[2]: Entering directory '/home/vlc/vlcProject/vlc-2.2/contrib/native/game-music-emu/CMakeFiles/CMakeTmp'
/usr/bin/cmake -E cmake_progress_report /home/vlc/vlcProject/vlc-2.2/contrib/native/game-music-emu/CMakeFiles/CMakeTmp/CMakeFiles 1
Building C object CMakeFiles/cmTryCompileExec381529961.dir/CheckFunctionExists.c.o
/usr/bin/gcc   -I/home/vlc/vlcProject/vlc-2.2/contrib/x86_64-linux-gnu/include -g -fPIC  -DCHECK_FUNCTION_EXISTS=pthread_create   -o CMakeFiles/cmTryCompileExec381529961.dir/CheckFunctionExists.c.o   -c /usr/share/cmake-3.2/Modules/CheckFunctionExists.c
Linking C executable cmTryCompileExec381529961
/usr/bin/cmake -E cmake_link_script CMakeFiles/cmTryCompileExec381529961.dir/link.txt --verbose=1
/usr/bin/gcc   -I/home/vlc/vlcProject/vlc-2.2/contrib/x86_64-linux-gnu/include -g -fPIC  -DCHECK_FUNCTION_EXISTS=pthread_create    -L/home/vlc/vlcProject/vlc-2.2/contrib/x86_64-linux-gnu/lib  CMakeFiles/cmTryCompileExec381529961.dir/CheckFunctionExists.c.o  -o cmTryCompileExec381529961 -rdynamic -lpthreads 
/usr/bin/ld: cannot find -lpthreads
collect2: error: ld returned 1 exit status
CMakeFiles/cmTryCompileExec381529961.dir/build.make:88: recipe for target 'cmTryCompileExec381529961' failed
make[2]: Leaving directory '/home/vlc/vlcProject/vlc-2.2/contrib/native/game-music-emu/CMakeFiles/CMakeTmp'
make[2]: *** [cmTryCompileExec381529961] Error 1
Makefile:117: recipe for target 'cmTryCompileExec381529961/fast' failed
make[1]: Leaving directory '/home/vlc/vlcProject/vlc-2.2/contrib/native/game-music-emu/CMakeFiles/CMakeTmp'
make[1]: *** [cmTryCompileExec381529961/fast] Error 2


